/Users/keshava/Documents/fairc/lep/venv/lib/python3.12/site-packages/torchvision/datasets/cifar.py:83: VisibleDeprecationWarning: dtype(): align should be passed as Python or NumPy boolean but got `align=0`. Did you mean to pass a tuple to create a subarray type? (Deprecated NumPy 2.4)
  entry = pickle.load(f, encoding="latin1")
Device: cpu  λs=[0.18, 0.25, 0.3]  seeds=[0]  epochs=15
Loaded CIFAR LeNet — 63,106 params, frozen.

── λ=0.18 seed=0 ── pruner params: 366,851 (embed_dim=64, lstm_hidden=128)
  [λ=0.18 seed=0] step   50 ep1 | loss +0.233 | orig 0.719 pruned 0.695 | pruned% fc1=  2.3 fc2=  0.0 (avg=  1.2)
  [λ=0.18 seed=0] step  100 ep1 | loss +0.210 | orig 0.742 pruned 0.719 | pruned% fc1=  4.7 fc2=  0.0 (avg=  2.3)
  [λ=0.18 seed=0] step  150 ep1 | loss +0.377 | orig 0.738 pruned 0.664 | pruned% fc1=  8.6 fc2=  0.0 (avg=  4.3)
  [λ=0.18 seed=0] step  200 ep2 | loss +0.281 | orig 0.734 pruned 0.707 | pruned% fc1=  8.6 fc2=  0.0 (avg=  4.3)
  [λ=0.18 seed=0] step  250 ep2 | loss +0.373 | orig 0.734 pruned 0.660 | pruned% fc1= 11.7 fc2=  1.6 (avg=  6.6)
  [λ=0.18 seed=0] step  300 ep2 | loss +0.368 | orig 0.766 pruned 0.672 | pruned% fc1= 52.3 fc2=  7.8 (avg= 30.1)
  [λ=0.18 seed=0] step  350 ep2 | loss +0.407 | orig 0.738 pruned 0.645 | pruned% fc1= 59.4 fc2=  6.2 (avg= 32.8)
  [λ=0.18 seed=0] step  400 ep3 | loss +0.454 | orig 0.723 pruned 0.629 | pruned% fc1= 63.3 fc2= 15.6 (avg= 39.5)
  [λ=0.18 seed=0] step  450 ep3 | loss +0.552 | orig 0.730 pruned 0.602 | pruned% fc1= 65.6 fc2= 28.1 (avg= 46.9)
  [λ=0.18 seed=0] step  500 ep3 | loss +0.536 | orig 0.738 pruned 0.594 | pruned% fc1= 65.6 fc2= 32.8 (avg= 49.2)
  [λ=0.18 seed=0] step  550 ep3 | loss +0.539 | orig 0.746 pruned 0.582 | pruned% fc1= 65.6 fc2= 34.4 (avg= 50.0)
  [λ=0.18 seed=0] step  600 ep4 | loss +0.591 | orig 0.754 pruned 0.598 | pruned% fc1= 65.6 fc2= 34.4 (avg= 50.0)
  [λ=0.18 seed=0] step  650 ep4 | loss +0.592 | orig 0.762 pruned 0.625 | pruned% fc1= 67.2 fc2= 34.4 (avg= 50.8)
  [λ=0.18 seed=0] step  700 ep4 | loss +0.603 | orig 0.750 pruned 0.559 | pruned% fc1= 68.0 fc2= 34.4 (avg= 51.2)
  [λ=0.18 seed=0] step  750 ep4 | loss +0.604 | orig 0.793 pruned 0.645 | pruned% fc1= 68.8 fc2= 34.4 (avg= 51.6)
  [λ=0.18 seed=0] step  800 ep5 | loss +0.579 | orig 0.715 pruned 0.500 | pruned% fc1= 68.8 fc2= 34.4 (avg= 51.6)
  [λ=0.18 seed=0] step  850 ep5 | loss +0.653 | orig 0.734 pruned 0.570 | pruned% fc1= 69.5 fc2= 35.9 (avg= 52.7)
  [λ=0.18 seed=0] step  900 ep5 | loss +0.580 | orig 0.758 pruned 0.590 | pruned% fc1= 69.5 fc2= 35.9 (avg= 52.7)
  [λ=0.18 seed=0] step  950 ep5 | loss +0.603 | orig 0.734 pruned 0.578 | pruned% fc1= 69.5 fc2= 35.9 (avg= 52.7)
  [λ=0.18 seed=0] step 1000 ep6 | loss +0.623 | orig 0.750 pruned 0.582 | pruned% fc1= 69.5 fc2= 35.9 (avg= 52.7)
  [λ=0.18 seed=0] step 1050 ep6 | loss +0.609 | orig 0.734 pruned 0.547 | pruned% fc1= 69.5 fc2= 35.9 (avg= 52.7)
  [λ=0.18 seed=0] step 1100 ep6 | loss +0.527 | orig 0.711 pruned 0.590 | pruned% fc1= 69.5 fc2= 37.5 (avg= 53.5)
  [λ=0.18 seed=0] step 1150 ep6 | loss +0.558 | orig 0.746 pruned 0.551 | pruned% fc1= 69.5 fc2= 37.5 (avg= 53.5)
  [λ=0.18 seed=0] step 1200 ep7 | loss +0.544 | orig 0.723 pruned 0.570 | pruned% fc1= 69.5 fc2= 37.5 (avg= 53.5)
  [λ=0.18 seed=0] step 1250 ep7 | loss +0.554 | orig 0.727 pruned 0.590 | pruned% fc1= 69.5 fc2= 37.5 (avg= 53.5)
  [λ=0.18 seed=0] step 1300 ep7 | loss +0.489 | orig 0.715 pruned 0.578 | pruned% fc1= 69.5 fc2= 37.5 (avg= 53.5)
  [λ=0.18 seed=0] step 1350 ep7 | loss +0.614 | orig 0.734 pruned 0.566 | pruned% fc1= 69.5 fc2= 37.5 (avg= 53.5)
  [λ=0.18 seed=0] step 1400 ep8 | loss +0.593 | orig 0.766 pruned 0.605 | pruned% fc1= 69.5 fc2= 37.5 (avg= 53.5)
  [λ=0.18 seed=0] step 1450 ep8 | loss +0.595 | orig 0.742 pruned 0.586 | pruned% fc1= 69.5 fc2= 37.5 (avg= 53.5)
  [λ=0.18 seed=0] step 1500 ep8 | loss +0.547 | orig 0.738 pruned 0.574 | pruned% fc1= 69.5 fc2= 37.5 (avg= 53.5)
  [λ=0.18 seed=0] step 1550 ep8 | loss +0.623 | orig 0.746 pruned 0.574 | pruned% fc1= 69.5 fc2= 37.5 (avg= 53.5)
  [λ=0.18 seed=0] step 1600 ep9 | loss +0.629 | orig 0.711 pruned 0.559 | pruned% fc1= 69.5 fc2= 37.5 (avg= 53.5)
  [λ=0.18 seed=0] step 1650 ep9 | loss +0.611 | orig 0.707 pruned 0.562 | pruned% fc1= 69.5 fc2= 37.5 (avg= 53.5)
  [λ=0.18 seed=0] step 1700 ep9 | loss +0.707 | orig 0.801 pruned 0.578 | pruned% fc1= 69.5 fc2= 37.5 (avg= 53.5)
  [λ=0.18 seed=0] step 1750 ep9 | loss +0.559 | orig 0.723 pruned 0.590 | pruned% fc1= 69.5 fc2= 37.5 (avg= 53.5)
  [λ=0.18 seed=0] step 1800 ep10 | loss +0.585 | orig 0.758 pruned 0.598 | pruned% fc1= 69.5 fc2= 37.5 (avg= 53.5)
  [λ=0.18 seed=0] step 1850 ep10 | loss +0.628 | orig 0.758 pruned 0.523 | pruned% fc1= 69.5 fc2= 37.5 (avg= 53.5)
  [λ=0.18 seed=0] step 1900 ep10 | loss +0.672 | orig 0.777 pruned 0.590 | pruned% fc1= 69.5 fc2= 37.5 (avg= 53.5)
  [λ=0.18 seed=0] step 1950 ep10 | loss +0.585 | orig 0.754 pruned 0.609 | pruned% fc1= 69.5 fc2= 37.5 (avg= 53.5)
  [λ=0.18 seed=0] step 2000 ep11 | loss +0.622 | orig 0.727 pruned 0.602 | pruned% fc1= 69.5 fc2= 39.1 (avg= 54.3)
  [λ=0.18 seed=0] step 2050 ep11 | loss +0.705 | orig 0.754 pruned 0.598 | pruned% fc1= 69.5 fc2= 39.1 (avg= 54.3)
  [λ=0.18 seed=0] step 2100 ep11 | loss +0.551 | orig 0.719 pruned 0.629 | pruned% fc1= 69.5 fc2= 39.1 (avg= 54.3)
  [λ=0.18 seed=0] step 2150 ep11 | loss +0.568 | orig 0.688 pruned 0.496 | pruned% fc1= 69.5 fc2= 39.1 (avg= 54.3)
  [λ=0.18 seed=0] step 2200 ep12 | loss +0.543 | orig 0.680 pruned 0.527 | pruned% fc1= 69.5 fc2= 39.1 (avg= 54.3)
  [λ=0.18 seed=0] step 2250 ep12 | loss +0.561 | orig 0.750 pruned 0.609 | pruned% fc1= 69.5 fc2= 39.1 (avg= 54.3)
  [λ=0.18 seed=0] step 2300 ep12 | loss +0.559 | orig 0.707 pruned 0.582 | pruned% fc1= 69.5 fc2= 39.1 (avg= 54.3)
  [λ=0.18 seed=0] step 2350 ep12 | loss +0.593 | orig 0.742 pruned 0.566 | pruned% fc1= 69.5 fc2= 39.1 (avg= 54.3)
  [λ=0.18 seed=0] step 2400 ep13 | loss +0.675 | orig 0.781 pruned 0.574 | pruned% fc1= 69.5 fc2= 39.1 (avg= 54.3)
  [λ=0.18 seed=0] step 2450 ep13 | loss +0.592 | orig 0.789 pruned 0.656 | pruned% fc1= 69.5 fc2= 39.1 (avg= 54.3)
  [λ=0.18 seed=0] step 2500 ep13 | loss +0.492 | orig 0.672 pruned 0.512 | pruned% fc1= 69.5 fc2= 39.1 (avg= 54.3)
  [λ=0.18 seed=0] step 2550 ep14 | loss +0.622 | orig 0.750 pruned 0.586 | pruned% fc1= 69.5 fc2= 39.1 (avg= 54.3)
  [λ=0.18 seed=0] step 2600 ep14 | loss +0.607 | orig 0.691 pruned 0.578 | pruned% fc1= 69.5 fc2= 39.1 (avg= 54.3)
  [λ=0.18 seed=0] step 2650 ep14 | loss +0.566 | orig 0.715 pruned 0.547 | pruned% fc1= 69.5 fc2= 39.1 (avg= 54.3)
  [λ=0.18 seed=0] step 2700 ep14 | loss +0.655 | orig 0.773 pruned 0.621 | pruned% fc1= 69.5 fc2= 39.1 (avg= 54.3)
  [λ=0.18 seed=0] step 2750 ep15 | loss +0.521 | orig 0.707 pruned 0.598 | pruned% fc1= 69.5 fc2= 39.1 (avg= 54.3)
  [λ=0.18 seed=0] step 2800 ep15 | loss +0.614 | orig 0.730 pruned 0.582 | pruned% fc1= 69.5 fc2= 39.1 (avg= 54.3)
  [λ=0.18 seed=0] step 2850 ep15 | loss +0.599 | orig 0.746 pruned 0.543 | pruned% fc1= 69.5 fc2= 39.1 (avg= 54.3)
  [λ=0.18 seed=0] step 2900 ep15 | loss +0.637 | orig 0.777 pruned 0.551 | pruned% fc1= 69.5 fc2= 39.1 (avg= 54.3)
  → [λ=0.18 seed=0] final keep 0.457  pruned 54.30%  | per-layer kept [39, 39]/[128, 64]  | orig→pruned test acc 64.84→53.24%  | 292s

── λ=0.25 seed=0 ── pruner params: 366,851 (embed_dim=64, lstm_hidden=128)
  [λ=0.25 seed=0] step   50 ep1 | loss +0.303 | orig 0.719 pruned 0.695 | pruned% fc1=  2.3 fc2=  0.0 (avg=  1.2)
  [λ=0.25 seed=0] step  100 ep1 | loss +0.283 | orig 0.742 pruned 0.719 | pruned% fc1=  3.9 fc2=  1.6 (avg=  2.7)
  [λ=0.25 seed=0] step  150 ep1 | loss +0.437 | orig 0.738 pruned 0.660 | pruned% fc1=  7.0 fc2=  4.7 (avg=  5.9)
  [λ=0.25 seed=0] step  200 ep2 | loss +0.371 | orig 0.734 pruned 0.695 | pruned% fc1=  8.6 fc2=  7.8 (avg=  8.2)
  [λ=0.25 seed=0] step  250 ep2 | loss +0.500 | orig 0.734 pruned 0.594 | pruned% fc1= 48.4 fc2= 17.2 (avg= 32.8)
  [λ=0.25 seed=0] step  300 ep2 | loss +0.421 | orig 0.766 pruned 0.699 | pruned% fc1= 56.2 fc2= 28.1 (avg= 42.2)
  [λ=0.25 seed=0] step  350 ep2 | loss +0.535 | orig 0.738 pruned 0.629 | pruned% fc1= 60.9 fc2= 31.2 (avg= 46.1)
  [λ=0.25 seed=0] step  400 ep3 | loss +0.464 | orig 0.723 pruned 0.637 | pruned% fc1= 64.1 fc2= 34.4 (avg= 49.2)
  [λ=0.25 seed=0] step  450 ep3 | loss +0.581 | orig 0.730 pruned 0.590 | pruned% fc1= 64.1 fc2= 37.5 (avg= 50.8)
  [λ=0.25 seed=0] step  500 ep3 | loss +0.546 | orig 0.738 pruned 0.578 | pruned% fc1= 64.1 fc2= 37.5 (avg= 50.8)
  [λ=0.25 seed=0] step  550 ep3 | loss +0.554 | orig 0.746 pruned 0.594 | pruned% fc1= 64.1 fc2= 39.1 (avg= 51.6)
  [λ=0.25 seed=0] step  600 ep4 | loss +0.580 | orig 0.754 pruned 0.617 | pruned% fc1= 64.1 fc2= 40.6 (avg= 52.3)
  [λ=0.25 seed=0] step  650 ep4 | loss +0.569 | orig 0.762 pruned 0.617 | pruned% fc1= 64.1 fc2= 40.6 (avg= 52.3)
  [λ=0.25 seed=0] step  700 ep4 | loss +0.586 | orig 0.750 pruned 0.625 | pruned% fc1= 64.1 fc2= 40.6 (avg= 52.3)
  [λ=0.25 seed=0] step  750 ep4 | loss +0.592 | orig 0.793 pruned 0.645 | pruned% fc1= 64.1 fc2= 40.6 (avg= 52.3)
  [λ=0.25 seed=0] step  800 ep5 | loss +0.561 | orig 0.715 pruned 0.535 | pruned% fc1= 64.8 fc2= 40.6 (avg= 52.7)
  [λ=0.25 seed=0] step  850 ep5 | loss +0.581 | orig 0.734 pruned 0.594 | pruned% fc1= 64.8 fc2= 40.6 (avg= 52.7)
  [λ=0.25 seed=0] step  900 ep5 | loss +0.559 | orig 0.758 pruned 0.633 | pruned% fc1= 64.8 fc2= 42.2 (avg= 53.5)
  [λ=0.25 seed=0] step  950 ep5 | loss +0.564 | orig 0.734 pruned 0.602 | pruned% fc1= 64.8 fc2= 42.2 (avg= 53.5)
  [λ=0.25 seed=0] step 1000 ep6 | loss +0.634 | orig 0.750 pruned 0.586 | pruned% fc1= 64.8 fc2= 42.2 (avg= 53.5)
  [λ=0.25 seed=0] step 1050 ep6 | loss +0.617 | orig 0.734 pruned 0.551 | pruned% fc1= 64.8 fc2= 42.2 (avg= 53.5)
  [λ=0.25 seed=0] step 1100 ep6 | loss +0.531 | orig 0.711 pruned 0.594 | pruned% fc1= 64.8 fc2= 42.2 (avg= 53.5)
  [λ=0.25 seed=0] step 1150 ep6 | loss +0.542 | orig 0.746 pruned 0.578 | pruned% fc1= 64.8 fc2= 42.2 (avg= 53.5)
  [λ=0.25 seed=0] step 1200 ep7 | loss +0.487 | orig 0.723 pruned 0.617 | pruned% fc1= 64.8 fc2= 42.2 (avg= 53.5)
  [λ=0.25 seed=0] step 1250 ep7 | loss +0.534 | orig 0.727 pruned 0.605 | pruned% fc1= 64.8 fc2= 42.2 (avg= 53.5)
  [λ=0.25 seed=0] step 1300 ep7 | loss +0.507 | orig 0.715 pruned 0.602 | pruned% fc1= 64.8 fc2= 42.2 (avg= 53.5)
  [λ=0.25 seed=0] step 1350 ep7 | loss +0.559 | orig 0.734 pruned 0.582 | pruned% fc1= 64.8 fc2= 42.2 (avg= 53.5)
  [λ=0.25 seed=0] step 1400 ep8 | loss +0.602 | orig 0.766 pruned 0.625 | pruned% fc1= 64.8 fc2= 42.2 (avg= 53.5)
  [λ=0.25 seed=0] step 1450 ep8 | loss +0.595 | orig 0.742 pruned 0.578 | pruned% fc1= 64.8 fc2= 42.2 (avg= 53.5)
  [λ=0.25 seed=0] step 1500 ep8 | loss +0.558 | orig 0.738 pruned 0.582 | pruned% fc1= 64.8 fc2= 42.2 (avg= 53.5)
  [λ=0.25 seed=0] step 1550 ep8 | loss +0.561 | orig 0.746 pruned 0.609 | pruned% fc1= 64.8 fc2= 42.2 (avg= 53.5)
  [λ=0.25 seed=0] step 1600 ep9 | loss +0.598 | orig 0.711 pruned 0.598 | pruned% fc1= 64.8 fc2= 42.2 (avg= 53.5)
  [λ=0.25 seed=0] step 1650 ep9 | loss +0.597 | orig 0.707 pruned 0.547 | pruned% fc1= 64.8 fc2= 42.2 (avg= 53.5)
  [λ=0.25 seed=0] step 1700 ep9 | loss +0.673 | orig 0.801 pruned 0.633 | pruned% fc1= 64.8 fc2= 42.2 (avg= 53.5)
  [λ=0.25 seed=0] step 1750 ep9 | loss +0.539 | orig 0.723 pruned 0.594 | pruned% fc1= 64.8 fc2= 42.2 (avg= 53.5)
  [λ=0.25 seed=0] step 1800 ep10 | loss +0.553 | orig 0.758 pruned 0.625 | pruned% fc1= 64.8 fc2= 42.2 (avg= 53.5)
  [λ=0.25 seed=0] step 1850 ep10 | loss +0.556 | orig 0.758 pruned 0.605 | pruned% fc1= 64.8 fc2= 42.2 (avg= 53.5)
  [λ=0.25 seed=0] step 1900 ep10 | loss +0.599 | orig 0.777 pruned 0.637 | pruned% fc1= 64.8 fc2= 42.2 (avg= 53.5)
  [λ=0.25 seed=0] step 1950 ep10 | loss +0.557 | orig 0.754 pruned 0.598 | pruned% fc1= 64.8 fc2= 42.2 (avg= 53.5)
  [λ=0.25 seed=0] step 2000 ep11 | loss +0.590 | orig 0.727 pruned 0.570 | pruned% fc1= 64.8 fc2= 42.2 (avg= 53.5)
  [λ=0.25 seed=0] step 2050 ep11 | loss +0.655 | orig 0.754 pruned 0.594 | pruned% fc1= 64.8 fc2= 42.2 (avg= 53.5)
  [λ=0.25 seed=0] step 2100 ep11 | loss +0.501 | orig 0.719 pruned 0.633 | pruned% fc1= 64.8 fc2= 42.2 (avg= 53.5)
  [λ=0.25 seed=0] step 2150 ep11 | loss +0.486 | orig 0.688 pruned 0.586 | pruned% fc1= 64.8 fc2= 42.2 (avg= 53.5)
  [λ=0.25 seed=0] step 2200 ep12 | loss +0.519 | orig 0.680 pruned 0.562 | pruned% fc1= 64.8 fc2= 42.2 (avg= 53.5)
  [λ=0.25 seed=0] step 2250 ep12 | loss +0.521 | orig 0.750 pruned 0.641 | pruned% fc1= 64.8 fc2= 42.2 (avg= 53.5)
  [λ=0.25 seed=0] step 2300 ep12 | loss +0.561 | orig 0.707 pruned 0.613 | pruned% fc1= 64.8 fc2= 42.2 (avg= 53.5)
  [λ=0.25 seed=0] step 2350 ep12 | loss +0.588 | orig 0.742 pruned 0.613 | pruned% fc1= 64.8 fc2= 42.2 (avg= 53.5)
  [λ=0.25 seed=0] step 2400 ep13 | loss +0.636 | orig 0.781 pruned 0.633 | pruned% fc1= 64.8 fc2= 42.2 (avg= 53.5)
  [λ=0.25 seed=0] step 2450 ep13 | loss +0.621 | orig 0.789 pruned 0.625 | pruned% fc1= 64.8 fc2= 42.2 (avg= 53.5)
  [λ=0.25 seed=0] step 2500 ep13 | loss +0.455 | orig 0.672 pruned 0.559 | pruned% fc1= 64.8 fc2= 42.2 (avg= 53.5)
  [λ=0.25 seed=0] step 2550 ep14 | loss +0.617 | orig 0.750 pruned 0.613 | pruned% fc1= 64.8 fc2= 42.2 (avg= 53.5)
  [λ=0.25 seed=0] step 2600 ep14 | loss +0.582 | orig 0.691 pruned 0.582 | pruned% fc1= 64.8 fc2= 42.2 (avg= 53.5)
  [λ=0.25 seed=0] step 2650 ep14 | loss +0.547 | orig 0.715 pruned 0.551 | pruned% fc1= 64.8 fc2= 42.2 (avg= 53.5)
  [λ=0.25 seed=0] step 2700 ep14 | loss +0.656 | orig 0.773 pruned 0.594 | pruned% fc1= 64.8 fc2= 42.2 (avg= 53.5)
  [λ=0.25 seed=0] step 2750 ep15 | loss +0.509 | orig 0.707 pruned 0.621 | pruned% fc1= 64.8 fc2= 42.2 (avg= 53.5)
  [λ=0.25 seed=0] step 2800 ep15 | loss +0.599 | orig 0.730 pruned 0.586 | pruned% fc1= 64.8 fc2= 42.2 (avg= 53.5)
  [λ=0.25 seed=0] step 2850 ep15 | loss +0.527 | orig 0.746 pruned 0.574 | pruned% fc1= 64.8 fc2= 42.2 (avg= 53.5)
  [λ=0.25 seed=0] step 2900 ep15 | loss +0.602 | orig 0.777 pruned 0.617 | pruned% fc1= 64.8 fc2= 42.2 (avg= 53.5)
  → [λ=0.25 seed=0] final keep 0.465  pruned 53.52%  | per-layer kept [45, 37]/[128, 64]  | orig→pruned test acc 64.84→54.23%  | 304s

── λ=0.3 seed=0 ── pruner params: 366,851 (embed_dim=64, lstm_hidden=128)
  [λ=0.3 seed=0] step   50 ep1 | loss +0.352 | orig 0.719 pruned 0.695 | pruned% fc1=  2.3 fc2=  0.0 (avg=  1.2)
  [λ=0.3 seed=0] step  100 ep1 | loss +0.323 | orig 0.742 pruned 0.730 | pruned% fc1=  4.7 fc2=  1.6 (avg=  3.1)
  [λ=0.3 seed=0] step  150 ep1 | loss +0.500 | orig 0.738 pruned 0.660 | pruned% fc1=  7.8 fc2=  4.7 (avg=  6.2)
  [λ=0.3 seed=0] step  200 ep2 | loss +0.478 | orig 0.734 pruned 0.652 | pruned% fc1= 36.7 fc2= 17.2 (avg= 27.0)
  [λ=0.3 seed=0] step  250 ep2 | loss +0.556 | orig 0.734 pruned 0.590 | pruned% fc1= 58.6 fc2= 17.2 (avg= 37.9)
  [λ=0.3 seed=0] step  300 ep2 | loss +0.624 | orig 0.766 pruned 0.621 | pruned% fc1= 66.4 fc2= 37.5 (avg= 52.0)
  [λ=0.3 seed=0] step  350 ep2 | loss +0.634 | orig 0.738 pruned 0.578 | pruned% fc1= 67.2 fc2= 35.9 (avg= 51.6)
  [λ=0.3 seed=0] step  400 ep3 | loss +0.545 | orig 0.723 pruned 0.602 | pruned% fc1= 67.2 fc2= 35.9 (avg= 51.6)
  [λ=0.3 seed=0] step  450 ep3 | loss +0.637 | orig 0.730 pruned 0.582 | pruned% fc1= 68.0 fc2= 37.5 (avg= 52.7)
  [λ=0.3 seed=0] step  500 ep3 | loss +0.589 | orig 0.738 pruned 0.602 | pruned% fc1= 68.0 fc2= 37.5 (avg= 52.7)
  [λ=0.3 seed=0] step  550 ep3 | loss +0.615 | orig 0.746 pruned 0.559 | pruned% fc1= 68.0 fc2= 37.5 (avg= 52.7)
  [λ=0.3 seed=0] step  600 ep4 | loss +0.657 | orig 0.754 pruned 0.562 | pruned% fc1= 68.0 fc2= 37.5 (avg= 52.7)
  [λ=0.3 seed=0] step  650 ep4 | loss +0.618 | orig 0.762 pruned 0.621 | pruned% fc1= 68.0 fc2= 37.5 (avg= 52.7)
  [λ=0.3 seed=0] step  700 ep4 | loss +0.634 | orig 0.750 pruned 0.566 | pruned% fc1= 68.0 fc2= 37.5 (avg= 52.7)
  [λ=0.3 seed=0] step  750 ep4 | loss +0.641 | orig 0.793 pruned 0.629 | pruned% fc1= 68.0 fc2= 37.5 (avg= 52.7)
  [λ=0.3 seed=0] step  800 ep5 | loss +0.582 | orig 0.715 pruned 0.555 | pruned% fc1= 68.0 fc2= 37.5 (avg= 52.7)
  [λ=0.3 seed=0] step  850 ep5 | loss +0.688 | orig 0.734 pruned 0.535 | pruned% fc1= 68.0 fc2= 39.1 (avg= 53.5)
  [λ=0.3 seed=0] step  900 ep5 | loss +0.609 | orig 0.758 pruned 0.609 | pruned% fc1= 68.0 fc2= 39.1 (avg= 53.5)
  [λ=0.3 seed=0] step  950 ep5 | loss +0.617 | orig 0.734 pruned 0.613 | pruned% fc1= 68.0 fc2= 39.1 (avg= 53.5)
  [λ=0.3 seed=0] step 1000 ep6 | loss +0.651 | orig 0.750 pruned 0.617 | pruned% fc1= 68.0 fc2= 39.1 (avg= 53.5)
  [λ=0.3 seed=0] step 1050 ep6 | loss +0.645 | orig 0.734 pruned 0.523 | pruned% fc1= 68.0 fc2= 39.1 (avg= 53.5)
  [λ=0.3 seed=0] step 1100 ep6 | loss +0.609 | orig 0.711 pruned 0.555 | pruned% fc1= 68.0 fc2= 39.1 (avg= 53.5)
  [λ=0.3 seed=0] step 1150 ep6 | loss +0.574 | orig 0.746 pruned 0.570 | pruned% fc1= 68.0 fc2= 40.6 (avg= 54.3)
  [λ=0.3 seed=0] step 1200 ep7 | loss +0.591 | orig 0.723 pruned 0.574 | pruned% fc1= 68.8 fc2= 40.6 (avg= 54.7)
  [λ=0.3 seed=0] step 1250 ep7 | loss +0.570 | orig 0.727 pruned 0.613 | pruned% fc1= 68.8 fc2= 40.6 (avg= 54.7)
  [λ=0.3 seed=0] step 1300 ep7 | loss +0.566 | orig 0.715 pruned 0.574 | pruned% fc1= 68.8 fc2= 40.6 (avg= 54.7)
  [λ=0.3 seed=0] step 1350 ep7 | loss +0.653 | orig 0.734 pruned 0.559 | pruned% fc1= 68.8 fc2= 40.6 (avg= 54.7)
  [λ=0.3 seed=0] step 1400 ep8 | loss +0.663 | orig 0.766 pruned 0.598 | pruned% fc1= 68.8 fc2= 40.6 (avg= 54.7)
  [λ=0.3 seed=0] step 1450 ep8 | loss +0.716 | orig 0.742 pruned 0.508 | pruned% fc1= 68.8 fc2= 40.6 (avg= 54.7)
  [λ=0.3 seed=0] step 1500 ep8 | loss +0.582 | orig 0.738 pruned 0.578 | pruned% fc1= 68.8 fc2= 40.6 (avg= 54.7)
  [λ=0.3 seed=0] step 1550 ep8 | loss +0.593 | orig 0.746 pruned 0.598 | pruned% fc1= 68.8 fc2= 40.6 (avg= 54.7)
  [λ=0.3 seed=0] step 1600 ep9 | loss +0.632 | orig 0.711 pruned 0.598 | pruned% fc1= 69.5 fc2= 40.6 (avg= 55.1)
  [λ=0.3 seed=0] step 1650 ep9 | loss +0.664 | orig 0.707 pruned 0.582 | pruned% fc1= 69.5 fc2= 40.6 (avg= 55.1)
  [λ=0.3 seed=0] step 1700 ep9 | loss +0.766 | orig 0.801 pruned 0.562 | pruned% fc1= 69.5 fc2= 40.6 (avg= 55.1)
  [λ=0.3 seed=0] step 1750 ep9 | loss +0.582 | orig 0.723 pruned 0.598 | pruned% fc1= 69.5 fc2= 40.6 (avg= 55.1)
  [λ=0.3 seed=0] step 1800 ep10 | loss +0.638 | orig 0.758 pruned 0.605 | pruned% fc1= 69.5 fc2= 40.6 (avg= 55.1)
  [λ=0.3 seed=0] step 1850 ep10 | loss +0.643 | orig 0.758 pruned 0.598 | pruned% fc1= 69.5 fc2= 40.6 (avg= 55.1)
  [λ=0.3 seed=0] step 1900 ep10 | loss +0.704 | orig 0.777 pruned 0.570 | pruned% fc1= 69.5 fc2= 40.6 (avg= 55.1)
  [λ=0.3 seed=0] step 1950 ep10 | loss +0.630 | orig 0.754 pruned 0.582 | pruned% fc1= 69.5 fc2= 40.6 (avg= 55.1)
  [λ=0.3 seed=0] step 2000 ep11 | loss +0.656 | orig 0.727 pruned 0.562 | pruned% fc1= 69.5 fc2= 40.6 (avg= 55.1)
  [λ=0.3 seed=0] step 2050 ep11 | loss +0.756 | orig 0.754 pruned 0.543 | pruned% fc1= 69.5 fc2= 40.6 (avg= 55.1)
  [λ=0.3 seed=0] step 2100 ep11 | loss +0.584 | orig 0.719 pruned 0.617 | pruned% fc1= 69.5 fc2= 40.6 (avg= 55.1)
  [λ=0.3 seed=0] step 2150 ep11 | loss +0.543 | orig 0.688 pruned 0.555 | pruned% fc1= 69.5 fc2= 40.6 (avg= 55.1)
  [λ=0.3 seed=0] step 2200 ep12 | loss +0.583 | orig 0.680 pruned 0.574 | pruned% fc1= 69.5 fc2= 40.6 (avg= 55.1)
  [λ=0.3 seed=0] step 2250 ep12 | loss +0.555 | orig 0.750 pruned 0.656 | pruned% fc1= 69.5 fc2= 40.6 (avg= 55.1)
  [λ=0.3 seed=0] step 2300 ep12 | loss +0.583 | orig 0.707 pruned 0.586 | pruned% fc1= 69.5 fc2= 40.6 (avg= 55.1)
  [λ=0.3 seed=0] step 2350 ep12 | loss +0.680 | orig 0.742 pruned 0.570 | pruned% fc1= 69.5 fc2= 42.2 (avg= 55.9)
  [λ=0.3 seed=0] step 2400 ep13 | loss +0.746 | orig 0.781 pruned 0.586 | pruned% fc1= 69.5 fc2= 42.2 (avg= 55.9)
  [λ=0.3 seed=0] step 2450 ep13 | loss +0.731 | orig 0.789 pruned 0.605 | pruned% fc1= 69.5 fc2= 42.2 (avg= 55.9)
  [λ=0.3 seed=0] step 2500 ep13 | loss +0.505 | orig 0.672 pruned 0.512 | pruned% fc1= 69.5 fc2= 42.2 (avg= 55.9)
  [λ=0.3 seed=0] step 2550 ep14 | loss +0.696 | orig 0.750 pruned 0.566 | pruned% fc1= 69.5 fc2= 42.2 (avg= 55.9)
  [λ=0.3 seed=0] step 2600 ep14 | loss +0.705 | orig 0.691 pruned 0.594 | pruned% fc1= 69.5 fc2= 42.2 (avg= 55.9)
  [λ=0.3 seed=0] step 2650 ep14 | loss +0.595 | orig 0.715 pruned 0.555 | pruned% fc1= 69.5 fc2= 42.2 (avg= 55.9)
  [λ=0.3 seed=0] step 2700 ep14 | loss +0.722 | orig 0.773 pruned 0.590 | pruned% fc1= 69.5 fc2= 42.2 (avg= 55.9)
  [λ=0.3 seed=0] step 2750 ep15 | loss +0.583 | orig 0.707 pruned 0.598 | pruned% fc1= 69.5 fc2= 42.2 (avg= 55.9)
  [λ=0.3 seed=0] step 2800 ep15 | loss +0.675 | orig 0.730 pruned 0.582 | pruned% fc1= 69.5 fc2= 42.2 (avg= 55.9)
  [λ=0.3 seed=0] step 2850 ep15 | loss +0.647 | orig 0.746 pruned 0.559 | pruned% fc1= 69.5 fc2= 42.2 (avg= 55.9)
  [λ=0.3 seed=0] step 2900 ep15 | loss +0.714 | orig 0.777 pruned 0.594 | pruned% fc1= 69.5 fc2= 42.2 (avg= 55.9)
  → [λ=0.3 seed=0] final keep 0.441  pruned 55.86%  | per-layer kept [39, 37]/[128, 64]  | orig→pruned test acc 64.84→53.08%  | 302s

CIFAR LeNet MLP pruner — λ sweep, seeds=[0], epochs=15
base   : 63K-param LeNet, fc1(128×400) fc2(64×128); fc3 untouched
pruner : BiLSTM embed_dim=64 lstm_hidden=128
train  : batch 256 on cpu
------------------------------------------------------------------------------------------------
 lambda  seed |   % pruned |  orig acc |  pruned acc |    drop |  efficiency |        fc1        fc2
------------------------------------------------------------------------------------------------
   0.18     0 |     54.30% |    64.84% |      53.24% | +11.60pp |       4.68  |   39/128     39/64   
   0.25     0 |     53.52% |    64.84% |      54.23% | +10.61pp |       5.04  |   45/128     37/64   
    0.3     0 |     55.86% |    64.84% |      53.08% | +11.76pp |       4.75  |   39/128     37/64   

Results → experiments/latest/hypernetwork/cifar_lenet_lambda_extra_15ep/
