Device: cpu  λs=[0.01, 0.02, 0.03, 0.05, 0.08, 0.12]  seeds=[0, 1, 2]  epochs=15
Loaded experiments/checkpoints/mnist_wide2048.pt: hidden=[2048], 1,628,170 params, frozen.

── λ=0.01 seed=0 ── pruner params: 415,746
  [λ=0.01 seed=0] step  100 ep1 | loss +0.025 | orig 0.996 pruned 0.984 | pruned% h1= 14.7 (avg= 14.7)
  [λ=0.01 seed=0] step  200 ep1 | loss +0.011 | orig 1.000 pruned 1.000 | pruned% h1= 17.4 (avg= 17.4)
  [λ=0.01 seed=0] step  300 ep2 | loss +0.002 | orig 0.996 pruned 1.000 | pruned% h1= 33.0 (avg= 33.0)
  [λ=0.01 seed=0] step  400 ep2 | loss +0.015 | orig 0.996 pruned 0.996 | pruned% h1= 31.5 (avg= 31.5)
  [λ=0.01 seed=0] step  500 ep3 | loss +0.002 | orig 0.992 pruned 1.000 | pruned% h1= 34.8 (avg= 34.8)
  [λ=0.01 seed=0] step  600 ep3 | loss +0.015 | orig 1.000 pruned 1.000 | pruned% h1= 47.6 (avg= 47.6)
  [λ=0.01 seed=0] step  700 ep3 | loss +0.008 | orig 0.996 pruned 0.996 | pruned% h1= 49.2 (avg= 49.2)
  [λ=0.01 seed=0] step  800 ep4 | loss +0.010 | orig 0.996 pruned 0.996 | pruned% h1= 55.2 (avg= 55.2)
  [λ=0.01 seed=0] step  900 ep4 | loss +0.012 | orig 0.996 pruned 0.996 | pruned% h1= 54.7 (avg= 54.7)
  [λ=0.01 seed=0] step 1000 ep5 | loss +0.020 | orig 0.996 pruned 0.996 | pruned% h1= 54.5 (avg= 54.5)
  [λ=0.01 seed=0] step 1100 ep5 | loss +0.005 | orig 1.000 pruned 1.000 | pruned% h1= 61.1 (avg= 61.1)
  [λ=0.01 seed=0] step 1200 ep6 | loss +0.010 | orig 0.996 pruned 0.996 | pruned% h1= 62.0 (avg= 62.0)
  [λ=0.01 seed=0] step 1300 ep6 | loss +0.010 | orig 1.000 pruned 0.996 | pruned% h1= 60.4 (avg= 60.4)
  [λ=0.01 seed=0] step 1400 ep6 | loss +0.013 | orig 1.000 pruned 0.996 | pruned% h1= 62.5 (avg= 62.5)
  [λ=0.01 seed=0] step 1500 ep7 | loss +0.005 | orig 0.992 pruned 1.000 | pruned% h1= 64.2 (avg= 64.2)
  [λ=0.01 seed=0] step 1600 ep7 | loss +0.005 | orig 0.992 pruned 0.996 | pruned% h1= 62.1 (avg= 62.1)
  [λ=0.01 seed=0] step 1700 ep8 | loss +0.014 | orig 0.996 pruned 0.996 | pruned% h1= 63.9 (avg= 63.9)
  [λ=0.01 seed=0] step 1800 ep8 | loss +0.011 | orig 0.992 pruned 0.996 | pruned% h1= 64.6 (avg= 64.6)
  [λ=0.01 seed=0] step 1900 ep9 | loss +0.010 | orig 1.000 pruned 1.000 | pruned% h1= 64.9 (avg= 64.9)
  [λ=0.01 seed=0] step 2000 ep9 | loss +0.004 | orig 0.996 pruned 0.996 | pruned% h1= 64.9 (avg= 64.9)
  [λ=0.01 seed=0] step 2100 ep9 | loss +0.014 | orig 1.000 pruned 1.000 | pruned% h1= 65.7 (avg= 65.7)
  [λ=0.01 seed=0] step 2200 ep10 | loss +0.012 | orig 1.000 pruned 0.996 | pruned% h1= 66.0 (avg= 66.0)
  [λ=0.01 seed=0] step 2300 ep10 | loss +0.009 | orig 1.000 pruned 1.000 | pruned% h1= 65.7 (avg= 65.7)
  [λ=0.01 seed=0] step 2400 ep11 | loss +0.012 | orig 1.000 pruned 0.996 | pruned% h1= 66.4 (avg= 66.4)
  [λ=0.01 seed=0] step 2500 ep11 | loss +0.009 | orig 1.000 pruned 1.000 | pruned% h1= 65.8 (avg= 65.8)
  [λ=0.01 seed=0] step 2600 ep12 | loss +0.011 | orig 0.996 pruned 1.000 | pruned% h1= 66.6 (avg= 66.6)
  [λ=0.01 seed=0] step 2700 ep12 | loss +0.014 | orig 1.000 pruned 1.000 | pruned% h1= 67.2 (avg= 67.2)
  [λ=0.01 seed=0] step 2800 ep12 | loss +0.009 | orig 0.996 pruned 1.000 | pruned% h1= 67.6 (avg= 67.6)
  [λ=0.01 seed=0] step 2900 ep13 | loss -0.008 | orig 0.996 pruned 0.996 | pruned% h1= 68.1 (avg= 68.1)
  [λ=0.01 seed=0] step 3000 ep13 | loss +0.004 | orig 0.996 pruned 1.000 | pruned% h1= 68.3 (avg= 68.3)
  [λ=0.01 seed=0] step 3100 ep14 | loss +0.009 | orig 1.000 pruned 1.000 | pruned% h1= 68.8 (avg= 68.8)
  [λ=0.01 seed=0] step 3200 ep14 | loss +0.009 | orig 1.000 pruned 1.000 | pruned% h1= 68.9 (avg= 68.9)
  [λ=0.01 seed=0] step 3300 ep15 | loss +0.013 | orig 0.996 pruned 0.996 | pruned% h1= 68.9 (avg= 68.9)
  [λ=0.01 seed=0] step 3400 ep15 | loss +0.007 | orig 0.996 pruned 1.000 | pruned% h1= 69.3 (avg= 69.3)
  [λ=0.01 seed=0] step 3500 ep15 | loss +0.006 | orig 0.996 pruned 0.996 | pruned% h1= 69.1 (avg= 69.1)
  → [λ=0.01 seed=0] final keep 0.307  pruned 69.29%  | per-layer kept [629]/[2048]  | orig→pruned test acc 98.16→98.27%  | 66s

── λ=0.01 seed=1 ── pruner params: 415,746
  [λ=0.01 seed=1] step  100 ep1 | loss +0.012 | orig 1.000 pruned 0.996 | pruned% h1=  4.5 (avg=  4.5)
  [λ=0.01 seed=1] step  200 ep1 | loss +0.006 | orig 0.992 pruned 0.996 | pruned% h1= 16.4 (avg= 16.4)
  [λ=0.01 seed=1] step  300 ep2 | loss +0.011 | orig 0.996 pruned 1.000 | pruned% h1= 37.5 (avg= 37.5)
  [λ=0.01 seed=1] step  400 ep2 | loss +0.023 | orig 0.992 pruned 0.980 | pruned% h1= 40.8 (avg= 40.8)
  [λ=0.01 seed=1] step  500 ep3 | loss +0.009 | orig 1.000 pruned 1.000 | pruned% h1= 37.4 (avg= 37.4)
  [λ=0.01 seed=1] step  600 ep3 | loss +0.019 | orig 1.000 pruned 0.996 | pruned% h1= 43.8 (avg= 43.8)
  [λ=0.01 seed=1] step  700 ep3 | loss +0.007 | orig 1.000 pruned 1.000 | pruned% h1= 49.1 (avg= 49.1)
  [λ=0.01 seed=1] step  800 ep4 | loss +0.003 | orig 0.992 pruned 0.996 | pruned% h1= 45.7 (avg= 45.7)
  [λ=0.01 seed=1] step  900 ep4 | loss +0.007 | orig 1.000 pruned 1.000 | pruned% h1= 56.6 (avg= 56.6)
  [λ=0.01 seed=1] step 1000 ep5 | loss +0.006 | orig 0.996 pruned 1.000 | pruned% h1= 56.7 (avg= 56.7)
  [λ=0.01 seed=1] step 1100 ep5 | loss +0.005 | orig 0.996 pruned 1.000 | pruned% h1= 60.0 (avg= 60.0)
  [λ=0.01 seed=1] step 1200 ep6 | loss +0.005 | orig 0.996 pruned 1.000 | pruned% h1= 57.7 (avg= 57.7)
  [λ=0.01 seed=1] step 1300 ep6 | loss -0.009 | orig 0.988 pruned 1.000 | pruned% h1= 60.4 (avg= 60.4)
  [λ=0.01 seed=1] step 1400 ep6 | loss +0.008 | orig 1.000 pruned 1.000 | pruned% h1= 61.6 (avg= 61.6)
  [λ=0.01 seed=1] step 1500 ep7 | loss +0.005 | orig 0.996 pruned 1.000 | pruned% h1= 61.6 (avg= 61.6)
  [λ=0.01 seed=1] step 1600 ep7 | loss +0.003 | orig 0.996 pruned 1.000 | pruned% h1= 63.0 (avg= 63.0)
  [λ=0.01 seed=1] step 1700 ep8 | loss +0.001 | orig 0.996 pruned 0.992 | pruned% h1= 63.5 (avg= 63.5)
  [λ=0.01 seed=1] step 1800 ep8 | loss +0.010 | orig 0.996 pruned 0.992 | pruned% h1= 64.1 (avg= 64.1)
  [λ=0.01 seed=1] step 1900 ep9 | loss +0.009 | orig 1.000 pruned 1.000 | pruned% h1= 64.3 (avg= 64.3)
  [λ=0.01 seed=1] step 2000 ep9 | loss +0.009 | orig 0.996 pruned 0.992 | pruned% h1= 65.2 (avg= 65.2)
  [λ=0.01 seed=1] step 2100 ep9 | loss -0.007 | orig 0.988 pruned 0.996 | pruned% h1= 64.8 (avg= 64.8)
  [λ=0.01 seed=1] step 2200 ep10 | loss +0.008 | orig 0.996 pruned 0.996 | pruned% h1= 66.0 (avg= 66.0)
  [λ=0.01 seed=1] step 2300 ep10 | loss -0.008 | orig 0.988 pruned 1.000 | pruned% h1= 66.0 (avg= 66.0)
  [λ=0.01 seed=1] step 2400 ep11 | loss +0.000 | orig 0.988 pruned 0.996 | pruned% h1= 66.0 (avg= 66.0)
  [λ=0.01 seed=1] step 2500 ep11 | loss +0.004 | orig 0.996 pruned 1.000 | pruned% h1= 66.4 (avg= 66.4)
  [λ=0.01 seed=1] step 2600 ep12 | loss +0.015 | orig 1.000 pruned 1.000 | pruned% h1= 66.6 (avg= 66.6)
  [λ=0.01 seed=1] step 2700 ep12 | loss +0.007 | orig 0.996 pruned 1.000 | pruned% h1= 67.5 (avg= 67.5)
  [λ=0.01 seed=1] step 2800 ep12 | loss +0.014 | orig 1.000 pruned 1.000 | pruned% h1= 67.0 (avg= 67.0)
  [λ=0.01 seed=1] step 2900 ep13 | loss -0.004 | orig 0.992 pruned 0.996 | pruned% h1= 67.6 (avg= 67.6)
  [λ=0.01 seed=1] step 3000 ep13 | loss +0.015 | orig 1.000 pruned 1.000 | pruned% h1= 67.5 (avg= 67.5)
  [λ=0.01 seed=1] step 3100 ep14 | loss +0.020 | orig 1.000 pruned 0.992 | pruned% h1= 68.2 (avg= 68.2)
  [λ=0.01 seed=1] step 3200 ep14 | loss +0.005 | orig 0.996 pruned 1.000 | pruned% h1= 68.3 (avg= 68.3)
  [λ=0.01 seed=1] step 3300 ep15 | loss +0.014 | orig 1.000 pruned 0.996 | pruned% h1= 68.7 (avg= 68.7)
  [λ=0.01 seed=1] step 3400 ep15 | loss +0.021 | orig 1.000 pruned 0.992 | pruned% h1= 68.9 (avg= 68.9)
  [λ=0.01 seed=1] step 3500 ep15 | loss +0.006 | orig 0.992 pruned 1.000 | pruned% h1= 68.9 (avg= 68.9)
  → [λ=0.01 seed=1] final keep 0.309  pruned 69.14%  | per-layer kept [632]/[2048]  | orig→pruned test acc 98.16→98.30%  | 59s

── λ=0.01 seed=2 ── pruner params: 415,746
  [λ=0.01 seed=2] step  100 ep1 | loss +0.008 | orig 1.000 pruned 1.000 | pruned% h1= 11.4 (avg= 11.4)
  [λ=0.01 seed=2] step  200 ep1 | loss +0.012 | orig 1.000 pruned 1.000 | pruned% h1= 27.1 (avg= 27.1)
  [λ=0.01 seed=2] step  300 ep2 | loss +0.015 | orig 1.000 pruned 0.996 | pruned% h1= 38.1 (avg= 38.1)
  [λ=0.01 seed=2] step  400 ep2 | loss +0.018 | orig 1.000 pruned 0.996 | pruned% h1= 37.7 (avg= 37.7)
  [λ=0.01 seed=2] step  500 ep3 | loss +0.002 | orig 0.996 pruned 1.000 | pruned% h1= 47.9 (avg= 47.9)
  [λ=0.01 seed=2] step  600 ep3 | loss +0.010 | orig 0.996 pruned 0.996 | pruned% h1= 44.5 (avg= 44.5)
  [λ=0.01 seed=2] step  700 ep3 | loss +0.008 | orig 1.000 pruned 1.000 | pruned% h1= 52.2 (avg= 52.2)
  [λ=0.01 seed=2] step  800 ep4 | loss +0.008 | orig 1.000 pruned 1.000 | pruned% h1= 50.8 (avg= 50.8)
  [λ=0.01 seed=2] step  900 ep4 | loss +0.013 | orig 1.000 pruned 0.996 | pruned% h1= 51.1 (avg= 51.1)
  [λ=0.01 seed=2] step 1000 ep5 | loss +0.017 | orig 1.000 pruned 0.996 | pruned% h1= 56.0 (avg= 56.0)
  [λ=0.01 seed=2] step 1100 ep5 | loss +0.010 | orig 1.000 pruned 1.000 | pruned% h1= 59.8 (avg= 59.8)
  [λ=0.01 seed=2] step 1200 ep6 | loss +0.011 | orig 1.000 pruned 0.996 | pruned% h1= 60.2 (avg= 60.2)
  [λ=0.01 seed=2] step 1300 ep6 | loss +0.005 | orig 0.996 pruned 0.996 | pruned% h1= 59.1 (avg= 59.1)
  [λ=0.01 seed=2] step 1400 ep6 | loss +0.019 | orig 1.000 pruned 0.996 | pruned% h1= 60.6 (avg= 60.6)
  [λ=0.01 seed=2] step 1500 ep7 | loss +0.012 | orig 0.996 pruned 0.996 | pruned% h1= 61.5 (avg= 61.5)
  [λ=0.01 seed=2] step 1600 ep7 | loss +0.011 | orig 1.000 pruned 1.000 | pruned% h1= 62.5 (avg= 62.5)
  [λ=0.01 seed=2] step 1700 ep8 | loss +0.018 | orig 1.000 pruned 0.996 | pruned% h1= 62.5 (avg= 62.5)
  [λ=0.01 seed=2] step 1800 ep8 | loss +0.008 | orig 1.000 pruned 1.000 | pruned% h1= 63.8 (avg= 63.8)
  [λ=0.01 seed=2] step 1900 ep9 | loss +0.012 | orig 0.996 pruned 0.992 | pruned% h1= 64.2 (avg= 64.2)
  [λ=0.01 seed=2] step 2000 ep9 | loss -0.000 | orig 0.996 pruned 1.000 | pruned% h1= 64.7 (avg= 64.7)
  [λ=0.01 seed=2] step 2100 ep9 | loss +0.018 | orig 1.000 pruned 0.992 | pruned% h1= 65.1 (avg= 65.1)
  [λ=0.01 seed=2] step 2200 ep10 | loss +0.014 | orig 1.000 pruned 1.000 | pruned% h1= 65.5 (avg= 65.5)
  [λ=0.01 seed=2] step 2300 ep10 | loss +0.010 | orig 0.992 pruned 0.992 | pruned% h1= 65.4 (avg= 65.4)
  [λ=0.01 seed=2] step 2400 ep11 | loss +0.008 | orig 1.000 pruned 1.000 | pruned% h1= 66.2 (avg= 66.2)
  [λ=0.01 seed=2] step 2500 ep11 | loss +0.012 | orig 0.996 pruned 0.996 | pruned% h1= 66.0 (avg= 66.0)
  [λ=0.01 seed=2] step 2600 ep12 | loss -0.003 | orig 0.996 pruned 0.996 | pruned% h1= 66.2 (avg= 66.2)
  [λ=0.01 seed=2] step 2700 ep12 | loss +0.006 | orig 0.996 pruned 1.000 | pruned% h1= 66.5 (avg= 66.5)
  [λ=0.01 seed=2] step 2800 ep12 | loss +0.004 | orig 0.996 pruned 1.000 | pruned% h1= 66.6 (avg= 66.6)
  [λ=0.01 seed=2] step 2900 ep13 | loss +0.011 | orig 0.992 pruned 1.000 | pruned% h1= 66.8 (avg= 66.8)
  [λ=0.01 seed=2] step 3000 ep13 | loss +0.009 | orig 1.000 pruned 1.000 | pruned% h1= 66.8 (avg= 66.8)
  [λ=0.01 seed=2] step 3100 ep14 | loss +0.004 | orig 0.992 pruned 0.996 | pruned% h1= 66.9 (avg= 66.9)
  [λ=0.01 seed=2] step 3200 ep14 | loss +0.023 | orig 1.000 pruned 0.996 | pruned% h1= 67.1 (avg= 67.1)
  [λ=0.01 seed=2] step 3300 ep15 | loss +0.014 | orig 1.000 pruned 0.996 | pruned% h1= 67.1 (avg= 67.1)
  [λ=0.01 seed=2] step 3400 ep15 | loss +0.013 | orig 1.000 pruned 0.996 | pruned% h1= 67.3 (avg= 67.3)
  [λ=0.01 seed=2] step 3500 ep15 | loss +0.013 | orig 1.000 pruned 0.996 | pruned% h1= 67.5 (avg= 67.5)
  → [λ=0.01 seed=2] final keep 0.325  pruned 67.48%  | per-layer kept [666]/[2048]  | orig→pruned test acc 98.16→98.27%  | 64s

── λ=0.02 seed=0 ── pruner params: 415,746
  [λ=0.02 seed=0] step  100 ep1 | loss +0.050 | orig 0.996 pruned 0.969 | pruned% h1= 60.1 (avg= 60.1)
  [λ=0.02 seed=0] step  200 ep1 | loss +0.041 | orig 1.000 pruned 0.992 | pruned% h1= 63.8 (avg= 63.8)
  [λ=0.02 seed=0] step  300 ep2 | loss +0.028 | orig 0.996 pruned 0.988 | pruned% h1= 66.5 (avg= 66.5)
  [λ=0.02 seed=0] step  400 ep2 | loss +0.024 | orig 0.996 pruned 0.992 | pruned% h1= 65.2 (avg= 65.2)
  [λ=0.02 seed=0] step  500 ep3 | loss +0.014 | orig 0.992 pruned 0.996 | pruned% h1= 69.8 (avg= 69.8)
  [λ=0.02 seed=0] step  600 ep3 | loss +0.032 | orig 1.000 pruned 0.992 | pruned% h1= 69.2 (avg= 69.2)
  [λ=0.02 seed=0] step  700 ep3 | loss +0.021 | orig 0.996 pruned 0.992 | pruned% h1= 70.6 (avg= 70.6)
  [λ=0.02 seed=0] step  800 ep4 | loss +0.030 | orig 0.996 pruned 0.988 | pruned% h1= 72.4 (avg= 72.4)
  [λ=0.02 seed=0] step  900 ep4 | loss +0.031 | orig 0.996 pruned 0.992 | pruned% h1= 71.3 (avg= 71.3)
  [λ=0.02 seed=0] step 1000 ep5 | loss +0.035 | orig 0.996 pruned 0.996 | pruned% h1= 72.7 (avg= 72.7)
  [λ=0.02 seed=0] step 1100 ep5 | loss +0.020 | orig 1.000 pruned 0.996 | pruned% h1= 73.7 (avg= 73.7)
  [λ=0.02 seed=0] step 1200 ep6 | loss +0.024 | orig 0.996 pruned 0.996 | pruned% h1= 73.7 (avg= 73.7)
  [λ=0.02 seed=0] step 1300 ep6 | loss +0.019 | orig 1.000 pruned 1.000 | pruned% h1= 74.2 (avg= 74.2)
  [λ=0.02 seed=0] step 1400 ep6 | loss +0.020 | orig 1.000 pruned 1.000 | pruned% h1= 74.6 (avg= 74.6)
  [λ=0.02 seed=0] step 1500 ep7 | loss +0.032 | orig 0.992 pruned 0.992 | pruned% h1= 74.9 (avg= 74.9)
  [λ=0.02 seed=0] step 1600 ep7 | loss +0.018 | orig 0.992 pruned 0.992 | pruned% h1= 75.2 (avg= 75.2)
  [λ=0.02 seed=0] step 1700 ep8 | loss +0.030 | orig 0.996 pruned 0.992 | pruned% h1= 75.2 (avg= 75.2)
  [λ=0.02 seed=0] step 1800 ep8 | loss +0.040 | orig 0.992 pruned 0.984 | pruned% h1= 75.5 (avg= 75.5)
  [λ=0.02 seed=0] step 1900 ep9 | loss +0.022 | orig 1.000 pruned 1.000 | pruned% h1= 75.6 (avg= 75.6)
  [λ=0.02 seed=0] step 2000 ep9 | loss +0.018 | orig 0.996 pruned 1.000 | pruned% h1= 75.9 (avg= 75.9)
  [λ=0.02 seed=0] step 2100 ep9 | loss +0.023 | orig 1.000 pruned 1.000 | pruned% h1= 76.0 (avg= 76.0)
  [λ=0.02 seed=0] step 2200 ep10 | loss +0.014 | orig 1.000 pruned 1.000 | pruned% h1= 76.3 (avg= 76.3)
  [λ=0.02 seed=0] step 2300 ep10 | loss +0.018 | orig 1.000 pruned 1.000 | pruned% h1= 76.5 (avg= 76.5)
  [λ=0.02 seed=0] step 2400 ep11 | loss +0.020 | orig 1.000 pruned 0.996 | pruned% h1= 76.7 (avg= 76.7)
  [λ=0.02 seed=0] step 2500 ep11 | loss +0.027 | orig 1.000 pruned 0.996 | pruned% h1= 76.8 (avg= 76.8)
  [λ=0.02 seed=0] step 2600 ep12 | loss +0.029 | orig 0.996 pruned 0.988 | pruned% h1= 76.8 (avg= 76.8)
  [λ=0.02 seed=0] step 2700 ep12 | loss +0.034 | orig 1.000 pruned 0.992 | pruned% h1= 76.9 (avg= 76.9)
  [λ=0.02 seed=0] step 2800 ep12 | loss +0.018 | orig 0.996 pruned 0.996 | pruned% h1= 77.1 (avg= 77.1)
  [λ=0.02 seed=0] step 2900 ep13 | loss +0.018 | orig 0.996 pruned 0.992 | pruned% h1= 77.1 (avg= 77.1)
  [λ=0.02 seed=0] step 3000 ep13 | loss +0.027 | orig 0.996 pruned 0.996 | pruned% h1= 77.3 (avg= 77.3)
  [λ=0.02 seed=0] step 3100 ep14 | loss +0.018 | orig 1.000 pruned 1.000 | pruned% h1= 77.3 (avg= 77.3)
  [λ=0.02 seed=0] step 3200 ep14 | loss +0.018 | orig 1.000 pruned 1.000 | pruned% h1= 77.5 (avg= 77.5)
  [λ=0.02 seed=0] step 3300 ep15 | loss +0.039 | orig 0.996 pruned 0.988 | pruned% h1= 77.5 (avg= 77.5)
  [λ=0.02 seed=0] step 3400 ep15 | loss +0.017 | orig 0.996 pruned 0.996 | pruned% h1= 77.5 (avg= 77.5)
  [λ=0.02 seed=0] step 3500 ep15 | loss +0.020 | orig 0.996 pruned 0.996 | pruned% h1= 77.6 (avg= 77.6)
  → [λ=0.02 seed=0] final keep 0.224  pruned 77.59%  | per-layer kept [459]/[2048]  | orig→pruned test acc 98.16→98.03%  | 61s

── λ=0.02 seed=1 ── pruner params: 415,746
  [λ=0.02 seed=1] step  100 ep1 | loss +0.027 | orig 1.000 pruned 1.000 | pruned% h1= 61.6 (avg= 61.6)
  [λ=0.02 seed=1] step  200 ep1 | loss +0.023 | orig 0.992 pruned 0.992 | pruned% h1= 61.4 (avg= 61.4)
  [λ=0.02 seed=1] step  300 ep2 | loss +0.022 | orig 0.996 pruned 0.996 | pruned% h1= 64.4 (avg= 64.4)
  [λ=0.02 seed=1] step  400 ep2 | loss +0.017 | orig 0.992 pruned 0.988 | pruned% h1= 65.3 (avg= 65.3)
  [λ=0.02 seed=1] step  500 ep3 | loss +0.018 | orig 1.000 pruned 0.996 | pruned% h1= 64.5 (avg= 64.5)
  [λ=0.02 seed=1] step  600 ep3 | loss +0.037 | orig 1.000 pruned 0.992 | pruned% h1= 71.4 (avg= 71.4)
  [λ=0.02 seed=1] step  700 ep3 | loss +0.017 | orig 1.000 pruned 1.000 | pruned% h1= 73.0 (avg= 73.0)
  [λ=0.02 seed=1] step  800 ep4 | loss +0.015 | orig 0.992 pruned 0.988 | pruned% h1= 71.9 (avg= 71.9)
  [λ=0.02 seed=1] step  900 ep4 | loss +0.019 | orig 1.000 pruned 0.996 | pruned% h1= 73.6 (avg= 73.6)
  [λ=0.02 seed=1] step 1000 ep5 | loss +0.018 | orig 0.996 pruned 1.000 | pruned% h1= 73.7 (avg= 73.7)
  [λ=0.02 seed=1] step 1100 ep5 | loss +0.015 | orig 0.996 pruned 0.996 | pruned% h1= 74.1 (avg= 74.1)
  [λ=0.02 seed=1] step 1200 ep6 | loss +0.020 | orig 0.996 pruned 0.992 | pruned% h1= 74.5 (avg= 74.5)
  [λ=0.02 seed=1] step 1300 ep6 | loss +0.003 | orig 0.988 pruned 1.000 | pruned% h1= 75.1 (avg= 75.1)
  [λ=0.02 seed=1] step 1400 ep6 | loss +0.019 | orig 1.000 pruned 1.000 | pruned% h1= 75.7 (avg= 75.7)
  [λ=0.02 seed=1] step 1500 ep7 | loss +0.026 | orig 0.996 pruned 0.984 | pruned% h1= 75.9 (avg= 75.9)
  [λ=0.02 seed=1] step 1600 ep7 | loss +0.021 | orig 0.996 pruned 0.992 | pruned% h1= 76.1 (avg= 76.1)
  [λ=0.02 seed=1] step 1700 ep8 | loss +0.020 | orig 0.996 pruned 0.984 | pruned% h1= 76.6 (avg= 76.6)
  [λ=0.02 seed=1] step 1800 ep8 | loss +0.031 | orig 0.996 pruned 0.992 | pruned% h1= 76.5 (avg= 76.5)
  [λ=0.02 seed=1] step 1900 ep9 | loss +0.032 | orig 1.000 pruned 0.988 | pruned% h1= 76.7 (avg= 76.7)
  [λ=0.02 seed=1] step 2000 ep9 | loss +0.024 | orig 0.996 pruned 0.992 | pruned% h1= 76.8 (avg= 76.8)
  [λ=0.02 seed=1] step 2100 ep9 | loss +0.011 | orig 0.988 pruned 0.996 | pruned% h1= 76.8 (avg= 76.8)
  [λ=0.02 seed=1] step 2200 ep10 | loss +0.039 | orig 0.996 pruned 0.992 | pruned% h1= 76.9 (avg= 76.9)
  [λ=0.02 seed=1] step 2300 ep10 | loss +0.018 | orig 0.988 pruned 0.988 | pruned% h1= 77.1 (avg= 77.1)
  [λ=0.02 seed=1] step 2400 ep11 | loss +0.033 | orig 0.988 pruned 0.988 | pruned% h1= 77.1 (avg= 77.1)
  [λ=0.02 seed=1] step 2500 ep11 | loss +0.025 | orig 0.996 pruned 0.996 | pruned% h1= 77.2 (avg= 77.2)
  [λ=0.02 seed=1] step 2600 ep12 | loss +0.031 | orig 1.000 pruned 0.992 | pruned% h1= 77.3 (avg= 77.3)
  [λ=0.02 seed=1] step 2700 ep12 | loss +0.017 | orig 0.996 pruned 0.996 | pruned% h1= 77.4 (avg= 77.4)
  [λ=0.02 seed=1] step 2800 ep12 | loss +0.039 | orig 1.000 pruned 0.992 | pruned% h1= 77.6 (avg= 77.6)
  [λ=0.02 seed=1] step 2900 ep13 | loss +0.017 | orig 0.992 pruned 0.992 | pruned% h1= 77.7 (avg= 77.7)
  [λ=0.02 seed=1] step 3000 ep13 | loss +0.033 | orig 1.000 pruned 0.992 | pruned% h1= 77.7 (avg= 77.7)
  [λ=0.02 seed=1] step 3100 ep14 | loss +0.043 | orig 1.000 pruned 0.988 | pruned% h1= 77.8 (avg= 77.8)
  [λ=0.02 seed=1] step 3200 ep14 | loss +0.020 | orig 0.996 pruned 0.996 | pruned% h1= 77.8 (avg= 77.8)
  [λ=0.02 seed=1] step 3300 ep15 | loss +0.028 | orig 1.000 pruned 0.992 | pruned% h1= 77.8 (avg= 77.8)
  [λ=0.02 seed=1] step 3400 ep15 | loss +0.035 | orig 1.000 pruned 0.992 | pruned% h1= 77.8 (avg= 77.8)
  [λ=0.02 seed=1] step 3500 ep15 | loss +0.029 | orig 0.992 pruned 0.992 | pruned% h1= 77.8 (avg= 77.8)
  → [λ=0.02 seed=1] final keep 0.222  pruned 77.83%  | per-layer kept [454]/[2048]  | orig→pruned test acc 98.16→97.93%  | 73s

── λ=0.02 seed=2 ── pruner params: 415,746
  [λ=0.02 seed=2] step  100 ep1 | loss +0.026 | orig 1.000 pruned 0.996 | pruned% h1= 58.4 (avg= 58.4)
  [λ=0.02 seed=2] step  200 ep1 | loss +0.030 | orig 1.000 pruned 0.988 | pruned% h1= 62.5 (avg= 62.5)
  [λ=0.02 seed=2] step  300 ep2 | loss +0.018 | orig 1.000 pruned 0.996 | pruned% h1= 66.3 (avg= 66.3)
  [λ=0.02 seed=2] step  400 ep2 | loss +0.028 | orig 1.000 pruned 1.000 | pruned% h1= 66.4 (avg= 66.4)
  [λ=0.02 seed=2] step  500 ep3 | loss +0.009 | orig 0.996 pruned 1.000 | pruned% h1= 69.7 (avg= 69.7)
  [λ=0.02 seed=2] step  600 ep3 | loss +0.023 | orig 0.996 pruned 0.996 | pruned% h1= 69.8 (avg= 69.8)
  [λ=0.02 seed=2] step  700 ep3 | loss +0.021 | orig 1.000 pruned 0.992 | pruned% h1= 71.4 (avg= 71.4)
  [λ=0.02 seed=2] step  800 ep4 | loss +0.020 | orig 1.000 pruned 0.996 | pruned% h1= 72.3 (avg= 72.3)
  [λ=0.02 seed=2] step  900 ep4 | loss +0.025 | orig 1.000 pruned 0.996 | pruned% h1= 72.6 (avg= 72.6)
  [λ=0.02 seed=2] step 1000 ep5 | loss +0.037 | orig 1.000 pruned 0.988 | pruned% h1= 72.8 (avg= 72.8)
  [λ=0.02 seed=2] step 1100 ep5 | loss +0.018 | orig 1.000 pruned 1.000 | pruned% h1= 73.5 (avg= 73.5)
  [λ=0.02 seed=2] step 1200 ep6 | loss +0.028 | orig 1.000 pruned 0.996 | pruned% h1= 74.1 (avg= 74.1)
  [λ=0.02 seed=2] step 1300 ep6 | loss +0.026 | orig 0.996 pruned 0.996 | pruned% h1= 74.1 (avg= 74.1)
  [λ=0.02 seed=2] step 1400 ep6 | loss +0.026 | orig 1.000 pruned 0.996 | pruned% h1= 74.8 (avg= 74.8)
  [λ=0.02 seed=2] step 1500 ep7 | loss +0.029 | orig 0.996 pruned 0.988 | pruned% h1= 74.9 (avg= 74.9)
  [λ=0.02 seed=2] step 1600 ep7 | loss +0.046 | orig 1.000 pruned 0.980 | pruned% h1= 75.0 (avg= 75.0)
  [λ=0.02 seed=2] step 1700 ep8 | loss +0.029 | orig 1.000 pruned 0.988 | pruned% h1= 75.5 (avg= 75.5)
  [λ=0.02 seed=2] step 1800 ep8 | loss +0.017 | orig 1.000 pruned 1.000 | pruned% h1= 75.8 (avg= 75.8)
  [λ=0.02 seed=2] step 1900 ep9 | loss +0.027 | orig 0.996 pruned 0.992 | pruned% h1= 76.0 (avg= 76.0)
  [λ=0.02 seed=2] step 2000 ep9 | loss +0.022 | orig 0.996 pruned 0.988 | pruned% h1= 76.2 (avg= 76.2)
  [λ=0.02 seed=2] step 2100 ep9 | loss +0.031 | orig 1.000 pruned 0.996 | pruned% h1= 76.5 (avg= 76.5)
  [λ=0.02 seed=2] step 2200 ep10 | loss +0.037 | orig 1.000 pruned 0.996 | pruned% h1= 76.6 (avg= 76.6)
  [λ=0.02 seed=2] step 2300 ep10 | loss +0.034 | orig 0.992 pruned 0.984 | pruned% h1= 76.7 (avg= 76.7)
  [λ=0.02 seed=2] step 2400 ep11 | loss +0.019 | orig 1.000 pruned 0.996 | pruned% h1= 76.9 (avg= 76.9)
  [λ=0.02 seed=2] step 2500 ep11 | loss +0.027 | orig 0.996 pruned 0.992 | pruned% h1= 77.0 (avg= 77.0)
  [λ=0.02 seed=2] step 2600 ep12 | loss +0.005 | orig 0.996 pruned 0.996 | pruned% h1= 77.1 (avg= 77.1)
  [λ=0.02 seed=2] step 2700 ep12 | loss +0.016 | orig 0.996 pruned 1.000 | pruned% h1= 77.2 (avg= 77.2)
  [λ=0.02 seed=2] step 2800 ep12 | loss +0.013 | orig 0.996 pruned 0.996 | pruned% h1= 77.2 (avg= 77.2)
  [λ=0.02 seed=2] step 2900 ep13 | loss +0.032 | orig 0.992 pruned 0.992 | pruned% h1= 77.2 (avg= 77.2)
  [λ=0.02 seed=2] step 3000 ep13 | loss +0.021 | orig 1.000 pruned 0.996 | pruned% h1= 77.2 (avg= 77.2)
  [λ=0.02 seed=2] step 3100 ep14 | loss +0.021 | orig 0.992 pruned 0.996 | pruned% h1= 77.5 (avg= 77.5)
  [λ=0.02 seed=2] step 3200 ep14 | loss +0.036 | orig 1.000 pruned 0.996 | pruned% h1= 77.5 (avg= 77.5)
  [λ=0.02 seed=2] step 3300 ep15 | loss +0.029 | orig 1.000 pruned 0.996 | pruned% h1= 77.6 (avg= 77.6)
  [λ=0.02 seed=2] step 3400 ep15 | loss +0.037 | orig 1.000 pruned 0.992 | pruned% h1= 77.8 (avg= 77.8)
  [λ=0.02 seed=2] step 3500 ep15 | loss +0.039 | orig 1.000 pruned 0.984 | pruned% h1= 77.8 (avg= 77.8)
  → [λ=0.02 seed=2] final keep 0.222  pruned 77.78%  | per-layer kept [455]/[2048]  | orig→pruned test acc 98.16→98.03%  | 64s

── λ=0.03 seed=0 ── pruner params: 415,746
  [λ=0.03 seed=0] step  100 ep1 | loss +0.060 | orig 0.996 pruned 0.969 | pruned% h1= 67.5 (avg= 67.5)
  [λ=0.03 seed=0] step  200 ep1 | loss +0.059 | orig 1.000 pruned 0.992 | pruned% h1= 72.5 (avg= 72.5)
  [λ=0.03 seed=0] step  300 ep2 | loss +0.027 | orig 0.996 pruned 0.988 | pruned% h1= 71.2 (avg= 71.2)
  [λ=0.03 seed=0] step  400 ep2 | loss +0.035 | orig 0.996 pruned 0.984 | pruned% h1= 72.6 (avg= 72.6)
  [λ=0.03 seed=0] step  500 ep3 | loss +0.019 | orig 0.992 pruned 0.996 | pruned% h1= 74.7 (avg= 74.7)
  [λ=0.03 seed=0] step  600 ep3 | loss +0.050 | orig 1.000 pruned 0.988 | pruned% h1= 74.5 (avg= 74.5)
  [λ=0.03 seed=0] step  700 ep3 | loss +0.038 | orig 0.996 pruned 0.984 | pruned% h1= 75.1 (avg= 75.1)
  [λ=0.03 seed=0] step  800 ep4 | loss +0.043 | orig 0.996 pruned 0.988 | pruned% h1= 76.0 (avg= 76.0)
  [λ=0.03 seed=0] step  900 ep4 | loss +0.035 | orig 0.996 pruned 0.992 | pruned% h1= 76.5 (avg= 76.5)
  [λ=0.03 seed=0] step 1000 ep5 | loss +0.049 | orig 0.996 pruned 0.988 | pruned% h1= 76.9 (avg= 76.9)
  [λ=0.03 seed=0] step 1100 ep5 | loss +0.030 | orig 1.000 pruned 0.996 | pruned% h1= 76.9 (avg= 76.9)
  [λ=0.03 seed=0] step 1200 ep6 | loss +0.039 | orig 0.996 pruned 0.992 | pruned% h1= 77.4 (avg= 77.4)
  [λ=0.03 seed=0] step 1300 ep6 | loss +0.030 | orig 1.000 pruned 0.996 | pruned% h1= 77.2 (avg= 77.2)
  [λ=0.03 seed=0] step 1400 ep6 | loss +0.034 | orig 1.000 pruned 1.000 | pruned% h1= 77.6 (avg= 77.6)
  [λ=0.03 seed=0] step 1500 ep7 | loss +0.046 | orig 0.992 pruned 0.988 | pruned% h1= 77.7 (avg= 77.7)
  [λ=0.03 seed=0] step 1600 ep7 | loss +0.030 | orig 0.992 pruned 0.992 | pruned% h1= 77.7 (avg= 77.7)
  [λ=0.03 seed=0] step 1700 ep8 | loss +0.043 | orig 0.996 pruned 0.988 | pruned% h1= 77.7 (avg= 77.7)
  [λ=0.03 seed=0] step 1800 ep8 | loss +0.035 | orig 0.992 pruned 0.984 | pruned% h1= 77.9 (avg= 77.9)
  [λ=0.03 seed=0] step 1900 ep9 | loss +0.042 | orig 1.000 pruned 0.992 | pruned% h1= 78.0 (avg= 78.0)
  [λ=0.03 seed=0] step 2000 ep9 | loss +0.029 | orig 0.996 pruned 1.000 | pruned% h1= 78.2 (avg= 78.2)
  [λ=0.03 seed=0] step 2100 ep9 | loss +0.038 | orig 1.000 pruned 0.988 | pruned% h1= 78.3 (avg= 78.3)
  [λ=0.03 seed=0] step 2200 ep10 | loss +0.021 | orig 1.000 pruned 1.000 | pruned% h1= 78.4 (avg= 78.4)
  [λ=0.03 seed=0] step 2300 ep10 | loss +0.028 | orig 1.000 pruned 0.996 | pruned% h1= 78.4 (avg= 78.4)
  [λ=0.03 seed=0] step 2400 ep11 | loss +0.028 | orig 1.000 pruned 0.996 | pruned% h1= 78.5 (avg= 78.5)
  [λ=0.03 seed=0] step 2500 ep11 | loss +0.046 | orig 1.000 pruned 0.996 | pruned% h1= 78.7 (avg= 78.7)
  [λ=0.03 seed=0] step 2600 ep12 | loss +0.037 | orig 0.996 pruned 0.988 | pruned% h1= 78.7 (avg= 78.7)
  [λ=0.03 seed=0] step 2700 ep12 | loss +0.048 | orig 1.000 pruned 0.988 | pruned% h1= 78.8 (avg= 78.8)
  [λ=0.03 seed=0] step 2800 ep12 | loss +0.039 | orig 0.996 pruned 0.992 | pruned% h1= 79.0 (avg= 79.0)
  [λ=0.03 seed=0] step 2900 ep13 | loss +0.027 | orig 0.996 pruned 0.992 | pruned% h1= 79.0 (avg= 79.0)
  [λ=0.03 seed=0] step 3000 ep13 | loss +0.033 | orig 0.996 pruned 0.988 | pruned% h1= 79.2 (avg= 79.2)
  [λ=0.03 seed=0] step 3100 ep14 | loss +0.030 | orig 1.000 pruned 1.000 | pruned% h1= 79.2 (avg= 79.2)
  [λ=0.03 seed=0] step 3200 ep14 | loss +0.029 | orig 1.000 pruned 1.000 | pruned% h1= 79.2 (avg= 79.2)
  [λ=0.03 seed=0] step 3300 ep15 | loss +0.046 | orig 0.996 pruned 0.980 | pruned% h1= 79.2 (avg= 79.2)
  [λ=0.03 seed=0] step 3400 ep15 | loss +0.021 | orig 0.996 pruned 1.000 | pruned% h1= 79.3 (avg= 79.3)
  [λ=0.03 seed=0] step 3500 ep15 | loss +0.031 | orig 0.996 pruned 0.992 | pruned% h1= 79.4 (avg= 79.4)
  → [λ=0.03 seed=0] final keep 0.206  pruned 79.44%  | per-layer kept [421]/[2048]  | orig→pruned test acc 98.16→97.83%  | 79s

── λ=0.03 seed=1 ── pruner params: 415,746
  [λ=0.03 seed=1] step  100 ep1 | loss +0.027 | orig 1.000 pruned 1.000 | pruned% h1= 65.7 (avg= 65.7)
  [λ=0.03 seed=1] step  200 ep1 | loss +0.024 | orig 0.992 pruned 0.988 | pruned% h1= 71.7 (avg= 71.7)
  [λ=0.03 seed=1] step  300 ep2 | loss +0.031 | orig 0.996 pruned 0.996 | pruned% h1= 72.8 (avg= 72.8)
  [λ=0.03 seed=1] step  400 ep2 | loss +0.045 | orig 0.992 pruned 0.984 | pruned% h1= 74.0 (avg= 74.0)
  [λ=0.03 seed=1] step  500 ep3 | loss +0.035 | orig 1.000 pruned 0.992 | pruned% h1= 73.8 (avg= 73.8)
  [λ=0.03 seed=1] step  600 ep3 | loss +0.049 | orig 1.000 pruned 0.984 | pruned% h1= 74.0 (avg= 74.0)
  [λ=0.03 seed=1] step  700 ep3 | loss +0.021 | orig 1.000 pruned 1.000 | pruned% h1= 75.4 (avg= 75.4)
  [λ=0.03 seed=1] step  800 ep4 | loss +0.014 | orig 0.992 pruned 0.988 | pruned% h1= 75.0 (avg= 75.0)
  [λ=0.03 seed=1] step  900 ep4 | loss +0.027 | orig 1.000 pruned 0.992 | pruned% h1= 77.2 (avg= 77.2)
  [λ=0.03 seed=1] step 1000 ep5 | loss +0.024 | orig 0.996 pruned 1.000 | pruned% h1= 76.8 (avg= 76.8)
  [λ=0.03 seed=1] step 1100 ep5 | loss +0.021 | orig 0.996 pruned 0.996 | pruned% h1= 77.4 (avg= 77.4)
  [λ=0.03 seed=1] step 1200 ep6 | loss +0.027 | orig 0.996 pruned 0.996 | pruned% h1= 77.4 (avg= 77.4)
  [λ=0.03 seed=1] step 1300 ep6 | loss +0.008 | orig 0.988 pruned 1.000 | pruned% h1= 77.5 (avg= 77.5)
  [λ=0.03 seed=1] step 1400 ep6 | loss +0.030 | orig 1.000 pruned 0.996 | pruned% h1= 77.8 (avg= 77.8)
  [λ=0.03 seed=1] step 1500 ep7 | loss +0.029 | orig 0.996 pruned 0.992 | pruned% h1= 77.9 (avg= 77.9)
  [λ=0.03 seed=1] step 1600 ep7 | loss +0.036 | orig 0.996 pruned 0.996 | pruned% h1= 78.2 (avg= 78.2)
  [λ=0.03 seed=1] step 1700 ep8 | loss +0.027 | orig 0.996 pruned 0.984 | pruned% h1= 78.3 (avg= 78.3)
  [λ=0.03 seed=1] step 1800 ep8 | loss +0.035 | orig 0.996 pruned 0.992 | pruned% h1= 78.3 (avg= 78.3)
  [λ=0.03 seed=1] step 1900 ep9 | loss +0.046 | orig 1.000 pruned 0.996 | pruned% h1= 78.3 (avg= 78.3)
  [λ=0.03 seed=1] step 2000 ep9 | loss +0.044 | orig 0.996 pruned 0.980 | pruned% h1= 78.4 (avg= 78.4)
  [λ=0.03 seed=1] step 2100 ep9 | loss +0.015 | orig 0.988 pruned 1.000 | pruned% h1= 78.4 (avg= 78.4)
  [λ=0.03 seed=1] step 2200 ep10 | loss +0.032 | orig 0.996 pruned 0.988 | pruned% h1= 78.5 (avg= 78.5)
  [λ=0.03 seed=1] step 2300 ep10 | loss +0.041 | orig 0.988 pruned 0.984 | pruned% h1= 78.5 (avg= 78.5)
  [λ=0.03 seed=1] step 2400 ep11 | loss +0.035 | orig 0.988 pruned 0.984 | pruned% h1= 78.6 (avg= 78.6)
  [λ=0.03 seed=1] step 2500 ep11 | loss +0.030 | orig 0.996 pruned 0.996 | pruned% h1= 78.7 (avg= 78.7)
  [λ=0.03 seed=1] step 2600 ep12 | loss +0.037 | orig 1.000 pruned 1.000 | pruned% h1= 78.7 (avg= 78.7)
  [λ=0.03 seed=1] step 2700 ep12 | loss +0.027 | orig 0.996 pruned 0.996 | pruned% h1= 78.8 (avg= 78.8)
  [λ=0.03 seed=1] step 2800 ep12 | loss +0.049 | orig 1.000 pruned 0.984 | pruned% h1= 78.8 (avg= 78.8)
  [λ=0.03 seed=1] step 2900 ep13 | loss +0.019 | orig 0.992 pruned 0.996 | pruned% h1= 78.8 (avg= 78.8)
  [λ=0.03 seed=1] step 3000 ep13 | loss +0.052 | orig 1.000 pruned 0.988 | pruned% h1= 78.9 (avg= 78.9)
  [λ=0.03 seed=1] step 3100 ep14 | loss +0.042 | orig 1.000 pruned 0.988 | pruned% h1= 79.0 (avg= 79.0)
  [λ=0.03 seed=1] step 3200 ep14 | loss +0.029 | orig 0.996 pruned 1.000 | pruned% h1= 79.0 (avg= 79.0)
  [λ=0.03 seed=1] step 3300 ep15 | loss +0.031 | orig 1.000 pruned 0.992 | pruned% h1= 79.0 (avg= 79.0)
  [λ=0.03 seed=1] step 3400 ep15 | loss +0.049 | orig 1.000 pruned 0.988 | pruned% h1= 79.0 (avg= 79.0)
  [λ=0.03 seed=1] step 3500 ep15 | loss +0.031 | orig 0.992 pruned 0.992 | pruned% h1= 79.1 (avg= 79.1)
  → [λ=0.03 seed=1] final keep 0.209  pruned 79.05%  | per-layer kept [429]/[2048]  | orig→pruned test acc 98.16→97.86%  | 82s

── λ=0.03 seed=2 ── pruner params: 415,746
  [λ=0.03 seed=2] step  100 ep1 | loss +0.050 | orig 1.000 pruned 0.992 | pruned% h1= 72.8 (avg= 72.8)
  [λ=0.03 seed=2] step  200 ep1 | loss +0.036 | orig 1.000 pruned 0.996 | pruned% h1= 71.5 (avg= 71.5)
  [λ=0.03 seed=2] step  300 ep2 | loss +0.034 | orig 1.000 pruned 0.996 | pruned% h1= 72.5 (avg= 72.5)
  [λ=0.03 seed=2] step  400 ep2 | loss +0.034 | orig 1.000 pruned 1.000 | pruned% h1= 73.3 (avg= 73.3)
  [λ=0.03 seed=2] step  500 ep3 | loss +0.017 | orig 0.996 pruned 1.000 | pruned% h1= 74.0 (avg= 74.0)
  [λ=0.03 seed=2] step  600 ep3 | loss +0.043 | orig 0.996 pruned 0.988 | pruned% h1= 75.0 (avg= 75.0)
  [λ=0.03 seed=2] step  700 ep3 | loss +0.031 | orig 1.000 pruned 0.992 | pruned% h1= 76.0 (avg= 76.0)
  [λ=0.03 seed=2] step  800 ep4 | loss +0.035 | orig 1.000 pruned 0.996 | pruned% h1= 75.9 (avg= 75.9)
  [λ=0.03 seed=2] step  900 ep4 | loss +0.038 | orig 1.000 pruned 0.988 | pruned% h1= 76.8 (avg= 76.8)
  [λ=0.03 seed=2] step 1000 ep5 | loss +0.048 | orig 1.000 pruned 0.980 | pruned% h1= 77.1 (avg= 77.1)
  [λ=0.03 seed=2] step 1100 ep5 | loss +0.031 | orig 1.000 pruned 1.000 | pruned% h1= 77.8 (avg= 77.8)
  [λ=0.03 seed=2] step 1200 ep6 | loss +0.033 | orig 1.000 pruned 0.996 | pruned% h1= 77.8 (avg= 77.8)
  [λ=0.03 seed=2] step 1300 ep6 | loss +0.048 | orig 0.996 pruned 0.996 | pruned% h1= 78.2 (avg= 78.2)
  [λ=0.03 seed=2] step 1400 ep6 | loss +0.045 | orig 1.000 pruned 0.992 | pruned% h1= 78.3 (avg= 78.3)
  [λ=0.03 seed=2] step 1500 ep7 | loss +0.048 | orig 0.996 pruned 0.988 | pruned% h1= 78.5 (avg= 78.5)
  [λ=0.03 seed=2] step 1600 ep7 | loss +0.064 | orig 1.000 pruned 0.980 | pruned% h1= 78.6 (avg= 78.6)
  [λ=0.03 seed=2] step 1700 ep8 | loss +0.034 | orig 1.000 pruned 0.996 | pruned% h1= 78.8 (avg= 78.8)
  [λ=0.03 seed=2] step 1800 ep8 | loss +0.021 | orig 1.000 pruned 1.000 | pruned% h1= 78.9 (avg= 78.9)
  [λ=0.03 seed=2] step 1900 ep9 | loss +0.047 | orig 0.996 pruned 0.988 | pruned% h1= 78.9 (avg= 78.9)
  [λ=0.03 seed=2] step 2000 ep9 | loss +0.028 | orig 0.996 pruned 0.992 | pruned% h1= 78.9 (avg= 78.9)
  [λ=0.03 seed=2] step 2100 ep9 | loss +0.042 | orig 1.000 pruned 0.988 | pruned% h1= 79.3 (avg= 79.3)
  [λ=0.03 seed=2] step 2200 ep10 | loss +0.056 | orig 1.000 pruned 0.980 | pruned% h1= 79.4 (avg= 79.4)
  [λ=0.03 seed=2] step 2300 ep10 | loss +0.048 | orig 0.992 pruned 0.980 | pruned% h1= 79.6 (avg= 79.6)
  [λ=0.03 seed=2] step 2400 ep11 | loss +0.029 | orig 1.000 pruned 0.996 | pruned% h1= 79.6 (avg= 79.6)
  [λ=0.03 seed=2] step 2500 ep11 | loss +0.039 | orig 0.996 pruned 0.992 | pruned% h1= 79.6 (avg= 79.6)
  [λ=0.03 seed=2] step 2600 ep12 | loss +0.012 | orig 0.996 pruned 0.996 | pruned% h1= 79.6 (avg= 79.6)
  [λ=0.03 seed=2] step 2700 ep12 | loss +0.033 | orig 0.996 pruned 0.996 | pruned% h1= 79.6 (avg= 79.6)
  [λ=0.03 seed=2] step 2800 ep12 | loss +0.022 | orig 0.996 pruned 0.996 | pruned% h1= 79.7 (avg= 79.7)
  [λ=0.03 seed=2] step 2900 ep13 | loss +0.046 | orig 0.992 pruned 0.988 | pruned% h1= 79.7 (avg= 79.7)
  [λ=0.03 seed=2] step 3000 ep13 | loss +0.034 | orig 1.000 pruned 0.996 | pruned% h1= 79.7 (avg= 79.7)
  [λ=0.03 seed=2] step 3100 ep14 | loss +0.035 | orig 0.992 pruned 0.980 | pruned% h1= 79.8 (avg= 79.8)
  [λ=0.03 seed=2] step 3200 ep14 | loss +0.049 | orig 1.000 pruned 0.992 | pruned% h1= 79.8 (avg= 79.8)
  [λ=0.03 seed=2] step 3300 ep15 | loss +0.045 | orig 1.000 pruned 0.984 | pruned% h1= 79.8 (avg= 79.8)
  [λ=0.03 seed=2] step 3400 ep15 | loss +0.041 | orig 1.000 pruned 0.992 | pruned% h1= 79.9 (avg= 79.9)
  [λ=0.03 seed=2] step 3500 ep15 | loss +0.052 | orig 1.000 pruned 0.984 | pruned% h1= 79.9 (avg= 79.9)
  → [λ=0.03 seed=2] final keep 0.201  pruned 79.88%  | per-layer kept [412]/[2048]  | orig→pruned test acc 98.16→97.75%  | 82s

── λ=0.05 seed=0 ── pruner params: 415,746
  [λ=0.05 seed=0] step  100 ep1 | loss +0.092 | orig 0.996 pruned 0.957 | pruned% h1= 76.8 (avg= 76.8)
  [λ=0.05 seed=0] step  200 ep1 | loss +0.077 | orig 1.000 pruned 0.984 | pruned% h1= 76.7 (avg= 76.7)
  [λ=0.05 seed=0] step  300 ep2 | loss +0.037 | orig 0.996 pruned 0.992 | pruned% h1= 78.4 (avg= 78.4)
  [λ=0.05 seed=0] step  400 ep2 | loss +0.047 | orig 0.996 pruned 0.984 | pruned% h1= 78.6 (avg= 78.6)
  [λ=0.05 seed=0] step  500 ep3 | loss +0.044 | orig 0.992 pruned 0.992 | pruned% h1= 79.2 (avg= 79.2)
  [λ=0.05 seed=0] step  600 ep3 | loss +0.054 | orig 1.000 pruned 0.996 | pruned% h1= 79.3 (avg= 79.3)
  [λ=0.05 seed=0] step  700 ep3 | loss +0.058 | orig 0.996 pruned 0.988 | pruned% h1= 80.3 (avg= 80.3)
  [λ=0.05 seed=0] step  800 ep4 | loss +0.065 | orig 0.996 pruned 0.980 | pruned% h1= 81.0 (avg= 81.0)
  [λ=0.05 seed=0] step  900 ep4 | loss +0.052 | orig 0.996 pruned 0.992 | pruned% h1= 81.0 (avg= 81.0)
  [λ=0.05 seed=0] step 1000 ep5 | loss +0.067 | orig 0.996 pruned 0.988 | pruned% h1= 81.3 (avg= 81.3)
  [λ=0.05 seed=0] step 1100 ep5 | loss +0.048 | orig 1.000 pruned 0.996 | pruned% h1= 81.3 (avg= 81.3)
  [λ=0.05 seed=0] step 1200 ep6 | loss +0.054 | orig 0.996 pruned 0.984 | pruned% h1= 81.5 (avg= 81.5)
  [λ=0.05 seed=0] step 1300 ep6 | loss +0.045 | orig 1.000 pruned 1.000 | pruned% h1= 81.5 (avg= 81.5)
  [λ=0.05 seed=0] step 1400 ep6 | loss +0.053 | orig 1.000 pruned 0.996 | pruned% h1= 81.7 (avg= 81.7)
  [λ=0.05 seed=0] step 1500 ep7 | loss +0.075 | orig 0.992 pruned 0.977 | pruned% h1= 81.8 (avg= 81.8)
  [λ=0.05 seed=0] step 1600 ep7 | loss +0.049 | orig 0.992 pruned 0.988 | pruned% h1= 81.9 (avg= 81.9)
  [λ=0.05 seed=0] step 1700 ep8 | loss +0.069 | orig 0.996 pruned 0.980 | pruned% h1= 82.1 (avg= 82.1)
  [λ=0.05 seed=0] step 1800 ep8 | loss +0.045 | orig 0.992 pruned 0.992 | pruned% h1= 82.5 (avg= 82.5)
  [λ=0.05 seed=0] step 1900 ep9 | loss +0.055 | orig 1.000 pruned 0.992 | pruned% h1= 82.5 (avg= 82.5)
  [λ=0.05 seed=0] step 2000 ep9 | loss +0.054 | orig 0.996 pruned 0.988 | pruned% h1= 82.6 (avg= 82.6)
  [λ=0.05 seed=0] step 2100 ep9 | loss +0.058 | orig 1.000 pruned 0.984 | pruned% h1= 82.7 (avg= 82.7)
  [λ=0.05 seed=0] step 2200 ep10 | loss +0.041 | orig 1.000 pruned 0.996 | pruned% h1= 82.7 (avg= 82.7)
  [λ=0.05 seed=0] step 2300 ep10 | loss +0.055 | orig 1.000 pruned 0.988 | pruned% h1= 82.8 (avg= 82.8)
  [λ=0.05 seed=0] step 2400 ep11 | loss +0.048 | orig 1.000 pruned 0.992 | pruned% h1= 82.8 (avg= 82.8)
  [λ=0.05 seed=0] step 2500 ep11 | loss +0.069 | orig 1.000 pruned 0.992 | pruned% h1= 83.0 (avg= 83.0)
  [λ=0.05 seed=0] step 2600 ep12 | loss +0.056 | orig 0.996 pruned 0.988 | pruned% h1= 83.1 (avg= 83.1)
  [λ=0.05 seed=0] step 2700 ep12 | loss +0.071 | orig 1.000 pruned 0.984 | pruned% h1= 83.1 (avg= 83.1)
  [λ=0.05 seed=0] step 2800 ep12 | loss +0.047 | orig 0.996 pruned 0.992 | pruned% h1= 83.1 (avg= 83.1)
  [λ=0.05 seed=0] step 2900 ep13 | loss +0.048 | orig 0.996 pruned 0.988 | pruned% h1= 83.2 (avg= 83.2)
  [λ=0.05 seed=0] step 3000 ep13 | loss +0.047 | orig 0.996 pruned 0.984 | pruned% h1= 83.2 (avg= 83.2)
  [λ=0.05 seed=0] step 3100 ep14 | loss +0.040 | orig 1.000 pruned 1.000 | pruned% h1= 83.3 (avg= 83.3)
  [λ=0.05 seed=0] step 3200 ep14 | loss +0.041 | orig 1.000 pruned 0.996 | pruned% h1= 83.3 (avg= 83.3)
  [λ=0.05 seed=0] step 3300 ep15 | loss +0.072 | orig 0.996 pruned 0.977 | pruned% h1= 83.3 (avg= 83.3)
  [λ=0.05 seed=0] step 3400 ep15 | loss +0.041 | orig 0.996 pruned 0.988 | pruned% h1= 83.4 (avg= 83.4)
  [λ=0.05 seed=0] step 3500 ep15 | loss +0.054 | orig 0.996 pruned 0.992 | pruned% h1= 83.4 (avg= 83.4)
  → [λ=0.05 seed=0] final keep 0.166  pruned 83.45%  | per-layer kept [339]/[2048]  | orig→pruned test acc 98.16→97.54%  | 86s

── λ=0.05 seed=1 ── pruner params: 415,746
  [λ=0.05 seed=1] step  100 ep1 | loss +0.069 | orig 1.000 pruned 0.984 | pruned% h1= 76.2 (avg= 76.2)
  [λ=0.05 seed=1] step  200 ep1 | loss +0.041 | orig 0.992 pruned 0.984 | pruned% h1= 76.8 (avg= 76.8)
  [λ=0.05 seed=1] step  300 ep2 | loss +0.051 | orig 0.996 pruned 0.988 | pruned% h1= 77.2 (avg= 77.2)
  [λ=0.05 seed=1] step  400 ep2 | loss +0.070 | orig 0.992 pruned 0.965 | pruned% h1= 78.6 (avg= 78.6)
  [λ=0.05 seed=1] step  500 ep3 | loss +0.050 | orig 1.000 pruned 0.992 | pruned% h1= 78.6 (avg= 78.6)
  [λ=0.05 seed=1] step  600 ep3 | loss +0.066 | orig 1.000 pruned 0.980 | pruned% h1= 78.7 (avg= 78.7)
  [λ=0.05 seed=1] step  700 ep3 | loss +0.040 | orig 1.000 pruned 0.992 | pruned% h1= 80.0 (avg= 80.0)
  [λ=0.05 seed=1] step  800 ep4 | loss +0.031 | orig 0.992 pruned 0.984 | pruned% h1= 79.9 (avg= 79.9)
  [λ=0.05 seed=1] step  900 ep4 | loss +0.038 | orig 1.000 pruned 0.992 | pruned% h1= 80.8 (avg= 80.8)
  [λ=0.05 seed=1] step 1000 ep5 | loss +0.049 | orig 0.996 pruned 0.996 | pruned% h1= 80.9 (avg= 80.9)
  [λ=0.05 seed=1] step 1100 ep5 | loss +0.040 | orig 0.996 pruned 0.996 | pruned% h1= 81.1 (avg= 81.1)
  [λ=0.05 seed=1] step 1200 ep6 | loss +0.044 | orig 0.996 pruned 0.996 | pruned% h1= 81.2 (avg= 81.2)
  [λ=0.05 seed=1] step 1300 ep6 | loss +0.023 | orig 0.988 pruned 1.000 | pruned% h1= 81.4 (avg= 81.4)
  [λ=0.05 seed=1] step 1400 ep6 | loss +0.054 | orig 1.000 pruned 0.992 | pruned% h1= 81.6 (avg= 81.6)
  [λ=0.05 seed=1] step 1500 ep7 | loss +0.047 | orig 0.996 pruned 0.988 | pruned% h1= 81.8 (avg= 81.8)
  [λ=0.05 seed=1] step 1600 ep7 | loss +0.053 | orig 0.996 pruned 0.992 | pruned% h1= 81.8 (avg= 81.8)
  [λ=0.05 seed=1] step 1700 ep8 | loss +0.047 | orig 0.996 pruned 0.977 | pruned% h1= 81.9 (avg= 81.9)
  [λ=0.05 seed=1] step 1800 ep8 | loss +0.060 | orig 0.996 pruned 0.980 | pruned% h1= 82.0 (avg= 82.0)
  [λ=0.05 seed=1] step 1900 ep9 | loss +0.065 | orig 1.000 pruned 0.984 | pruned% h1= 82.1 (avg= 82.1)
  [λ=0.05 seed=1] step 2000 ep9 | loss +0.067 | orig 0.996 pruned 0.980 | pruned% h1= 82.2 (avg= 82.2)
  [λ=0.05 seed=1] step 2100 ep9 | loss +0.038 | orig 0.988 pruned 0.988 | pruned% h1= 82.2 (avg= 82.2)
  [λ=0.05 seed=1] step 2200 ep10 | loss +0.047 | orig 0.996 pruned 0.992 | pruned% h1= 82.2 (avg= 82.2)
  [λ=0.05 seed=1] step 2300 ep10 | loss +0.057 | orig 0.988 pruned 0.980 | pruned% h1= 82.3 (avg= 82.3)
  [λ=0.05 seed=1] step 2400 ep11 | loss +0.053 | orig 0.988 pruned 0.980 | pruned% h1= 82.3 (avg= 82.3)
  [λ=0.05 seed=1] step 2500 ep11 | loss +0.047 | orig 0.996 pruned 0.996 | pruned% h1= 82.4 (avg= 82.4)
  [λ=0.05 seed=1] step 2600 ep12 | loss +0.052 | orig 1.000 pruned 0.992 | pruned% h1= 82.4 (avg= 82.4)
  [λ=0.05 seed=1] step 2700 ep12 | loss +0.048 | orig 0.996 pruned 0.984 | pruned% h1= 82.5 (avg= 82.5)
  [λ=0.05 seed=1] step 2800 ep12 | loss +0.078 | orig 1.000 pruned 0.977 | pruned% h1= 82.5 (avg= 82.5)
  [λ=0.05 seed=1] step 2900 ep13 | loss +0.036 | orig 0.992 pruned 0.992 | pruned% h1= 82.6 (avg= 82.6)
  [λ=0.05 seed=1] step 3000 ep13 | loss +0.074 | orig 1.000 pruned 0.984 | pruned% h1= 82.6 (avg= 82.6)
  [λ=0.05 seed=1] step 3100 ep14 | loss +0.064 | orig 1.000 pruned 0.980 | pruned% h1= 82.7 (avg= 82.7)
  [λ=0.05 seed=1] step 3200 ep14 | loss +0.055 | orig 0.996 pruned 0.996 | pruned% h1= 82.7 (avg= 82.7)
  [λ=0.05 seed=1] step 3300 ep15 | loss +0.044 | orig 1.000 pruned 0.996 | pruned% h1= 82.7 (avg= 82.7)
  [λ=0.05 seed=1] step 3400 ep15 | loss +0.060 | orig 1.000 pruned 0.984 | pruned% h1= 82.7 (avg= 82.7)
  [λ=0.05 seed=1] step 3500 ep15 | loss +0.052 | orig 0.992 pruned 0.984 | pruned% h1= 82.7 (avg= 82.7)
  → [λ=0.05 seed=1] final keep 0.173  pruned 82.71%  | per-layer kept [354]/[2048]  | orig→pruned test acc 98.16→97.49%  | 84s

── λ=0.05 seed=2 ── pruner params: 415,746
  [λ=0.05 seed=2] step  100 ep1 | loss +0.048 | orig 1.000 pruned 0.996 | pruned% h1= 77.9 (avg= 77.9)
  [λ=0.05 seed=2] step  200 ep1 | loss +0.058 | orig 1.000 pruned 0.992 | pruned% h1= 78.3 (avg= 78.3)
  [λ=0.05 seed=2] step  300 ep2 | loss +0.049 | orig 1.000 pruned 0.996 | pruned% h1= 78.8 (avg= 78.8)
  [λ=0.05 seed=2] step  400 ep2 | loss +0.060 | orig 1.000 pruned 0.992 | pruned% h1= 78.5 (avg= 78.5)
  [λ=0.05 seed=2] step  500 ep3 | loss +0.034 | orig 0.996 pruned 1.000 | pruned% h1= 78.9 (avg= 78.9)
  [λ=0.05 seed=2] step  600 ep3 | loss +0.055 | orig 0.996 pruned 0.984 | pruned% h1= 79.1 (avg= 79.1)
  [λ=0.05 seed=2] step  700 ep3 | loss +0.052 | orig 1.000 pruned 0.984 | pruned% h1= 79.8 (avg= 79.8)
  [λ=0.05 seed=2] step  800 ep4 | loss +0.051 | orig 1.000 pruned 0.988 | pruned% h1= 79.8 (avg= 79.8)
  [λ=0.05 seed=2] step  900 ep4 | loss +0.062 | orig 1.000 pruned 0.996 | pruned% h1= 80.0 (avg= 80.0)
  [λ=0.05 seed=2] step 1000 ep5 | loss +0.057 | orig 1.000 pruned 0.988 | pruned% h1= 80.2 (avg= 80.2)
  [λ=0.05 seed=2] step 1100 ep5 | loss +0.050 | orig 1.000 pruned 0.996 | pruned% h1= 80.6 (avg= 80.6)
  [λ=0.05 seed=2] step 1200 ep6 | loss +0.059 | orig 1.000 pruned 0.996 | pruned% h1= 80.9 (avg= 80.9)
  [λ=0.05 seed=2] step 1300 ep6 | loss +0.065 | orig 0.996 pruned 0.988 | pruned% h1= 81.1 (avg= 81.1)
  [λ=0.05 seed=2] step 1400 ep6 | loss +0.066 | orig 1.000 pruned 0.988 | pruned% h1= 81.2 (avg= 81.2)
  [λ=0.05 seed=2] step 1500 ep7 | loss +0.075 | orig 0.996 pruned 0.977 | pruned% h1= 81.4 (avg= 81.4)
  [λ=0.05 seed=2] step 1600 ep7 | loss +0.087 | orig 1.000 pruned 0.984 | pruned% h1= 81.6 (avg= 81.6)
  [λ=0.05 seed=2] step 1700 ep8 | loss +0.053 | orig 1.000 pruned 0.992 | pruned% h1= 81.7 (avg= 81.7)
  [λ=0.05 seed=2] step 1800 ep8 | loss +0.034 | orig 1.000 pruned 1.000 | pruned% h1= 81.7 (avg= 81.7)
  [λ=0.05 seed=2] step 1900 ep9 | loss +0.070 | orig 0.996 pruned 0.980 | pruned% h1= 81.7 (avg= 81.7)
  [λ=0.05 seed=2] step 2000 ep9 | loss +0.058 | orig 0.996 pruned 0.984 | pruned% h1= 81.8 (avg= 81.8)
  [λ=0.05 seed=2] step 2100 ep9 | loss +0.069 | orig 1.000 pruned 0.984 | pruned% h1= 81.8 (avg= 81.8)
  [λ=0.05 seed=2] step 2200 ep10 | loss +0.075 | orig 1.000 pruned 0.984 | pruned% h1= 81.9 (avg= 81.9)
  [λ=0.05 seed=2] step 2300 ep10 | loss +0.092 | orig 0.992 pruned 0.969 | pruned% h1= 82.1 (avg= 82.1)
  [λ=0.05 seed=2] step 2400 ep11 | loss +0.060 | orig 1.000 pruned 0.988 | pruned% h1= 82.1 (avg= 82.1)
  [λ=0.05 seed=2] step 2500 ep11 | loss +0.058 | orig 0.996 pruned 0.992 | pruned% h1= 82.3 (avg= 82.3)
  [λ=0.05 seed=2] step 2600 ep12 | loss +0.026 | orig 0.996 pruned 0.996 | pruned% h1= 82.3 (avg= 82.3)
  [λ=0.05 seed=2] step 2700 ep12 | loss +0.050 | orig 0.996 pruned 0.988 | pruned% h1= 82.4 (avg= 82.4)
  [λ=0.05 seed=2] step 2800 ep12 | loss +0.051 | orig 0.996 pruned 0.996 | pruned% h1= 82.5 (avg= 82.5)
  [λ=0.05 seed=2] step 2900 ep13 | loss +0.079 | orig 0.992 pruned 0.977 | pruned% h1= 82.5 (avg= 82.5)
  [λ=0.05 seed=2] step 3000 ep13 | loss +0.051 | orig 1.000 pruned 0.996 | pruned% h1= 82.5 (avg= 82.5)
  [λ=0.05 seed=2] step 3100 ep14 | loss +0.050 | orig 0.992 pruned 0.984 | pruned% h1= 82.5 (avg= 82.5)
  [λ=0.05 seed=2] step 3200 ep14 | loss +0.072 | orig 1.000 pruned 0.984 | pruned% h1= 82.5 (avg= 82.5)
  [λ=0.05 seed=2] step 3300 ep15 | loss +0.067 | orig 1.000 pruned 0.984 | pruned% h1= 82.5 (avg= 82.5)
  [λ=0.05 seed=2] step 3400 ep15 | loss +0.070 | orig 1.000 pruned 0.988 | pruned% h1= 82.6 (avg= 82.6)
  [λ=0.05 seed=2] step 3500 ep15 | loss +0.073 | orig 1.000 pruned 0.980 | pruned% h1= 82.6 (avg= 82.6)
  → [λ=0.05 seed=2] final keep 0.174  pruned 82.57%  | per-layer kept [357]/[2048]  | orig→pruned test acc 98.16→97.61%  | 91s

── λ=0.08 seed=0 ── pruner params: 415,746
  [λ=0.08 seed=0] step  100 ep1 | loss +0.115 | orig 0.996 pruned 0.953 | pruned% h1= 81.8 (avg= 81.8)
  [λ=0.08 seed=0] step  200 ep1 | loss +0.096 | orig 1.000 pruned 0.973 | pruned% h1= 80.4 (avg= 80.4)
  [λ=0.08 seed=0] step  300 ep2 | loss +0.049 | orig 0.996 pruned 0.996 | pruned% h1= 81.4 (avg= 81.4)
  [λ=0.08 seed=0] step  400 ep2 | loss +0.067 | orig 0.996 pruned 0.980 | pruned% h1= 82.3 (avg= 82.3)
  [λ=0.08 seed=0] step  500 ep3 | loss +0.050 | orig 0.992 pruned 0.996 | pruned% h1= 83.0 (avg= 83.0)
  [λ=0.08 seed=0] step  600 ep3 | loss +0.066 | orig 1.000 pruned 0.992 | pruned% h1= 82.8 (avg= 82.8)
  [λ=0.08 seed=0] step  700 ep3 | loss +0.066 | orig 0.996 pruned 0.988 | pruned% h1= 83.7 (avg= 83.7)
  [λ=0.08 seed=0] step  800 ep4 | loss +0.081 | orig 0.996 pruned 0.984 | pruned% h1= 83.8 (avg= 83.8)
  [λ=0.08 seed=0] step  900 ep4 | loss +0.062 | orig 0.996 pruned 0.996 | pruned% h1= 84.3 (avg= 84.3)
  [λ=0.08 seed=0] step 1000 ep5 | loss +0.099 | orig 0.996 pruned 0.984 | pruned% h1= 84.5 (avg= 84.5)
  [λ=0.08 seed=0] step 1100 ep5 | loss +0.068 | orig 1.000 pruned 0.996 | pruned% h1= 84.5 (avg= 84.5)
  [λ=0.08 seed=0] step 1200 ep6 | loss +0.072 | orig 0.996 pruned 0.984 | pruned% h1= 84.5 (avg= 84.5)
  [λ=0.08 seed=0] step 1300 ep6 | loss +0.074 | orig 1.000 pruned 0.988 | pruned% h1= 84.6 (avg= 84.6)
  [λ=0.08 seed=0] step 1400 ep6 | loss +0.066 | orig 1.000 pruned 1.000 | pruned% h1= 84.6 (avg= 84.6)
  [λ=0.08 seed=0] step 1500 ep7 | loss +0.093 | orig 0.992 pruned 0.977 | pruned% h1= 84.7 (avg= 84.7)
  [λ=0.08 seed=0] step 1600 ep7 | loss +0.070 | orig 0.992 pruned 0.984 | pruned% h1= 84.7 (avg= 84.7)
  [λ=0.08 seed=0] step 1700 ep8 | loss +0.074 | orig 0.996 pruned 0.992 | pruned% h1= 84.7 (avg= 84.7)
  [λ=0.08 seed=0] step 1800 ep8 | loss +0.068 | orig 0.992 pruned 0.988 | pruned% h1= 84.7 (avg= 84.7)
  [λ=0.08 seed=0] step 1900 ep9 | loss +0.070 | orig 1.000 pruned 0.988 | pruned% h1= 84.9 (avg= 84.9)
  [λ=0.08 seed=0] step 2000 ep9 | loss +0.079 | orig 0.996 pruned 0.988 | pruned% h1= 85.0 (avg= 85.0)
  [λ=0.08 seed=0] step 2100 ep9 | loss +0.073 | orig 1.000 pruned 0.988 | pruned% h1= 85.0 (avg= 85.0)
  [λ=0.08 seed=0] step 2200 ep10 | loss +0.048 | orig 1.000 pruned 0.996 | pruned% h1= 85.0 (avg= 85.0)
  [λ=0.08 seed=0] step 2300 ep10 | loss +0.068 | orig 1.000 pruned 0.980 | pruned% h1= 85.0 (avg= 85.0)
  [λ=0.08 seed=0] step 2400 ep11 | loss +0.062 | orig 1.000 pruned 0.996 | pruned% h1= 85.0 (avg= 85.0)
  [λ=0.08 seed=0] step 2500 ep11 | loss +0.094 | orig 1.000 pruned 0.977 | pruned% h1= 85.1 (avg= 85.1)
  [λ=0.08 seed=0] step 2600 ep12 | loss +0.078 | orig 0.996 pruned 0.988 | pruned% h1= 85.2 (avg= 85.2)
  [λ=0.08 seed=0] step 2700 ep12 | loss +0.095 | orig 1.000 pruned 0.984 | pruned% h1= 85.2 (avg= 85.2)
  [λ=0.08 seed=0] step 2800 ep12 | loss +0.061 | orig 0.996 pruned 0.988 | pruned% h1= 85.2 (avg= 85.2)
  [λ=0.08 seed=0] step 2900 ep13 | loss +0.068 | orig 0.996 pruned 0.988 | pruned% h1= 85.2 (avg= 85.2)
  [λ=0.08 seed=0] step 3000 ep13 | loss +0.056 | orig 0.996 pruned 0.992 | pruned% h1= 85.2 (avg= 85.2)
  [λ=0.08 seed=0] step 3100 ep14 | loss +0.057 | orig 1.000 pruned 1.000 | pruned% h1= 85.2 (avg= 85.2)
  [λ=0.08 seed=0] step 3200 ep14 | loss +0.052 | orig 1.000 pruned 0.996 | pruned% h1= 85.2 (avg= 85.2)
  [λ=0.08 seed=0] step 3300 ep15 | loss +0.089 | orig 0.996 pruned 0.969 | pruned% h1= 85.2 (avg= 85.2)
  [λ=0.08 seed=0] step 3400 ep15 | loss +0.053 | orig 0.996 pruned 0.996 | pruned% h1= 85.3 (avg= 85.3)
  [λ=0.08 seed=0] step 3500 ep15 | loss +0.081 | orig 0.996 pruned 0.980 | pruned% h1= 85.4 (avg= 85.4)
  → [λ=0.08 seed=0] final keep 0.146  pruned 85.35%  | per-layer kept [300]/[2048]  | orig→pruned test acc 98.16→97.14%  | 85s

── λ=0.08 seed=1 ── pruner params: 415,746
  [λ=0.08 seed=1] step  100 ep1 | loss +0.084 | orig 1.000 pruned 0.977 | pruned% h1= 81.2 (avg= 81.2)
  [λ=0.08 seed=1] step  200 ep1 | loss +0.068 | orig 0.992 pruned 0.977 | pruned% h1= 80.8 (avg= 80.8)
  [λ=0.08 seed=1] step  300 ep2 | loss +0.068 | orig 0.996 pruned 0.984 | pruned% h1= 81.1 (avg= 81.1)
  [λ=0.08 seed=1] step  400 ep2 | loss +0.075 | orig 0.992 pruned 0.973 | pruned% h1= 82.2 (avg= 82.2)
  [λ=0.08 seed=1] step  500 ep3 | loss +0.071 | orig 1.000 pruned 0.984 | pruned% h1= 82.8 (avg= 82.8)
  [λ=0.08 seed=1] step  600 ep3 | loss +0.077 | orig 1.000 pruned 0.977 | pruned% h1= 82.9 (avg= 82.9)
  [λ=0.08 seed=1] step  700 ep3 | loss +0.061 | orig 1.000 pruned 0.992 | pruned% h1= 83.2 (avg= 83.2)
  [λ=0.08 seed=1] step  800 ep4 | loss +0.053 | orig 0.992 pruned 0.984 | pruned% h1= 83.6 (avg= 83.6)
  [λ=0.08 seed=1] step  900 ep4 | loss +0.055 | orig 1.000 pruned 0.992 | pruned% h1= 83.9 (avg= 83.9)
  [λ=0.08 seed=1] step 1000 ep5 | loss +0.073 | orig 0.996 pruned 0.992 | pruned% h1= 84.1 (avg= 84.1)
  [λ=0.08 seed=1] step 1100 ep5 | loss +0.063 | orig 0.996 pruned 0.992 | pruned% h1= 84.2 (avg= 84.2)
  [λ=0.08 seed=1] step 1200 ep6 | loss +0.061 | orig 0.996 pruned 0.992 | pruned% h1= 84.4 (avg= 84.4)
  [λ=0.08 seed=1] step 1300 ep6 | loss +0.041 | orig 0.988 pruned 0.996 | pruned% h1= 84.6 (avg= 84.6)
  [λ=0.08 seed=1] step 1400 ep6 | loss +0.070 | orig 1.000 pruned 0.984 | pruned% h1= 84.7 (avg= 84.7)
  [λ=0.08 seed=1] step 1500 ep7 | loss +0.066 | orig 0.996 pruned 0.988 | pruned% h1= 84.8 (avg= 84.8)
  [λ=0.08 seed=1] step 1600 ep7 | loss +0.068 | orig 0.996 pruned 0.980 | pruned% h1= 84.9 (avg= 84.9)
  [λ=0.08 seed=1] step 1700 ep8 | loss +0.063 | orig 0.996 pruned 0.977 | pruned% h1= 84.9 (avg= 84.9)
  [λ=0.08 seed=1] step 1800 ep8 | loss +0.073 | orig 0.996 pruned 0.977 | pruned% h1= 84.9 (avg= 84.9)
  [λ=0.08 seed=1] step 1900 ep9 | loss +0.085 | orig 1.000 pruned 0.977 | pruned% h1= 84.9 (avg= 84.9)
  [λ=0.08 seed=1] step 2000 ep9 | loss +0.076 | orig 0.996 pruned 0.973 | pruned% h1= 84.9 (avg= 84.9)
  [λ=0.08 seed=1] step 2100 ep9 | loss +0.052 | orig 0.988 pruned 0.984 | pruned% h1= 85.0 (avg= 85.0)
  [λ=0.08 seed=1] step 2200 ep10 | loss +0.078 | orig 0.996 pruned 0.980 | pruned% h1= 85.1 (avg= 85.1)
  [λ=0.08 seed=1] step 2300 ep10 | loss +0.063 | orig 0.988 pruned 0.984 | pruned% h1= 85.1 (avg= 85.1)
  [λ=0.08 seed=1] step 2400 ep11 | loss +0.077 | orig 0.988 pruned 0.980 | pruned% h1= 85.1 (avg= 85.1)
  [λ=0.08 seed=1] step 2500 ep11 | loss +0.068 | orig 0.996 pruned 0.992 | pruned% h1= 85.2 (avg= 85.2)
  [λ=0.08 seed=1] step 2600 ep12 | loss +0.081 | orig 1.000 pruned 0.984 | pruned% h1= 85.3 (avg= 85.3)
  [λ=0.08 seed=1] step 2700 ep12 | loss +0.066 | orig 0.996 pruned 0.992 | pruned% h1= 85.3 (avg= 85.3)
  [λ=0.08 seed=1] step 2800 ep12 | loss +0.108 | orig 1.000 pruned 0.977 | pruned% h1= 85.3 (avg= 85.3)
  [λ=0.08 seed=1] step 2900 ep13 | loss +0.067 | orig 0.992 pruned 0.984 | pruned% h1= 85.3 (avg= 85.3)
  [λ=0.08 seed=1] step 3000 ep13 | loss +0.096 | orig 1.000 pruned 0.980 | pruned% h1= 85.3 (avg= 85.3)
  [λ=0.08 seed=1] step 3100 ep14 | loss +0.086 | orig 1.000 pruned 0.973 | pruned% h1= 85.3 (avg= 85.3)
  [λ=0.08 seed=1] step 3200 ep14 | loss +0.075 | orig 0.996 pruned 0.980 | pruned% h1= 85.3 (avg= 85.3)
  [λ=0.08 seed=1] step 3300 ep15 | loss +0.057 | orig 1.000 pruned 1.000 | pruned% h1= 85.3 (avg= 85.3)
  [λ=0.08 seed=1] step 3400 ep15 | loss +0.086 | orig 1.000 pruned 0.969 | pruned% h1= 85.3 (avg= 85.3)
  [λ=0.08 seed=1] step 3500 ep15 | loss +0.085 | orig 0.992 pruned 0.984 | pruned% h1= 85.3 (avg= 85.3)
  → [λ=0.08 seed=1] final keep 0.147  pruned 85.25%  | per-layer kept [302]/[2048]  | orig→pruned test acc 98.16→97.16%  | 84s

── λ=0.08 seed=2 ── pruner params: 415,746
  [λ=0.08 seed=2] step  100 ep1 | loss +0.085 | orig 1.000 pruned 0.980 | pruned% h1= 83.5 (avg= 83.5)
  [λ=0.08 seed=2] step  200 ep1 | loss +0.081 | orig 1.000 pruned 0.980 | pruned% h1= 81.0 (avg= 81.0)
  [λ=0.08 seed=2] step  300 ep2 | loss +0.069 | orig 1.000 pruned 0.988 | pruned% h1= 81.6 (avg= 81.6)
  [λ=0.08 seed=2] step  400 ep2 | loss +0.078 | orig 1.000 pruned 0.980 | pruned% h1= 82.3 (avg= 82.3)
  [λ=0.08 seed=2] step  500 ep3 | loss +0.049 | orig 0.996 pruned 0.996 | pruned% h1= 82.3 (avg= 82.3)
  [λ=0.08 seed=2] step  600 ep3 | loss +0.071 | orig 0.996 pruned 0.992 | pruned% h1= 82.9 (avg= 82.9)
  [λ=0.08 seed=2] step  700 ep3 | loss +0.066 | orig 1.000 pruned 0.988 | pruned% h1= 83.3 (avg= 83.3)
  [λ=0.08 seed=2] step  800 ep4 | loss +0.069 | orig 1.000 pruned 0.992 | pruned% h1= 83.3 (avg= 83.3)
  [λ=0.08 seed=2] step  900 ep4 | loss +0.091 | orig 1.000 pruned 0.980 | pruned% h1= 83.5 (avg= 83.5)
  [λ=0.08 seed=2] step 1000 ep5 | loss +0.076 | orig 1.000 pruned 0.988 | pruned% h1= 83.9 (avg= 83.9)
  [λ=0.08 seed=2] step 1100 ep5 | loss +0.075 | orig 1.000 pruned 0.988 | pruned% h1= 84.0 (avg= 84.0)
  [λ=0.08 seed=2] step 1200 ep6 | loss +0.087 | orig 1.000 pruned 0.984 | pruned% h1= 84.2 (avg= 84.2)
  [λ=0.08 seed=2] step 1300 ep6 | loss +0.093 | orig 0.996 pruned 0.988 | pruned% h1= 84.5 (avg= 84.5)
  [λ=0.08 seed=2] step 1400 ep6 | loss +0.084 | orig 1.000 pruned 0.984 | pruned% h1= 84.5 (avg= 84.5)
  [λ=0.08 seed=2] step 1500 ep7 | loss +0.077 | orig 0.996 pruned 0.988 | pruned% h1= 84.6 (avg= 84.6)
  [λ=0.08 seed=2] step 1600 ep7 | loss +0.112 | orig 1.000 pruned 0.973 | pruned% h1= 84.6 (avg= 84.6)
  [λ=0.08 seed=2] step 1700 ep8 | loss +0.079 | orig 1.000 pruned 0.984 | pruned% h1= 84.7 (avg= 84.7)
  [λ=0.08 seed=2] step 1800 ep8 | loss +0.050 | orig 1.000 pruned 0.996 | pruned% h1= 84.7 (avg= 84.7)
  [λ=0.08 seed=2] step 1900 ep9 | loss +0.098 | orig 0.996 pruned 0.965 | pruned% h1= 84.7 (avg= 84.7)
  [λ=0.08 seed=2] step 2000 ep9 | loss +0.070 | orig 0.996 pruned 0.988 | pruned% h1= 84.8 (avg= 84.8)
  [λ=0.08 seed=2] step 2100 ep9 | loss +0.084 | orig 1.000 pruned 0.992 | pruned% h1= 84.8 (avg= 84.8)
  [λ=0.08 seed=2] step 2200 ep10 | loss +0.106 | orig 1.000 pruned 0.969 | pruned% h1= 84.8 (avg= 84.8)
  [λ=0.08 seed=2] step 2300 ep10 | loss +0.102 | orig 0.992 pruned 0.973 | pruned% h1= 84.8 (avg= 84.8)
  [λ=0.08 seed=2] step 2400 ep11 | loss +0.084 | orig 1.000 pruned 0.980 | pruned% h1= 84.8 (avg= 84.8)
  [λ=0.08 seed=2] step 2500 ep11 | loss +0.074 | orig 0.996 pruned 0.988 | pruned% h1= 84.8 (avg= 84.8)
  [λ=0.08 seed=2] step 2600 ep12 | loss +0.042 | orig 0.996 pruned 0.992 | pruned% h1= 84.8 (avg= 84.8)
  [λ=0.08 seed=2] step 2700 ep12 | loss +0.073 | orig 0.996 pruned 0.996 | pruned% h1= 84.9 (avg= 84.9)
  [λ=0.08 seed=2] step 2800 ep12 | loss +0.069 | orig 0.996 pruned 0.996 | pruned% h1= 84.9 (avg= 84.9)
  [λ=0.08 seed=2] step 2900 ep13 | loss +0.095 | orig 0.992 pruned 0.984 | pruned% h1= 84.9 (avg= 84.9)
  [λ=0.08 seed=2] step 3000 ep13 | loss +0.087 | orig 1.000 pruned 0.977 | pruned% h1= 84.9 (avg= 84.9)
  [λ=0.08 seed=2] step 3100 ep14 | loss +0.068 | orig 0.992 pruned 0.980 | pruned% h1= 84.9 (avg= 84.9)
  [λ=0.08 seed=2] step 3200 ep14 | loss +0.105 | orig 1.000 pruned 0.977 | pruned% h1= 84.9 (avg= 84.9)
  [λ=0.08 seed=2] step 3300 ep15 | loss +0.088 | orig 1.000 pruned 0.980 | pruned% h1= 84.9 (avg= 84.9)
  [λ=0.08 seed=2] step 3400 ep15 | loss +0.099 | orig 1.000 pruned 0.973 | pruned% h1= 84.9 (avg= 84.9)
  [λ=0.08 seed=2] step 3500 ep15 | loss +0.098 | orig 1.000 pruned 0.977 | pruned% h1= 84.9 (avg= 84.9)
  → [λ=0.08 seed=2] final keep 0.151  pruned 84.86%  | per-layer kept [310]/[2048]  | orig→pruned test acc 98.16→97.29%  | 83s

── λ=0.12 seed=0 ── pruner params: 415,746
  [λ=0.12 seed=0] step  100 ep1 | loss +0.150 | orig 0.996 pruned 0.938 | pruned% h1= 84.8 (avg= 84.8)
  [λ=0.12 seed=0] step  200 ep1 | loss +0.121 | orig 1.000 pruned 0.957 | pruned% h1= 83.3 (avg= 83.3)
  [λ=0.12 seed=0] step  300 ep2 | loss +0.071 | orig 0.996 pruned 0.988 | pruned% h1= 84.1 (avg= 84.1)
  [λ=0.12 seed=0] step  400 ep2 | loss +0.094 | orig 0.996 pruned 0.977 | pruned% h1= 84.9 (avg= 84.9)
  [λ=0.12 seed=0] step  500 ep3 | loss +0.081 | orig 0.992 pruned 0.988 | pruned% h1= 85.4 (avg= 85.4)
  [λ=0.12 seed=0] step  600 ep3 | loss +0.093 | orig 1.000 pruned 0.988 | pruned% h1= 85.6 (avg= 85.6)
  [λ=0.12 seed=0] step  700 ep3 | loss +0.104 | orig 0.996 pruned 0.977 | pruned% h1= 85.8 (avg= 85.8)
  [λ=0.12 seed=0] step  800 ep4 | loss +0.123 | orig 0.996 pruned 0.965 | pruned% h1= 86.0 (avg= 86.0)
  [λ=0.12 seed=0] step  900 ep4 | loss +0.097 | orig 0.996 pruned 0.988 | pruned% h1= 86.2 (avg= 86.2)
  [λ=0.12 seed=0] step 1000 ep5 | loss +0.124 | orig 0.996 pruned 0.980 | pruned% h1= 86.2 (avg= 86.2)
  [λ=0.12 seed=0] step 1100 ep5 | loss +0.091 | orig 1.000 pruned 0.996 | pruned% h1= 86.5 (avg= 86.5)
  [λ=0.12 seed=0] step 1200 ep6 | loss +0.114 | orig 0.996 pruned 0.969 | pruned% h1= 86.5 (avg= 86.5)
  [λ=0.12 seed=0] step 1300 ep6 | loss +0.111 | orig 1.000 pruned 0.980 | pruned% h1= 86.6 (avg= 86.6)
  [λ=0.12 seed=0] step 1400 ep6 | loss +0.106 | orig 1.000 pruned 0.980 | pruned% h1= 86.6 (avg= 86.6)
  [λ=0.12 seed=0] step 1500 ep7 | loss +0.138 | orig 0.992 pruned 0.973 | pruned% h1= 86.6 (avg= 86.6)
  [λ=0.12 seed=0] step 1600 ep7 | loss +0.099 | orig 0.992 pruned 0.977 | pruned% h1= 86.7 (avg= 86.7)
  [λ=0.12 seed=0] step 1700 ep8 | loss +0.117 | orig 0.996 pruned 0.980 | pruned% h1= 86.8 (avg= 86.8)
  [λ=0.12 seed=0] step 1800 ep8 | loss +0.088 | orig 0.992 pruned 0.977 | pruned% h1= 86.8 (avg= 86.8)
  [λ=0.12 seed=0] step 1900 ep9 | loss +0.097 | orig 1.000 pruned 0.988 | pruned% h1= 86.8 (avg= 86.8)
  [λ=0.12 seed=0] step 2000 ep9 | loss +0.096 | orig 0.996 pruned 0.988 | pruned% h1= 86.8 (avg= 86.8)
  [λ=0.12 seed=0] step 2100 ep9 | loss +0.110 | orig 1.000 pruned 0.973 | pruned% h1= 86.8 (avg= 86.8)
  [λ=0.12 seed=0] step 2200 ep10 | loss +0.074 | orig 1.000 pruned 0.992 | pruned% h1= 86.8 (avg= 86.8)
  [λ=0.12 seed=0] step 2300 ep10 | loss +0.092 | orig 1.000 pruned 0.984 | pruned% h1= 86.8 (avg= 86.8)
  [λ=0.12 seed=0] step 2400 ep11 | loss +0.097 | orig 1.000 pruned 0.980 | pruned% h1= 86.8 (avg= 86.8)
  [λ=0.12 seed=0] step 2500 ep11 | loss +0.128 | orig 1.000 pruned 0.969 | pruned% h1= 86.8 (avg= 86.8)
  [λ=0.12 seed=0] step 2600 ep12 | loss +0.108 | orig 0.996 pruned 0.973 | pruned% h1= 86.8 (avg= 86.8)
  [λ=0.12 seed=0] step 2700 ep12 | loss +0.117 | orig 1.000 pruned 0.980 | pruned% h1= 86.8 (avg= 86.8)
  [λ=0.12 seed=0] step 2800 ep12 | loss +0.086 | orig 0.996 pruned 0.984 | pruned% h1= 86.8 (avg= 86.8)
  [λ=0.12 seed=0] step 2900 ep13 | loss +0.102 | orig 0.996 pruned 0.977 | pruned% h1= 86.8 (avg= 86.8)
  [λ=0.12 seed=0] step 3000 ep13 | loss +0.071 | orig 0.996 pruned 0.992 | pruned% h1= 86.8 (avg= 86.8)
  [λ=0.12 seed=0] step 3100 ep14 | loss +0.089 | orig 1.000 pruned 0.992 | pruned% h1= 86.8 (avg= 86.8)
  [λ=0.12 seed=0] step 3200 ep14 | loss +0.075 | orig 1.000 pruned 0.988 | pruned% h1= 86.8 (avg= 86.8)
  [λ=0.12 seed=0] step 3300 ep15 | loss +0.123 | orig 0.996 pruned 0.973 | pruned% h1= 86.8 (avg= 86.8)
  [λ=0.12 seed=0] step 3400 ep15 | loss +0.087 | orig 0.996 pruned 0.984 | pruned% h1= 86.8 (avg= 86.8)
  [λ=0.12 seed=0] step 3500 ep15 | loss +0.098 | orig 0.996 pruned 0.980 | pruned% h1= 86.8 (avg= 86.8)
  → [λ=0.12 seed=0] final keep 0.132  pruned 86.82%  | per-layer kept [270]/[2048]  | orig→pruned test acc 98.16→96.48%  | 83s

── λ=0.12 seed=1 ── pruner params: 415,746
  [λ=0.12 seed=1] step  100 ep1 | loss +0.124 | orig 1.000 pruned 0.969 | pruned% h1= 84.0 (avg= 84.0)
  [λ=0.12 seed=1] step  200 ep1 | loss +0.088 | orig 0.992 pruned 0.977 | pruned% h1= 83.0 (avg= 83.0)
  [λ=0.12 seed=1] step  300 ep2 | loss +0.087 | orig 0.996 pruned 0.984 | pruned% h1= 84.2 (avg= 84.2)
  [λ=0.12 seed=1] step  400 ep2 | loss +0.102 | orig 0.992 pruned 0.961 | pruned% h1= 84.9 (avg= 84.9)
  [λ=0.12 seed=1] step  500 ep3 | loss +0.089 | orig 1.000 pruned 0.984 | pruned% h1= 85.3 (avg= 85.3)
  [λ=0.12 seed=1] step  600 ep3 | loss +0.106 | orig 1.000 pruned 0.984 | pruned% h1= 85.8 (avg= 85.8)
  [λ=0.12 seed=1] step  700 ep3 | loss +0.085 | orig 1.000 pruned 0.996 | pruned% h1= 86.0 (avg= 86.0)
  [λ=0.12 seed=1] step  800 ep4 | loss +0.099 | orig 0.992 pruned 0.961 | pruned% h1= 86.2 (avg= 86.2)
  [λ=0.12 seed=1] step  900 ep4 | loss +0.083 | orig 1.000 pruned 0.984 | pruned% h1= 86.6 (avg= 86.6)
  [λ=0.12 seed=1] step 1000 ep5 | loss +0.104 | orig 0.996 pruned 0.988 | pruned% h1= 86.6 (avg= 86.6)
  [λ=0.12 seed=1] step 1100 ep5 | loss +0.085 | orig 0.996 pruned 0.992 | pruned% h1= 86.6 (avg= 86.6)
  [λ=0.12 seed=1] step 1200 ep6 | loss +0.101 | orig 0.996 pruned 0.973 | pruned% h1= 86.6 (avg= 86.6)
  [λ=0.12 seed=1] step 1300 ep6 | loss +0.069 | orig 0.988 pruned 0.992 | pruned% h1= 86.7 (avg= 86.7)
  [λ=0.12 seed=1] step 1400 ep6 | loss +0.103 | orig 1.000 pruned 0.992 | pruned% h1= 86.7 (avg= 86.7)
  [λ=0.12 seed=1] step 1500 ep7 | loss +0.087 | orig 0.996 pruned 0.984 | pruned% h1= 86.7 (avg= 86.7)
  [λ=0.12 seed=1] step 1600 ep7 | loss +0.098 | orig 0.996 pruned 0.988 | pruned% h1= 86.7 (avg= 86.7)
  [λ=0.12 seed=1] step 1700 ep8 | loss +0.103 | orig 0.996 pruned 0.969 | pruned% h1= 86.7 (avg= 86.7)
  [λ=0.12 seed=1] step 1800 ep8 | loss +0.110 | orig 0.996 pruned 0.977 | pruned% h1= 86.8 (avg= 86.8)
  [λ=0.12 seed=1] step 1900 ep9 | loss +0.096 | orig 1.000 pruned 0.980 | pruned% h1= 86.8 (avg= 86.8)
  [λ=0.12 seed=1] step 2000 ep9 | loss +0.106 | orig 0.996 pruned 0.973 | pruned% h1= 86.8 (avg= 86.8)
  [λ=0.12 seed=1] step 2100 ep9 | loss +0.098 | orig 0.988 pruned 0.977 | pruned% h1= 86.9 (avg= 86.9)
  [λ=0.12 seed=1] step 2200 ep10 | loss +0.103 | orig 0.996 pruned 0.980 | pruned% h1= 86.9 (avg= 86.9)
  [λ=0.12 seed=1] step 2300 ep10 | loss +0.106 | orig 0.988 pruned 0.977 | pruned% h1= 86.9 (avg= 86.9)
  [λ=0.12 seed=1] step 2400 ep11 | loss +0.085 | orig 0.988 pruned 0.977 | pruned% h1= 86.9 (avg= 86.9)
  [λ=0.12 seed=1] step 2500 ep11 | loss +0.100 | orig 0.996 pruned 0.980 | pruned% h1= 86.9 (avg= 86.9)
  [λ=0.12 seed=1] step 2600 ep12 | loss +0.102 | orig 1.000 pruned 0.980 | pruned% h1= 86.9 (avg= 86.9)
  [λ=0.12 seed=1] step 2700 ep12 | loss +0.084 | orig 0.996 pruned 0.996 | pruned% h1= 86.9 (avg= 86.9)
  [λ=0.12 seed=1] step 2800 ep12 | loss +0.145 | orig 1.000 pruned 0.961 | pruned% h1= 87.0 (avg= 87.0)
  [λ=0.12 seed=1] step 2900 ep13 | loss +0.094 | orig 0.992 pruned 0.980 | pruned% h1= 87.0 (avg= 87.0)
  [λ=0.12 seed=1] step 3000 ep13 | loss +0.131 | orig 1.000 pruned 0.965 | pruned% h1= 87.0 (avg= 87.0)
  [λ=0.12 seed=1] step 3100 ep14 | loss +0.113 | orig 1.000 pruned 0.969 | pruned% h1= 87.0 (avg= 87.0)
  [λ=0.12 seed=1] step 3200 ep14 | loss +0.103 | orig 0.996 pruned 0.977 | pruned% h1= 87.0 (avg= 87.0)
  [λ=0.12 seed=1] step 3300 ep15 | loss +0.084 | orig 1.000 pruned 0.988 | pruned% h1= 87.0 (avg= 87.0)
  [λ=0.12 seed=1] step 3400 ep15 | loss +0.110 | orig 1.000 pruned 0.977 | pruned% h1= 87.0 (avg= 87.0)
  [λ=0.12 seed=1] step 3500 ep15 | loss +0.110 | orig 0.992 pruned 0.980 | pruned% h1= 87.0 (avg= 87.0)
  → [λ=0.12 seed=1] final keep 0.130  pruned 87.01%  | per-layer kept [266]/[2048]  | orig→pruned test acc 98.16→96.60%  | 87s

── λ=0.12 seed=2 ── pruner params: 415,746
  [λ=0.12 seed=2] step  100 ep1 | loss +0.104 | orig 1.000 pruned 0.969 | pruned% h1= 85.1 (avg= 85.1)
  [λ=0.12 seed=2] step  200 ep1 | loss +0.119 | orig 1.000 pruned 0.973 | pruned% h1= 83.5 (avg= 83.5)
  [λ=0.12 seed=2] step  300 ep2 | loss +0.096 | orig 1.000 pruned 0.984 | pruned% h1= 85.0 (avg= 85.0)
  [λ=0.12 seed=2] step  400 ep2 | loss +0.107 | orig 1.000 pruned 0.969 | pruned% h1= 85.7 (avg= 85.7)
  [λ=0.12 seed=2] step  500 ep3 | loss +0.091 | orig 0.996 pruned 0.984 | pruned% h1= 86.1 (avg= 86.1)
  [λ=0.12 seed=2] step  600 ep3 | loss +0.097 | orig 0.996 pruned 0.996 | pruned% h1= 86.5 (avg= 86.5)
  [λ=0.12 seed=2] step  700 ep3 | loss +0.105 | orig 1.000 pruned 0.977 | pruned% h1= 86.9 (avg= 86.9)
  [λ=0.12 seed=2] step  800 ep4 | loss +0.098 | orig 1.000 pruned 0.988 | pruned% h1= 87.0 (avg= 87.0)
  [λ=0.12 seed=2] step  900 ep4 | loss +0.140 | orig 1.000 pruned 0.969 | pruned% h1= 87.3 (avg= 87.3)
  [λ=0.12 seed=2] step 1000 ep5 | loss +0.108 | orig 1.000 pruned 0.984 | pruned% h1= 87.6 (avg= 87.6)
  [λ=0.12 seed=2] step 1100 ep5 | loss +0.119 | orig 1.000 pruned 0.984 | pruned% h1= 87.8 (avg= 87.8)
  [λ=0.12 seed=2] step 1200 ep6 | loss +0.129 | orig 1.000 pruned 0.977 | pruned% h1= 87.8 (avg= 87.8)
  [λ=0.12 seed=2] step 1300 ep6 | loss +0.143 | orig 0.996 pruned 0.977 | pruned% h1= 87.8 (avg= 87.8)
  [λ=0.12 seed=2] step 1400 ep6 | loss +0.125 | orig 1.000 pruned 0.980 | pruned% h1= 88.0 (avg= 88.0)
  [λ=0.12 seed=2] step 1500 ep7 | loss +0.119 | orig 0.996 pruned 0.980 | pruned% h1= 88.0 (avg= 88.0)
  [λ=0.12 seed=2] step 1600 ep7 | loss +0.148 | orig 1.000 pruned 0.973 | pruned% h1= 88.0 (avg= 88.0)
  [λ=0.12 seed=2] step 1700 ep8 | loss +0.118 | orig 1.000 pruned 0.980 | pruned% h1= 88.0 (avg= 88.0)
  [λ=0.12 seed=2] step 1800 ep8 | loss +0.081 | orig 1.000 pruned 1.000 | pruned% h1= 88.0 (avg= 88.0)
  [λ=0.12 seed=2] step 1900 ep9 | loss +0.119 | orig 0.996 pruned 0.977 | pruned% h1= 88.0 (avg= 88.0)
  [λ=0.12 seed=2] step 2000 ep9 | loss +0.121 | orig 0.996 pruned 0.973 | pruned% h1= 88.0 (avg= 88.0)
  [λ=0.12 seed=2] step 2100 ep9 | loss +0.118 | orig 1.000 pruned 0.992 | pruned% h1= 88.0 (avg= 88.0)
  [λ=0.12 seed=2] step 2200 ep10 | loss +0.148 | orig 1.000 pruned 0.961 | pruned% h1= 88.1 (avg= 88.1)
  [λ=0.12 seed=2] step 2300 ep10 | loss +0.137 | orig 0.992 pruned 0.969 | pruned% h1= 88.1 (avg= 88.1)
  [λ=0.12 seed=2] step 2400 ep11 | loss +0.117 | orig 1.000 pruned 0.984 | pruned% h1= 88.1 (avg= 88.1)
  [λ=0.12 seed=2] step 2500 ep11 | loss +0.115 | orig 0.996 pruned 0.984 | pruned% h1= 88.2 (avg= 88.2)
  [λ=0.12 seed=2] step 2600 ep12 | loss +0.080 | orig 0.996 pruned 0.988 | pruned% h1= 88.2 (avg= 88.2)
  [λ=0.12 seed=2] step 2700 ep12 | loss +0.111 | orig 0.996 pruned 0.980 | pruned% h1= 88.2 (avg= 88.2)
  [λ=0.12 seed=2] step 2800 ep12 | loss +0.114 | orig 0.996 pruned 0.988 | pruned% h1= 88.2 (avg= 88.2)
  [λ=0.12 seed=2] step 2900 ep13 | loss +0.148 | orig 0.992 pruned 0.980 | pruned% h1= 88.2 (avg= 88.2)
  [λ=0.12 seed=2] step 3000 ep13 | loss +0.132 | orig 1.000 pruned 0.961 | pruned% h1= 88.2 (avg= 88.2)
  [λ=0.12 seed=2] step 3100 ep14 | loss +0.122 | orig 0.992 pruned 0.973 | pruned% h1= 88.3 (avg= 88.3)
  [λ=0.12 seed=2] step 3200 ep14 | loss +0.164 | orig 1.000 pruned 0.973 | pruned% h1= 88.3 (avg= 88.3)
  [λ=0.12 seed=2] step 3300 ep15 | loss +0.127 | orig 1.000 pruned 0.984 | pruned% h1= 88.3 (avg= 88.3)
  [λ=0.12 seed=2] step 3400 ep15 | loss +0.148 | orig 1.000 pruned 0.980 | pruned% h1= 88.3 (avg= 88.3)
  [λ=0.12 seed=2] step 3500 ep15 | loss +0.143 | orig 1.000 pruned 0.969 | pruned% h1= 88.3 (avg= 88.3)
  → [λ=0.12 seed=2] final keep 0.117  pruned 88.28%  | per-layer kept [240]/[2048]  | orig→pruned test acc 98.16→96.51%  | 88s

MNIST [1024,1024] MLP pruner — λ sweep, seeds=[0, 1, 2], epochs=15
base   : 1.86M-param MLP, hidden_dims=[1024,1024]; output untouched
pruner : BiLSTM embed_dim=64 lstm_hidden=128
train  : batch 256 on cpu
------------------------------------------------------------------------------------------------
 lambda  seed |   % pruned |  orig acc |  pruned acc |    drop |  efficiency | per-layer kept
------------------------------------------------------------------------------------------------
   0.01     0 |     69.29% |    98.16% |      98.27% |  -0.11pp |     138.57  | 629/2048
   0.01     1 |     69.14% |    98.16% |      98.30% |  -0.14pp |     138.28  | 632/2048
   0.01     2 |     67.48% |    98.16% |      98.27% |  -0.11pp |     134.96  | 666/2048
   0.01  MEAN |   68.64±0.82% |    98.16% |   98.28±0.01% |  -0.12pp |     137.27  | -
------------------------------------------------------------------------------------------------
   0.02     0 |     77.59% |    98.16% |      98.03% |  +0.13pp |     155.18  | 459/2048
   0.02     1 |     77.83% |    98.16% |      97.93% |  +0.23pp |     155.66  | 454/2048
   0.02     2 |     77.78% |    98.16% |      98.03% |  +0.13pp |     155.57  | 455/2048
   0.02  MEAN |   77.73±0.11% |    98.16% |   98.00±0.05% |  +0.16pp |     155.47  | -
------------------------------------------------------------------------------------------------
   0.03     0 |     79.44% |    98.16% |      97.83% |  +0.33pp |     158.89  | 421/2048
   0.03     1 |     79.05% |    98.16% |      97.86% |  +0.30pp |     158.11  | 429/2048
   0.03     2 |     79.88% |    98.16% |      97.75% |  +0.41pp |     159.77  | 412/2048
   0.03  MEAN |   79.46±0.34% |    98.16% |   97.81±0.05% |  +0.35pp |     158.92  | -
------------------------------------------------------------------------------------------------
   0.05     0 |     83.45% |    98.16% |      97.54% |  +0.62pp |     134.59  | 339/2048
   0.05     1 |     82.71% |    98.16% |      97.49% |  +0.67pp |     123.45  | 354/2048
   0.05     2 |     82.57% |    98.16% |      97.61% |  +0.55pp |     150.12  | 357/2048
   0.05  MEAN |   82.91±0.38% |    98.16% |   97.55±0.05% |  +0.61pp |     135.18  | -
------------------------------------------------------------------------------------------------
   0.08     0 |     85.35% |    98.16% |      97.14% |  +1.02pp |      83.68  | 300/2048
   0.08     1 |     85.25% |    98.16% |      97.16% |  +1.00pp |      85.25  | 302/2048
   0.08     2 |     84.86% |    98.16% |      97.29% |  +0.87pp |      97.54  | 310/2048
   0.08  MEAN |   85.16±0.21% |    98.16% |   97.20±0.07% |  +0.96pp |      88.40  | -
------------------------------------------------------------------------------------------------
   0.12     0 |     86.82% |    98.16% |      96.48% |  +1.68pp |      51.68  | 270/2048
   0.12     1 |     87.01% |    98.16% |      96.60% |  +1.56pp |      55.78  | 266/2048
   0.12     2 |     88.28% |    98.16% |      96.51% |  +1.65pp |      53.50  | 240/2048
   0.12  MEAN |   87.37±0.65% |    98.16% |   96.53±0.05% |  +1.63pp |      53.60  | -
------------------------------------------------------------------------------------------------

Results → experiments/latest/hypernetwork/mnist_wide_sweep_15ep/
