/Users/keshava/Documents/fairc/lep/venv/lib/python3.12/site-packages/torchvision/datasets/cifar.py:83: VisibleDeprecationWarning: dtype(): align should be passed as Python or NumPy boolean but got `align=0`. Did you mean to pass a tuple to create a subarray type? (Deprecated NumPy 2.4)
  entry = pickle.load(f, encoding="latin1")
Device: mps
Loaded CIFAR_big — 10,379,658 params, frozen.

── λ=0.02 seed=0 ── pruner params: 2,133,508
  [λ=0.02 seed=0] step  100 ep1 | loss +0.034 | orig 0.977 pruned 0.969 | pruned% fc1=  0.2 fc2=  0.0 fc3=  0.0 (avg=  0.1)
  [λ=0.02 seed=0] step  200 ep2 | loss +0.035 | orig 0.977 pruned 0.965 | pruned% fc1=  0.7 fc2=  0.0 fc3=  0.0 (avg=  0.2)
  [λ=0.02 seed=0] step  300 ep2 | loss +0.066 | orig 0.973 pruned 0.961 | pruned% fc1=  0.8 fc2=  0.0 fc3=  0.0 (avg=  0.3)
  [λ=0.02 seed=0] step  400 ep3 | loss +0.055 | orig 0.969 pruned 0.957 | pruned% fc1=  1.3 fc2=  0.0 fc3=  0.0 (avg=  0.4)
  [λ=0.02 seed=0] step  500 ep3 | loss +0.086 | orig 0.965 pruned 0.941 | pruned% fc1=  2.7 fc2=  0.0 fc3=  8.2 (avg=  3.6)
  [λ=0.02 seed=0] step  600 ep4 | loss +0.056 | orig 0.988 pruned 0.977 | pruned% fc1= 59.0 fc2=  2.3 fc3= 36.7 (avg= 32.7)
  [λ=0.02 seed=0] step  700 ep4 | loss +0.083 | orig 0.980 pruned 0.961 | pruned% fc1= 81.5 fc2=  7.0 fc3= 52.7 (avg= 47.1)
  [λ=0.02 seed=0] step  800 ep5 | loss +0.088 | orig 0.973 pruned 0.934 | pruned% fc1= 83.2 fc2= 23.4 fc3= 58.2 (avg= 54.9)
  [λ=0.02 seed=0] step  900 ep5 | loss +0.091 | orig 0.973 pruned 0.949 | pruned% fc1= 83.3 fc2= 38.9 fc3= 59.0 (avg= 60.4)
  → [λ=0.02 seed=0] final keep 0.361  pruned 63.87%  | per-layer kept [166, 268, 102]/[1024, 512, 256]  | orig→pruned test acc 87.39→86.01%  | 170s

── λ=0.02 seed=1 ── pruner params: 2,133,508
  [λ=0.02 seed=1] step  100 ep1 | loss +0.044 | orig 0.965 pruned 0.949 | pruned% fc1=  0.6 fc2=  0.0 fc3=  0.0 (avg=  0.2)
  [λ=0.02 seed=1] step  200 ep2 | loss +0.031 | orig 0.984 pruned 0.984 | pruned% fc1=  0.6 fc2=  0.0 fc3=  0.0 (avg=  0.2)
  [λ=0.02 seed=1] step  300 ep2 | loss +0.098 | orig 0.965 pruned 0.949 | pruned% fc1=  2.3 fc2=  0.2 fc3=  0.0 (avg=  0.8)
  [λ=0.02 seed=1] step  400 ep3 | loss +0.078 | orig 0.965 pruned 0.953 | pruned% fc1=  2.3 fc2=  0.8 fc3= 15.6 (avg=  6.2)
  [λ=0.02 seed=1] step  500 ep3 | loss +0.078 | orig 0.949 pruned 0.934 | pruned% fc1=  3.0 fc2=  1.4 fc3= 43.4 (avg= 15.9)
  [λ=0.02 seed=1] step  600 ep4 | loss +0.075 | orig 0.953 pruned 0.934 | pruned% fc1=  3.7 fc2=  2.9 fc3= 52.7 (avg= 19.8)
  [λ=0.02 seed=1] step  700 ep4 | loss +0.071 | orig 0.988 pruned 0.973 | pruned% fc1= 45.7 fc2=  2.9 fc3= 59.4 (avg= 36.0)
  [λ=0.02 seed=1] step  800 ep5 | loss +0.081 | orig 0.973 pruned 0.949 | pruned% fc1= 82.1 fc2= 10.5 fc3= 60.5 (avg= 51.1)
  [λ=0.02 seed=1] step  900 ep5 | loss +0.091 | orig 0.973 pruned 0.938 | pruned% fc1= 83.4 fc2= 26.8 fc3= 60.5 (avg= 56.9)
  → [λ=0.02 seed=1] final keep 0.403  pruned 59.73%  | per-layer kept [167, 332, 101]/[1024, 512, 256]  | orig→pruned test acc 87.39→85.82%  | 162s

── λ=0.02 seed=2 ── pruner params: 2,133,508
  [λ=0.02 seed=2] step  100 ep1 | loss +0.025 | orig 0.973 pruned 0.977 | pruned% fc1=  0.3 fc2=  0.0 fc3=  0.0 (avg=  0.1)
  [λ=0.02 seed=2] step  200 ep2 | loss +0.046 | orig 0.949 pruned 0.953 | pruned% fc1=  0.5 fc2=  0.0 fc3=  0.0 (avg=  0.2)
  [λ=0.02 seed=2] step  300 ep2 | loss +0.029 | orig 0.992 pruned 0.984 | pruned% fc1=  0.7 fc2=  0.0 fc3=  0.0 (avg=  0.2)
  [λ=0.02 seed=2] step  400 ep3 | loss +0.045 | orig 0.961 pruned 0.957 | pruned% fc1=  1.2 fc2=  0.0 fc3=  2.0 (avg=  1.0)
  [λ=0.02 seed=2] step  500 ep3 | loss +0.077 | orig 0.969 pruned 0.945 | pruned% fc1=  3.0 fc2=  0.0 fc3=  0.8 (avg=  1.3)
  [λ=0.02 seed=2] step  600 ep4 | loss +0.093 | orig 0.980 pruned 0.949 | pruned% fc1=  3.8 fc2=  1.6 fc3=  3.1 (avg=  2.8)
  [λ=0.02 seed=2] step  700 ep4 | loss +0.087 | orig 0.973 pruned 0.945 | pruned% fc1= 71.9 fc2= 18.8 fc3= 27.7 (avg= 39.5)
  [λ=0.02 seed=2] step  800 ep5 | loss +0.101 | orig 0.980 pruned 0.934 | pruned% fc1= 83.8 fc2= 49.6 fc3= 58.6 (avg= 64.0)
  [λ=0.02 seed=2] step  900 ep5 | loss +0.092 | orig 0.965 pruned 0.941 | pruned% fc1= 84.9 fc2= 59.2 fc3= 59.4 (avg= 67.8)
  → [λ=0.02 seed=2] final keep 0.306  pruned 69.37%  | per-layer kept [153, 188, 103]/[1024, 512, 256]  | orig→pruned test acc 87.39→85.34%  | 158s

── λ=0.03 seed=0 ── pruner params: 2,133,508
  [λ=0.03 seed=0] step  100 ep1 | loss +0.031 | orig 0.977 pruned 0.973 | pruned% fc1=  0.1 fc2=  0.0 fc3=  0.0 (avg=  0.0)
  [λ=0.03 seed=0] step  200 ep2 | loss +0.053 | orig 0.977 pruned 0.961 | pruned% fc1=  0.9 fc2=  0.0 fc3=  0.0 (avg=  0.3)
  [λ=0.03 seed=0] step  300 ep2 | loss +0.086 | orig 0.973 pruned 0.953 | pruned% fc1=  0.9 fc2=  0.0 fc3=  0.0 (avg=  0.3)
  [λ=0.03 seed=0] step  400 ep3 | loss +0.071 | orig 0.969 pruned 0.953 | pruned% fc1=  1.6 fc2=  0.0 fc3= 58.6 (avg= 20.1)
  [λ=0.03 seed=0] step  500 ep3 | loss +0.094 | orig 0.965 pruned 0.941 | pruned% fc1=  1.7 fc2=  0.0 fc3= 62.9 (avg= 21.5)
  [λ=0.03 seed=0] step  600 ep4 | loss +0.042 | orig 0.988 pruned 0.980 | pruned% fc1= 57.3 fc2= 25.0 fc3= 64.1 (avg= 48.8)
  [λ=0.03 seed=0] step  700 ep4 | loss +0.086 | orig 0.980 pruned 0.961 | pruned% fc1= 82.1 fc2= 51.8 fc3= 64.5 (avg= 66.1)
  [λ=0.03 seed=0] step  800 ep5 | loss +0.070 | orig 0.973 pruned 0.941 | pruned% fc1= 82.5 fc2= 59.4 fc3= 64.5 (avg= 68.8)
  [λ=0.03 seed=0] step  900 ep5 | loss +0.107 | orig 0.973 pruned 0.938 | pruned% fc1= 82.5 fc2= 61.7 fc3= 64.5 (avg= 69.6)
  → [λ=0.03 seed=0] final keep 0.301  pruned 69.89%  | per-layer kept [179, 191, 91]/[1024, 512, 256]  | orig→pruned test acc 87.39→86.41%  | 168s

── λ=0.03 seed=1 ── pruner params: 2,133,508
  [λ=0.03 seed=1] step  100 ep1 | loss +0.033 | orig 0.965 pruned 0.965 | pruned% fc1=  0.1 fc2=  0.0 fc3=  0.0 (avg=  0.0)
  [λ=0.03 seed=1] step  200 ep2 | loss +0.033 | orig 0.984 pruned 0.980 | pruned% fc1=  0.3 fc2=  0.0 fc3=  0.0 (avg=  0.1)
  [λ=0.03 seed=1] step  300 ep2 | loss +0.053 | orig 0.965 pruned 0.961 | pruned% fc1=  0.8 fc2=  0.0 fc3=  0.0 (avg=  0.3)
  [λ=0.03 seed=1] step  400 ep3 | loss +0.059 | orig 0.965 pruned 0.965 | pruned% fc1=  1.6 fc2=  0.8 fc3= 59.0 (avg= 20.4)
  [λ=0.03 seed=1] step  500 ep3 | loss +0.076 | orig 0.949 pruned 0.926 | pruned% fc1=  2.5 fc2= 18.4 fc3= 62.5 (avg= 27.8)
  [λ=0.03 seed=1] step  600 ep4 | loss +0.102 | orig 0.953 pruned 0.922 | pruned% fc1= 44.1 fc2= 43.2 fc3= 64.5 (avg= 50.6)
  [λ=0.03 seed=1] step  700 ep4 | loss +0.077 | orig 0.988 pruned 0.969 | pruned% fc1= 81.8 fc2= 55.9 fc3= 64.5 (avg= 67.4)
  [λ=0.03 seed=1] step  800 ep5 | loss +0.096 | orig 0.973 pruned 0.934 | pruned% fc1= 82.9 fc2= 61.7 fc3= 64.8 (avg= 69.8)
  [λ=0.03 seed=1] step  900 ep5 | loss +0.129 | orig 0.973 pruned 0.922 | pruned% fc1= 83.1 fc2= 65.4 fc3= 65.2 (avg= 71.3)
  → [λ=0.03 seed=1] final keep 0.283  pruned 71.71%  | per-layer kept [173, 170, 89]/[1024, 512, 256]  | orig→pruned test acc 87.39→85.56%  | 170s

── λ=0.03 seed=2 ── pruner params: 2,133,508
  [λ=0.03 seed=2] step  100 ep1 | loss +0.034 | orig 0.973 pruned 0.977 | pruned% fc1=  0.2 fc2=  0.0 fc3=  0.0 (avg=  0.1)
  [λ=0.03 seed=2] step  200 ep2 | loss +0.052 | orig 0.949 pruned 0.953 | pruned% fc1=  0.6 fc2=  0.0 fc3=  0.0 (avg=  0.2)
  [λ=0.03 seed=2] step  300 ep2 | loss +0.048 | orig 0.992 pruned 0.984 | pruned% fc1=  0.9 fc2=  0.0 fc3=  1.6 (avg=  0.8)
  [λ=0.03 seed=2] step  400 ep3 | loss +0.064 | orig 0.961 pruned 0.949 | pruned% fc1=  1.8 fc2=  0.8 fc3= 13.7 (avg=  5.4)
  [λ=0.03 seed=2] step  500 ep3 | loss +0.095 | orig 0.969 pruned 0.938 | pruned% fc1=  2.4 fc2=  7.2 fc3= 50.4 (avg= 20.0)
  [λ=0.03 seed=2] step  600 ep4 | loss +0.093 | orig 0.980 pruned 0.953 | pruned% fc1=  3.5 fc2= 47.9 fc3= 61.3 (avg= 37.6)
  [λ=0.03 seed=2] step  700 ep4 | loss +0.059 | orig 0.973 pruned 0.961 | pruned% fc1= 82.3 fc2= 58.8 fc3= 61.7 (avg= 67.6)
  [λ=0.03 seed=2] step  800 ep5 | loss +0.116 | orig 0.980 pruned 0.934 | pruned% fc1= 82.9 fc2= 63.9 fc3= 61.7 (avg= 69.5)
  [λ=0.03 seed=2] step  900 ep5 | loss +0.094 | orig 0.965 pruned 0.949 | pruned% fc1= 83.9 fc2= 66.2 fc3= 61.7 (avg= 70.6)
  → [λ=0.03 seed=2] final keep 0.289  pruned 71.09%  | per-layer kept [162, 169, 97]/[1024, 512, 256]  | orig→pruned test acc 87.39→85.76%  | 169s

── λ=0.05 seed=0 ── pruner params: 2,133,508
  [λ=0.05 seed=0] step  100 ep1 | loss +0.051 | orig 0.977 pruned 0.973 | pruned% fc1=  0.1 fc2=  0.0 fc3=  0.0 (avg=  0.0)
  [λ=0.05 seed=0] step  200 ep2 | loss +0.071 | orig 0.977 pruned 0.965 | pruned% fc1=  1.0 fc2=  0.0 fc3=  0.0 (avg=  0.3)
  [λ=0.05 seed=0] step  300 ep2 | loss +0.089 | orig 0.973 pruned 0.953 | pruned% fc1=  1.0 fc2=  0.0 fc3= 58.6 (avg= 19.9)
  [λ=0.05 seed=0] step  400 ep3 | loss +0.072 | orig 0.969 pruned 0.957 | pruned% fc1=  1.3 fc2=  1.4 fc3= 63.7 (avg= 22.1)
  [λ=0.05 seed=0] step  500 ep3 | loss +0.126 | orig 0.965 pruned 0.941 | pruned% fc1= 74.1 fc2= 54.5 fc3= 65.6 (avg= 64.7)
  [λ=0.05 seed=0] step  600 ep4 | loss +0.084 | orig 0.988 pruned 0.973 | pruned% fc1= 82.7 fc2= 66.6 fc3= 66.0 (avg= 71.8)
  [λ=0.05 seed=0] step  700 ep4 | loss +0.113 | orig 0.980 pruned 0.953 | pruned% fc1= 83.1 fc2= 69.7 fc3= 66.0 (avg= 72.9)
  [λ=0.05 seed=0] step  800 ep5 | loss +0.084 | orig 0.973 pruned 0.938 | pruned% fc1= 83.2 fc2= 71.9 fc3= 66.0 (avg= 73.7)
  [λ=0.05 seed=0] step  900 ep5 | loss +0.129 | orig 0.973 pruned 0.938 | pruned% fc1= 83.3 fc2= 72.9 fc3= 66.0 (avg= 74.1)
  → [λ=0.05 seed=0] final keep 0.256  pruned 74.38%  | per-layer kept [169, 137, 86]/[1024, 512, 256]  | orig→pruned test acc 87.39→86.18%  | 174s

── λ=0.05 seed=1 ── pruner params: 2,133,508
  [λ=0.05 seed=1] step  100 ep1 | loss +0.070 | orig 0.965 pruned 0.957 | pruned% fc1=  0.3 fc2=  0.0 fc3=  0.0 (avg=  0.1)
  [λ=0.05 seed=1] step  200 ep2 | loss +0.052 | orig 0.984 pruned 0.984 | pruned% fc1=  0.4 fc2=  0.0 fc3=  0.0 (avg=  0.1)
  [λ=0.05 seed=1] step  300 ep2 | loss +0.111 | orig 0.965 pruned 0.949 | pruned% fc1=  1.5 fc2=  7.0 fc3= 63.7 (avg= 24.1)
  [λ=0.05 seed=1] step  400 ep3 | loss +0.103 | orig 0.965 pruned 0.941 | pruned% fc1= 45.1 fc2= 60.0 fc3= 65.2 (avg= 56.8)
  [λ=0.05 seed=1] step  500 ep3 | loss +0.110 | orig 0.949 pruned 0.922 | pruned% fc1= 82.5 fc2= 68.9 fc3= 65.2 (avg= 72.2)
  [λ=0.05 seed=1] step  600 ep4 | loss +0.110 | orig 0.953 pruned 0.938 | pruned% fc1= 83.2 fc2= 71.9 fc3= 65.6 (avg= 73.6)
  [λ=0.05 seed=1] step  700 ep4 | loss +0.089 | orig 0.988 pruned 0.965 | pruned% fc1= 83.5 fc2= 72.9 fc3= 65.6 (avg= 74.0)
  [λ=0.05 seed=1] step  800 ep5 | loss +0.109 | orig 0.973 pruned 0.949 | pruned% fc1= 83.8 fc2= 73.2 fc3= 65.6 (avg= 74.2)
  [λ=0.05 seed=1] step  900 ep5 | loss +0.165 | orig 0.973 pruned 0.906 | pruned% fc1= 83.8 fc2= 73.8 fc3= 65.6 (avg= 74.4)
  → [λ=0.05 seed=1] final keep 0.255  pruned 74.54%  | per-layer kept [164, 133, 88]/[1024, 512, 256]  | orig→pruned test acc 87.39→84.64%  | 166s

── λ=0.05 seed=2 ── pruner params: 2,133,508
  [λ=0.05 seed=2] step  100 ep1 | loss +0.055 | orig 0.973 pruned 0.977 | pruned% fc1=  0.3 fc2=  0.0 fc3=  0.0 (avg=  0.1)
  [λ=0.05 seed=2] step  200 ep2 | loss +0.048 | orig 0.949 pruned 0.953 | pruned% fc1=  0.3 fc2=  0.0 fc3=  0.4 (avg=  0.2)
  [λ=0.05 seed=2] step  300 ep2 | loss +0.068 | orig 0.992 pruned 0.977 | pruned% fc1=  1.2 fc2=  0.0 fc3= 63.3 (avg= 21.5)
  [λ=0.05 seed=2] step  400 ep3 | loss +0.095 | orig 0.961 pruned 0.941 | pruned% fc1= 62.0 fc2= 60.0 fc3= 63.7 (avg= 61.9)
  [λ=0.05 seed=2] step  500 ep3 | loss +0.108 | orig 0.969 pruned 0.938 | pruned% fc1= 83.4 fc2= 68.2 fc3= 63.3 (avg= 71.6)
  [λ=0.05 seed=2] step  600 ep4 | loss +0.172 | orig 0.980 pruned 0.918 | pruned% fc1= 84.4 fc2= 71.9 fc3= 63.3 (avg= 73.2)
  [λ=0.05 seed=2] step  700 ep4 | loss +0.111 | orig 0.973 pruned 0.930 | pruned% fc1= 84.6 fc2= 72.9 fc3= 63.7 (avg= 73.7)
  [λ=0.05 seed=2] step  800 ep5 | loss +0.154 | orig 0.980 pruned 0.922 | pruned% fc1= 84.9 fc2= 73.0 fc3= 63.7 (avg= 73.9)
  [λ=0.05 seed=2] step  900 ep5 | loss +0.122 | orig 0.965 pruned 0.949 | pruned% fc1= 85.1 fc2= 73.2 fc3= 63.7 (avg= 74.0)
  → [λ=0.05 seed=2] final keep 0.259  pruned 74.06%  | per-layer kept [153, 136, 93]/[1024, 512, 256]  | orig→pruned test acc 87.39→84.98%  | 173s

── λ=0.07 seed=0 ── pruner params: 2,133,508
  [λ=0.07 seed=0] step  100 ep1 | loss +0.084 | orig 0.977 pruned 0.969 | pruned% fc1=  0.2 fc2=  0.0 fc3=  0.0 (avg=  0.1)
  [λ=0.07 seed=0] step  200 ep2 | loss +0.070 | orig 0.977 pruned 0.965 | pruned% fc1=  1.0 fc2= 28.7 fc3= 60.5 (avg= 30.1)
  [λ=0.07 seed=0] step  300 ep2 | loss +0.089 | orig 0.973 pruned 0.930 | pruned% fc1= 72.0 fc2= 72.7 fc3= 62.5 (avg= 69.0)
  [λ=0.07 seed=0] step  400 ep3 | loss +0.142 | orig 0.969 pruned 0.934 | pruned% fc1= 83.1 fc2= 75.4 fc3= 62.9 (avg= 73.8)
  [λ=0.07 seed=0] step  500 ep3 | loss +0.153 | orig 0.965 pruned 0.906 | pruned% fc1= 84.3 fc2= 76.8 fc3= 63.7 (avg= 74.9)
  [λ=0.07 seed=0] step  600 ep4 | loss +0.098 | orig 0.988 pruned 0.969 | pruned% fc1= 84.8 fc2= 77.9 fc3= 64.1 (avg= 75.6)
  [λ=0.07 seed=0] step  700 ep4 | loss +0.180 | orig 0.980 pruned 0.930 | pruned% fc1= 85.0 fc2= 78.5 fc3= 64.1 (avg= 75.8)
  [λ=0.07 seed=0] step  800 ep5 | loss +0.133 | orig 0.973 pruned 0.945 | pruned% fc1= 85.0 fc2= 79.1 fc3= 64.1 (avg= 76.0)
  [λ=0.07 seed=0] step  900 ep5 | loss +0.154 | orig 0.973 pruned 0.953 | pruned% fc1= 85.1 fc2= 79.3 fc3= 64.1 (avg= 76.1)
  → [λ=0.07 seed=0] final keep 0.237  pruned 76.27%  | per-layer kept [153, 104, 92]/[1024, 512, 256]  | orig→pruned test acc 87.39→85.42%  | 193s

── λ=0.07 seed=1 ── pruner params: 2,133,508
  [λ=0.07 seed=1] step  100 ep1 | loss +0.080 | orig 0.965 pruned 0.961 | pruned% fc1=  0.3 fc2=  0.0 fc3=  0.0 (avg=  0.1)
  [λ=0.07 seed=1] step  200 ep2 | loss +0.130 | orig 0.984 pruned 0.949 | pruned% fc1=  2.9 fc2= 22.1 fc3= 62.1 (avg= 29.0)
  [λ=0.07 seed=1] step  300 ep2 | loss +0.114 | orig 0.965 pruned 0.938 | pruned% fc1= 82.4 fc2= 60.7 fc3= 61.3 (avg= 68.2)
  [λ=0.07 seed=1] step  400 ep3 | loss +0.116 | orig 0.965 pruned 0.926 | pruned% fc1= 83.5 fc2= 70.9 fc3= 60.9 (avg= 71.8)
  [λ=0.07 seed=1] step  500 ep3 | loss +0.140 | orig 0.949 pruned 0.906 | pruned% fc1= 84.4 fc2= 73.2 fc3= 60.9 (avg= 72.9)
  [λ=0.07 seed=1] step  600 ep4 | loss +0.120 | orig 0.953 pruned 0.934 | pruned% fc1= 84.7 fc2= 76.2 fc3= 62.5 (avg= 74.4)
  [λ=0.07 seed=1] step  700 ep4 | loss +0.141 | orig 0.988 pruned 0.941 | pruned% fc1= 84.8 fc2= 76.8 fc3= 62.9 (avg= 74.8)
  [λ=0.07 seed=1] step  800 ep5 | loss +0.157 | orig 0.973 pruned 0.926 | pruned% fc1= 84.8 fc2= 77.7 fc3= 62.9 (avg= 75.1)
  [λ=0.07 seed=1] step  900 ep5 | loss +0.162 | orig 0.973 pruned 0.914 | pruned% fc1= 84.8 fc2= 77.9 fc3= 63.3 (avg= 75.3)
  → [λ=0.07 seed=1] final keep 0.247  pruned 75.33%  | per-layer kept [156, 113, 94]/[1024, 512, 256]  | orig→pruned test acc 87.39→85.26%  | 194s

── λ=0.07 seed=2 ── pruner params: 2,133,508
  [λ=0.07 seed=2] step  100 ep1 | loss +0.086 | orig 0.973 pruned 0.961 | pruned% fc1=  0.3 fc2=  0.0 fc3=  0.0 (avg=  0.1)
  [λ=0.07 seed=2] step  200 ep2 | loss +0.086 | orig 0.949 pruned 0.945 | pruned% fc1=  1.6 fc2= 55.9 fc3= 64.5 (avg= 40.6)
  [λ=0.07 seed=2] step  300 ep2 | loss +0.100 | orig 0.992 pruned 0.957 | pruned% fc1= 74.1 fc2= 64.3 fc3= 62.1 (avg= 66.8)
  [λ=0.07 seed=2] step  400 ep3 | loss +0.127 | orig 0.961 pruned 0.930 | pruned% fc1= 84.8 fc2= 73.2 fc3= 63.7 (avg= 73.9)
  [λ=0.07 seed=2] step  500 ep3 | loss +0.134 | orig 0.969 pruned 0.930 | pruned% fc1= 85.5 fc2= 75.0 fc3= 64.5 (avg= 75.0)
  [λ=0.07 seed=2] step  600 ep4 | loss +0.194 | orig 0.980 pruned 0.926 | pruned% fc1= 86.1 fc2= 76.4 fc3= 64.8 (avg= 75.8)
  [λ=0.07 seed=2] step  700 ep4 | loss +0.180 | orig 0.973 pruned 0.922 | pruned% fc1= 86.7 fc2= 77.5 fc3= 64.8 (avg= 76.4)
  [λ=0.07 seed=2] step  800 ep5 | loss +0.208 | orig 0.980 pruned 0.914 | pruned% fc1= 86.8 fc2= 78.5 fc3= 64.8 (avg= 76.7)
  [λ=0.07 seed=2] step  900 ep5 | loss +0.237 | orig 0.965 pruned 0.898 | pruned% fc1= 87.2 fc2= 78.5 fc3= 64.8 (avg= 76.9)
  → [λ=0.07 seed=2] final keep 0.229  pruned 77.05%  | per-layer kept [131, 107, 90]/[1024, 512, 256]  | orig→pruned test acc 87.39→83.93%  | 184s

CIFAR_big MLP pruner — FINE λ sweep × seeds
layers : fc1(1024×8192) fc2(512×1024) fc3(256×512); fc4 untouched
pruner : BiLSTM embed_dim=64 lstm_hidden=128
train  : 5 epochs × batch 256 on mps
seeds  : [0, 1, 2]
------------------------------------------------------------------------------------------
 lambda  seed |   % pruned |  orig acc |  pruned acc |    drop |        fc1        fc2        fc3
------------------------------------------------------------------------------------------
   0.02     0 |     63.87% |    87.39% |      86.01% |  +1.38pp |  166/1024   268/512    102/256  
   0.02     1 |     59.73% |    87.39% |      85.82% |  +1.57pp |  167/1024   332/512    101/256  
   0.02     2 |     69.37% |    87.39% |      85.34% |  +2.05pp |  153/1024   188/512    103/256  
   0.02  MEAN |    64.32±3.95% |    87.39% |   85.72±0.28% |  +1.67pp | -
------------------------------------------------------------------------------------------
   0.03     0 |     69.89% |    87.39% |      86.41% |  +0.98pp |  179/1024   191/512     91/256  
   0.03     1 |     71.71% |    87.39% |      85.56% |  +1.83pp |  173/1024   170/512     89/256  
   0.03     2 |     71.09% |    87.39% |      85.76% |  +1.63pp |  162/1024   169/512     97/256  
   0.03  MEAN |    70.90±0.76% |    87.39% |   85.91±0.36% |  +1.48pp | -
------------------------------------------------------------------------------------------
   0.05     0 |     74.38% |    87.39% |      86.18% |  +1.21pp |  169/1024   137/512     86/256  
   0.05     1 |     74.54% |    87.39% |      84.64% |  +2.75pp |  164/1024   133/512     88/256  
   0.05     2 |     74.06% |    87.39% |      84.98% |  +2.41pp |  153/1024   136/512     93/256  
   0.05  MEAN |    74.33±0.20% |    87.39% |   85.27±0.66% |  +2.12pp | -
------------------------------------------------------------------------------------------
   0.07     0 |     76.27% |    87.39% |      85.42% |  +1.97pp |  153/1024   104/512     92/256  
   0.07     1 |     75.33% |    87.39% |      85.26% |  +2.13pp |  156/1024   113/512     94/256  
   0.07     2 |     77.05% |    87.39% |      83.93% |  +3.46pp |  131/1024   107/512     90/256  
   0.07  MEAN |    76.22±0.71% |    87.39% |   84.87±0.67% |  +2.52pp | -
------------------------------------------------------------------------------------------

Results → experiments/latest/hypernetwork/cifar_lambda_fine/
