Device cpu | baseline 98.06% | n_hidden 2048
GAMMAS=[0.9, 0.95, 0.99, 1.0] SEEDS=[0, 1, 2] episodes=300 target=0.8

  gamma=0.9   seed=0: pruned= 80.5% drop=  3.17pp [183s]
  gamma=0.9   seed=1: pruned= 80.5% drop=  3.80pp [183s]
  gamma=0.9   seed=2: pruned= 80.5% drop=  2.86pp [188s]
  -> gamma=0.9: drop 3.28 ± 0.48pp

  gamma=0.95  seed=0: pruned= 80.5% drop=  3.29pp [239s]
  gamma=0.95  seed=1: pruned= 80.5% drop=  4.21pp [324s]
  gamma=0.95  seed=2: pruned= 80.5% drop=  4.61pp [309s]
  -> gamma=0.95: drop 4.04 ± 0.68pp

  gamma=0.99  seed=0: pruned= 80.5% drop=  5.15pp [338s]
  gamma=0.99  seed=1: pruned= 80.5% drop=  4.22pp [371s]
  gamma=0.99  seed=2: pruned= 80.5% drop=  6.66pp [407s]
  -> gamma=0.99: drop 5.34 ± 1.23pp

  gamma=1.0   seed=0: pruned= 80.5% drop=  3.81pp [436s]
  gamma=1.0   seed=1: pruned= 80.5% drop=  5.32pp [425s]
  gamma=1.0   seed=2: pruned= 80.5% drop=  5.85pp [430s]
  -> gamma=1.0: drop 4.99 ± 1.06pp


================================================================
GAMMA SWEEP — actor-critic, 80% prune target, 3 seeds, 300 ep
baseline 98.06%   reference: BiLSTM 3.68pp, γ=1 prior AC 4.71±1.55
================================================================
 gamma |   final-mask drop (pp) | per-seed
----------------------------------------------------------------
   0.9 |       3.28 ± 0.48     | [3.17, 3.80, 2.86]
  0.95 |       4.04 ± 0.68     | [3.29, 4.21, 4.61]
  0.99 |       5.34 ± 1.23     | [5.15, 4.22, 6.66]
   1.0 |       4.99 ± 1.06     | [3.81, 5.32, 5.85]
----------------------------------------------------------------
γ^(T-1) final-mask weight (T≈100): γ=0.9→3e-5, 0.95→6e-3, 0.99→0.37, 1.0→1.0
================================================================

Saved experiments/latest/rl/gamma_sweep/plot.png
