/Users/keshava/Documents/fairc/lep/venv/lib/python3.12/site-packages/torchvision/datasets/cifar.py:83: VisibleDeprecationWarning: dtype(): align should be passed as Python or NumPy boolean but got `align=0`. Did you mean to pass a tuple to create a subarray type? (Deprecated NumPy 2.4)
  entry = pickle.load(f, encoding="latin1")
Device: cpu | params: 63,106 | batch 128 | epochs 15
  epoch  1/15: train_loss=1.709 test_acc=47.33% [29.9s]
  epoch  2/15: train_loss=1.378 test_acc=52.84% [30.4s]
  epoch  3/15: train_loss=1.251 test_acc=54.73% [30.1s]
  epoch  4/15: train_loss=1.178 test_acc=58.92% [30.8s]
  epoch  5/15: train_loss=1.114 test_acc=61.28% [29.9s]
  epoch  6/15: train_loss=1.065 test_acc=60.99% [30.2s]
  epoch  7/15: train_loss=1.027 test_acc=61.90% [30.3s]
  epoch  8/15: train_loss=0.989 test_acc=63.52% [30.6s]
  epoch  9/15: train_loss=0.959 test_acc=63.36% [30.2s]
  epoch 10/15: train_loss=0.927 test_acc=62.67% [30.0s]
  epoch 11/15: train_loss=0.896 test_acc=64.55% [31.6s]
  epoch 12/15: train_loss=0.869 test_acc=63.45% [31.4s]
  epoch 13/15: train_loss=0.846 test_acc=65.23% [30.4s]
  epoch 14/15: train_loss=0.822 test_acc=65.41% [30.2s]
  epoch 15/15: train_loss=0.800 test_acc=64.84% [30.7s]

final test acc : 64.84%
total time     : 456.8s  (mean 30.5s/epoch)
checkpoint     : experiments/checkpoints/cifar_cnn.pt
