Device: cpu  λs=[0.04, 0.06, 0.08, 0.1, 0.15, 0.2]  seeds=[0, 1, 2]  epochs=15
Loaded MNIST MLP — 1,863,690 params, frozen.

── λ=0.04 seed=0 ── pruner params: 612,611
  [λ=0.04 seed=0] step  100 ep1 | loss +0.015 | orig 0.992 pruned 0.992 | pruned% h1= 20.5 h2= 44.3 (avg= 32.4)
  [λ=0.04 seed=0] step  200 ep1 | loss +0.035 | orig 0.992 pruned 0.996 | pruned% h1=  7.4 h2= 58.1 (avg= 32.8)
  [λ=0.04 seed=0] step  300 ep2 | loss +0.024 | orig 0.992 pruned 0.992 | pruned% h1= 21.8 h2= 53.1 (avg= 37.5)
  [λ=0.04 seed=0] step  400 ep2 | loss +0.029 | orig 0.996 pruned 1.000 | pruned% h1= 37.6 h2= 54.7 (avg= 46.1)
  [λ=0.04 seed=0] step  500 ep3 | loss +0.015 | orig 0.992 pruned 0.996 | pruned% h1= 49.2 h2= 59.6 (avg= 54.4)
  [λ=0.04 seed=0] step  600 ep3 | loss +0.029 | orig 0.992 pruned 0.996 | pruned% h1= 55.0 h2= 60.4 (avg= 57.7)
  [λ=0.04 seed=0] step  700 ep3 | loss +0.024 | orig 0.992 pruned 0.996 | pruned% h1= 55.6 h2= 60.7 (avg= 58.2)
  [λ=0.04 seed=0] step  800 ep4 | loss +0.028 | orig 0.988 pruned 0.996 | pruned% h1= 59.8 h2= 60.9 (avg= 60.4)
  [λ=0.04 seed=0] step  900 ep4 | loss +0.031 | orig 0.996 pruned 0.996 | pruned% h1= 59.5 h2= 60.9 (avg= 60.2)
  [λ=0.04 seed=0] step 1000 ep5 | loss +0.025 | orig 0.992 pruned 0.996 | pruned% h1= 60.9 h2= 60.9 (avg= 60.9)
  [λ=0.04 seed=0] step 1100 ep5 | loss +0.031 | orig 0.996 pruned 0.996 | pruned% h1= 62.6 h2= 61.0 (avg= 61.8)
  [λ=0.04 seed=0] step 1200 ep6 | loss +0.048 | orig 0.992 pruned 0.984 | pruned% h1= 62.6 h2= 61.0 (avg= 61.8)
  [λ=0.04 seed=0] step 1300 ep6 | loss +0.030 | orig 0.992 pruned 0.992 | pruned% h1= 63.1 h2= 61.0 (avg= 62.1)
  [λ=0.04 seed=0] step 1400 ep6 | loss +0.034 | orig 1.000 pruned 0.996 | pruned% h1= 63.6 h2= 61.0 (avg= 62.3)
  [λ=0.04 seed=0] step 1500 ep7 | loss +0.040 | orig 1.000 pruned 0.992 | pruned% h1= 63.7 h2= 61.0 (avg= 62.4)
  [λ=0.04 seed=0] step 1600 ep7 | loss +0.031 | orig 0.996 pruned 0.996 | pruned% h1= 64.2 h2= 61.0 (avg= 62.6)
  [λ=0.04 seed=0] step 1700 ep8 | loss +0.039 | orig 0.996 pruned 0.992 | pruned% h1= 64.2 h2= 61.0 (avg= 62.6)
  [λ=0.04 seed=0] step 1800 ep8 | loss +0.035 | orig 0.996 pruned 0.992 | pruned% h1= 64.6 h2= 61.0 (avg= 62.8)
  [λ=0.04 seed=0] step 1900 ep9 | loss +0.032 | orig 1.000 pruned 1.000 | pruned% h1= 64.7 h2= 61.1 (avg= 62.9)
  [λ=0.04 seed=0] step 2000 ep9 | loss +0.024 | orig 0.996 pruned 1.000 | pruned% h1= 64.8 h2= 61.2 (avg= 63.0)
  [λ=0.04 seed=0] step 2100 ep9 | loss +0.016 | orig 0.984 pruned 1.000 | pruned% h1= 64.9 h2= 61.3 (avg= 63.1)
  [λ=0.04 seed=0] step 2200 ep10 | loss +0.028 | orig 0.996 pruned 0.996 | pruned% h1= 65.2 h2= 61.3 (avg= 63.3)
  [λ=0.04 seed=0] step 2300 ep10 | loss +0.028 | orig 0.988 pruned 0.992 | pruned% h1= 65.3 h2= 61.3 (avg= 63.3)
  [λ=0.04 seed=0] step 2400 ep11 | loss +0.027 | orig 1.000 pruned 1.000 | pruned% h1= 65.4 h2= 61.3 (avg= 63.4)
  [λ=0.04 seed=0] step 2500 ep11 | loss +0.038 | orig 0.996 pruned 0.988 | pruned% h1= 65.6 h2= 61.3 (avg= 63.5)
  [λ=0.04 seed=0] step 2600 ep12 | loss +0.023 | orig 1.000 pruned 1.000 | pruned% h1= 65.9 h2= 61.3 (avg= 63.6)
  [λ=0.04 seed=0] step 2700 ep12 | loss +0.046 | orig 1.000 pruned 0.992 | pruned% h1= 65.9 h2= 61.3 (avg= 63.6)
  [λ=0.04 seed=0] step 2800 ep12 | loss +0.019 | orig 0.996 pruned 0.996 | pruned% h1= 65.9 h2= 61.3 (avg= 63.6)
  [λ=0.04 seed=0] step 2900 ep13 | loss +0.022 | orig 0.992 pruned 0.992 | pruned% h1= 66.0 h2= 61.4 (avg= 63.7)
  [λ=0.04 seed=0] step 3000 ep13 | loss +0.038 | orig 1.000 pruned 0.992 | pruned% h1= 66.1 h2= 61.4 (avg= 63.8)
  [λ=0.04 seed=0] step 3100 ep14 | loss +0.018 | orig 0.988 pruned 0.988 | pruned% h1= 66.1 h2= 61.4 (avg= 63.8)
  [λ=0.04 seed=0] step 3200 ep14 | loss +0.039 | orig 0.996 pruned 0.996 | pruned% h1= 66.1 h2= 61.4 (avg= 63.8)
  [λ=0.04 seed=0] step 3300 ep15 | loss +0.031 | orig 0.996 pruned 1.000 | pruned% h1= 66.1 h2= 61.4 (avg= 63.8)
  [λ=0.04 seed=0] step 3400 ep15 | loss +0.020 | orig 0.992 pruned 1.000 | pruned% h1= 66.2 h2= 61.4 (avg= 63.8)
  [λ=0.04 seed=0] step 3500 ep15 | loss +0.039 | orig 1.000 pruned 0.996 | pruned% h1= 66.2 h2= 61.4 (avg= 63.8)
  → [λ=0.04 seed=0] final keep 0.362  pruned 63.82%  | per-layer kept [346, 395]/[1024, 1024]  | orig→pruned test acc 98.06→98.00%  | 102s

── λ=0.04 seed=1 ── pruner params: 612,611
  [λ=0.04 seed=1] step  100 ep1 | loss +0.034 | orig 1.000 pruned 1.000 | pruned% h1=  1.3 h2= 49.0 (avg= 25.1)
  [λ=0.04 seed=1] step  200 ep1 | loss +0.033 | orig 0.996 pruned 0.992 | pruned% h1=  5.3 h2= 57.4 (avg= 31.3)
  [λ=0.04 seed=1] step  300 ep2 | loss +0.039 | orig 0.996 pruned 0.992 | pruned% h1= 27.1 h2= 58.0 (avg= 42.5)
  [λ=0.04 seed=1] step  400 ep2 | loss +0.027 | orig 1.000 pruned 1.000 | pruned% h1= 49.5 h2= 54.2 (avg= 51.9)
  [λ=0.04 seed=1] step  500 ep3 | loss +0.036 | orig 0.988 pruned 0.996 | pruned% h1= 50.5 h2= 55.8 (avg= 53.1)
  [λ=0.04 seed=1] step  600 ep3 | loss +0.034 | orig 0.996 pruned 0.992 | pruned% h1= 56.3 h2= 57.4 (avg= 56.9)
  [λ=0.04 seed=1] step  700 ep3 | loss +0.033 | orig 0.988 pruned 0.992 | pruned% h1= 57.7 h2= 57.8 (avg= 57.8)
  [λ=0.04 seed=1] step  800 ep4 | loss +0.025 | orig 0.992 pruned 0.992 | pruned% h1= 60.4 h2= 58.5 (avg= 59.4)
  [λ=0.04 seed=1] step  900 ep4 | loss +0.030 | orig 0.996 pruned 0.996 | pruned% h1= 62.7 h2= 58.9 (avg= 60.8)
  [λ=0.04 seed=1] step 1000 ep5 | loss +0.026 | orig 0.996 pruned 1.000 | pruned% h1= 62.9 h2= 59.0 (avg= 60.9)
  [λ=0.04 seed=1] step 1100 ep5 | loss +0.036 | orig 1.000 pruned 1.000 | pruned% h1= 63.3 h2= 59.1 (avg= 61.2)
  [λ=0.04 seed=1] step 1200 ep6 | loss +0.050 | orig 1.000 pruned 0.992 | pruned% h1= 64.6 h2= 59.2 (avg= 61.9)
  [λ=0.04 seed=1] step 1300 ep6 | loss +0.032 | orig 0.996 pruned 0.988 | pruned% h1= 64.5 h2= 59.3 (avg= 61.9)
  [λ=0.04 seed=1] step 1400 ep6 | loss +0.035 | orig 0.996 pruned 0.996 | pruned% h1= 65.0 h2= 59.4 (avg= 62.2)
  [λ=0.04 seed=1] step 1500 ep7 | loss +0.066 | orig 0.996 pruned 0.977 | pruned% h1= 65.4 h2= 59.4 (avg= 62.4)
  [λ=0.04 seed=1] step 1600 ep7 | loss +0.025 | orig 0.992 pruned 1.000 | pruned% h1= 66.1 h2= 59.5 (avg= 62.8)
  [λ=0.04 seed=1] step 1700 ep8 | loss +0.042 | orig 1.000 pruned 1.000 | pruned% h1= 66.6 h2= 59.5 (avg= 63.0)
  [λ=0.04 seed=1] step 1800 ep8 | loss +0.035 | orig 1.000 pruned 0.992 | pruned% h1= 67.1 h2= 59.5 (avg= 63.3)
  [λ=0.04 seed=1] step 1900 ep9 | loss +0.047 | orig 0.996 pruned 0.988 | pruned% h1= 67.3 h2= 59.5 (avg= 63.4)
  [λ=0.04 seed=1] step 2000 ep9 | loss +0.005 | orig 0.996 pruned 0.996 | pruned% h1= 67.3 h2= 59.7 (avg= 63.5)
  [λ=0.04 seed=1] step 2100 ep9 | loss +0.027 | orig 0.984 pruned 0.996 | pruned% h1= 67.3 h2= 59.8 (avg= 63.5)
  [λ=0.04 seed=1] step 2200 ep10 | loss +0.059 | orig 1.000 pruned 0.992 | pruned% h1= 67.3 h2= 59.8 (avg= 63.5)
  [λ=0.04 seed=1] step 2300 ep10 | loss +0.029 | orig 0.992 pruned 0.988 | pruned% h1= 67.7 h2= 59.8 (avg= 63.7)
  [λ=0.04 seed=1] step 2400 ep11 | loss +0.033 | orig 0.996 pruned 0.996 | pruned% h1= 68.0 h2= 59.8 (avg= 63.9)
  [λ=0.04 seed=1] step 2500 ep11 | loss +0.029 | orig 0.992 pruned 0.996 | pruned% h1= 68.0 h2= 59.8 (avg= 63.9)
  [λ=0.04 seed=1] step 2600 ep12 | loss +0.015 | orig 0.996 pruned 0.992 | pruned% h1= 68.2 h2= 59.8 (avg= 64.0)
  [λ=0.04 seed=1] step 2700 ep12 | loss +0.038 | orig 1.000 pruned 0.992 | pruned% h1= 68.2 h2= 59.9 (avg= 64.0)
  [λ=0.04 seed=1] step 2800 ep12 | loss +0.035 | orig 0.992 pruned 0.988 | pruned% h1= 68.3 h2= 60.1 (avg= 64.2)
  [λ=0.04 seed=1] step 2900 ep13 | loss +0.039 | orig 0.996 pruned 0.992 | pruned% h1= 68.4 h2= 60.1 (avg= 64.2)
  [λ=0.04 seed=1] step 3000 ep13 | loss +0.060 | orig 0.992 pruned 0.988 | pruned% h1= 68.7 h2= 60.1 (avg= 64.4)
  [λ=0.04 seed=1] step 3100 ep14 | loss +0.034 | orig 0.992 pruned 0.988 | pruned% h1= 68.7 h2= 60.1 (avg= 64.4)
  [λ=0.04 seed=1] step 3200 ep14 | loss +0.035 | orig 0.992 pruned 0.992 | pruned% h1= 68.7 h2= 60.3 (avg= 64.5)
  [λ=0.04 seed=1] step 3300 ep15 | loss +0.010 | orig 0.996 pruned 0.996 | pruned% h1= 68.7 h2= 60.3 (avg= 64.5)
  [λ=0.04 seed=1] step 3400 ep15 | loss +0.044 | orig 1.000 pruned 0.996 | pruned% h1= 68.8 h2= 60.3 (avg= 64.6)
  [λ=0.04 seed=1] step 3500 ep15 | loss +0.003 | orig 0.992 pruned 0.992 | pruned% h1= 68.8 h2= 60.3 (avg= 64.6)
  → [λ=0.04 seed=1] final keep 0.354  pruned 64.55%  | per-layer kept [319, 407]/[1024, 1024]  | orig→pruned test acc 98.06→97.95%  | 99s

── λ=0.04 seed=2 ── pruner params: 612,611
  [λ=0.04 seed=2] step  100 ep1 | loss +0.021 | orig 0.996 pruned 0.992 | pruned% h1= 28.4 h2= 37.5 (avg= 33.0)
  [λ=0.04 seed=2] step  200 ep1 | loss +0.049 | orig 0.988 pruned 0.988 | pruned% h1=  9.9 h2= 58.7 (avg= 34.3)
  [λ=0.04 seed=2] step  300 ep2 | loss +0.025 | orig 0.996 pruned 0.996 | pruned% h1= 25.4 h2= 59.7 (avg= 42.5)
  [λ=0.04 seed=2] step  400 ep2 | loss +0.042 | orig 0.988 pruned 0.988 | pruned% h1= 43.2 h2= 52.4 (avg= 47.8)
  [λ=0.04 seed=2] step  500 ep3 | loss +0.022 | orig 0.992 pruned 0.992 | pruned% h1= 52.0 h2= 52.9 (avg= 52.4)
  [λ=0.04 seed=2] step  600 ep3 | loss +0.004 | orig 0.988 pruned 0.992 | pruned% h1= 55.7 h2= 55.8 (avg= 55.7)
  [λ=0.04 seed=2] step  700 ep3 | loss +0.027 | orig 0.996 pruned 1.000 | pruned% h1= 59.7 h2= 56.3 (avg= 58.0)
  [λ=0.04 seed=2] step  800 ep4 | loss +0.010 | orig 0.984 pruned 0.992 | pruned% h1= 62.3 h2= 56.7 (avg= 59.5)
  [λ=0.04 seed=2] step  900 ep4 | loss +0.029 | orig 0.996 pruned 0.992 | pruned% h1= 63.4 h2= 57.3 (avg= 60.4)
  [λ=0.04 seed=2] step 1000 ep5 | loss +0.025 | orig 0.988 pruned 0.996 | pruned% h1= 63.2 h2= 57.4 (avg= 60.3)
  [λ=0.04 seed=2] step 1100 ep5 | loss +0.030 | orig 0.992 pruned 1.000 | pruned% h1= 65.8 h2= 57.4 (avg= 61.6)
  [λ=0.04 seed=2] step 1200 ep6 | loss +0.035 | orig 0.992 pruned 0.988 | pruned% h1= 65.7 h2= 57.5 (avg= 61.6)
  [λ=0.04 seed=2] step 1300 ep6 | loss +0.032 | orig 0.996 pruned 1.000 | pruned% h1= 66.4 h2= 57.5 (avg= 62.0)
  [λ=0.04 seed=2] step 1400 ep6 | loss +0.018 | orig 0.988 pruned 0.988 | pruned% h1= 66.6 h2= 57.7 (avg= 62.2)
  [λ=0.04 seed=2] step 1500 ep7 | loss +0.020 | orig 0.992 pruned 0.992 | pruned% h1= 67.0 h2= 57.7 (avg= 62.4)
  [λ=0.04 seed=2] step 1600 ep7 | loss +0.043 | orig 0.992 pruned 0.988 | pruned% h1= 67.0 h2= 57.7 (avg= 62.4)
  [λ=0.04 seed=2] step 1700 ep8 | loss +0.043 | orig 0.996 pruned 0.996 | pruned% h1= 67.1 h2= 57.7 (avg= 62.4)
  [λ=0.04 seed=2] step 1800 ep8 | loss +0.032 | orig 0.988 pruned 0.996 | pruned% h1= 67.4 h2= 57.7 (avg= 62.5)
  [λ=0.04 seed=2] step 1900 ep9 | loss +0.036 | orig 1.000 pruned 0.992 | pruned% h1= 67.4 h2= 57.7 (avg= 62.5)
  [λ=0.04 seed=2] step 2000 ep9 | loss +0.036 | orig 1.000 pruned 1.000 | pruned% h1= 67.6 h2= 57.7 (avg= 62.6)
  [λ=0.04 seed=2] step 2100 ep9 | loss +0.041 | orig 1.000 pruned 1.000 | pruned% h1= 67.7 h2= 57.7 (avg= 62.7)
  [λ=0.04 seed=2] step 2200 ep10 | loss +0.048 | orig 0.996 pruned 0.992 | pruned% h1= 67.8 h2= 57.7 (avg= 62.7)
  [λ=0.04 seed=2] step 2300 ep10 | loss +0.036 | orig 0.996 pruned 0.996 | pruned% h1= 68.0 h2= 57.7 (avg= 62.8)
  [λ=0.04 seed=2] step 2400 ep11 | loss +0.034 | orig 0.992 pruned 0.996 | pruned% h1= 68.5 h2= 57.7 (avg= 63.1)
  [λ=0.04 seed=2] step 2500 ep11 | loss +0.036 | orig 0.992 pruned 0.992 | pruned% h1= 69.1 h2= 57.9 (avg= 63.5)
  [λ=0.04 seed=2] step 2600 ep12 | loss +0.038 | orig 1.000 pruned 0.996 | pruned% h1= 69.1 h2= 57.9 (avg= 63.5)
  [λ=0.04 seed=2] step 2700 ep12 | loss +0.037 | orig 1.000 pruned 1.000 | pruned% h1= 69.2 h2= 58.2 (avg= 63.7)
  [λ=0.04 seed=2] step 2800 ep12 | loss +0.052 | orig 0.996 pruned 0.988 | pruned% h1= 69.3 h2= 58.2 (avg= 63.8)
  [λ=0.04 seed=2] step 2900 ep13 | loss +0.053 | orig 1.000 pruned 0.996 | pruned% h1= 69.4 h2= 58.2 (avg= 63.8)
  [λ=0.04 seed=2] step 3000 ep13 | loss +0.031 | orig 0.996 pruned 0.996 | pruned% h1= 69.4 h2= 58.2 (avg= 63.8)
  [λ=0.04 seed=2] step 3100 ep14 | loss +0.043 | orig 1.000 pruned 0.992 | pruned% h1= 69.5 h2= 58.2 (avg= 63.9)
  [λ=0.04 seed=2] step 3200 ep14 | loss +0.045 | orig 0.992 pruned 0.992 | pruned% h1= 69.5 h2= 58.2 (avg= 63.9)
  [λ=0.04 seed=2] step 3300 ep15 | loss +0.057 | orig 1.000 pruned 0.992 | pruned% h1= 69.5 h2= 58.2 (avg= 63.9)
  [λ=0.04 seed=2] step 3400 ep15 | loss +0.039 | orig 0.992 pruned 0.992 | pruned% h1= 69.6 h2= 58.2 (avg= 63.9)
  [λ=0.04 seed=2] step 3500 ep15 | loss +0.036 | orig 1.000 pruned 0.996 | pruned% h1= 69.6 h2= 58.2 (avg= 63.9)
  → [λ=0.04 seed=2] final keep 0.361  pruned 63.92%  | per-layer kept [311, 428]/[1024, 1024]  | orig→pruned test acc 98.06→97.88%  | 102s

── λ=0.06 seed=0 ── pruner params: 612,611
  [λ=0.06 seed=0] step  100 ep1 | loss +0.025 | orig 0.992 pruned 0.992 | pruned% h1= 25.4 h2= 54.8 (avg= 40.1)
  [λ=0.06 seed=0] step  200 ep1 | loss +0.061 | orig 0.992 pruned 0.988 | pruned% h1= 37.9 h2= 58.5 (avg= 48.2)
  [λ=0.06 seed=0] step  300 ep2 | loss +0.046 | orig 0.992 pruned 0.988 | pruned% h1= 50.6 h2= 57.3 (avg= 54.0)
  [λ=0.06 seed=0] step  400 ep2 | loss +0.055 | orig 0.996 pruned 0.988 | pruned% h1= 56.2 h2= 58.9 (avg= 57.6)
  [λ=0.06 seed=0] step  500 ep3 | loss +0.030 | orig 0.992 pruned 0.984 | pruned% h1= 60.6 h2= 60.4 (avg= 60.5)
  [λ=0.06 seed=0] step  600 ep3 | loss +0.055 | orig 0.992 pruned 0.992 | pruned% h1= 61.9 h2= 61.2 (avg= 61.6)
  [λ=0.06 seed=0] step  700 ep3 | loss +0.053 | orig 0.992 pruned 0.988 | pruned% h1= 63.1 h2= 61.3 (avg= 62.2)
  [λ=0.06 seed=0] step  800 ep4 | loss +0.062 | orig 0.988 pruned 0.988 | pruned% h1= 64.4 h2= 62.0 (avg= 63.2)
  [λ=0.06 seed=0] step  900 ep4 | loss +0.048 | orig 0.996 pruned 0.992 | pruned% h1= 64.6 h2= 62.5 (avg= 63.6)
  [λ=0.06 seed=0] step 1000 ep5 | loss +0.048 | orig 0.992 pruned 0.992 | pruned% h1= 66.3 h2= 62.8 (avg= 64.6)
  [λ=0.06 seed=0] step 1100 ep5 | loss +0.052 | orig 0.996 pruned 0.996 | pruned% h1= 67.1 h2= 62.9 (avg= 65.0)
  [λ=0.06 seed=0] step 1200 ep6 | loss +0.082 | orig 0.992 pruned 0.973 | pruned% h1= 67.4 h2= 63.1 (avg= 65.2)
  [λ=0.06 seed=0] step 1300 ep6 | loss +0.050 | orig 0.992 pruned 0.988 | pruned% h1= 67.8 h2= 63.2 (avg= 65.5)
  [λ=0.06 seed=0] step 1400 ep6 | loss +0.065 | orig 1.000 pruned 0.996 | pruned% h1= 67.9 h2= 63.2 (avg= 65.5)
  [λ=0.06 seed=0] step 1500 ep7 | loss +0.047 | orig 1.000 pruned 0.996 | pruned% h1= 68.2 h2= 63.3 (avg= 65.7)
  [λ=0.06 seed=0] step 1600 ep7 | loss +0.049 | orig 0.996 pruned 0.992 | pruned% h1= 68.8 h2= 63.5 (avg= 66.1)
  [λ=0.06 seed=0] step 1700 ep8 | loss +0.062 | orig 0.996 pruned 0.992 | pruned% h1= 69.4 h2= 63.5 (avg= 66.5)
  [λ=0.06 seed=0] step 1800 ep8 | loss +0.057 | orig 0.996 pruned 0.980 | pruned% h1= 69.5 h2= 63.5 (avg= 66.5)
  [λ=0.06 seed=0] step 1900 ep9 | loss +0.067 | orig 1.000 pruned 0.984 | pruned% h1= 69.9 h2= 63.5 (avg= 66.7)
  [λ=0.06 seed=0] step 2000 ep9 | loss +0.049 | orig 0.996 pruned 0.988 | pruned% h1= 70.6 h2= 63.5 (avg= 67.0)
  [λ=0.06 seed=0] step 2100 ep9 | loss +0.039 | orig 0.984 pruned 0.996 | pruned% h1= 70.6 h2= 63.5 (avg= 67.0)
  [λ=0.06 seed=0] step 2200 ep10 | loss +0.049 | orig 0.996 pruned 0.992 | pruned% h1= 70.7 h2= 63.5 (avg= 67.1)
  [λ=0.06 seed=0] step 2300 ep10 | loss +0.066 | orig 0.988 pruned 0.984 | pruned% h1= 71.0 h2= 63.5 (avg= 67.2)
  [λ=0.06 seed=0] step 2400 ep11 | loss +0.046 | orig 1.000 pruned 0.996 | pruned% h1= 71.2 h2= 63.5 (avg= 67.3)
  [λ=0.06 seed=0] step 2500 ep11 | loss +0.059 | orig 0.996 pruned 0.988 | pruned% h1= 71.3 h2= 63.5 (avg= 67.4)
  [λ=0.06 seed=0] step 2600 ep12 | loss +0.040 | orig 1.000 pruned 1.000 | pruned% h1= 71.3 h2= 63.5 (avg= 67.4)
  [λ=0.06 seed=0] step 2700 ep12 | loss +0.071 | orig 1.000 pruned 0.988 | pruned% h1= 71.6 h2= 63.5 (avg= 67.5)
  [λ=0.06 seed=0] step 2800 ep12 | loss +0.042 | orig 0.996 pruned 0.996 | pruned% h1= 71.6 h2= 63.5 (avg= 67.5)
  [λ=0.06 seed=0] step 2900 ep13 | loss +0.038 | orig 0.992 pruned 0.992 | pruned% h1= 71.7 h2= 63.5 (avg= 67.6)
  [λ=0.06 seed=0] step 3000 ep13 | loss +0.072 | orig 1.000 pruned 0.980 | pruned% h1= 71.7 h2= 63.5 (avg= 67.6)
  [λ=0.06 seed=0] step 3100 ep14 | loss +0.050 | orig 0.988 pruned 0.980 | pruned% h1= 71.7 h2= 63.5 (avg= 67.6)
  [λ=0.06 seed=0] step 3200 ep14 | loss +0.059 | orig 0.996 pruned 0.996 | pruned% h1= 71.7 h2= 63.5 (avg= 67.6)
  [λ=0.06 seed=0] step 3300 ep15 | loss +0.051 | orig 0.996 pruned 0.996 | pruned% h1= 71.7 h2= 63.5 (avg= 67.6)
  [λ=0.06 seed=0] step 3400 ep15 | loss +0.041 | orig 0.992 pruned 0.992 | pruned% h1= 71.7 h2= 63.5 (avg= 67.6)
  [λ=0.06 seed=0] step 3500 ep15 | loss +0.062 | orig 1.000 pruned 0.992 | pruned% h1= 71.7 h2= 63.5 (avg= 67.6)
  → [λ=0.06 seed=0] final keep 0.324  pruned 67.58%  | per-layer kept [290, 374]/[1024, 1024]  | orig→pruned test acc 98.06→97.74%  | 96s

── λ=0.06 seed=1 ── pruner params: 612,611
  [λ=0.06 seed=1] step  100 ep1 | loss +0.049 | orig 1.000 pruned 1.000 | pruned% h1=  7.8 h2= 60.1 (avg= 33.9)
  [λ=0.06 seed=1] step  200 ep1 | loss +0.048 | orig 0.996 pruned 0.992 | pruned% h1= 27.6 h2= 63.3 (avg= 45.5)
  [λ=0.06 seed=1] step  300 ep2 | loss +0.054 | orig 0.996 pruned 0.996 | pruned% h1= 47.7 h2= 64.1 (avg= 55.9)
  [λ=0.06 seed=1] step  400 ep2 | loss +0.040 | orig 1.000 pruned 0.996 | pruned% h1= 54.9 h2= 65.8 (avg= 60.4)
  [λ=0.06 seed=1] step  500 ep3 | loss +0.060 | orig 0.988 pruned 0.988 | pruned% h1= 58.3 h2= 66.3 (avg= 62.3)
  [λ=0.06 seed=1] step  600 ep3 | loss +0.048 | orig 0.996 pruned 0.996 | pruned% h1= 60.6 h2= 66.5 (avg= 63.6)
  [λ=0.06 seed=1] step  700 ep3 | loss +0.041 | orig 0.988 pruned 0.996 | pruned% h1= 63.8 h2= 67.3 (avg= 65.5)
  [λ=0.06 seed=1] step  800 ep4 | loss +0.048 | orig 0.992 pruned 0.988 | pruned% h1= 64.3 h2= 67.4 (avg= 65.8)
  [λ=0.06 seed=1] step  900 ep4 | loss +0.048 | orig 0.996 pruned 0.988 | pruned% h1= 65.2 h2= 67.5 (avg= 66.4)
  [λ=0.06 seed=1] step 1000 ep5 | loss +0.037 | orig 0.996 pruned 0.996 | pruned% h1= 66.1 h2= 67.7 (avg= 66.9)
  [λ=0.06 seed=1] step 1100 ep5 | loss +0.052 | orig 1.000 pruned 1.000 | pruned% h1= 66.0 h2= 67.7 (avg= 66.8)
  [λ=0.06 seed=1] step 1200 ep6 | loss +0.062 | orig 1.000 pruned 0.992 | pruned% h1= 66.3 h2= 67.9 (avg= 67.1)
  [λ=0.06 seed=1] step 1300 ep6 | loss +0.037 | orig 0.996 pruned 0.992 | pruned% h1= 67.0 h2= 67.9 (avg= 67.4)
  [λ=0.06 seed=1] step 1400 ep6 | loss +0.056 | orig 0.996 pruned 0.984 | pruned% h1= 67.2 h2= 67.9 (avg= 67.5)
  [λ=0.06 seed=1] step 1500 ep7 | loss +0.071 | orig 0.996 pruned 0.988 | pruned% h1= 67.3 h2= 67.9 (avg= 67.6)
  [λ=0.06 seed=1] step 1600 ep7 | loss +0.036 | orig 0.992 pruned 0.996 | pruned% h1= 67.7 h2= 67.9 (avg= 67.8)
  [λ=0.06 seed=1] step 1700 ep8 | loss +0.048 | orig 1.000 pruned 1.000 | pruned% h1= 67.8 h2= 67.9 (avg= 67.8)
  [λ=0.06 seed=1] step 1800 ep8 | loss +0.044 | orig 1.000 pruned 0.996 | pruned% h1= 67.9 h2= 68.0 (avg= 67.9)
  [λ=0.06 seed=1] step 1900 ep9 | loss +0.047 | orig 0.996 pruned 0.996 | pruned% h1= 68.0 h2= 68.0 (avg= 68.0)
  [λ=0.06 seed=1] step 2000 ep9 | loss +0.019 | orig 0.996 pruned 0.996 | pruned% h1= 68.1 h2= 68.0 (avg= 68.0)
  [λ=0.06 seed=1] step 2100 ep9 | loss +0.034 | orig 0.984 pruned 0.992 | pruned% h1= 68.1 h2= 68.0 (avg= 68.0)
  [λ=0.06 seed=1] step 2200 ep10 | loss +0.060 | orig 1.000 pruned 0.992 | pruned% h1= 68.5 h2= 68.0 (avg= 68.2)
  [λ=0.06 seed=1] step 2300 ep10 | loss +0.035 | orig 0.992 pruned 0.992 | pruned% h1= 68.5 h2= 68.0 (avg= 68.2)
  [λ=0.06 seed=1] step 2400 ep11 | loss +0.044 | orig 0.996 pruned 0.996 | pruned% h1= 68.8 h2= 68.0 (avg= 68.4)
  [λ=0.06 seed=1] step 2500 ep11 | loss +0.037 | orig 0.992 pruned 0.996 | pruned% h1= 68.8 h2= 68.1 (avg= 68.5)
  [λ=0.06 seed=1] step 2600 ep12 | loss +0.020 | orig 0.996 pruned 1.000 | pruned% h1= 68.8 h2= 68.1 (avg= 68.5)
  [λ=0.06 seed=1] step 2700 ep12 | loss +0.068 | orig 1.000 pruned 0.988 | pruned% h1= 68.8 h2= 68.1 (avg= 68.5)
  [λ=0.06 seed=1] step 2800 ep12 | loss +0.043 | orig 0.992 pruned 0.996 | pruned% h1= 68.9 h2= 68.2 (avg= 68.6)
  [λ=0.06 seed=1] step 2900 ep13 | loss +0.049 | orig 0.996 pruned 0.992 | pruned% h1= 69.0 h2= 68.2 (avg= 68.6)
  [λ=0.06 seed=1] step 3000 ep13 | loss +0.067 | orig 0.992 pruned 0.984 | pruned% h1= 69.0 h2= 68.3 (avg= 68.7)
  [λ=0.06 seed=1] step 3100 ep14 | loss +0.047 | orig 0.992 pruned 0.992 | pruned% h1= 69.1 h2= 68.3 (avg= 68.7)
  [λ=0.06 seed=1] step 3200 ep14 | loss +0.041 | orig 0.992 pruned 0.996 | pruned% h1= 69.2 h2= 68.3 (avg= 68.8)
  [λ=0.06 seed=1] step 3300 ep15 | loss +0.019 | orig 0.996 pruned 0.992 | pruned% h1= 69.4 h2= 68.3 (avg= 68.8)
  [λ=0.06 seed=1] step 3400 ep15 | loss +0.054 | orig 1.000 pruned 0.996 | pruned% h1= 69.4 h2= 68.3 (avg= 68.8)
  [λ=0.06 seed=1] step 3500 ep15 | loss +0.019 | orig 0.992 pruned 0.992 | pruned% h1= 69.4 h2= 68.3 (avg= 68.8)
  → [λ=0.06 seed=1] final keep 0.312  pruned 68.85%  | per-layer kept [313, 325]/[1024, 1024]  | orig→pruned test acc 98.06→97.74%  | 102s

── λ=0.06 seed=2 ── pruner params: 612,611
  [λ=0.06 seed=2] step  100 ep1 | loss +0.039 | orig 0.996 pruned 0.996 | pruned% h1= 41.5 h2= 41.9 (avg= 41.7)
  [λ=0.06 seed=2] step  200 ep1 | loss +0.087 | orig 0.988 pruned 0.973 | pruned% h1= 44.5 h2= 55.7 (avg= 50.1)
  [λ=0.06 seed=2] step  300 ep2 | loss +0.036 | orig 0.996 pruned 0.996 | pruned% h1= 55.7 h2= 58.7 (avg= 57.2)
  [λ=0.06 seed=2] step  400 ep2 | loss +0.042 | orig 0.988 pruned 0.996 | pruned% h1= 57.5 h2= 58.2 (avg= 57.9)
  [λ=0.06 seed=2] step  500 ep3 | loss +0.054 | orig 0.992 pruned 0.984 | pruned% h1= 60.8 h2= 60.8 (avg= 60.8)
  [λ=0.06 seed=2] step  600 ep3 | loss +0.014 | orig 0.988 pruned 0.992 | pruned% h1= 61.7 h2= 61.4 (avg= 61.6)
  [λ=0.06 seed=2] step  700 ep3 | loss +0.039 | orig 0.996 pruned 1.000 | pruned% h1= 63.7 h2= 61.8 (avg= 62.7)
  [λ=0.06 seed=2] step  800 ep4 | loss +0.032 | orig 0.984 pruned 0.996 | pruned% h1= 65.0 h2= 62.2 (avg= 63.6)
  [λ=0.06 seed=2] step  900 ep4 | loss +0.038 | orig 0.996 pruned 0.988 | pruned% h1= 66.8 h2= 62.5 (avg= 64.6)
  [λ=0.06 seed=2] step 1000 ep5 | loss +0.035 | orig 0.988 pruned 0.996 | pruned% h1= 67.6 h2= 62.7 (avg= 65.1)
  [λ=0.06 seed=2] step 1100 ep5 | loss +0.049 | orig 0.992 pruned 0.996 | pruned% h1= 68.8 h2= 63.0 (avg= 65.9)
  [λ=0.06 seed=2] step 1200 ep6 | loss +0.043 | orig 0.992 pruned 0.992 | pruned% h1= 68.8 h2= 63.1 (avg= 66.0)
  [λ=0.06 seed=2] step 1300 ep6 | loss +0.056 | orig 0.996 pruned 0.992 | pruned% h1= 69.1 h2= 63.2 (avg= 66.2)
  [λ=0.06 seed=2] step 1400 ep6 | loss +0.054 | orig 0.988 pruned 0.988 | pruned% h1= 69.4 h2= 63.2 (avg= 66.3)
  [λ=0.06 seed=2] step 1500 ep7 | loss +0.043 | orig 0.992 pruned 0.988 | pruned% h1= 69.6 h2= 63.2 (avg= 66.4)
  [λ=0.06 seed=2] step 1600 ep7 | loss +0.056 | orig 0.992 pruned 0.988 | pruned% h1= 69.9 h2= 63.2 (avg= 66.6)
  [λ=0.06 seed=2] step 1700 ep8 | loss +0.059 | orig 0.996 pruned 0.996 | pruned% h1= 70.0 h2= 63.2 (avg= 66.6)
  [λ=0.06 seed=2] step 1800 ep8 | loss +0.053 | orig 0.988 pruned 0.988 | pruned% h1= 70.2 h2= 63.2 (avg= 66.7)
  [λ=0.06 seed=2] step 1900 ep9 | loss +0.058 | orig 1.000 pruned 0.992 | pruned% h1= 70.2 h2= 63.2 (avg= 66.7)
  [λ=0.06 seed=2] step 2000 ep9 | loss +0.063 | orig 1.000 pruned 0.988 | pruned% h1= 70.2 h2= 63.3 (avg= 66.7)
  [λ=0.06 seed=2] step 2100 ep9 | loss +0.064 | orig 1.000 pruned 0.992 | pruned% h1= 70.2 h2= 63.3 (avg= 66.7)
  [λ=0.06 seed=2] step 2200 ep10 | loss +0.051 | orig 0.996 pruned 0.996 | pruned% h1= 70.4 h2= 63.3 (avg= 66.8)
  [λ=0.06 seed=2] step 2300 ep10 | loss +0.054 | orig 0.996 pruned 0.992 | pruned% h1= 70.5 h2= 63.3 (avg= 66.9)
  [λ=0.06 seed=2] step 2400 ep11 | loss +0.059 | orig 0.992 pruned 0.984 | pruned% h1= 70.7 h2= 63.3 (avg= 67.0)
  [λ=0.06 seed=2] step 2500 ep11 | loss +0.056 | orig 0.992 pruned 0.988 | pruned% h1= 70.7 h2= 63.3 (avg= 67.0)
  [λ=0.06 seed=2] step 2600 ep12 | loss +0.055 | orig 1.000 pruned 0.992 | pruned% h1= 70.8 h2= 63.3 (avg= 67.0)
  [λ=0.06 seed=2] step 2700 ep12 | loss +0.051 | orig 1.000 pruned 1.000 | pruned% h1= 71.0 h2= 63.3 (avg= 67.1)
  [λ=0.06 seed=2] step 2800 ep12 | loss +0.066 | orig 0.996 pruned 0.988 | pruned% h1= 71.0 h2= 63.3 (avg= 67.1)
  [λ=0.06 seed=2] step 2900 ep13 | loss +0.082 | orig 1.000 pruned 0.992 | pruned% h1= 71.1 h2= 63.3 (avg= 67.2)
  [λ=0.06 seed=2] step 3000 ep13 | loss +0.061 | orig 0.996 pruned 0.988 | pruned% h1= 71.1 h2= 63.3 (avg= 67.2)
  [λ=0.06 seed=2] step 3100 ep14 | loss +0.057 | orig 1.000 pruned 0.996 | pruned% h1= 71.1 h2= 63.3 (avg= 67.2)
  [λ=0.06 seed=2] step 3200 ep14 | loss +0.067 | orig 0.992 pruned 0.988 | pruned% h1= 71.1 h2= 63.3 (avg= 67.2)
  [λ=0.06 seed=2] step 3300 ep15 | loss +0.063 | orig 1.000 pruned 0.992 | pruned% h1= 71.2 h2= 63.3 (avg= 67.2)
  [λ=0.06 seed=2] step 3400 ep15 | loss +0.052 | orig 0.992 pruned 0.988 | pruned% h1= 71.4 h2= 63.3 (avg= 67.3)
  [λ=0.06 seed=2] step 3500 ep15 | loss +0.058 | orig 1.000 pruned 0.992 | pruned% h1= 71.4 h2= 63.3 (avg= 67.3)
  → [λ=0.06 seed=2] final keep 0.327  pruned 67.33%  | per-layer kept [293, 376]/[1024, 1024]  | orig→pruned test acc 98.06→97.79%  | 94s

── λ=0.08 seed=0 ── pruner params: 612,611
  [λ=0.08 seed=0] step  100 ep1 | loss +0.042 | orig 0.992 pruned 0.988 | pruned% h1= 44.9 h2= 50.1 (avg= 47.5)
  [λ=0.08 seed=0] step  200 ep1 | loss +0.088 | orig 0.992 pruned 0.988 | pruned% h1= 57.0 h2= 55.2 (avg= 56.1)
  [λ=0.08 seed=0] step  300 ep2 | loss +0.073 | orig 0.992 pruned 0.969 | pruned% h1= 59.6 h2= 57.8 (avg= 58.7)
  [λ=0.08 seed=0] step  400 ep2 | loss +0.066 | orig 0.996 pruned 0.996 | pruned% h1= 63.1 h2= 60.0 (avg= 61.5)
  [λ=0.08 seed=0] step  500 ep3 | loss +0.047 | orig 0.992 pruned 0.992 | pruned% h1= 66.8 h2= 60.8 (avg= 63.8)
  [λ=0.08 seed=0] step  600 ep3 | loss +0.075 | orig 0.992 pruned 0.980 | pruned% h1= 68.4 h2= 61.5 (avg= 64.9)
  [λ=0.08 seed=0] step  700 ep3 | loss +0.066 | orig 0.992 pruned 0.977 | pruned% h1= 69.3 h2= 61.6 (avg= 65.5)
  [λ=0.08 seed=0] step  800 ep4 | loss +0.072 | orig 0.988 pruned 0.984 | pruned% h1= 70.0 h2= 61.7 (avg= 65.9)
  [λ=0.08 seed=0] step  900 ep4 | loss +0.073 | orig 0.996 pruned 0.988 | pruned% h1= 70.1 h2= 61.9 (avg= 66.0)
  [λ=0.08 seed=0] step 1000 ep5 | loss +0.057 | orig 0.992 pruned 0.992 | pruned% h1= 70.7 h2= 62.3 (avg= 66.5)
  [λ=0.08 seed=0] step 1100 ep5 | loss +0.073 | orig 0.996 pruned 0.996 | pruned% h1= 71.1 h2= 62.3 (avg= 66.7)
  [λ=0.08 seed=0] step 1200 ep6 | loss +0.101 | orig 0.992 pruned 0.973 | pruned% h1= 71.3 h2= 62.4 (avg= 66.8)
  [λ=0.08 seed=0] step 1300 ep6 | loss +0.073 | orig 0.992 pruned 0.992 | pruned% h1= 71.4 h2= 62.4 (avg= 66.9)
  [λ=0.08 seed=0] step 1400 ep6 | loss +0.101 | orig 1.000 pruned 0.988 | pruned% h1= 71.4 h2= 62.6 (avg= 67.0)
  [λ=0.08 seed=0] step 1500 ep7 | loss +0.070 | orig 1.000 pruned 0.988 | pruned% h1= 71.5 h2= 62.6 (avg= 67.0)
  [λ=0.08 seed=0] step 1600 ep7 | loss +0.070 | orig 0.996 pruned 0.988 | pruned% h1= 71.7 h2= 62.7 (avg= 67.2)
  [λ=0.08 seed=0] step 1700 ep8 | loss +0.075 | orig 0.996 pruned 0.992 | pruned% h1= 72.2 h2= 62.7 (avg= 67.4)
  [λ=0.08 seed=0] step 1800 ep8 | loss +0.073 | orig 0.996 pruned 0.977 | pruned% h1= 72.2 h2= 62.9 (avg= 67.5)
  [λ=0.08 seed=0] step 1900 ep9 | loss +0.074 | orig 1.000 pruned 0.992 | pruned% h1= 72.3 h2= 62.9 (avg= 67.6)
  [λ=0.08 seed=0] step 2000 ep9 | loss +0.063 | orig 0.996 pruned 0.988 | pruned% h1= 72.3 h2= 62.9 (avg= 67.6)
  [λ=0.08 seed=0] step 2100 ep9 | loss +0.049 | orig 0.984 pruned 0.996 | pruned% h1= 72.5 h2= 62.9 (avg= 67.7)
  [λ=0.08 seed=0] step 2200 ep10 | loss +0.060 | orig 0.996 pruned 0.992 | pruned% h1= 72.5 h2= 62.9 (avg= 67.7)
  [λ=0.08 seed=0] step 2300 ep10 | loss +0.090 | orig 0.988 pruned 0.980 | pruned% h1= 72.8 h2= 62.9 (avg= 67.8)
  [λ=0.08 seed=0] step 2400 ep11 | loss +0.060 | orig 1.000 pruned 1.000 | pruned% h1= 73.1 h2= 62.9 (avg= 68.0)
  [λ=0.08 seed=0] step 2500 ep11 | loss +0.076 | orig 0.996 pruned 0.988 | pruned% h1= 73.2 h2= 62.9 (avg= 68.1)
  [λ=0.08 seed=0] step 2600 ep12 | loss +0.051 | orig 1.000 pruned 1.000 | pruned% h1= 73.2 h2= 62.9 (avg= 68.1)
  [λ=0.08 seed=0] step 2700 ep12 | loss +0.070 | orig 1.000 pruned 0.992 | pruned% h1= 73.4 h2= 62.9 (avg= 68.2)
  [λ=0.08 seed=0] step 2800 ep12 | loss +0.056 | orig 0.996 pruned 1.000 | pruned% h1= 73.4 h2= 62.9 (avg= 68.2)
  [λ=0.08 seed=0] step 2900 ep13 | loss +0.055 | orig 0.992 pruned 0.984 | pruned% h1= 73.5 h2= 62.9 (avg= 68.2)
  [λ=0.08 seed=0] step 3000 ep13 | loss +0.080 | orig 1.000 pruned 0.992 | pruned% h1= 73.5 h2= 62.9 (avg= 68.2)
  [λ=0.08 seed=0] step 3100 ep14 | loss +0.076 | orig 0.988 pruned 0.980 | pruned% h1= 73.6 h2= 62.9 (avg= 68.3)
  [λ=0.08 seed=0] step 3200 ep14 | loss +0.080 | orig 0.996 pruned 0.992 | pruned% h1= 73.7 h2= 62.9 (avg= 68.3)
  [λ=0.08 seed=0] step 3300 ep15 | loss +0.074 | orig 0.996 pruned 0.992 | pruned% h1= 73.7 h2= 62.9 (avg= 68.3)
  [λ=0.08 seed=0] step 3400 ep15 | loss +0.064 | orig 0.992 pruned 0.988 | pruned% h1= 73.7 h2= 63.0 (avg= 68.4)
  [λ=0.08 seed=0] step 3500 ep15 | loss +0.087 | orig 1.000 pruned 0.984 | pruned% h1= 73.7 h2= 63.0 (avg= 68.4)
  → [λ=0.08 seed=0] final keep 0.316  pruned 68.36%  | per-layer kept [269, 379]/[1024, 1024]  | orig→pruned test acc 98.06→97.29%  | 99s

── λ=0.08 seed=1 ── pruner params: 612,611
  [λ=0.08 seed=1] step  100 ep1 | loss +0.062 | orig 1.000 pruned 1.000 | pruned% h1= 25.7 h2= 60.0 (avg= 42.8)
  [λ=0.08 seed=1] step  200 ep1 | loss +0.070 | orig 0.996 pruned 0.992 | pruned% h1= 51.4 h2= 63.2 (avg= 57.3)
  [λ=0.08 seed=1] step  300 ep2 | loss +0.074 | orig 0.996 pruned 0.992 | pruned% h1= 59.6 h2= 64.5 (avg= 62.0)
  [λ=0.08 seed=1] step  400 ep2 | loss +0.057 | orig 1.000 pruned 0.996 | pruned% h1= 61.7 h2= 65.6 (avg= 63.7)
  [λ=0.08 seed=1] step  500 ep3 | loss +0.082 | orig 0.988 pruned 0.980 | pruned% h1= 63.5 h2= 66.0 (avg= 64.7)
  [λ=0.08 seed=1] step  600 ep3 | loss +0.067 | orig 0.996 pruned 0.992 | pruned% h1= 65.6 h2= 66.7 (avg= 66.2)
  [λ=0.08 seed=1] step  700 ep3 | loss +0.058 | orig 0.988 pruned 0.992 | pruned% h1= 67.0 h2= 66.9 (avg= 66.9)
  [λ=0.08 seed=1] step  800 ep4 | loss +0.068 | orig 0.992 pruned 0.988 | pruned% h1= 67.6 h2= 67.1 (avg= 67.3)
  [λ=0.08 seed=1] step  900 ep4 | loss +0.057 | orig 0.996 pruned 0.992 | pruned% h1= 68.3 h2= 67.1 (avg= 67.7)
  [λ=0.08 seed=1] step 1000 ep5 | loss +0.046 | orig 0.996 pruned 0.992 | pruned% h1= 68.8 h2= 67.1 (avg= 68.0)
  [λ=0.08 seed=1] step 1100 ep5 | loss +0.065 | orig 1.000 pruned 0.996 | pruned% h1= 69.4 h2= 67.2 (avg= 68.3)
  [λ=0.08 seed=1] step 1200 ep6 | loss +0.090 | orig 1.000 pruned 0.977 | pruned% h1= 69.8 h2= 67.3 (avg= 68.6)
  [λ=0.08 seed=1] step 1300 ep6 | loss +0.054 | orig 0.996 pruned 0.984 | pruned% h1= 70.5 h2= 67.5 (avg= 69.0)
  [λ=0.08 seed=1] step 1400 ep6 | loss +0.078 | orig 0.996 pruned 0.984 | pruned% h1= 70.8 h2= 67.5 (avg= 69.1)
  [λ=0.08 seed=1] step 1500 ep7 | loss +0.088 | orig 0.996 pruned 0.980 | pruned% h1= 70.9 h2= 67.5 (avg= 69.2)
  [λ=0.08 seed=1] step 1600 ep7 | loss +0.067 | orig 0.992 pruned 0.984 | pruned% h1= 71.1 h2= 67.5 (avg= 69.3)
  [λ=0.08 seed=1] step 1700 ep8 | loss +0.066 | orig 1.000 pruned 0.996 | pruned% h1= 71.4 h2= 67.5 (avg= 69.4)
  [λ=0.08 seed=1] step 1800 ep8 | loss +0.058 | orig 1.000 pruned 0.992 | pruned% h1= 71.5 h2= 67.5 (avg= 69.5)
  [λ=0.08 seed=1] step 1900 ep9 | loss +0.071 | orig 0.996 pruned 0.988 | pruned% h1= 71.8 h2= 67.5 (avg= 69.6)
  [λ=0.08 seed=1] step 2000 ep9 | loss +0.035 | orig 0.996 pruned 0.992 | pruned% h1= 71.9 h2= 67.5 (avg= 69.7)
  [λ=0.08 seed=1] step 2100 ep9 | loss +0.054 | orig 0.984 pruned 0.992 | pruned% h1= 72.1 h2= 67.5 (avg= 69.8)
  [λ=0.08 seed=1] step 2200 ep10 | loss +0.078 | orig 1.000 pruned 0.988 | pruned% h1= 72.2 h2= 67.5 (avg= 69.8)
  [λ=0.08 seed=1] step 2300 ep10 | loss +0.061 | orig 0.992 pruned 0.988 | pruned% h1= 72.4 h2= 67.5 (avg= 69.9)
  [λ=0.08 seed=1] step 2400 ep11 | loss +0.069 | orig 0.996 pruned 0.996 | pruned% h1= 72.5 h2= 67.5 (avg= 70.0)
  [λ=0.08 seed=1] step 2500 ep11 | loss +0.055 | orig 0.992 pruned 0.992 | pruned% h1= 72.7 h2= 67.5 (avg= 70.1)
  [λ=0.08 seed=1] step 2600 ep12 | loss +0.038 | orig 0.996 pruned 0.992 | pruned% h1= 72.7 h2= 67.5 (avg= 70.1)
  [λ=0.08 seed=1] step 2700 ep12 | loss +0.085 | orig 1.000 pruned 0.984 | pruned% h1= 72.7 h2= 67.5 (avg= 70.1)
  [λ=0.08 seed=1] step 2800 ep12 | loss +0.061 | orig 0.992 pruned 0.996 | pruned% h1= 72.8 h2= 67.5 (avg= 70.1)
  [λ=0.08 seed=1] step 2900 ep13 | loss +0.066 | orig 0.996 pruned 0.984 | pruned% h1= 72.9 h2= 67.5 (avg= 70.2)
  [λ=0.08 seed=1] step 3000 ep13 | loss +0.098 | orig 0.992 pruned 0.984 | pruned% h1= 72.9 h2= 67.5 (avg= 70.2)
  [λ=0.08 seed=1] step 3100 ep14 | loss +0.057 | orig 0.992 pruned 0.992 | pruned% h1= 72.9 h2= 67.5 (avg= 70.2)
  [λ=0.08 seed=1] step 3200 ep14 | loss +0.062 | orig 0.992 pruned 0.992 | pruned% h1= 73.0 h2= 67.5 (avg= 70.3)
  [λ=0.08 seed=1] step 3300 ep15 | loss +0.033 | orig 0.996 pruned 0.996 | pruned% h1= 73.0 h2= 67.5 (avg= 70.3)
  [λ=0.08 seed=1] step 3400 ep15 | loss +0.061 | orig 1.000 pruned 0.996 | pruned% h1= 73.0 h2= 67.5 (avg= 70.3)
  [λ=0.08 seed=1] step 3500 ep15 | loss +0.029 | orig 0.992 pruned 0.984 | pruned% h1= 73.0 h2= 67.5 (avg= 70.3)
  → [λ=0.08 seed=1] final keep 0.297  pruned 70.26%  | per-layer kept [276, 333]/[1024, 1024]  | orig→pruned test acc 98.06→97.68%  | 109s

── λ=0.08 seed=2 ── pruner params: 612,611
  [λ=0.08 seed=2] step  100 ep1 | loss +0.054 | orig 0.996 pruned 0.992 | pruned% h1= 43.4 h2= 51.4 (avg= 47.4)
  [λ=0.08 seed=2] step  200 ep1 | loss +0.105 | orig 0.988 pruned 0.977 | pruned% h1= 57.3 h2= 54.8 (avg= 56.1)
  [λ=0.08 seed=2] step  300 ep2 | loss +0.061 | orig 0.996 pruned 0.996 | pruned% h1= 63.3 h2= 60.0 (avg= 61.6)
  [λ=0.08 seed=2] step  400 ep2 | loss +0.054 | orig 0.988 pruned 0.996 | pruned% h1= 63.8 h2= 61.3 (avg= 62.5)
  [λ=0.08 seed=2] step  500 ep3 | loss +0.054 | orig 0.992 pruned 0.988 | pruned% h1= 68.2 h2= 61.8 (avg= 65.0)
  [λ=0.08 seed=2] step  600 ep3 | loss +0.020 | orig 0.988 pruned 1.000 | pruned% h1= 70.0 h2= 62.3 (avg= 66.2)
  [λ=0.08 seed=2] step  700 ep3 | loss +0.053 | orig 0.996 pruned 1.000 | pruned% h1= 71.4 h2= 62.8 (avg= 67.1)
  [λ=0.08 seed=2] step  800 ep4 | loss +0.033 | orig 0.984 pruned 0.992 | pruned% h1= 72.2 h2= 62.9 (avg= 67.5)
  [λ=0.08 seed=2] step  900 ep4 | loss +0.049 | orig 0.996 pruned 0.988 | pruned% h1= 72.6 h2= 62.9 (avg= 67.7)
  [λ=0.08 seed=2] step 1000 ep5 | loss +0.046 | orig 0.988 pruned 0.992 | pruned% h1= 72.8 h2= 62.9 (avg= 67.8)
  [λ=0.08 seed=2] step 1100 ep5 | loss +0.063 | orig 0.992 pruned 0.988 | pruned% h1= 73.0 h2= 62.9 (avg= 68.0)
  [λ=0.08 seed=2] step 1200 ep6 | loss +0.052 | orig 0.992 pruned 0.992 | pruned% h1= 73.0 h2= 62.9 (avg= 68.0)
  [λ=0.08 seed=2] step 1300 ep6 | loss +0.060 | orig 0.996 pruned 1.000 | pruned% h1= 73.2 h2= 63.0 (avg= 68.1)
  [λ=0.08 seed=2] step 1400 ep6 | loss +0.062 | orig 0.988 pruned 0.984 | pruned% h1= 73.2 h2= 63.1 (avg= 68.2)
  [λ=0.08 seed=2] step 1500 ep7 | loss +0.046 | orig 0.992 pruned 0.988 | pruned% h1= 73.3 h2= 63.1 (avg= 68.2)
  [λ=0.08 seed=2] step 1600 ep7 | loss +0.072 | orig 0.992 pruned 0.988 | pruned% h1= 73.7 h2= 63.1 (avg= 68.4)
  [λ=0.08 seed=2] step 1700 ep8 | loss +0.084 | orig 0.996 pruned 0.992 | pruned% h1= 74.2 h2= 63.2 (avg= 68.7)
  [λ=0.08 seed=2] step 1800 ep8 | loss +0.061 | orig 0.988 pruned 0.988 | pruned% h1= 74.2 h2= 63.2 (avg= 68.7)
  [λ=0.08 seed=2] step 1900 ep9 | loss +0.066 | orig 1.000 pruned 0.996 | pruned% h1= 74.4 h2= 63.2 (avg= 68.8)
  [λ=0.08 seed=2] step 2000 ep9 | loss +0.075 | orig 1.000 pruned 0.988 | pruned% h1= 74.4 h2= 63.2 (avg= 68.8)
  [λ=0.08 seed=2] step 2100 ep9 | loss +0.075 | orig 1.000 pruned 0.980 | pruned% h1= 74.6 h2= 63.2 (avg= 68.9)
  [λ=0.08 seed=2] step 2200 ep10 | loss +0.072 | orig 0.996 pruned 0.992 | pruned% h1= 74.6 h2= 63.2 (avg= 68.9)
  [λ=0.08 seed=2] step 2300 ep10 | loss +0.062 | orig 0.996 pruned 0.988 | pruned% h1= 74.7 h2= 63.2 (avg= 68.9)
  [λ=0.08 seed=2] step 2400 ep11 | loss +0.077 | orig 0.992 pruned 0.980 | pruned% h1= 75.0 h2= 63.2 (avg= 69.1)
  [λ=0.08 seed=2] step 2500 ep11 | loss +0.067 | orig 0.992 pruned 0.984 | pruned% h1= 75.1 h2= 63.2 (avg= 69.1)
  [λ=0.08 seed=2] step 2600 ep12 | loss +0.064 | orig 1.000 pruned 0.992 | pruned% h1= 75.2 h2= 63.2 (avg= 69.2)
  [λ=0.08 seed=2] step 2700 ep12 | loss +0.064 | orig 1.000 pruned 0.996 | pruned% h1= 75.2 h2= 63.2 (avg= 69.2)
  [λ=0.08 seed=2] step 2800 ep12 | loss +0.075 | orig 0.996 pruned 0.992 | pruned% h1= 75.3 h2= 63.2 (avg= 69.2)
  [λ=0.08 seed=2] step 2900 ep13 | loss +0.092 | orig 1.000 pruned 0.996 | pruned% h1= 75.3 h2= 63.2 (avg= 69.2)
  [λ=0.08 seed=2] step 3000 ep13 | loss +0.065 | orig 0.996 pruned 0.988 | pruned% h1= 75.4 h2= 63.2 (avg= 69.3)
  [λ=0.08 seed=2] step 3100 ep14 | loss +0.068 | orig 1.000 pruned 0.996 | pruned% h1= 75.4 h2= 63.2 (avg= 69.3)
  [λ=0.08 seed=2] step 3200 ep14 | loss +0.079 | orig 0.992 pruned 0.984 | pruned% h1= 75.6 h2= 63.2 (avg= 69.4)
  [λ=0.08 seed=2] step 3300 ep15 | loss +0.070 | orig 1.000 pruned 0.992 | pruned% h1= 75.6 h2= 63.2 (avg= 69.4)
  [λ=0.08 seed=2] step 3400 ep15 | loss +0.063 | orig 0.992 pruned 0.996 | pruned% h1= 75.6 h2= 63.2 (avg= 69.4)
  [λ=0.08 seed=2] step 3500 ep15 | loss +0.058 | orig 1.000 pruned 0.992 | pruned% h1= 75.7 h2= 63.2 (avg= 69.4)
  → [λ=0.08 seed=2] final keep 0.306  pruned 69.43%  | per-layer kept [249, 377]/[1024, 1024]  | orig→pruned test acc 98.06→97.60%  | 91s

── λ=0.1 seed=0 ── pruner params: 612,611
  [λ=0.1 seed=0] step  100 ep1 | loss +0.076 | orig 0.992 pruned 0.984 | pruned% h1= 56.3 h2= 48.6 (avg= 52.5)
  [λ=0.1 seed=0] step  200 ep1 | loss +0.101 | orig 0.992 pruned 0.984 | pruned% h1= 62.1 h2= 55.1 (avg= 58.6)
  [λ=0.1 seed=0] step  300 ep2 | loss +0.081 | orig 0.992 pruned 0.984 | pruned% h1= 66.7 h2= 58.2 (avg= 62.5)
  [λ=0.1 seed=0] step  400 ep2 | loss +0.077 | orig 0.996 pruned 0.992 | pruned% h1= 67.7 h2= 60.0 (avg= 63.8)
  [λ=0.1 seed=0] step  500 ep3 | loss +0.059 | orig 0.992 pruned 0.988 | pruned% h1= 69.6 h2= 60.9 (avg= 65.3)
  [λ=0.1 seed=0] step  600 ep3 | loss +0.095 | orig 0.992 pruned 0.980 | pruned% h1= 72.1 h2= 62.0 (avg= 67.0)
  [λ=0.1 seed=0] step  700 ep3 | loss +0.095 | orig 0.992 pruned 0.973 | pruned% h1= 72.7 h2= 62.6 (avg= 67.6)
  [λ=0.1 seed=0] step  800 ep4 | loss +0.101 | orig 0.988 pruned 0.984 | pruned% h1= 73.1 h2= 62.9 (avg= 68.0)
  [λ=0.1 seed=0] step  900 ep4 | loss +0.093 | orig 0.996 pruned 0.988 | pruned% h1= 74.0 h2= 63.6 (avg= 68.8)
  [λ=0.1 seed=0] step 1000 ep5 | loss +0.085 | orig 0.992 pruned 0.992 | pruned% h1= 74.4 h2= 63.8 (avg= 69.1)
  [λ=0.1 seed=0] step 1100 ep5 | loss +0.095 | orig 0.996 pruned 0.988 | pruned% h1= 74.7 h2= 63.9 (avg= 69.3)
  [λ=0.1 seed=0] step 1200 ep6 | loss +0.137 | orig 0.992 pruned 0.973 | pruned% h1= 75.0 h2= 64.1 (avg= 69.5)
  [λ=0.1 seed=0] step 1300 ep6 | loss +0.092 | orig 0.992 pruned 0.984 | pruned% h1= 75.0 h2= 64.1 (avg= 69.5)
  [λ=0.1 seed=0] step 1400 ep6 | loss +0.114 | orig 1.000 pruned 0.984 | pruned% h1= 75.2 h2= 64.1 (avg= 69.6)
  [λ=0.1 seed=0] step 1500 ep7 | loss +0.106 | orig 1.000 pruned 0.984 | pruned% h1= 75.2 h2= 64.3 (avg= 69.7)
  [λ=0.1 seed=0] step 1600 ep7 | loss +0.098 | orig 0.996 pruned 0.984 | pruned% h1= 75.5 h2= 64.3 (avg= 69.9)
  [λ=0.1 seed=0] step 1700 ep8 | loss +0.105 | orig 0.996 pruned 0.988 | pruned% h1= 75.5 h2= 64.3 (avg= 69.9)
  [λ=0.1 seed=0] step 1800 ep8 | loss +0.085 | orig 0.996 pruned 0.980 | pruned% h1= 75.5 h2= 64.3 (avg= 69.9)
  [λ=0.1 seed=0] step 1900 ep9 | loss +0.092 | orig 1.000 pruned 0.984 | pruned% h1= 75.5 h2= 64.3 (avg= 69.9)
  [λ=0.1 seed=0] step 2000 ep9 | loss +0.075 | orig 0.996 pruned 0.988 | pruned% h1= 75.5 h2= 64.3 (avg= 69.9)
  [λ=0.1 seed=0] step 2100 ep9 | loss +0.077 | orig 0.984 pruned 0.988 | pruned% h1= 75.5 h2= 64.3 (avg= 69.9)
  [λ=0.1 seed=0] step 2200 ep10 | loss +0.073 | orig 0.996 pruned 0.992 | pruned% h1= 75.5 h2= 64.3 (avg= 69.9)
  [λ=0.1 seed=0] step 2300 ep10 | loss +0.129 | orig 0.988 pruned 0.961 | pruned% h1= 75.7 h2= 64.3 (avg= 70.0)
  [λ=0.1 seed=0] step 2400 ep11 | loss +0.073 | orig 1.000 pruned 0.996 | pruned% h1= 75.7 h2= 64.3 (avg= 70.0)
  [λ=0.1 seed=0] step 2500 ep11 | loss +0.085 | orig 0.996 pruned 0.992 | pruned% h1= 75.7 h2= 64.3 (avg= 70.0)
  [λ=0.1 seed=0] step 2600 ep12 | loss +0.070 | orig 1.000 pruned 1.000 | pruned% h1= 75.7 h2= 64.3 (avg= 70.0)
  [λ=0.1 seed=0] step 2700 ep12 | loss +0.082 | orig 1.000 pruned 1.000 | pruned% h1= 75.7 h2= 64.3 (avg= 70.0)
  [λ=0.1 seed=0] step 2800 ep12 | loss +0.069 | orig 0.996 pruned 0.988 | pruned% h1= 75.7 h2= 64.3 (avg= 70.0)
  [λ=0.1 seed=0] step 2900 ep13 | loss +0.073 | orig 0.992 pruned 0.988 | pruned% h1= 75.7 h2= 64.3 (avg= 70.0)
  [λ=0.1 seed=0] step 3000 ep13 | loss +0.090 | orig 1.000 pruned 0.988 | pruned% h1= 75.7 h2= 64.3 (avg= 70.0)
  [λ=0.1 seed=0] step 3100 ep14 | loss +0.066 | orig 0.988 pruned 0.992 | pruned% h1= 75.7 h2= 64.4 (avg= 70.0)
  [λ=0.1 seed=0] step 3200 ep14 | loss +0.103 | orig 0.996 pruned 0.980 | pruned% h1= 75.7 h2= 64.4 (avg= 70.0)
  [λ=0.1 seed=0] step 3300 ep15 | loss +0.082 | orig 0.996 pruned 0.988 | pruned% h1= 75.7 h2= 64.4 (avg= 70.0)
  [λ=0.1 seed=0] step 3400 ep15 | loss +0.083 | orig 0.992 pruned 0.984 | pruned% h1= 75.7 h2= 64.4 (avg= 70.0)
  [λ=0.1 seed=0] step 3500 ep15 | loss +0.104 | orig 1.000 pruned 0.977 | pruned% h1= 75.8 h2= 64.4 (avg= 70.1)
  → [λ=0.1 seed=0] final keep 0.299  pruned 70.07%  | per-layer kept [248, 365]/[1024, 1024]  | orig→pruned test acc 98.06→97.22%  | 104s

── λ=0.1 seed=1 ── pruner params: 612,611
  [λ=0.1 seed=1] step  100 ep1 | loss +0.071 | orig 1.000 pruned 1.000 | pruned% h1= 35.2 h2= 60.4 (avg= 47.8)
  [λ=0.1 seed=1] step  200 ep1 | loss +0.075 | orig 0.996 pruned 0.992 | pruned% h1= 57.4 h2= 63.6 (avg= 60.5)
  [λ=0.1 seed=1] step  300 ep2 | loss +0.088 | orig 0.996 pruned 0.988 | pruned% h1= 61.9 h2= 65.5 (avg= 63.7)
  [λ=0.1 seed=1] step  400 ep2 | loss +0.067 | orig 1.000 pruned 0.996 | pruned% h1= 65.1 h2= 65.9 (avg= 65.5)
  [λ=0.1 seed=1] step  500 ep3 | loss +0.088 | orig 0.988 pruned 0.984 | pruned% h1= 67.2 h2= 66.5 (avg= 66.8)
  [λ=0.1 seed=1] step  600 ep3 | loss +0.089 | orig 0.996 pruned 0.988 | pruned% h1= 68.1 h2= 66.8 (avg= 67.4)
  [λ=0.1 seed=1] step  700 ep3 | loss +0.068 | orig 0.988 pruned 0.988 | pruned% h1= 69.2 h2= 66.8 (avg= 68.0)
  [λ=0.1 seed=1] step  800 ep4 | loss +0.069 | orig 0.992 pruned 0.992 | pruned% h1= 70.6 h2= 67.0 (avg= 68.8)
  [λ=0.1 seed=1] step  900 ep4 | loss +0.068 | orig 0.996 pruned 0.992 | pruned% h1= 70.8 h2= 67.1 (avg= 68.9)
  [λ=0.1 seed=1] step 1000 ep5 | loss +0.058 | orig 0.996 pruned 0.992 | pruned% h1= 71.1 h2= 67.3 (avg= 69.2)
  [λ=0.1 seed=1] step 1100 ep5 | loss +0.083 | orig 1.000 pruned 0.996 | pruned% h1= 71.3 h2= 67.3 (avg= 69.3)
  [λ=0.1 seed=1] step 1200 ep6 | loss +0.099 | orig 1.000 pruned 0.977 | pruned% h1= 72.1 h2= 67.4 (avg= 69.7)
  [λ=0.1 seed=1] step 1300 ep6 | loss +0.061 | orig 0.996 pruned 0.992 | pruned% h1= 72.3 h2= 67.4 (avg= 69.8)
  [λ=0.1 seed=1] step 1400 ep6 | loss +0.078 | orig 0.996 pruned 0.984 | pruned% h1= 72.4 h2= 67.4 (avg= 69.9)
  [λ=0.1 seed=1] step 1500 ep7 | loss +0.102 | orig 0.996 pruned 0.980 | pruned% h1= 72.5 h2= 67.4 (avg= 69.9)
  [λ=0.1 seed=1] step 1600 ep7 | loss +0.069 | orig 0.992 pruned 1.000 | pruned% h1= 73.2 h2= 67.4 (avg= 70.3)
  [λ=0.1 seed=1] step 1700 ep8 | loss +0.079 | orig 1.000 pruned 1.000 | pruned% h1= 73.3 h2= 67.4 (avg= 70.4)
  [λ=0.1 seed=1] step 1800 ep8 | loss +0.075 | orig 1.000 pruned 0.996 | pruned% h1= 74.1 h2= 67.4 (avg= 70.8)
  [λ=0.1 seed=1] step 1900 ep9 | loss +0.092 | orig 0.996 pruned 0.973 | pruned% h1= 74.2 h2= 67.4 (avg= 70.8)
  [λ=0.1 seed=1] step 2000 ep9 | loss +0.057 | orig 0.996 pruned 0.984 | pruned% h1= 74.4 h2= 67.5 (avg= 70.9)
  [λ=0.1 seed=1] step 2100 ep9 | loss +0.067 | orig 0.984 pruned 0.984 | pruned% h1= 74.8 h2= 67.5 (avg= 71.1)
  [λ=0.1 seed=1] step 2200 ep10 | loss +0.096 | orig 1.000 pruned 0.984 | pruned% h1= 74.8 h2= 67.5 (avg= 71.1)
  [λ=0.1 seed=1] step 2300 ep10 | loss +0.073 | orig 0.992 pruned 0.988 | pruned% h1= 74.8 h2= 67.5 (avg= 71.1)
  [λ=0.1 seed=1] step 2400 ep11 | loss +0.080 | orig 0.996 pruned 0.988 | pruned% h1= 74.8 h2= 67.5 (avg= 71.1)
  [λ=0.1 seed=1] step 2500 ep11 | loss +0.076 | orig 0.992 pruned 0.988 | pruned% h1= 74.9 h2= 67.5 (avg= 71.2)
  [λ=0.1 seed=1] step 2600 ep12 | loss +0.055 | orig 0.996 pruned 0.992 | pruned% h1= 75.0 h2= 67.5 (avg= 71.2)
  [λ=0.1 seed=1] step 2700 ep12 | loss +0.091 | orig 1.000 pruned 0.984 | pruned% h1= 75.1 h2= 67.5 (avg= 71.3)
  [λ=0.1 seed=1] step 2800 ep12 | loss +0.084 | orig 0.992 pruned 0.992 | pruned% h1= 75.1 h2= 67.6 (avg= 71.3)
  [λ=0.1 seed=1] step 2900 ep13 | loss +0.080 | orig 0.996 pruned 0.992 | pruned% h1= 75.1 h2= 67.6 (avg= 71.3)
  [λ=0.1 seed=1] step 3000 ep13 | loss +0.122 | orig 0.992 pruned 0.988 | pruned% h1= 75.1 h2= 67.6 (avg= 71.3)
  [λ=0.1 seed=1] step 3100 ep14 | loss +0.065 | orig 0.992 pruned 0.992 | pruned% h1= 75.2 h2= 67.6 (avg= 71.4)
  [λ=0.1 seed=1] step 3200 ep14 | loss +0.087 | orig 0.992 pruned 0.980 | pruned% h1= 75.2 h2= 67.6 (avg= 71.4)
  [λ=0.1 seed=1] step 3300 ep15 | loss +0.049 | orig 0.996 pruned 0.988 | pruned% h1= 75.2 h2= 67.6 (avg= 71.4)
  [λ=0.1 seed=1] step 3400 ep15 | loss +0.082 | orig 1.000 pruned 0.996 | pruned% h1= 75.3 h2= 67.6 (avg= 71.4)
  [λ=0.1 seed=1] step 3500 ep15 | loss +0.067 | orig 0.992 pruned 0.988 | pruned% h1= 75.3 h2= 67.6 (avg= 71.4)
  → [λ=0.1 seed=1] final keep 0.286  pruned 71.44%  | per-layer kept [253, 332]/[1024, 1024]  | orig→pruned test acc 98.06→97.47%  | 101s

── λ=0.1 seed=2 ── pruner params: 612,611
  [λ=0.1 seed=2] step  100 ep1 | loss +0.079 | orig 0.996 pruned 0.988 | pruned% h1= 49.7 h2= 51.9 (avg= 50.8)
  [λ=0.1 seed=2] step  200 ep1 | loss +0.143 | orig 0.988 pruned 0.961 | pruned% h1= 58.2 h2= 56.2 (avg= 57.2)
  [λ=0.1 seed=2] step  300 ep2 | loss +0.077 | orig 0.996 pruned 0.984 | pruned% h1= 66.7 h2= 60.5 (avg= 63.6)
  [λ=0.1 seed=2] step  400 ep2 | loss +0.080 | orig 0.988 pruned 0.988 | pruned% h1= 67.1 h2= 63.0 (avg= 65.0)
  [λ=0.1 seed=2] step  500 ep3 | loss +0.075 | orig 0.992 pruned 0.984 | pruned% h1= 70.0 h2= 64.0 (avg= 67.0)
  [λ=0.1 seed=2] step  600 ep3 | loss +0.052 | orig 0.988 pruned 0.988 | pruned% h1= 71.5 h2= 64.3 (avg= 67.9)
  [λ=0.1 seed=2] step  700 ep3 | loss +0.096 | orig 0.996 pruned 0.984 | pruned% h1= 72.7 h2= 64.5 (avg= 68.6)
  [λ=0.1 seed=2] step  800 ep4 | loss +0.063 | orig 0.984 pruned 0.980 | pruned% h1= 73.3 h2= 64.6 (avg= 68.9)
  [λ=0.1 seed=2] step  900 ep4 | loss +0.066 | orig 0.996 pruned 0.992 | pruned% h1= 73.9 h2= 64.6 (avg= 69.2)
  [λ=0.1 seed=2] step 1000 ep5 | loss +0.082 | orig 0.988 pruned 0.984 | pruned% h1= 74.3 h2= 64.7 (avg= 69.5)
  [λ=0.1 seed=2] step 1100 ep5 | loss +0.084 | orig 0.992 pruned 0.992 | pruned% h1= 74.6 h2= 64.9 (avg= 69.8)
  [λ=0.1 seed=2] step 1200 ep6 | loss +0.084 | orig 0.992 pruned 0.980 | pruned% h1= 74.6 h2= 64.9 (avg= 69.8)
  [λ=0.1 seed=2] step 1300 ep6 | loss +0.081 | orig 0.996 pruned 0.996 | pruned% h1= 74.6 h2= 65.1 (avg= 69.9)
  [λ=0.1 seed=2] step 1400 ep6 | loss +0.084 | orig 0.988 pruned 0.984 | pruned% h1= 74.8 h2= 65.1 (avg= 70.0)
  [λ=0.1 seed=2] step 1500 ep7 | loss +0.064 | orig 0.992 pruned 0.988 | pruned% h1= 75.0 h2= 65.1 (avg= 70.1)
  [λ=0.1 seed=2] step 1600 ep7 | loss +0.094 | orig 0.992 pruned 0.984 | pruned% h1= 75.1 h2= 65.1 (avg= 70.1)
  [λ=0.1 seed=2] step 1700 ep8 | loss +0.095 | orig 0.996 pruned 0.984 | pruned% h1= 75.2 h2= 65.1 (avg= 70.2)
  [λ=0.1 seed=2] step 1800 ep8 | loss +0.089 | orig 0.988 pruned 0.984 | pruned% h1= 75.2 h2= 65.1 (avg= 70.2)
  [λ=0.1 seed=2] step 1900 ep9 | loss +0.078 | orig 1.000 pruned 0.996 | pruned% h1= 75.7 h2= 65.1 (avg= 70.4)
  [λ=0.1 seed=2] step 2000 ep9 | loss +0.098 | orig 1.000 pruned 0.984 | pruned% h1= 76.0 h2= 65.1 (avg= 70.6)
  [λ=0.1 seed=2] step 2100 ep9 | loss +0.104 | orig 1.000 pruned 0.984 | pruned% h1= 76.1 h2= 65.2 (avg= 70.7)
  [λ=0.1 seed=2] step 2200 ep10 | loss +0.081 | orig 0.996 pruned 1.000 | pruned% h1= 76.2 h2= 65.2 (avg= 70.7)
  [λ=0.1 seed=2] step 2300 ep10 | loss +0.082 | orig 0.996 pruned 0.988 | pruned% h1= 76.2 h2= 65.2 (avg= 70.7)
  [λ=0.1 seed=2] step 2400 ep11 | loss +0.090 | orig 0.992 pruned 0.988 | pruned% h1= 76.3 h2= 65.3 (avg= 70.8)
  [λ=0.1 seed=2] step 2500 ep11 | loss +0.086 | orig 0.992 pruned 0.984 | pruned% h1= 76.3 h2= 65.3 (avg= 70.8)
  [λ=0.1 seed=2] step 2600 ep12 | loss +0.082 | orig 1.000 pruned 0.992 | pruned% h1= 76.3 h2= 65.3 (avg= 70.8)
  [λ=0.1 seed=2] step 2700 ep12 | loss +0.085 | orig 1.000 pruned 0.988 | pruned% h1= 76.3 h2= 65.3 (avg= 70.8)
  [λ=0.1 seed=2] step 2800 ep12 | loss +0.102 | orig 0.996 pruned 0.984 | pruned% h1= 76.3 h2= 65.3 (avg= 70.8)
  [λ=0.1 seed=2] step 2900 ep13 | loss +0.120 | orig 1.000 pruned 0.984 | pruned% h1= 76.4 h2= 65.4 (avg= 70.9)
  [λ=0.1 seed=2] step 3000 ep13 | loss +0.077 | orig 0.996 pruned 0.992 | pruned% h1= 76.4 h2= 65.4 (avg= 70.9)
  [λ=0.1 seed=2] step 3100 ep14 | loss +0.097 | orig 1.000 pruned 0.988 | pruned% h1= 76.4 h2= 65.4 (avg= 70.9)
  [λ=0.1 seed=2] step 3200 ep14 | loss +0.102 | orig 0.992 pruned 0.988 | pruned% h1= 76.4 h2= 65.4 (avg= 70.9)
  [λ=0.1 seed=2] step 3300 ep15 | loss +0.098 | orig 1.000 pruned 0.988 | pruned% h1= 76.4 h2= 65.5 (avg= 70.9)
  [λ=0.1 seed=2] step 3400 ep15 | loss +0.080 | orig 0.992 pruned 0.996 | pruned% h1= 76.4 h2= 65.5 (avg= 70.9)
  [λ=0.1 seed=2] step 3500 ep15 | loss +0.069 | orig 1.000 pruned 0.996 | pruned% h1= 76.5 h2= 65.5 (avg= 71.0)
  → [λ=0.1 seed=2] final keep 0.290  pruned 71.00%  | per-layer kept [241, 353]/[1024, 1024]  | orig→pruned test acc 98.06→97.49%  | 100s

── λ=0.15 seed=0 ── pruner params: 612,611
  [λ=0.15 seed=0] step  100 ep1 | loss +0.108 | orig 0.992 pruned 0.988 | pruned% h1= 66.2 h2= 51.2 (avg= 58.7)
  [λ=0.15 seed=0] step  200 ep1 | loss +0.149 | orig 0.992 pruned 0.977 | pruned% h1= 70.7 h2= 59.3 (avg= 65.0)
  [λ=0.15 seed=0] step  300 ep2 | loss +0.124 | orig 0.992 pruned 0.984 | pruned% h1= 74.1 h2= 62.2 (avg= 68.2)
  [λ=0.15 seed=0] step  400 ep2 | loss +0.124 | orig 0.996 pruned 0.980 | pruned% h1= 74.7 h2= 63.1 (avg= 68.9)
  [λ=0.15 seed=0] step  500 ep3 | loss +0.107 | orig 0.992 pruned 0.984 | pruned% h1= 75.5 h2= 63.9 (avg= 69.7)
  [λ=0.15 seed=0] step  600 ep3 | loss +0.131 | orig 0.992 pruned 0.973 | pruned% h1= 77.1 h2= 64.6 (avg= 70.8)
  [λ=0.15 seed=0] step  700 ep3 | loss +0.126 | orig 0.992 pruned 0.984 | pruned% h1= 77.6 h2= 64.9 (avg= 71.3)
  [λ=0.15 seed=0] step  800 ep4 | loss +0.131 | orig 0.988 pruned 0.973 | pruned% h1= 78.0 h2= 65.3 (avg= 71.7)
  [λ=0.15 seed=0] step  900 ep4 | loss +0.129 | orig 0.996 pruned 0.988 | pruned% h1= 78.1 h2= 65.3 (avg= 71.7)
  [λ=0.15 seed=0] step 1000 ep5 | loss +0.122 | orig 0.992 pruned 0.977 | pruned% h1= 78.2 h2= 65.3 (avg= 71.8)
  [λ=0.15 seed=0] step 1100 ep5 | loss +0.128 | orig 0.996 pruned 0.988 | pruned% h1= 78.6 h2= 65.4 (avg= 72.0)
  [λ=0.15 seed=0] step 1200 ep6 | loss +0.166 | orig 0.992 pruned 0.973 | pruned% h1= 78.6 h2= 65.4 (avg= 72.0)
  [λ=0.15 seed=0] step 1300 ep6 | loss +0.127 | orig 0.992 pruned 0.977 | pruned% h1= 78.7 h2= 65.4 (avg= 72.1)
  [λ=0.15 seed=0] step 1400 ep6 | loss +0.171 | orig 1.000 pruned 0.977 | pruned% h1= 78.9 h2= 65.4 (avg= 72.2)
  [λ=0.15 seed=0] step 1500 ep7 | loss +0.136 | orig 1.000 pruned 0.980 | pruned% h1= 78.9 h2= 65.4 (avg= 72.2)
  [λ=0.15 seed=0] step 1600 ep7 | loss +0.142 | orig 0.996 pruned 0.977 | pruned% h1= 78.9 h2= 65.4 (avg= 72.2)
  [λ=0.15 seed=0] step 1700 ep8 | loss +0.156 | orig 0.996 pruned 0.969 | pruned% h1= 78.9 h2= 65.4 (avg= 72.2)
  [λ=0.15 seed=0] step 1800 ep8 | loss +0.125 | orig 0.996 pruned 0.980 | pruned% h1= 78.9 h2= 65.4 (avg= 72.2)
  [λ=0.15 seed=0] step 1900 ep9 | loss +0.119 | orig 1.000 pruned 0.988 | pruned% h1= 79.0 h2= 65.4 (avg= 72.2)
  [λ=0.15 seed=0] step 2000 ep9 | loss +0.114 | orig 0.996 pruned 0.984 | pruned% h1= 79.1 h2= 65.4 (avg= 72.3)
  [λ=0.15 seed=0] step 2100 ep9 | loss +0.106 | orig 0.984 pruned 0.984 | pruned% h1= 79.1 h2= 65.4 (avg= 72.3)
  [λ=0.15 seed=0] step 2200 ep10 | loss +0.117 | orig 0.996 pruned 0.980 | pruned% h1= 79.1 h2= 65.4 (avg= 72.3)
  [λ=0.15 seed=0] step 2300 ep10 | loss +0.164 | orig 0.988 pruned 0.965 | pruned% h1= 79.1 h2= 65.4 (avg= 72.3)
  [λ=0.15 seed=0] step 2400 ep11 | loss +0.112 | orig 1.000 pruned 0.988 | pruned% h1= 79.1 h2= 65.5 (avg= 72.3)
  [λ=0.15 seed=0] step 2500 ep11 | loss +0.127 | orig 0.996 pruned 0.980 | pruned% h1= 79.1 h2= 65.5 (avg= 72.3)
  [λ=0.15 seed=0] step 2600 ep12 | loss +0.100 | orig 1.000 pruned 0.996 | pruned% h1= 79.1 h2= 65.5 (avg= 72.3)
  [λ=0.15 seed=0] step 2700 ep12 | loss +0.142 | orig 1.000 pruned 0.988 | pruned% h1= 79.1 h2= 65.5 (avg= 72.3)
  [λ=0.15 seed=0] step 2800 ep12 | loss +0.117 | orig 0.996 pruned 0.980 | pruned% h1= 79.1 h2= 65.5 (avg= 72.3)
  [λ=0.15 seed=0] step 2900 ep13 | loss +0.124 | orig 0.992 pruned 0.977 | pruned% h1= 79.1 h2= 65.5 (avg= 72.3)
  [λ=0.15 seed=0] step 3000 ep13 | loss +0.128 | orig 1.000 pruned 0.980 | pruned% h1= 79.1 h2= 65.5 (avg= 72.3)
  [λ=0.15 seed=0] step 3100 ep14 | loss +0.125 | orig 0.988 pruned 0.977 | pruned% h1= 79.1 h2= 65.5 (avg= 72.3)
  [λ=0.15 seed=0] step 3200 ep14 | loss +0.147 | orig 0.996 pruned 0.980 | pruned% h1= 79.1 h2= 65.5 (avg= 72.3)
  [λ=0.15 seed=0] step 3300 ep15 | loss +0.109 | orig 0.996 pruned 0.992 | pruned% h1= 79.1 h2= 65.5 (avg= 72.3)
  [λ=0.15 seed=0] step 3400 ep15 | loss +0.126 | orig 0.992 pruned 0.980 | pruned% h1= 79.1 h2= 65.5 (avg= 72.3)
  [λ=0.15 seed=0] step 3500 ep15 | loss +0.154 | orig 1.000 pruned 0.961 | pruned% h1= 79.1 h2= 65.5 (avg= 72.3)
  → [λ=0.15 seed=0] final keep 0.277  pruned 72.31%  | per-layer kept [214, 353]/[1024, 1024]  | orig→pruned test acc 98.06→96.92%  | 105s

── λ=0.15 seed=1 ── pruner params: 612,611
  [λ=0.15 seed=1] step  100 ep1 | loss +0.109 | orig 1.000 pruned 0.992 | pruned% h1= 57.0 h2= 60.2 (avg= 58.6)
  [λ=0.15 seed=1] step  200 ep1 | loss +0.102 | orig 0.996 pruned 0.992 | pruned% h1= 66.3 h2= 65.8 (avg= 66.1)
  [λ=0.15 seed=1] step  300 ep2 | loss +0.123 | orig 0.996 pruned 0.988 | pruned% h1= 70.1 h2= 67.1 (avg= 68.6)
  [λ=0.15 seed=1] step  400 ep2 | loss +0.097 | orig 1.000 pruned 0.996 | pruned% h1= 70.9 h2= 67.3 (avg= 69.1)
  [λ=0.15 seed=1] step  500 ep3 | loss +0.142 | orig 0.988 pruned 0.969 | pruned% h1= 71.9 h2= 67.8 (avg= 69.8)
  [λ=0.15 seed=1] step  600 ep3 | loss +0.116 | orig 0.996 pruned 0.992 | pruned% h1= 73.2 h2= 68.0 (avg= 70.6)
  [λ=0.15 seed=1] step  700 ep3 | loss +0.098 | orig 0.988 pruned 0.996 | pruned% h1= 73.9 h2= 68.2 (avg= 71.0)
  [λ=0.15 seed=1] step  800 ep4 | loss +0.107 | orig 0.992 pruned 0.980 | pruned% h1= 74.5 h2= 68.2 (avg= 71.3)
  [λ=0.15 seed=1] step  900 ep4 | loss +0.107 | orig 0.996 pruned 0.988 | pruned% h1= 74.9 h2= 68.3 (avg= 71.6)
  [λ=0.15 seed=1] step 1000 ep5 | loss +0.106 | orig 0.996 pruned 0.980 | pruned% h1= 75.0 h2= 68.7 (avg= 71.8)
  [λ=0.15 seed=1] step 1100 ep5 | loss +0.126 | orig 1.000 pruned 0.996 | pruned% h1= 75.6 h2= 68.8 (avg= 72.2)
  [λ=0.15 seed=1] step 1200 ep6 | loss +0.139 | orig 1.000 pruned 0.969 | pruned% h1= 76.2 h2= 69.3 (avg= 72.8)
  [λ=0.15 seed=1] step 1300 ep6 | loss +0.099 | orig 0.996 pruned 0.984 | pruned% h1= 76.5 h2= 69.4 (avg= 72.9)
  [λ=0.15 seed=1] step 1400 ep6 | loss +0.133 | orig 0.996 pruned 0.980 | pruned% h1= 76.7 h2= 69.5 (avg= 73.1)
  [λ=0.15 seed=1] step 1500 ep7 | loss +0.133 | orig 0.996 pruned 0.973 | pruned% h1= 76.9 h2= 69.5 (avg= 73.2)
  [λ=0.15 seed=1] step 1600 ep7 | loss +0.116 | orig 0.992 pruned 0.988 | pruned% h1= 77.0 h2= 69.6 (avg= 73.3)
  [λ=0.15 seed=1] step 1700 ep8 | loss +0.136 | orig 1.000 pruned 0.984 | pruned% h1= 77.1 h2= 69.6 (avg= 73.4)
  [λ=0.15 seed=1] step 1800 ep8 | loss +0.109 | orig 1.000 pruned 0.992 | pruned% h1= 77.2 h2= 69.6 (avg= 73.4)
  [λ=0.15 seed=1] step 1900 ep9 | loss +0.133 | orig 0.996 pruned 0.977 | pruned% h1= 77.2 h2= 69.6 (avg= 73.4)
  [λ=0.15 seed=1] step 2000 ep9 | loss +0.094 | orig 0.996 pruned 0.988 | pruned% h1= 77.3 h2= 69.6 (avg= 73.5)
  [λ=0.15 seed=1] step 2100 ep9 | loss +0.120 | orig 0.984 pruned 0.973 | pruned% h1= 77.3 h2= 69.6 (avg= 73.5)
  [λ=0.15 seed=1] step 2200 ep10 | loss +0.141 | orig 1.000 pruned 0.984 | pruned% h1= 77.3 h2= 69.6 (avg= 73.5)
  [λ=0.15 seed=1] step 2300 ep10 | loss +0.116 | orig 0.992 pruned 0.980 | pruned% h1= 77.3 h2= 69.6 (avg= 73.5)
  [λ=0.15 seed=1] step 2400 ep11 | loss +0.121 | orig 0.996 pruned 0.984 | pruned% h1= 77.3 h2= 69.6 (avg= 73.5)
  [λ=0.15 seed=1] step 2500 ep11 | loss +0.106 | orig 0.992 pruned 0.992 | pruned% h1= 77.3 h2= 69.6 (avg= 73.5)
  [λ=0.15 seed=1] step 2600 ep12 | loss +0.091 | orig 0.996 pruned 0.992 | pruned% h1= 77.4 h2= 69.6 (avg= 73.5)
  [λ=0.15 seed=1] step 2700 ep12 | loss +0.125 | orig 1.000 pruned 0.984 | pruned% h1= 77.4 h2= 69.6 (avg= 73.5)
  [λ=0.15 seed=1] step 2800 ep12 | loss +0.128 | orig 0.992 pruned 0.980 | pruned% h1= 77.4 h2= 69.6 (avg= 73.5)
  [λ=0.15 seed=1] step 2900 ep13 | loss +0.133 | orig 0.996 pruned 0.973 | pruned% h1= 77.4 h2= 69.6 (avg= 73.5)
  [λ=0.15 seed=1] step 3000 ep13 | loss +0.184 | orig 0.992 pruned 0.961 | pruned% h1= 77.5 h2= 69.6 (avg= 73.6)
  [λ=0.15 seed=1] step 3100 ep14 | loss +0.103 | orig 0.992 pruned 0.984 | pruned% h1= 77.5 h2= 69.6 (avg= 73.6)
  [λ=0.15 seed=1] step 3200 ep14 | loss +0.113 | orig 0.992 pruned 0.973 | pruned% h1= 77.5 h2= 69.6 (avg= 73.6)
  [λ=0.15 seed=1] step 3300 ep15 | loss +0.086 | orig 0.996 pruned 0.988 | pruned% h1= 77.5 h2= 69.6 (avg= 73.6)
  [λ=0.15 seed=1] step 3400 ep15 | loss +0.117 | orig 1.000 pruned 0.988 | pruned% h1= 77.7 h2= 69.6 (avg= 73.7)
  [λ=0.15 seed=1] step 3500 ep15 | loss +0.092 | orig 0.992 pruned 0.977 | pruned% h1= 77.7 h2= 69.6 (avg= 73.7)
  → [λ=0.15 seed=1] final keep 0.263  pruned 73.68%  | per-layer kept [228, 311]/[1024, 1024]  | orig→pruned test acc 98.06→96.94%  | 91s

── λ=0.15 seed=2 ── pruner params: 612,611
  [λ=0.15 seed=2] step  100 ep1 | loss +0.099 | orig 0.996 pruned 0.992 | pruned% h1= 62.1 h2= 51.1 (avg= 56.6)
  [λ=0.15 seed=2] step  200 ep1 | loss +0.163 | orig 0.988 pruned 0.965 | pruned% h1= 67.4 h2= 61.3 (avg= 64.4)
  [λ=0.15 seed=2] step  300 ep2 | loss +0.098 | orig 0.996 pruned 0.992 | pruned% h1= 71.4 h2= 65.9 (avg= 68.7)
  [λ=0.15 seed=2] step  400 ep2 | loss +0.098 | orig 0.988 pruned 0.988 | pruned% h1= 71.9 h2= 66.7 (avg= 69.3)
  [λ=0.15 seed=2] step  500 ep3 | loss +0.094 | orig 0.992 pruned 0.980 | pruned% h1= 73.0 h2= 67.2 (avg= 70.1)
  [λ=0.15 seed=2] step  600 ep3 | loss +0.071 | orig 0.988 pruned 0.988 | pruned% h1= 73.7 h2= 67.4 (avg= 70.6)
  [λ=0.15 seed=2] step  700 ep3 | loss +0.108 | orig 0.996 pruned 0.996 | pruned% h1= 74.2 h2= 67.4 (avg= 70.8)
  [λ=0.15 seed=2] step  800 ep4 | loss +0.076 | orig 0.984 pruned 0.984 | pruned% h1= 74.6 h2= 67.4 (avg= 71.0)
  [λ=0.15 seed=2] step  900 ep4 | loss +0.090 | orig 0.996 pruned 0.988 | pruned% h1= 74.9 h2= 67.6 (avg= 71.2)
  [λ=0.15 seed=2] step 1000 ep5 | loss +0.102 | orig 0.988 pruned 0.980 | pruned% h1= 75.2 h2= 67.6 (avg= 71.4)
  [λ=0.15 seed=2] step 1100 ep5 | loss +0.112 | orig 0.992 pruned 0.988 | pruned% h1= 75.3 h2= 67.6 (avg= 71.4)
  [λ=0.15 seed=2] step 1200 ep6 | loss +0.088 | orig 0.992 pruned 0.992 | pruned% h1= 75.4 h2= 67.6 (avg= 71.5)
  [λ=0.15 seed=2] step 1300 ep6 | loss +0.096 | orig 0.996 pruned 0.992 | pruned% h1= 75.7 h2= 67.6 (avg= 71.6)
  [λ=0.15 seed=2] step 1400 ep6 | loss +0.111 | orig 0.988 pruned 0.969 | pruned% h1= 75.8 h2= 67.6 (avg= 71.7)
  [λ=0.15 seed=2] step 1500 ep7 | loss +0.078 | orig 0.992 pruned 0.988 | pruned% h1= 75.8 h2= 67.6 (avg= 71.7)
  [λ=0.15 seed=2] step 1600 ep7 | loss +0.105 | orig 0.992 pruned 0.980 | pruned% h1= 75.9 h2= 67.8 (avg= 71.8)
  [λ=0.15 seed=2] step 1700 ep8 | loss +0.126 | orig 0.996 pruned 0.988 | pruned% h1= 75.9 h2= 67.8 (avg= 71.8)
  [λ=0.15 seed=2] step 1800 ep8 | loss +0.115 | orig 0.988 pruned 0.984 | pruned% h1= 76.0 h2= 67.9 (avg= 71.9)
  [λ=0.15 seed=2] step 1900 ep9 | loss +0.106 | orig 1.000 pruned 0.988 | pruned% h1= 76.0 h2= 67.9 (avg= 71.9)
  [λ=0.15 seed=2] step 2000 ep9 | loss +0.111 | orig 1.000 pruned 0.977 | pruned% h1= 76.0 h2= 67.9 (avg= 71.9)
  [λ=0.15 seed=2] step 2100 ep9 | loss +0.097 | orig 1.000 pruned 0.992 | pruned% h1= 76.0 h2= 67.9 (avg= 71.9)
  [λ=0.15 seed=2] step 2200 ep10 | loss +0.109 | orig 0.996 pruned 0.984 | pruned% h1= 76.1 h2= 67.9 (avg= 72.0)
  [λ=0.15 seed=2] step 2300 ep10 | loss +0.101 | orig 0.996 pruned 0.984 | pruned% h1= 76.1 h2= 67.9 (avg= 72.0)
  [λ=0.15 seed=2] step 2400 ep11 | loss +0.099 | orig 0.992 pruned 0.988 | pruned% h1= 76.1 h2= 67.9 (avg= 72.0)
  [λ=0.15 seed=2] step 2500 ep11 | loss +0.108 | orig 0.992 pruned 0.969 | pruned% h1= 76.1 h2= 67.9 (avg= 72.0)
  [λ=0.15 seed=2] step 2600 ep12 | loss +0.090 | orig 1.000 pruned 0.988 | pruned% h1= 76.1 h2= 67.9 (avg= 72.0)
  [λ=0.15 seed=2] step 2700 ep12 | loss +0.112 | orig 1.000 pruned 0.996 | pruned% h1= 76.2 h2= 67.9 (avg= 72.0)
  [λ=0.15 seed=2] step 2800 ep12 | loss +0.118 | orig 0.996 pruned 0.980 | pruned% h1= 76.2 h2= 67.9 (avg= 72.0)
  [λ=0.15 seed=2] step 2900 ep13 | loss +0.137 | orig 1.000 pruned 0.977 | pruned% h1= 76.3 h2= 67.9 (avg= 72.1)
  [λ=0.15 seed=2] step 3000 ep13 | loss +0.105 | orig 0.996 pruned 0.988 | pruned% h1= 76.4 h2= 67.9 (avg= 72.1)
  [λ=0.15 seed=2] step 3100 ep14 | loss +0.109 | orig 1.000 pruned 0.992 | pruned% h1= 76.4 h2= 67.9 (avg= 72.1)
  [λ=0.15 seed=2] step 3200 ep14 | loss +0.113 | orig 0.992 pruned 0.977 | pruned% h1= 76.6 h2= 67.9 (avg= 72.2)
  [λ=0.15 seed=2] step 3300 ep15 | loss +0.121 | orig 1.000 pruned 0.977 | pruned% h1= 76.6 h2= 67.9 (avg= 72.2)
  [λ=0.15 seed=2] step 3400 ep15 | loss +0.111 | orig 0.992 pruned 0.973 | pruned% h1= 76.6 h2= 67.9 (avg= 72.2)
  [λ=0.15 seed=2] step 3500 ep15 | loss +0.088 | orig 1.000 pruned 0.992 | pruned% h1= 76.6 h2= 67.9 (avg= 72.2)
  → [λ=0.15 seed=2] final keep 0.278  pruned 72.22%  | per-layer kept [240, 329]/[1024, 1024]  | orig→pruned test acc 98.06→97.29%  | 94s

── λ=0.2 seed=0 ── pruner params: 612,611
  [λ=0.2 seed=0] step  100 ep1 | loss +0.130 | orig 0.992 pruned 0.980 | pruned% h1= 69.4 h2= 56.4 (avg= 62.9)
  [λ=0.2 seed=0] step  200 ep1 | loss +0.197 | orig 0.992 pruned 0.961 | pruned% h1= 73.6 h2= 64.3 (avg= 68.9)
  [λ=0.2 seed=0] step  300 ep2 | loss +0.157 | orig 0.992 pruned 0.977 | pruned% h1= 75.7 h2= 66.5 (avg= 71.1)
  [λ=0.2 seed=0] step  400 ep2 | loss +0.165 | orig 0.996 pruned 0.977 | pruned% h1= 76.8 h2= 66.8 (avg= 71.8)
  [λ=0.2 seed=0] step  500 ep3 | loss +0.146 | orig 0.992 pruned 0.977 | pruned% h1= 77.5 h2= 66.8 (avg= 72.2)
  [λ=0.2 seed=0] step  600 ep3 | loss +0.160 | orig 0.992 pruned 0.969 | pruned% h1= 78.4 h2= 67.3 (avg= 72.9)
  [λ=0.2 seed=0] step  700 ep3 | loss +0.147 | orig 0.992 pruned 0.980 | pruned% h1= 78.8 h2= 67.5 (avg= 73.1)
  [λ=0.2 seed=0] step  800 ep4 | loss +0.149 | orig 0.988 pruned 0.977 | pruned% h1= 78.8 h2= 67.6 (avg= 73.2)
  [λ=0.2 seed=0] step  900 ep4 | loss +0.142 | orig 0.996 pruned 0.988 | pruned% h1= 78.9 h2= 67.7 (avg= 73.3)
  [λ=0.2 seed=0] step 1000 ep5 | loss +0.152 | orig 0.992 pruned 0.977 | pruned% h1= 79.1 h2= 67.7 (avg= 73.4)
  [λ=0.2 seed=0] step 1100 ep5 | loss +0.147 | orig 0.996 pruned 0.992 | pruned% h1= 79.3 h2= 67.7 (avg= 73.5)
  [λ=0.2 seed=0] step 1200 ep6 | loss +0.188 | orig 0.992 pruned 0.969 | pruned% h1= 79.3 h2= 67.7 (avg= 73.5)
  [λ=0.2 seed=0] step 1300 ep6 | loss +0.161 | orig 0.992 pruned 0.969 | pruned% h1= 79.5 h2= 67.7 (avg= 73.6)
  [λ=0.2 seed=0] step 1400 ep6 | loss +0.191 | orig 1.000 pruned 0.965 | pruned% h1= 79.5 h2= 67.7 (avg= 73.6)
  [λ=0.2 seed=0] step 1500 ep7 | loss +0.157 | orig 1.000 pruned 0.980 | pruned% h1= 79.6 h2= 67.8 (avg= 73.7)
  [λ=0.2 seed=0] step 1600 ep7 | loss +0.189 | orig 0.996 pruned 0.965 | pruned% h1= 79.7 h2= 67.9 (avg= 73.8)
  [λ=0.2 seed=0] step 1700 ep8 | loss +0.186 | orig 0.996 pruned 0.973 | pruned% h1= 79.8 h2= 68.0 (avg= 73.9)
  [λ=0.2 seed=0] step 1800 ep8 | loss +0.151 | orig 0.996 pruned 0.977 | pruned% h1= 80.0 h2= 68.0 (avg= 74.0)
  [λ=0.2 seed=0] step 1900 ep9 | loss +0.141 | orig 1.000 pruned 0.988 | pruned% h1= 80.1 h2= 68.2 (avg= 74.1)
  [λ=0.2 seed=0] step 2000 ep9 | loss +0.149 | orig 0.996 pruned 0.977 | pruned% h1= 80.4 h2= 68.2 (avg= 74.3)
  [λ=0.2 seed=0] step 2100 ep9 | loss +0.130 | orig 0.984 pruned 0.980 | pruned% h1= 80.5 h2= 68.2 (avg= 74.3)
  [λ=0.2 seed=0] step 2200 ep10 | loss +0.149 | orig 0.996 pruned 0.984 | pruned% h1= 80.5 h2= 68.2 (avg= 74.3)
  [λ=0.2 seed=0] step 2300 ep10 | loss +0.198 | orig 0.988 pruned 0.945 | pruned% h1= 80.6 h2= 68.2 (avg= 74.4)
  [λ=0.2 seed=0] step 2400 ep11 | loss +0.142 | orig 1.000 pruned 0.988 | pruned% h1= 80.6 h2= 68.2 (avg= 74.4)
  [λ=0.2 seed=0] step 2500 ep11 | loss +0.147 | orig 0.996 pruned 0.969 | pruned% h1= 80.7 h2= 68.2 (avg= 74.4)
  [λ=0.2 seed=0] step 2600 ep12 | loss +0.147 | orig 1.000 pruned 0.988 | pruned% h1= 80.7 h2= 68.2 (avg= 74.4)
  [λ=0.2 seed=0] step 2700 ep12 | loss +0.170 | orig 1.000 pruned 0.984 | pruned% h1= 80.8 h2= 68.2 (avg= 74.5)
  [λ=0.2 seed=0] step 2800 ep12 | loss +0.164 | orig 0.996 pruned 0.977 | pruned% h1= 80.8 h2= 68.3 (avg= 74.5)
  [λ=0.2 seed=0] step 2900 ep13 | loss +0.151 | orig 0.992 pruned 0.973 | pruned% h1= 80.9 h2= 68.3 (avg= 74.6)
  [λ=0.2 seed=0] step 3000 ep13 | loss +0.171 | orig 1.000 pruned 0.980 | pruned% h1= 80.9 h2= 68.3 (avg= 74.6)
  [λ=0.2 seed=0] step 3100 ep14 | loss +0.156 | orig 0.988 pruned 0.973 | pruned% h1= 80.9 h2= 68.3 (avg= 74.6)
  [λ=0.2 seed=0] step 3200 ep14 | loss +0.179 | orig 0.996 pruned 0.973 | pruned% h1= 80.9 h2= 68.3 (avg= 74.6)
  [λ=0.2 seed=0] step 3300 ep15 | loss +0.143 | orig 0.996 pruned 0.988 | pruned% h1= 80.9 h2= 68.3 (avg= 74.6)
  [λ=0.2 seed=0] step 3400 ep15 | loss +0.153 | orig 0.992 pruned 0.984 | pruned% h1= 80.9 h2= 68.3 (avg= 74.6)
  [λ=0.2 seed=0] step 3500 ep15 | loss +0.181 | orig 1.000 pruned 0.965 | pruned% h1= 80.9 h2= 68.3 (avg= 74.6)
  → [λ=0.2 seed=0] final keep 0.254  pruned 74.56%  | per-layer kept [196, 325]/[1024, 1024]  | orig→pruned test acc 98.06→96.49%  | 101s

── λ=0.2 seed=1 ── pruner params: 612,611
  [λ=0.2 seed=1] step  100 ep1 | loss +0.148 | orig 1.000 pruned 0.984 | pruned% h1= 64.4 h2= 62.9 (avg= 63.6)
  [λ=0.2 seed=1] step  200 ep1 | loss +0.125 | orig 0.996 pruned 0.996 | pruned% h1= 71.3 h2= 67.3 (avg= 69.3)
  [λ=0.2 seed=1] step  300 ep2 | loss +0.165 | orig 0.996 pruned 0.977 | pruned% h1= 73.9 h2= 68.3 (avg= 71.1)
  [λ=0.2 seed=1] step  400 ep2 | loss +0.128 | orig 1.000 pruned 0.984 | pruned% h1= 76.3 h2= 69.0 (avg= 72.7)
  [λ=0.2 seed=1] step  500 ep3 | loss +0.181 | orig 0.988 pruned 0.965 | pruned% h1= 77.0 h2= 69.4 (avg= 73.2)
  [λ=0.2 seed=1] step  600 ep3 | loss +0.147 | orig 0.996 pruned 0.984 | pruned% h1= 77.2 h2= 69.7 (avg= 73.5)
  [λ=0.2 seed=1] step  700 ep3 | loss +0.137 | orig 0.988 pruned 0.988 | pruned% h1= 77.5 h2= 69.9 (avg= 73.7)
  [λ=0.2 seed=1] step  800 ep4 | loss +0.149 | orig 0.992 pruned 0.965 | pruned% h1= 77.6 h2= 69.9 (avg= 73.8)
  [λ=0.2 seed=1] step  900 ep4 | loss +0.142 | orig 0.996 pruned 0.980 | pruned% h1= 77.9 h2= 70.0 (avg= 74.0)
  [λ=0.2 seed=1] step 1000 ep5 | loss +0.137 | orig 0.996 pruned 0.988 | pruned% h1= 77.9 h2= 70.0 (avg= 74.0)
  [λ=0.2 seed=1] step 1100 ep5 | loss +0.171 | orig 1.000 pruned 0.977 | pruned% h1= 77.9 h2= 70.0 (avg= 74.0)
  [λ=0.2 seed=1] step 1200 ep6 | loss +0.155 | orig 1.000 pruned 0.984 | pruned% h1= 78.1 h2= 70.0 (avg= 74.1)
  [λ=0.2 seed=1] step 1300 ep6 | loss +0.116 | orig 0.996 pruned 0.988 | pruned% h1= 78.2 h2= 70.0 (avg= 74.1)
  [λ=0.2 seed=1] step 1400 ep6 | loss +0.176 | orig 0.996 pruned 0.965 | pruned% h1= 78.2 h2= 70.1 (avg= 74.2)
  [λ=0.2 seed=1] step 1500 ep7 | loss +0.164 | orig 0.996 pruned 0.973 | pruned% h1= 78.2 h2= 70.1 (avg= 74.2)
  [λ=0.2 seed=1] step 1600 ep7 | loss +0.133 | orig 0.992 pruned 0.992 | pruned% h1= 78.3 h2= 70.1 (avg= 74.2)
  [λ=0.2 seed=1] step 1700 ep8 | loss +0.168 | orig 1.000 pruned 0.969 | pruned% h1= 78.3 h2= 70.1 (avg= 74.2)
  [λ=0.2 seed=1] step 1800 ep8 | loss +0.133 | orig 1.000 pruned 0.988 | pruned% h1= 78.4 h2= 70.1 (avg= 74.3)
  [λ=0.2 seed=1] step 1900 ep9 | loss +0.157 | orig 0.996 pruned 0.973 | pruned% h1= 78.4 h2= 70.1 (avg= 74.3)
  [λ=0.2 seed=1] step 2000 ep9 | loss +0.102 | orig 0.996 pruned 0.992 | pruned% h1= 78.4 h2= 70.1 (avg= 74.3)
  [λ=0.2 seed=1] step 2100 ep9 | loss +0.136 | orig 0.984 pruned 0.977 | pruned% h1= 78.4 h2= 70.1 (avg= 74.3)
  [λ=0.2 seed=1] step 2200 ep10 | loss +0.174 | orig 1.000 pruned 0.984 | pruned% h1= 78.5 h2= 70.1 (avg= 74.3)
  [λ=0.2 seed=1] step 2300 ep10 | loss +0.136 | orig 0.992 pruned 0.980 | pruned% h1= 78.5 h2= 70.1 (avg= 74.3)
  [λ=0.2 seed=1] step 2400 ep11 | loss +0.151 | orig 0.996 pruned 0.984 | pruned% h1= 78.5 h2= 70.1 (avg= 74.3)
  [λ=0.2 seed=1] step 2500 ep11 | loss +0.127 | orig 0.992 pruned 0.992 | pruned% h1= 78.5 h2= 70.2 (avg= 74.4)
  [λ=0.2 seed=1] step 2600 ep12 | loss +0.124 | orig 0.996 pruned 0.984 | pruned% h1= 78.6 h2= 70.2 (avg= 74.4)
  [λ=0.2 seed=1] step 2700 ep12 | loss +0.141 | orig 1.000 pruned 0.980 | pruned% h1= 78.6 h2= 70.2 (avg= 74.4)
  [λ=0.2 seed=1] step 2800 ep12 | loss +0.171 | orig 0.992 pruned 0.977 | pruned% h1= 78.6 h2= 70.2 (avg= 74.4)
  [λ=0.2 seed=1] step 2900 ep13 | loss +0.151 | orig 0.996 pruned 0.965 | pruned% h1= 78.6 h2= 70.2 (avg= 74.4)
  [λ=0.2 seed=1] step 3000 ep13 | loss +0.188 | orig 0.992 pruned 0.965 | pruned% h1= 78.6 h2= 70.2 (avg= 74.4)
  [λ=0.2 seed=1] step 3100 ep14 | loss +0.137 | orig 0.992 pruned 0.984 | pruned% h1= 78.6 h2= 70.2 (avg= 74.4)
  [λ=0.2 seed=1] step 3200 ep14 | loss +0.129 | orig 0.992 pruned 0.984 | pruned% h1= 78.6 h2= 70.2 (avg= 74.4)
  [λ=0.2 seed=1] step 3300 ep15 | loss +0.122 | orig 0.996 pruned 0.988 | pruned% h1= 78.6 h2= 70.2 (avg= 74.4)
  [λ=0.2 seed=1] step 3400 ep15 | loss +0.150 | orig 1.000 pruned 0.984 | pruned% h1= 78.7 h2= 70.2 (avg= 74.5)
  [λ=0.2 seed=1] step 3500 ep15 | loss +0.112 | orig 0.992 pruned 0.984 | pruned% h1= 78.7 h2= 70.2 (avg= 74.5)
  → [λ=0.2 seed=1] final keep 0.255  pruned 74.46%  | per-layer kept [218, 305]/[1024, 1024]  | orig→pruned test acc 98.06→97.00%  | 93s

── λ=0.2 seed=2 ── pruner params: 612,611
  [λ=0.2 seed=2] step  100 ep1 | loss +0.130 | orig 0.996 pruned 0.988 | pruned% h1= 68.2 h2= 59.5 (avg= 63.8)
  [λ=0.2 seed=2] step  200 ep1 | loss +0.190 | orig 0.988 pruned 0.957 | pruned% h1= 71.4 h2= 67.5 (avg= 69.4)
  [λ=0.2 seed=2] step  300 ep2 | loss +0.125 | orig 0.996 pruned 0.984 | pruned% h1= 74.2 h2= 68.9 (avg= 71.6)
  [λ=0.2 seed=2] step  400 ep2 | loss +0.133 | orig 0.988 pruned 0.988 | pruned% h1= 75.5 h2= 69.3 (avg= 72.4)
  [λ=0.2 seed=2] step  500 ep3 | loss +0.130 | orig 0.992 pruned 0.973 | pruned% h1= 76.0 h2= 69.4 (avg= 72.7)
  [λ=0.2 seed=2] step  600 ep3 | loss +0.104 | orig 0.988 pruned 0.977 | pruned% h1= 76.7 h2= 69.7 (avg= 73.2)
  [λ=0.2 seed=2] step  700 ep3 | loss +0.144 | orig 0.996 pruned 0.984 | pruned% h1= 77.0 h2= 70.1 (avg= 73.5)
  [λ=0.2 seed=2] step  800 ep4 | loss +0.116 | orig 0.984 pruned 0.977 | pruned% h1= 77.2 h2= 70.1 (avg= 73.7)
  [λ=0.2 seed=2] step  900 ep4 | loss +0.130 | orig 0.996 pruned 0.980 | pruned% h1= 77.3 h2= 70.2 (avg= 73.8)
  [λ=0.2 seed=2] step 1000 ep5 | loss +0.145 | orig 0.988 pruned 0.969 | pruned% h1= 77.5 h2= 70.2 (avg= 73.9)
  [λ=0.2 seed=2] step 1100 ep5 | loss +0.142 | orig 0.992 pruned 0.988 | pruned% h1= 77.5 h2= 70.2 (avg= 73.9)
  [λ=0.2 seed=2] step 1200 ep6 | loss +0.132 | orig 0.992 pruned 0.973 | pruned% h1= 77.5 h2= 70.2 (avg= 73.9)
  [λ=0.2 seed=2] step 1300 ep6 | loss +0.135 | orig 0.996 pruned 0.992 | pruned% h1= 77.7 h2= 70.2 (avg= 74.0)
  [λ=0.2 seed=2] step 1400 ep6 | loss +0.156 | orig 0.988 pruned 0.969 | pruned% h1= 77.7 h2= 70.2 (avg= 74.0)
  [λ=0.2 seed=2] step 1500 ep7 | loss +0.110 | orig 0.992 pruned 0.988 | pruned% h1= 77.7 h2= 70.2 (avg= 74.0)
  [λ=0.2 seed=2] step 1600 ep7 | loss +0.135 | orig 0.992 pruned 0.984 | pruned% h1= 77.7 h2= 70.2 (avg= 74.0)
  [λ=0.2 seed=2] step 1700 ep8 | loss +0.159 | orig 0.996 pruned 0.980 | pruned% h1= 78.0 h2= 70.2 (avg= 74.1)
  [λ=0.2 seed=2] step 1800 ep8 | loss +0.148 | orig 0.988 pruned 0.984 | pruned% h1= 78.2 h2= 70.2 (avg= 74.2)
  [λ=0.2 seed=2] step 1900 ep9 | loss +0.141 | orig 1.000 pruned 0.984 | pruned% h1= 78.2 h2= 70.2 (avg= 74.2)
  [λ=0.2 seed=2] step 2000 ep9 | loss +0.152 | orig 1.000 pruned 0.977 | pruned% h1= 78.4 h2= 70.2 (avg= 74.3)
  [λ=0.2 seed=2] step 2100 ep9 | loss +0.137 | orig 1.000 pruned 0.984 | pruned% h1= 78.5 h2= 70.3 (avg= 74.4)
  [λ=0.2 seed=2] step 2200 ep10 | loss +0.147 | orig 0.996 pruned 0.973 | pruned% h1= 78.5 h2= 70.3 (avg= 74.4)
  [λ=0.2 seed=2] step 2300 ep10 | loss +0.149 | orig 0.996 pruned 0.980 | pruned% h1= 78.5 h2= 70.4 (avg= 74.5)
  [λ=0.2 seed=2] step 2400 ep11 | loss +0.142 | orig 0.992 pruned 0.980 | pruned% h1= 78.5 h2= 70.5 (avg= 74.5)
  [λ=0.2 seed=2] step 2500 ep11 | loss +0.148 | orig 0.992 pruned 0.977 | pruned% h1= 78.5 h2= 70.5 (avg= 74.5)
  [λ=0.2 seed=2] step 2600 ep12 | loss +0.118 | orig 1.000 pruned 0.992 | pruned% h1= 78.5 h2= 70.5 (avg= 74.5)
  [λ=0.2 seed=2] step 2700 ep12 | loss +0.134 | orig 1.000 pruned 0.996 | pruned% h1= 78.5 h2= 70.5 (avg= 74.5)
  [λ=0.2 seed=2] step 2800 ep12 | loss +0.155 | orig 0.996 pruned 0.984 | pruned% h1= 78.5 h2= 70.5 (avg= 74.5)
  [λ=0.2 seed=2] step 2900 ep13 | loss +0.193 | orig 1.000 pruned 0.961 | pruned% h1= 78.6 h2= 70.5 (avg= 74.6)
  [λ=0.2 seed=2] step 3000 ep13 | loss +0.137 | orig 0.996 pruned 0.973 | pruned% h1= 78.6 h2= 70.5 (avg= 74.6)
  [λ=0.2 seed=2] step 3100 ep14 | loss +0.134 | orig 1.000 pruned 0.996 | pruned% h1= 78.6 h2= 70.5 (avg= 74.6)
  [λ=0.2 seed=2] step 3200 ep14 | loss +0.155 | orig 0.992 pruned 0.980 | pruned% h1= 78.6 h2= 70.5 (avg= 74.6)
  [λ=0.2 seed=2] step 3300 ep15 | loss +0.158 | orig 1.000 pruned 0.977 | pruned% h1= 78.6 h2= 70.5 (avg= 74.6)
  [λ=0.2 seed=2] step 3400 ep15 | loss +0.145 | orig 0.992 pruned 0.977 | pruned% h1= 78.6 h2= 70.5 (avg= 74.6)
  [λ=0.2 seed=2] step 3500 ep15 | loss +0.112 | orig 1.000 pruned 0.996 | pruned% h1= 78.7 h2= 70.5 (avg= 74.6)
  → [λ=0.2 seed=2] final keep 0.254  pruned 74.61%  | per-layer kept [218, 302]/[1024, 1024]  | orig→pruned test acc 98.06→96.98%  | 95s

MNIST [1024,1024] MLP pruner — λ sweep, seeds=[0, 1, 2], epochs=15
base   : 1.86M-param MLP, hidden_dims=[1024,1024]; output untouched
pruner : BiLSTM embed_dim=64 lstm_hidden=128
train  : batch 256 on cpu
------------------------------------------------------------------------------------------------
 lambda  seed |   % pruned |  orig acc |  pruned acc |    drop |  efficiency | per-layer kept
------------------------------------------------------------------------------------------------
   0.04     0 |     63.82% |    98.06% |      98.00% |  +0.06pp |     127.64  | 346/1024 395/1024
   0.04     1 |     64.55% |    98.06% |      97.95% |  +0.11pp |     129.10  | 319/1024 407/1024
   0.04     2 |     63.92% |    98.06% |      97.88% |  +0.18pp |     127.83  | 311/1024 428/1024
   0.04  MEAN |   64.10±0.32% |    98.06% |   97.94±0.05% |  +0.12pp |     128.19  | -
------------------------------------------------------------------------------------------------
   0.06     0 |     67.58% |    98.06% |      97.74% |  +0.32pp |     135.16  | 290/1024 374/1024
   0.06     1 |     68.85% |    98.06% |      97.74% |  +0.32pp |     137.70  | 313/1024 325/1024
   0.06     2 |     67.33% |    98.06% |      97.79% |  +0.27pp |     134.67  | 293/1024 376/1024
   0.06  MEAN |   67.92±0.66% |    98.06% |   97.76±0.02% |  +0.30pp |     135.84  | -
------------------------------------------------------------------------------------------------
   0.08     0 |     68.36% |    98.06% |      97.29% |  +0.77pp |      88.78  | 269/1024 379/1024
   0.08     1 |     70.26% |    98.06% |      97.68% |  +0.38pp |     140.53  | 276/1024 333/1024
   0.08     2 |     69.43% |    98.06% |      97.60% |  +0.46pp |     138.87  | 249/1024 377/1024
   0.08  MEAN |   69.35±0.78% |    98.06% |   97.52±0.17% |  +0.54pp |     129.23  | -
------------------------------------------------------------------------------------------------
    0.1     0 |     70.07% |    98.06% |      97.22% |  +0.84pp |      83.41  | 248/1024 365/1024
    0.1     1 |     71.44% |    98.06% |      97.47% |  +0.59pp |     121.08  | 253/1024 332/1024
    0.1     2 |     71.00% |    98.06% |      97.49% |  +0.57pp |     124.55  | 241/1024 353/1024
    0.1  MEAN |   70.83±0.57% |    98.06% |   97.39±0.12% |  +0.67pp |     106.25  | -
------------------------------------------------------------------------------------------------
   0.15     0 |     72.31% |    98.06% |      96.92% |  +1.14pp |      63.43  | 214/1024 353/1024
   0.15     1 |     73.68% |    98.06% |      96.94% |  +1.12pp |      65.79  | 228/1024 311/1024
   0.15     2 |     72.22% |    98.06% |      97.29% |  +0.77pp |      93.79  | 240/1024 329/1024
   0.15  MEAN |   72.74±0.67% |    98.06% |   97.05±0.17% |  +1.01pp |      72.02  | -
------------------------------------------------------------------------------------------------
    0.2     0 |     74.56% |    98.06% |      96.49% |  +1.57pp |      47.49  | 196/1024 325/1024
    0.2     1 |     74.46% |    98.06% |      97.00% |  +1.06pp |      70.25  | 218/1024 305/1024
    0.2     2 |     74.61% |    98.06% |      96.98% |  +1.08pp |      69.08  | 218/1024 302/1024
    0.2  MEAN |   74.54±0.06% |    98.06% |   96.82±0.24% |  +1.24pp |      60.28  | -
------------------------------------------------------------------------------------------------

Results → experiments/latest/hypernetwork/mnist_lambda_sweep_15ep/
