Device: cpu  |  max_prune=0.90  |  tag=90
Total hidden neurons: 2048  (target: prune 1843)
Orig acc on eval batch: 99.61%
  ep    1 | return=-0.4531 | final_acc=54.30% | drop=45.31% | frac_pruned=90.6% | steps=116 | loss=-43.8871
  ep   10 | return=-0.4258 | final_acc=57.03% | drop=42.58% | frac_pruned=90.6% | steps=116 | loss=-23.2616
  ep   20 | return=-0.6797 | final_acc=31.64% | drop=67.97% | frac_pruned=90.6% | steps=116 | loss=-39.2589
    [greedy] final_acc=47.27% | frac_pruned=90.6%
  ep   30 | return=-0.7109 | final_acc=28.52% | drop=71.09% | frac_pruned=90.6% | steps=116 | loss=-24.5380
  ep   40 | return=-0.6172 | final_acc=37.89% | drop=61.72% | frac_pruned=90.6% | steps=116 | loss=+0.1149
  ep   50 | return=-0.5039 | final_acc=49.22% | drop=50.39% | frac_pruned=90.6% | steps=116 | loss=+10.8855
    [greedy] final_acc=56.64% | frac_pruned=90.6%
  ep   60 | return=-0.5742 | final_acc=42.19% | drop=57.42% | frac_pruned=90.6% | steps=116 | loss=+4.4016
  ep   70 | return=-0.3984 | final_acc=59.77% | drop=39.84% | frac_pruned=90.6% | steps=116 | loss=+26.3143
    [greedy] final_acc=65.62% | frac_pruned=90.6%
  ep   80 | return=-0.3398 | final_acc=65.62% | drop=33.98% | frac_pruned=90.6% | steps=116 | loss=+21.7062
  ep   90 | return=-0.4805 | final_acc=51.56% | drop=48.05% | frac_pruned=90.6% | steps=116 | loss=+4.3392
  ep  100 | return=-0.4258 | final_acc=57.03% | drop=42.58% | frac_pruned=90.6% | steps=116 | loss=+8.5496
    [greedy] final_acc=54.69% | frac_pruned=90.6%
  ep  110 | return=-0.5312 | final_acc=46.48% | drop=53.12% | frac_pruned=90.6% | steps=116 | loss=+2.3384
  ep  120 | return=-0.6602 | final_acc=33.59% | drop=66.02% | frac_pruned=90.6% | steps=116 | loss=-2.1357
    [greedy] final_acc=35.55% | frac_pruned=90.6%
  ep  130 | return=-0.9180 | final_acc=7.81% | drop=91.80% | frac_pruned=90.6% | steps=116 | loss=-16.8956
  ep  140 | return=-0.8125 | final_acc=18.36% | drop=81.25% | frac_pruned=90.6% | steps=116 | loss=+0.9416
  ep  150 | return=-0.8477 | final_acc=14.84% | drop=84.77% | frac_pruned=90.6% | steps=116 | loss=+2.5114
    [greedy] final_acc=27.34% | frac_pruned=90.6%
  ep  160 | return=-0.8672 | final_acc=12.89% | drop=86.72% | frac_pruned=90.6% | steps=116 | loss=+8.6147
  ep  170 | return=-0.7734 | final_acc=22.27% | drop=77.34% | frac_pruned=90.6% | steps=116 | loss=+19.7573
    [greedy] final_acc=5.47% | frac_pruned=90.6%
  ep  180 | return=-0.9336 | final_acc=6.25% | drop=93.36% | frac_pruned=90.6% | steps=116 | loss=+6.2455
  ep  190 | return=-0.6562 | final_acc=33.98% | drop=65.62% | frac_pruned=90.6% | steps=116 | loss=+26.5141
  ep  200 | return=-0.6367 | final_acc=35.94% | drop=63.67% | frac_pruned=90.6% | steps=116 | loss=+15.4014
    [greedy] final_acc=57.03% | frac_pruned=90.6%
  ep  210 | return=-0.5039 | final_acc=49.22% | drop=50.39% | frac_pruned=90.6% | steps=116 | loss=+23.7221
  ep  220 | return=-0.4492 | final_acc=54.69% | drop=44.92% | frac_pruned=90.6% | steps=116 | loss=+27.1552
    [greedy] final_acc=53.91% | frac_pruned=90.6%
  ep  230 | return=-0.5820 | final_acc=41.41% | drop=58.20% | frac_pruned=90.6% | steps=116 | loss=+12.7754
  ep  240 | return=-0.5977 | final_acc=39.84% | drop=59.77% | frac_pruned=90.6% | steps=116 | loss=+14.2733
  ep  250 | return=-0.6836 | final_acc=31.25% | drop=68.36% | frac_pruned=90.6% | steps=116 | loss=+4.3264
    [greedy] final_acc=49.22% | frac_pruned=90.6%
  ep  260 | return=-0.5820 | final_acc=41.41% | drop=58.20% | frac_pruned=90.6% | steps=116 | loss=+13.2504
  ep  270 | return=-0.4531 | final_acc=54.30% | drop=45.31% | frac_pruned=90.6% | steps=116 | loss=+20.7417
    [greedy] final_acc=55.08% | frac_pruned=90.6%
  ep  280 | return=-0.4844 | final_acc=51.17% | drop=48.44% | frac_pruned=90.6% | steps=116 | loss=+15.8529
  ep  290 | return=-0.6719 | final_acc=32.42% | drop=67.19% | frac_pruned=90.6% | steps=116 | loss=-1.3355
  ep  300 | return=-0.5742 | final_acc=42.19% | drop=57.42% | frac_pruned=90.6% | steps=116 | loss=+10.2478
    [greedy] final_acc=32.81% | frac_pruned=90.6%

Saved plot to experiments/latest/rl_pruner_90.png
Saved summary to experiments/latest/summary_rl_pruner_90.txt
