/Users/keshava/Documents/fairc/lep/venv/lib/python3.12/site-packages/torchvision/datasets/cifar.py:83: VisibleDeprecationWarning: dtype(): align should be passed as Python or NumPy boolean but got `align=0`. Did you mean to pass a tuple to create a subarray type? (Deprecated NumPy 2.4)
  entry = pickle.load(f, encoding="latin1")
Device: mps
Loaded CIFAR_big — 10,379,658 params, frozen.

── λ = 0.01 ── pruner params: 2,133,508 (embed_dim=64, lstm_hidden=128)
  step   50 ep1 | loss +0.010 | orig 0.965 | pruned 0.965 | keep 1.000
  step  100 ep1 | loss +0.010 | orig 0.953 | pruned 0.953 | keep 1.000
  step  150 ep1 | loss +0.012 | orig 0.973 | pruned 0.973 | keep 0.999
  step  200 ep2 | loss +0.025 | orig 0.992 | pruned 0.992 | keep 0.999
  step  250 ep2 | loss +0.024 | orig 0.969 | pruned 0.965 | keep 0.998
  step  300 ep2 | loss +0.046 | orig 0.977 | pruned 0.969 | keep 0.998
  step  350 ep2 | loss +0.030 | orig 0.961 | pruned 0.961 | keep 0.998
  step  400 ep3 | loss +0.007 | orig 0.973 | pruned 0.977 | keep 0.997
  step  450 ep3 | loss +0.022 | orig 0.973 | pruned 0.973 | keep 0.996
  step  500 ep3 | loss +0.028 | orig 0.961 | pruned 0.953 | keep 0.995
  step  550 ep3 | loss +0.051 | orig 0.969 | pruned 0.957 | keep 0.990
  step  600 ep4 | loss +0.082 | orig 0.984 | pruned 0.953 | keep 0.982
  step  650 ep4 | loss +0.045 | orig 0.965 | pruned 0.949 | keep 0.965
  step  700 ep4 | loss +0.061 | orig 0.984 | pruned 0.957 | keep 0.855
  step  750 ep4 | loss +0.088 | orig 0.984 | pruned 0.945 | keep 0.825
  step  800 ep5 | loss +0.091 | orig 0.969 | pruned 0.957 | keep 0.806
  step  850 ep5 | loss +0.075 | orig 0.977 | pruned 0.949 | keep 0.802
  step  900 ep5 | loss +0.079 | orig 0.957 | pruned 0.934 | keep 0.791
  step  950 ep5 | loss +0.073 | orig 0.984 | pruned 0.961 | keep 0.757
  → final keep 0.669  pruned 33.14%  | per-layer kept [641, 470, 116]/[1024, 512, 256]  | orig→pruned test acc 87.39→85.74%

── λ = 0.03 ── pruner params: 2,133,508 (embed_dim=64, lstm_hidden=128)
  step   50 ep1 | loss +0.030 | orig 0.977 | pruned 0.977 | keep 1.000
  step  100 ep1 | loss +0.043 | orig 0.965 | pruned 0.949 | keep 0.999
  step  150 ep1 | loss +0.027 | orig 0.957 | pruned 0.953 | keep 0.999
  step  200 ep2 | loss +0.036 | orig 0.949 | pruned 0.953 | keep 0.998
  step  250 ep2 | loss +0.060 | orig 0.984 | pruned 0.977 | keep 0.997
  step  300 ep2 | loss +0.066 | orig 0.977 | pruned 0.961 | keep 0.994
  step  350 ep2 | loss +0.042 | orig 0.973 | pruned 0.977 | keep 0.990
  step  400 ep3 | loss +0.048 | orig 0.977 | pruned 0.965 | keep 0.909
  step  450 ep3 | loss +0.057 | orig 0.984 | pruned 0.973 | keep 0.803
  step  500 ep3 | loss +0.053 | orig 0.977 | pruned 0.969 | keep 0.785
  step  550 ep3 | loss +0.078 | orig 0.969 | pruned 0.941 | keep 0.542
  step  600 ep4 | loss +0.057 | orig 0.965 | pruned 0.941 | keep 0.412
  step  650 ep4 | loss +0.070 | orig 0.969 | pruned 0.934 | keep 0.361
  step  700 ep4 | loss +0.093 | orig 0.969 | pruned 0.934 | keep 0.332
  step  750 ep4 | loss +0.044 | orig 0.973 | pruned 0.961 | keep 0.311
  step  800 ep5 | loss +0.130 | orig 0.988 | pruned 0.953 | keep 0.312
  step  850 ep5 | loss +0.073 | orig 0.961 | pruned 0.957 | keep 0.305
  step  900 ep5 | loss +0.072 | orig 0.977 | pruned 0.953 | keep 0.299
  step  950 ep5 | loss +0.085 | orig 0.996 | pruned 0.977 | keep 0.297
  → final keep 0.295  pruned 70.54%  | per-layer kept [175, 173, 96]/[1024, 512, 256]  | orig→pruned test acc 87.39→85.86%

── λ = 0.1 ── pruner params: 2,133,508 (embed_dim=64, lstm_hidden=128)
  step   50 ep1 | loss +0.105 | orig 0.980 | pruned 0.977 | keep 1.000
  step  100 ep1 | loss +0.117 | orig 0.961 | pruned 0.957 | keep 0.962
  step  150 ep1 | loss +0.094 | orig 0.988 | pruned 0.965 | keep 0.544
  step  200 ep2 | loss +0.101 | orig 0.988 | pruned 0.977 | keep 0.512
  step  250 ep2 | loss +0.139 | orig 0.973 | pruned 0.926 | keep 0.255
  step  300 ep2 | loss +0.142 | orig 0.961 | pruned 0.926 | keep 0.267
  step  350 ep2 | loss +0.141 | orig 0.965 | pruned 0.926 | keep 0.251
  step  400 ep3 | loss +0.140 | orig 0.996 | pruned 0.965 | keep 0.249
  step  450 ep3 | loss +0.206 | orig 0.969 | pruned 0.926 | keep 0.245
  step  500 ep3 | loss +0.185 | orig 0.984 | pruned 0.934 | keep 0.233
  step  550 ep3 | loss +0.187 | orig 0.988 | pruned 0.941 | keep 0.236
  step  600 ep4 | loss +0.221 | orig 0.973 | pruned 0.914 | keep 0.233
  step  650 ep4 | loss +0.199 | orig 0.977 | pruned 0.918 | keep 0.232
  step  700 ep4 | loss +0.190 | orig 0.980 | pruned 0.930 | keep 0.232
  step  750 ep4 | loss +0.175 | orig 0.977 | pruned 0.930 | keep 0.230
  step  800 ep5 | loss +0.203 | orig 0.977 | pruned 0.922 | keep 0.229
  step  850 ep5 | loss +0.196 | orig 0.961 | pruned 0.922 | keep 0.229
  step  900 ep5 | loss +0.239 | orig 0.965 | pruned 0.906 | keep 0.229
  step  950 ep5 | loss +0.210 | orig 0.957 | pruned 0.930 | keep 0.228
  → final keep 0.228  pruned 77.21%  | per-layer kept [134, 103, 90]/[1024, 512, 256]  | orig→pruned test acc 87.39→84.10%

── λ = 0.3 ── pruner params: 2,133,508 (embed_dim=64, lstm_hidden=128)
  step   50 ep1 | loss +0.325 | orig 0.977 | pruned 0.965 | keep 0.973
  step  100 ep1 | loss +0.274 | orig 0.949 | pruned 0.895 | keep 0.209
  step  150 ep1 | loss +0.264 | orig 0.973 | pruned 0.914 | keep 0.223
  step  200 ep2 | loss +0.288 | orig 0.969 | pruned 0.875 | keep 0.218
  step  250 ep2 | loss +0.253 | orig 0.980 | pruned 0.926 | keep 0.218
  step  300 ep2 | loss +0.270 | orig 0.980 | pruned 0.938 | keep 0.217
  step  350 ep2 | loss +0.228 | orig 0.969 | pruned 0.941 | keep 0.214
  step  400 ep3 | loss +0.294 | orig 0.973 | pruned 0.922 | keep 0.213
  step  450 ep3 | loss +0.272 | orig 0.973 | pruned 0.918 | keep 0.211
  step  500 ep3 | loss +0.260 | orig 0.984 | pruned 0.934 | keep 0.210
  step  550 ep3 | loss +0.332 | orig 0.965 | pruned 0.887 | keep 0.210
  step  600 ep4 | loss +0.302 | orig 0.977 | pruned 0.891 | keep 0.207
  step  650 ep4 | loss +0.253 | orig 0.977 | pruned 0.938 | keep 0.207
  step  700 ep4 | loss +0.350 | orig 0.969 | pruned 0.887 | keep 0.206
  step  750 ep4 | loss +0.282 | orig 0.969 | pruned 0.914 | keep 0.205
  step  800 ep5 | loss +0.339 | orig 0.977 | pruned 0.895 | keep 0.205
  step  850 ep5 | loss +0.290 | orig 0.977 | pruned 0.918 | keep 0.205
  step  900 ep5 | loss +0.354 | orig 0.988 | pruned 0.891 | keep 0.205
  step  950 ep5 | loss +0.320 | orig 0.984 | pruned 0.879 | keep 0.205
  → final keep 0.205  pruned 79.52%  | per-layer kept [107, 89, 86]/[1024, 512, 256]  | orig→pruned test acc 87.39→83.48%

CIFAR_big MLP pruner — λ sweep
layers : fc1(1024×8192) fc2(512×1024) fc3(256×512); fc4 untouched
pruner : BiLSTM embed_dim=64 lstm_hidden=128
train  : 5 epochs × batch 256 on mps
------------------------------------------------------------------------
  lambda |   % pruned |  orig acc |  pruned acc |    drop |        fc1        fc2        fc3
------------------------------------------------------------------------
    0.01 |     33.14% |    87.39% |      85.74% |  +1.65pp |  641/1024   470/512    116/256  
    0.03 |     70.54% |    87.39% |      85.86% |  +1.53pp |  175/1024   173/512     96/256  
     0.1 |     77.21% |    87.39% |      84.10% |  +3.29pp |  134/1024   103/512     90/256  
     0.3 |     79.52% |    87.39% |      83.48% |  +3.91pp |  107/1024    89/512     86/256  

Results → experiments/latest/hypernetwork/cifar_lambda_sweep/
