Device: cpu  λs=[0.05, 0.1, 0.15, 0.25, 0.4, 0.55]  seeds=[0, 1, 2]  epochs=15
Loaded experiments/checkpoints/mnist_deep4x512.pt: hidden=[512, 512, 512, 512], 1,195,018 params, frozen.

── λ=0.05 seed=0 ── pruner params: 711,429
  [λ=0.05 seed=0] step  100 ep1 | loss +0.055 | orig 0.996 pruned 0.992 | pruned% h1=  0.2 h2=  0.0 h3= 18.6 h4= 15.4 (avg=  8.5)
  [λ=0.05 seed=0] step  200 ep1 | loss +0.041 | orig 0.996 pruned 0.996 | pruned% h1=  1.4 h2=  0.2 h3= 24.2 h4= 46.7 (avg= 18.1)
  [λ=0.05 seed=0] step  300 ep2 | loss +0.042 | orig 1.000 pruned 1.000 | pruned% h1=  8.8 h2=  0.4 h3= 29.3 h4= 56.8 (avg= 23.8)
  [λ=0.05 seed=0] step  400 ep2 | loss +0.042 | orig 0.996 pruned 0.996 | pruned% h1=  9.0 h2=  0.2 h3= 37.5 h4= 59.6 (avg= 26.6)
  [λ=0.05 seed=0] step  500 ep3 | loss +0.035 | orig 0.992 pruned 0.992 | pruned% h1= 12.9 h2=  0.0 h3= 43.4 h4= 60.4 (avg= 29.2)
  [λ=0.05 seed=0] step  600 ep3 | loss +0.039 | orig 0.992 pruned 0.996 | pruned% h1= 13.1 h2=  0.0 h3= 47.7 h4= 60.7 (avg= 30.4)
  [λ=0.05 seed=0] step  700 ep3 | loss +0.031 | orig 0.992 pruned 0.996 | pruned% h1= 17.8 h2=  0.0 h3= 49.4 h4= 60.7 (avg= 32.0)
  [λ=0.05 seed=0] step  800 ep4 | loss +0.022 | orig 0.992 pruned 0.996 | pruned% h1= 20.9 h2=  0.0 h3= 49.8 h4= 60.7 (avg= 32.9)
  [λ=0.05 seed=0] step  900 ep4 | loss +0.045 | orig 0.992 pruned 0.992 | pruned% h1= 29.7 h2=  0.0 h3= 50.2 h4= 60.9 (avg= 35.2)
  [λ=0.05 seed=0] step 1000 ep5 | loss +0.039 | orig 0.996 pruned 0.992 | pruned% h1= 31.6 h2=  0.0 h3= 50.6 h4= 60.9 (avg= 35.8)
  [λ=0.05 seed=0] step 1100 ep5 | loss +0.040 | orig 0.996 pruned 1.000 | pruned% h1= 36.1 h2=  0.0 h3= 50.6 h4= 60.9 (avg= 36.9)
  [λ=0.05 seed=0] step 1200 ep6 | loss +0.046 | orig 0.992 pruned 0.988 | pruned% h1= 38.7 h2=  0.0 h3= 50.8 h4= 60.9 (avg= 37.6)
  [λ=0.05 seed=0] step 1300 ep6 | loss +0.041 | orig 0.996 pruned 0.996 | pruned% h1= 40.4 h2=  0.0 h3= 50.8 h4= 60.9 (avg= 38.0)
  [λ=0.05 seed=0] step 1400 ep6 | loss +0.047 | orig 1.000 pruned 0.996 | pruned% h1= 41.0 h2=  0.0 h3= 50.8 h4= 60.9 (avg= 38.2)
  [λ=0.05 seed=0] step 1500 ep7 | loss +0.011 | orig 0.984 pruned 0.988 | pruned% h1= 42.6 h2=  0.0 h3= 51.4 h4= 60.9 (avg= 38.7)
  [λ=0.05 seed=0] step 1600 ep7 | loss +0.038 | orig 0.992 pruned 0.992 | pruned% h1= 44.5 h2=  0.0 h3= 51.4 h4= 60.9 (avg= 39.2)
  [λ=0.05 seed=0] step 1700 ep8 | loss +0.034 | orig 0.996 pruned 0.996 | pruned% h1= 45.1 h2=  0.0 h3= 51.4 h4= 60.9 (avg= 39.4)
  [λ=0.05 seed=0] step 1800 ep8 | loss +0.031 | orig 0.988 pruned 0.980 | pruned% h1= 45.9 h2=  0.0 h3= 51.4 h4= 60.9 (avg= 39.6)
  [λ=0.05 seed=0] step 1900 ep9 | loss +0.039 | orig 0.992 pruned 0.992 | pruned% h1= 46.1 h2=  0.0 h3= 51.4 h4= 60.9 (avg= 39.6)
  [λ=0.05 seed=0] step 2000 ep9 | loss +0.046 | orig 0.996 pruned 0.996 | pruned% h1= 46.3 h2=  0.0 h3= 51.6 h4= 60.9 (avg= 39.7)
  [λ=0.05 seed=0] step 2100 ep9 | loss +0.009 | orig 0.992 pruned 0.992 | pruned% h1= 46.7 h2=  0.0 h3= 51.6 h4= 60.9 (avg= 39.8)
  [λ=0.05 seed=0] step 2200 ep10 | loss +0.045 | orig 0.996 pruned 0.992 | pruned% h1= 46.9 h2=  0.0 h3= 51.6 h4= 60.9 (avg= 39.8)
  [λ=0.05 seed=0] step 2300 ep10 | loss +0.050 | orig 0.996 pruned 1.000 | pruned% h1= 47.9 h2=  0.0 h3= 51.6 h4= 60.9 (avg= 40.1)
  [λ=0.05 seed=0] step 2400 ep11 | loss +0.056 | orig 0.984 pruned 0.984 | pruned% h1= 47.9 h2=  4.5 h3= 51.6 h4= 60.9 (avg= 41.2)
  [λ=0.05 seed=0] step 2500 ep11 | loss +0.040 | orig 0.996 pruned 0.996 | pruned% h1= 47.9 h2=  9.0 h3= 51.6 h4= 60.9 (avg= 42.3)
  [λ=0.05 seed=0] step 2600 ep12 | loss +0.043 | orig 1.000 pruned 1.000 | pruned% h1= 47.9 h2= 12.7 h3= 51.6 h4= 60.9 (avg= 43.3)
  [λ=0.05 seed=0] step 2700 ep12 | loss +0.030 | orig 0.996 pruned 0.984 | pruned% h1= 48.0 h2= 13.7 h3= 51.6 h4= 60.9 (avg= 43.6)
  [λ=0.05 seed=0] step 2800 ep12 | loss +0.041 | orig 1.000 pruned 1.000 | pruned% h1= 48.0 h2= 15.2 h3= 51.6 h4= 60.9 (avg= 43.9)
  [λ=0.05 seed=0] step 2900 ep13 | loss +0.047 | orig 0.992 pruned 0.988 | pruned% h1= 48.2 h2= 16.0 h3= 51.6 h4= 60.9 (avg= 44.2)
  [λ=0.05 seed=0] step 3000 ep13 | loss +0.031 | orig 0.992 pruned 0.988 | pruned% h1= 48.2 h2= 16.0 h3= 51.6 h4= 60.9 (avg= 44.2)
  [λ=0.05 seed=0] step 3100 ep14 | loss +0.045 | orig 1.000 pruned 1.000 | pruned% h1= 48.2 h2= 16.2 h3= 51.6 h4= 60.9 (avg= 44.2)
  [λ=0.05 seed=0] step 3200 ep14 | loss +0.049 | orig 0.996 pruned 0.992 | pruned% h1= 48.2 h2= 16.2 h3= 51.6 h4= 60.9 (avg= 44.2)
  [λ=0.05 seed=0] step 3300 ep15 | loss +0.027 | orig 0.992 pruned 0.992 | pruned% h1= 48.2 h2= 16.6 h3= 51.6 h4= 60.9 (avg= 44.3)
  [λ=0.05 seed=0] step 3400 ep15 | loss +0.045 | orig 1.000 pruned 0.996 | pruned% h1= 48.2 h2= 17.0 h3= 51.6 h4= 60.9 (avg= 44.4)
  [λ=0.05 seed=0] step 3500 ep15 | loss +0.031 | orig 0.996 pruned 0.996 | pruned% h1= 48.2 h2= 17.2 h3= 51.6 h4= 60.9 (avg= 44.5)
  → [λ=0.05 seed=0] final keep 0.555  pruned 44.48%  | per-layer kept [265, 424, 248, 200]/[512, 512, 512, 512]  | orig→pruned test acc 98.32→98.13%  | 69s

── λ=0.05 seed=1 ── pruner params: 711,429
  [λ=0.05 seed=1] step  100 ep1 | loss +0.053 | orig 0.996 pruned 0.992 | pruned% h1=  0.8 h2=  0.2 h3=  8.4 h4= 46.5 (avg= 14.0)
  [λ=0.05 seed=1] step  200 ep1 | loss +0.043 | orig 0.996 pruned 0.992 | pruned% h1=  3.7 h2=  0.0 h3=  7.8 h4= 61.3 (avg= 18.2)
  [λ=0.05 seed=1] step  300 ep2 | loss +0.036 | orig 0.992 pruned 1.000 | pruned% h1=  6.4 h2=  0.4 h3= 13.7 h4= 62.7 (avg= 20.8)
  [λ=0.05 seed=1] step  400 ep2 | loss +0.046 | orig 0.992 pruned 0.992 | pruned% h1=  7.2 h2=  0.0 h3= 25.6 h4= 64.3 (avg= 24.3)
  [λ=0.05 seed=1] step  500 ep3 | loss +0.048 | orig 0.996 pruned 0.996 | pruned% h1= 10.4 h2=  0.0 h3= 35.4 h4= 65.0 (avg= 27.7)
  [λ=0.05 seed=1] step  600 ep3 | loss +0.040 | orig 1.000 pruned 1.000 | pruned% h1= 11.3 h2=  0.0 h3= 40.4 h4= 65.0 (avg= 29.2)
  [λ=0.05 seed=1] step  700 ep3 | loss +0.045 | orig 0.992 pruned 0.988 | pruned% h1= 12.1 h2=  0.0 h3= 42.8 h4= 65.0 (avg= 30.0)
  [λ=0.05 seed=1] step  800 ep4 | loss +0.055 | orig 0.996 pruned 0.996 | pruned% h1= 15.2 h2=  0.0 h3= 43.9 h4= 65.0 (avg= 31.1)
  [λ=0.05 seed=1] step  900 ep4 | loss +0.038 | orig 0.996 pruned 0.996 | pruned% h1= 18.9 h2=  0.0 h3= 44.9 h4= 65.0 (avg= 32.2)
  [λ=0.05 seed=1] step 1000 ep5 | loss +0.058 | orig 1.000 pruned 0.996 | pruned% h1= 25.4 h2=  0.0 h3= 45.5 h4= 65.2 (avg= 34.0)
  [λ=0.05 seed=1] step 1100 ep5 | loss +0.047 | orig 0.988 pruned 0.988 | pruned% h1= 28.5 h2=  0.0 h3= 45.7 h4= 65.2 (avg= 34.9)
  [λ=0.05 seed=1] step 1200 ep6 | loss +0.042 | orig 0.996 pruned 0.996 | pruned% h1= 35.2 h2=  0.0 h3= 45.9 h4= 65.2 (avg= 36.6)
  [λ=0.05 seed=1] step 1300 ep6 | loss +0.045 | orig 0.996 pruned 0.988 | pruned% h1= 35.7 h2=  0.0 h3= 45.9 h4= 65.2 (avg= 36.7)
  [λ=0.05 seed=1] step 1400 ep6 | loss +0.050 | orig 0.992 pruned 0.988 | pruned% h1= 37.9 h2=  0.0 h3= 45.9 h4= 65.2 (avg= 37.3)
  [λ=0.05 seed=1] step 1500 ep7 | loss +0.062 | orig 1.000 pruned 0.996 | pruned% h1= 38.5 h2=  0.0 h3= 45.9 h4= 65.2 (avg= 37.4)
  [λ=0.05 seed=1] step 1600 ep7 | loss +0.038 | orig 1.000 pruned 1.000 | pruned% h1= 39.1 h2=  0.0 h3= 45.9 h4= 65.2 (avg= 37.5)
  [λ=0.05 seed=1] step 1700 ep8 | loss +0.055 | orig 0.992 pruned 0.980 | pruned% h1= 39.8 h2=  0.0 h3= 45.9 h4= 65.2 (avg= 37.7)
  [λ=0.05 seed=1] step 1800 ep8 | loss +0.063 | orig 1.000 pruned 0.996 | pruned% h1= 41.2 h2=  0.0 h3= 46.3 h4= 65.2 (avg= 38.2)
  [λ=0.05 seed=1] step 1900 ep9 | loss +0.058 | orig 0.996 pruned 0.988 | pruned% h1= 41.8 h2=  0.0 h3= 46.3 h4= 65.2 (avg= 38.3)
  [λ=0.05 seed=1] step 2000 ep9 | loss +0.045 | orig 1.000 pruned 1.000 | pruned% h1= 42.0 h2=  0.0 h3= 46.3 h4= 65.2 (avg= 38.4)
  [λ=0.05 seed=1] step 2100 ep9 | loss +0.052 | orig 1.000 pruned 1.000 | pruned% h1= 43.0 h2=  0.0 h3= 46.5 h4= 65.2 (avg= 38.7)
  [λ=0.05 seed=1] step 2200 ep10 | loss +0.043 | orig 0.992 pruned 0.996 | pruned% h1= 43.2 h2=  0.0 h3= 46.5 h4= 65.2 (avg= 38.7)
  [λ=0.05 seed=1] step 2300 ep10 | loss +0.065 | orig 1.000 pruned 0.992 | pruned% h1= 43.6 h2=  0.0 h3= 46.5 h4= 65.2 (avg= 38.8)
  [λ=0.05 seed=1] step 2400 ep11 | loss +0.060 | orig 0.996 pruned 0.996 | pruned% h1= 43.9 h2=  0.0 h3= 46.5 h4= 65.2 (avg= 38.9)
  [λ=0.05 seed=1] step 2500 ep11 | loss +0.058 | orig 0.992 pruned 0.992 | pruned% h1= 44.1 h2=  0.0 h3= 46.5 h4= 65.2 (avg= 39.0)
  [λ=0.05 seed=1] step 2600 ep12 | loss +0.058 | orig 1.000 pruned 0.996 | pruned% h1= 44.1 h2=  0.0 h3= 46.5 h4= 65.2 (avg= 39.0)
  [λ=0.05 seed=1] step 2700 ep12 | loss +0.044 | orig 0.992 pruned 0.992 | pruned% h1= 44.3 h2=  0.0 h3= 46.5 h4= 65.2 (avg= 39.0)
  [λ=0.05 seed=1] step 2800 ep12 | loss +0.053 | orig 0.996 pruned 0.996 | pruned% h1= 44.3 h2=  0.0 h3= 46.5 h4= 65.2 (avg= 39.0)
  [λ=0.05 seed=1] step 2900 ep13 | loss +0.060 | orig 1.000 pruned 0.996 | pruned% h1= 44.3 h2=  0.0 h3= 46.7 h4= 65.2 (avg= 39.1)
  [λ=0.05 seed=1] step 3000 ep13 | loss +0.045 | orig 1.000 pruned 1.000 | pruned% h1= 44.3 h2=  0.0 h3= 46.7 h4= 65.2 (avg= 39.1)
  [λ=0.05 seed=1] step 3100 ep14 | loss +0.047 | orig 0.992 pruned 0.988 | pruned% h1= 44.3 h2=  0.0 h3= 46.7 h4= 65.2 (avg= 39.1)
  [λ=0.05 seed=1] step 3200 ep14 | loss +0.049 | orig 0.996 pruned 0.996 | pruned% h1= 44.3 h2=  0.0 h3= 46.7 h4= 65.2 (avg= 39.1)
  [λ=0.05 seed=1] step 3300 ep15 | loss +0.052 | orig 1.000 pruned 0.992 | pruned% h1= 44.3 h2=  0.0 h3= 46.7 h4= 65.2 (avg= 39.1)
  [λ=0.05 seed=1] step 3400 ep15 | loss +0.048 | orig 0.996 pruned 0.996 | pruned% h1= 44.3 h2=  0.0 h3= 46.7 h4= 65.2 (avg= 39.1)
  [λ=0.05 seed=1] step 3500 ep15 | loss +0.041 | orig 0.996 pruned 0.996 | pruned% h1= 44.7 h2=  0.0 h3= 46.7 h4= 65.2 (avg= 39.2)
  → [λ=0.05 seed=1] final keep 0.608  pruned 39.16%  | per-layer kept [283, 512, 273, 178]/[512, 512, 512, 512]  | orig→pruned test acc 98.32→97.97%  | 61s

── λ=0.05 seed=2 ── pruner params: 711,429
  [λ=0.05 seed=2] step  100 ep1 | loss +0.043 | orig 0.996 pruned 0.992 | pruned% h1=  0.0 h2=  1.2 h3=  4.1 h4= 47.5 (avg= 13.2)
  [λ=0.05 seed=2] step  200 ep1 | loss +0.045 | orig 0.992 pruned 0.996 | pruned% h1=  1.4 h2=  2.0 h3=  1.2 h4= 64.3 (avg= 17.2)
  [λ=0.05 seed=2] step  300 ep2 | loss +0.036 | orig 0.988 pruned 0.996 | pruned% h1=  4.5 h2=  0.8 h3=  7.8 h4= 64.3 (avg= 19.3)
  [λ=0.05 seed=2] step  400 ep2 | loss +0.041 | orig 0.996 pruned 0.996 | pruned% h1=  6.1 h2=  0.0 h3= 23.0 h4= 65.4 (avg= 23.6)
  [λ=0.05 seed=2] step  500 ep3 | loss +0.038 | orig 0.996 pruned 0.996 | pruned% h1=  8.6 h2=  0.0 h3= 35.2 h4= 65.8 (avg= 27.4)
  [λ=0.05 seed=2] step  600 ep3 | loss +0.040 | orig 0.992 pruned 0.996 | pruned% h1= 10.0 h2=  0.0 h3= 39.3 h4= 66.0 (avg= 28.8)
  [λ=0.05 seed=2] step  700 ep3 | loss +0.045 | orig 0.988 pruned 0.988 | pruned% h1= 10.2 h2=  0.0 h3= 40.0 h4= 66.0 (avg= 29.1)
  [λ=0.05 seed=2] step  800 ep4 | loss +0.014 | orig 0.988 pruned 0.992 | pruned% h1= 11.7 h2=  0.0 h3= 41.4 h4= 66.0 (avg= 29.8)
  [λ=0.05 seed=2] step  900 ep4 | loss +0.033 | orig 0.996 pruned 0.996 | pruned% h1= 13.7 h2=  0.0 h3= 42.2 h4= 66.0 (avg= 30.5)
  [λ=0.05 seed=2] step 1000 ep5 | loss +0.044 | orig 1.000 pruned 1.000 | pruned% h1= 13.9 h2=  0.0 h3= 42.2 h4= 66.0 (avg= 30.5)
  [λ=0.05 seed=2] step 1100 ep5 | loss +0.046 | orig 1.000 pruned 0.996 | pruned% h1= 14.1 h2=  0.0 h3= 43.4 h4= 66.0 (avg= 30.9)
  [λ=0.05 seed=2] step 1200 ep6 | loss +0.046 | orig 0.996 pruned 0.992 | pruned% h1= 14.5 h2=  0.0 h3= 43.9 h4= 66.0 (avg= 31.1)
  [λ=0.05 seed=2] step 1300 ep6 | loss +0.049 | orig 0.988 pruned 0.992 | pruned% h1= 17.4 h2=  0.0 h3= 44.5 h4= 66.0 (avg= 32.0)
  [λ=0.05 seed=2] step 1400 ep6 | loss +0.049 | orig 0.996 pruned 0.988 | pruned% h1= 20.9 h2=  0.0 h3= 44.9 h4= 66.0 (avg= 33.0)
  [λ=0.05 seed=2] step 1500 ep7 | loss +0.042 | orig 0.996 pruned 1.000 | pruned% h1= 27.5 h2=  0.0 h3= 45.1 h4= 66.0 (avg= 34.7)
  [λ=0.05 seed=2] step 1600 ep7 | loss +0.044 | orig 0.996 pruned 1.000 | pruned% h1= 28.3 h2=  0.0 h3= 45.1 h4= 66.0 (avg= 34.9)
  [λ=0.05 seed=2] step 1700 ep8 | loss +0.044 | orig 1.000 pruned 1.000 | pruned% h1= 32.4 h2=  0.0 h3= 45.1 h4= 66.0 (avg= 35.9)
  [λ=0.05 seed=2] step 1800 ep8 | loss +0.038 | orig 0.996 pruned 1.000 | pruned% h1= 35.7 h2=  0.0 h3= 45.1 h4= 66.0 (avg= 36.7)
  [λ=0.05 seed=2] step 1900 ep9 | loss +0.049 | orig 1.000 pruned 0.996 | pruned% h1= 36.3 h2=  0.0 h3= 45.1 h4= 66.0 (avg= 36.9)
  [λ=0.05 seed=2] step 2000 ep9 | loss +0.054 | orig 1.000 pruned 0.992 | pruned% h1= 38.3 h2=  0.0 h3= 45.1 h4= 66.0 (avg= 37.4)
  [λ=0.05 seed=2] step 2100 ep9 | loss +0.054 | orig 0.996 pruned 0.996 | pruned% h1= 38.5 h2=  0.0 h3= 45.1 h4= 66.0 (avg= 37.4)
  [λ=0.05 seed=2] step 2200 ep10 | loss +0.052 | orig 0.996 pruned 0.992 | pruned% h1= 38.5 h2=  0.0 h3= 45.1 h4= 66.0 (avg= 37.4)
  [λ=0.05 seed=2] step 2300 ep10 | loss +0.054 | orig 0.992 pruned 0.988 | pruned% h1= 38.7 h2=  0.0 h3= 45.1 h4= 66.0 (avg= 37.5)
  [λ=0.05 seed=2] step 2400 ep11 | loss +0.047 | orig 1.000 pruned 1.000 | pruned% h1= 39.5 h2=  0.0 h3= 45.1 h4= 66.0 (avg= 37.6)
  [λ=0.05 seed=2] step 2500 ep11 | loss +0.037 | orig 0.992 pruned 0.992 | pruned% h1= 39.5 h2=  0.0 h3= 45.1 h4= 66.0 (avg= 37.6)
  [λ=0.05 seed=2] step 2600 ep12 | loss +0.037 | orig 1.000 pruned 1.000 | pruned% h1= 40.0 h2=  0.0 h3= 45.1 h4= 66.0 (avg= 37.8)
  [λ=0.05 seed=2] step 2700 ep12 | loss +0.055 | orig 1.000 pruned 0.992 | pruned% h1= 40.6 h2=  0.0 h3= 45.1 h4= 66.0 (avg= 37.9)
  [λ=0.05 seed=2] step 2800 ep12 | loss +0.059 | orig 1.000 pruned 0.996 | pruned% h1= 40.8 h2=  0.0 h3= 45.1 h4= 66.0 (avg= 38.0)
  [λ=0.05 seed=2] step 2900 ep13 | loss +0.029 | orig 0.988 pruned 0.992 | pruned% h1= 41.0 h2=  0.0 h3= 45.1 h4= 66.0 (avg= 38.0)
  [λ=0.05 seed=2] step 3000 ep13 | loss +0.046 | orig 0.996 pruned 1.000 | pruned% h1= 41.0 h2=  0.0 h3= 45.1 h4= 66.0 (avg= 38.0)
  [λ=0.05 seed=2] step 3100 ep14 | loss +0.045 | orig 1.000 pruned 0.996 | pruned% h1= 41.2 h2=  0.0 h3= 45.1 h4= 66.0 (avg= 38.1)
  [λ=0.05 seed=2] step 3200 ep14 | loss +0.048 | orig 0.996 pruned 0.992 | pruned% h1= 41.2 h2=  0.0 h3= 45.1 h4= 66.0 (avg= 38.1)
  [λ=0.05 seed=2] step 3300 ep15 | loss +0.045 | orig 0.996 pruned 0.996 | pruned% h1= 41.6 h2=  0.0 h3= 45.1 h4= 66.0 (avg= 38.2)
  [λ=0.05 seed=2] step 3400 ep15 | loss +0.047 | orig 0.996 pruned 0.992 | pruned% h1= 41.6 h2=  0.0 h3= 45.1 h4= 66.0 (avg= 38.2)
  [λ=0.05 seed=2] step 3500 ep15 | loss +0.047 | orig 0.988 pruned 0.992 | pruned% h1= 41.6 h2=  0.6 h3= 45.1 h4= 66.0 (avg= 38.3)
  → [λ=0.05 seed=2] final keep 0.617  pruned 38.33%  | per-layer kept [299, 509, 281, 174]/[512, 512, 512, 512]  | orig→pruned test acc 98.32→98.09%  | 67s

── λ=0.1 seed=0 ── pruner params: 711,429
  [λ=0.1 seed=0] step  100 ep1 | loss +0.094 | orig 0.996 pruned 0.996 | pruned% h1=  0.0 h2=  0.0 h3= 42.8 h4= 54.5 (avg= 24.3)
  [λ=0.1 seed=0] step  200 ep1 | loss +0.086 | orig 0.996 pruned 0.992 | pruned% h1= 13.5 h2=  0.0 h3= 46.5 h4= 62.1 (avg= 30.5)
  [λ=0.1 seed=0] step  300 ep2 | loss +0.090 | orig 1.000 pruned 0.996 | pruned% h1= 31.8 h2=  0.2 h3= 51.8 h4= 62.9 (avg= 36.7)
  [λ=0.1 seed=0] step  400 ep2 | loss +0.082 | orig 0.996 pruned 0.992 | pruned% h1= 39.5 h2=  2.9 h3= 52.1 h4= 63.1 (avg= 39.4)
  [λ=0.1 seed=0] step  500 ep3 | loss +0.074 | orig 0.992 pruned 0.988 | pruned% h1= 43.4 h2=  9.6 h3= 53.9 h4= 63.3 (avg= 42.5)
  [λ=0.1 seed=0] step  600 ep3 | loss +0.076 | orig 0.992 pruned 0.988 | pruned% h1= 44.7 h2= 18.8 h3= 55.3 h4= 63.3 (avg= 45.5)
  [λ=0.1 seed=0] step  700 ep3 | loss +0.063 | orig 0.992 pruned 0.996 | pruned% h1= 45.9 h2= 20.5 h3= 55.5 h4= 63.7 (avg= 46.4)
  [λ=0.1 seed=0] step  800 ep4 | loss +0.065 | orig 0.992 pruned 0.992 | pruned% h1= 47.1 h2= 22.1 h3= 55.7 h4= 63.9 (avg= 47.2)
  [λ=0.1 seed=0] step  900 ep4 | loss +0.087 | orig 0.992 pruned 0.980 | pruned% h1= 47.5 h2= 23.6 h3= 55.9 h4= 64.1 (avg= 47.8)
  [λ=0.1 seed=0] step 1000 ep5 | loss +0.073 | orig 0.996 pruned 0.992 | pruned% h1= 47.9 h2= 24.0 h3= 55.9 h4= 64.1 (avg= 47.9)
  [λ=0.1 seed=0] step 1100 ep5 | loss +0.082 | orig 0.996 pruned 1.000 | pruned% h1= 48.0 h2= 24.6 h3= 55.9 h4= 64.1 (avg= 48.1)
  [λ=0.1 seed=0] step 1200 ep6 | loss +0.076 | orig 0.992 pruned 0.988 | pruned% h1= 48.4 h2= 25.2 h3= 55.9 h4= 64.1 (avg= 48.4)
  [λ=0.1 seed=0] step 1300 ep6 | loss +0.069 | orig 0.996 pruned 0.996 | pruned% h1= 48.4 h2= 25.6 h3= 55.9 h4= 64.1 (avg= 48.5)
  [λ=0.1 seed=0] step 1400 ep6 | loss +0.082 | orig 1.000 pruned 0.996 | pruned% h1= 48.6 h2= 25.6 h3= 55.9 h4= 64.3 (avg= 48.6)
  [λ=0.1 seed=0] step 1500 ep7 | loss +0.070 | orig 0.984 pruned 0.973 | pruned% h1= 48.6 h2= 25.8 h3= 55.9 h4= 64.3 (avg= 48.6)
  [λ=0.1 seed=0] step 1600 ep7 | loss +0.071 | orig 0.992 pruned 0.992 | pruned% h1= 48.6 h2= 26.2 h3= 56.1 h4= 64.3 (avg= 48.8)
  [λ=0.1 seed=0] step 1700 ep8 | loss +0.063 | orig 0.996 pruned 0.996 | pruned% h1= 48.6 h2= 26.2 h3= 56.1 h4= 64.3 (avg= 48.8)
  [λ=0.1 seed=0] step 1800 ep8 | loss +0.064 | orig 0.988 pruned 0.984 | pruned% h1= 48.8 h2= 26.4 h3= 56.1 h4= 64.3 (avg= 48.9)
  [λ=0.1 seed=0] step 1900 ep9 | loss +0.066 | orig 0.992 pruned 0.996 | pruned% h1= 48.8 h2= 26.6 h3= 56.2 h4= 64.3 (avg= 49.0)
  [λ=0.1 seed=0] step 2000 ep9 | loss +0.071 | orig 0.996 pruned 0.996 | pruned% h1= 48.8 h2= 26.6 h3= 56.2 h4= 64.3 (avg= 49.0)
  [λ=0.1 seed=0] step 2100 ep9 | loss +0.044 | orig 0.992 pruned 0.992 | pruned% h1= 48.8 h2= 26.6 h3= 56.2 h4= 64.3 (avg= 49.0)
  [λ=0.1 seed=0] step 2200 ep10 | loss +0.071 | orig 0.996 pruned 0.992 | pruned% h1= 49.2 h2= 26.6 h3= 56.2 h4= 64.3 (avg= 49.1)
  [λ=0.1 seed=0] step 2300 ep10 | loss +0.082 | orig 0.996 pruned 1.000 | pruned% h1= 49.2 h2= 26.8 h3= 56.2 h4= 64.3 (avg= 49.1)
  [λ=0.1 seed=0] step 2400 ep11 | loss +0.090 | orig 0.984 pruned 0.988 | pruned% h1= 49.4 h2= 26.8 h3= 56.2 h4= 64.3 (avg= 49.2)
  [λ=0.1 seed=0] step 2500 ep11 | loss +0.073 | orig 0.996 pruned 0.996 | pruned% h1= 49.4 h2= 26.8 h3= 56.2 h4= 64.3 (avg= 49.2)
  [λ=0.1 seed=0] step 2600 ep12 | loss +0.084 | orig 1.000 pruned 0.996 | pruned% h1= 49.4 h2= 26.8 h3= 56.2 h4= 64.3 (avg= 49.2)
  [λ=0.1 seed=0] step 2700 ep12 | loss +0.051 | orig 0.996 pruned 0.988 | pruned% h1= 49.4 h2= 26.8 h3= 56.2 h4= 64.3 (avg= 49.2)
  [λ=0.1 seed=0] step 2800 ep12 | loss +0.079 | orig 1.000 pruned 1.000 | pruned% h1= 49.4 h2= 26.8 h3= 56.2 h4= 64.3 (avg= 49.2)
  [λ=0.1 seed=0] step 2900 ep13 | loss +0.079 | orig 0.992 pruned 0.992 | pruned% h1= 49.4 h2= 26.8 h3= 56.2 h4= 64.3 (avg= 49.2)
  [λ=0.1 seed=0] step 3000 ep13 | loss +0.053 | orig 0.992 pruned 0.996 | pruned% h1= 49.4 h2= 26.8 h3= 56.2 h4= 64.3 (avg= 49.2)
  [λ=0.1 seed=0] step 3100 ep14 | loss +0.077 | orig 1.000 pruned 1.000 | pruned% h1= 49.4 h2= 26.8 h3= 56.2 h4= 64.3 (avg= 49.2)
  [λ=0.1 seed=0] step 3200 ep14 | loss +0.083 | orig 0.996 pruned 0.996 | pruned% h1= 49.4 h2= 26.8 h3= 56.2 h4= 64.3 (avg= 49.2)
  [λ=0.1 seed=0] step 3300 ep15 | loss +0.063 | orig 0.992 pruned 0.992 | pruned% h1= 49.4 h2= 26.8 h3= 56.2 h4= 64.3 (avg= 49.2)
  [λ=0.1 seed=0] step 3400 ep15 | loss +0.083 | orig 1.000 pruned 0.992 | pruned% h1= 49.4 h2= 26.8 h3= 56.2 h4= 64.3 (avg= 49.2)
  [λ=0.1 seed=0] step 3500 ep15 | loss +0.069 | orig 0.996 pruned 0.996 | pruned% h1= 49.4 h2= 27.1 h3= 56.2 h4= 64.3 (avg= 49.3)
  → [λ=0.1 seed=0] final keep 0.507  pruned 49.27%  | per-layer kept [259, 373, 224, 183]/[512, 512, 512, 512]  | orig→pruned test acc 98.32→98.23%  | 73s

── λ=0.1 seed=1 ── pruner params: 711,429
  [λ=0.1 seed=1] step  100 ep1 | loss +0.092 | orig 0.996 pruned 0.996 | pruned% h1=  1.8 h2=  0.6 h3= 21.9 h4= 68.2 (avg= 23.1)
  [λ=0.1 seed=1] step  200 ep1 | loss +0.068 | orig 0.996 pruned 0.992 | pruned% h1= 17.0 h2=  0.6 h3= 33.6 h4= 68.8 (avg= 30.0)
  [λ=0.1 seed=1] step  300 ep2 | loss +0.083 | orig 0.992 pruned 0.992 | pruned% h1= 27.1 h2=  0.2 h3= 43.2 h4= 68.8 (avg= 34.8)
  [λ=0.1 seed=1] step  400 ep2 | loss +0.091 | orig 0.992 pruned 0.992 | pruned% h1= 35.4 h2=  1.6 h3= 48.2 h4= 68.9 (avg= 38.5)
  [λ=0.1 seed=1] step  500 ep3 | loss +0.092 | orig 0.996 pruned 0.992 | pruned% h1= 40.8 h2=  7.4 h3= 49.2 h4= 68.9 (avg= 41.6)
  [λ=0.1 seed=1] step  600 ep3 | loss +0.075 | orig 1.000 pruned 1.000 | pruned% h1= 42.6 h2= 17.2 h3= 50.2 h4= 69.1 (avg= 44.8)
  [λ=0.1 seed=1] step  700 ep3 | loss +0.075 | orig 0.992 pruned 0.984 | pruned% h1= 43.2 h2= 21.5 h3= 50.2 h4= 69.1 (avg= 46.0)
  [λ=0.1 seed=1] step  800 ep4 | loss +0.102 | orig 0.996 pruned 0.984 | pruned% h1= 44.3 h2= 22.7 h3= 50.2 h4= 69.1 (avg= 46.6)
  [λ=0.1 seed=1] step  900 ep4 | loss +0.067 | orig 0.996 pruned 0.996 | pruned% h1= 45.7 h2= 24.2 h3= 50.4 h4= 69.3 (avg= 47.4)
  [λ=0.1 seed=1] step 1000 ep5 | loss +0.102 | orig 1.000 pruned 0.992 | pruned% h1= 46.3 h2= 25.4 h3= 50.4 h4= 69.3 (avg= 47.9)
  [λ=0.1 seed=1] step 1100 ep5 | loss +0.080 | orig 0.988 pruned 0.980 | pruned% h1= 46.5 h2= 25.8 h3= 50.8 h4= 69.3 (avg= 48.1)
  [λ=0.1 seed=1] step 1200 ep6 | loss +0.074 | orig 0.996 pruned 0.996 | pruned% h1= 47.1 h2= 26.2 h3= 50.8 h4= 69.3 (avg= 48.3)
  [λ=0.1 seed=1] step 1300 ep6 | loss +0.073 | orig 0.996 pruned 0.988 | pruned% h1= 47.5 h2= 26.4 h3= 51.0 h4= 69.3 (avg= 48.5)
  [λ=0.1 seed=1] step 1400 ep6 | loss +0.085 | orig 0.992 pruned 0.992 | pruned% h1= 47.9 h2= 26.6 h3= 51.0 h4= 69.3 (avg= 48.7)
  [λ=0.1 seed=1] step 1500 ep7 | loss +0.080 | orig 1.000 pruned 0.996 | pruned% h1= 47.9 h2= 27.0 h3= 51.0 h4= 69.3 (avg= 48.8)
  [λ=0.1 seed=1] step 1600 ep7 | loss +0.069 | orig 1.000 pruned 1.000 | pruned% h1= 47.9 h2= 27.5 h3= 51.4 h4= 69.3 (avg= 49.0)
  [λ=0.1 seed=1] step 1700 ep8 | loss +0.085 | orig 0.992 pruned 0.984 | pruned% h1= 48.0 h2= 27.5 h3= 51.4 h4= 69.3 (avg= 49.1)
  [λ=0.1 seed=1] step 1800 ep8 | loss +0.075 | orig 1.000 pruned 0.996 | pruned% h1= 48.0 h2= 27.5 h3= 51.4 h4= 69.3 (avg= 49.1)
  [λ=0.1 seed=1] step 1900 ep9 | loss +0.087 | orig 0.996 pruned 0.988 | pruned% h1= 48.0 h2= 27.5 h3= 51.4 h4= 69.3 (avg= 49.1)
  [λ=0.1 seed=1] step 2000 ep9 | loss +0.073 | orig 1.000 pruned 1.000 | pruned% h1= 48.0 h2= 27.5 h3= 51.4 h4= 69.3 (avg= 49.1)
  [λ=0.1 seed=1] step 2100 ep9 | loss +0.083 | orig 1.000 pruned 1.000 | pruned% h1= 48.0 h2= 27.5 h3= 51.4 h4= 69.3 (avg= 49.1)
  [λ=0.1 seed=1] step 2200 ep10 | loss +0.075 | orig 0.992 pruned 0.992 | pruned% h1= 48.0 h2= 27.5 h3= 51.4 h4= 69.3 (avg= 49.1)
  [λ=0.1 seed=1] step 2300 ep10 | loss +0.084 | orig 1.000 pruned 0.996 | pruned% h1= 48.2 h2= 27.5 h3= 51.4 h4= 69.3 (avg= 49.1)
  [λ=0.1 seed=1] step 2400 ep11 | loss +0.086 | orig 0.996 pruned 0.992 | pruned% h1= 48.2 h2= 27.7 h3= 51.4 h4= 69.3 (avg= 49.2)
  [λ=0.1 seed=1] step 2500 ep11 | loss +0.077 | orig 0.992 pruned 0.996 | pruned% h1= 48.2 h2= 27.7 h3= 51.4 h4= 69.3 (avg= 49.2)
  [λ=0.1 seed=1] step 2600 ep12 | loss +0.086 | orig 1.000 pruned 0.988 | pruned% h1= 48.2 h2= 27.9 h3= 51.4 h4= 69.3 (avg= 49.2)
  [λ=0.1 seed=1] step 2700 ep12 | loss +0.068 | orig 0.992 pruned 0.996 | pruned% h1= 48.2 h2= 27.9 h3= 51.4 h4= 69.3 (avg= 49.2)
  [λ=0.1 seed=1] step 2800 ep12 | loss +0.080 | orig 0.996 pruned 1.000 | pruned% h1= 48.2 h2= 27.9 h3= 51.4 h4= 69.3 (avg= 49.2)
  [λ=0.1 seed=1] step 2900 ep13 | loss +0.070 | orig 1.000 pruned 1.000 | pruned% h1= 48.2 h2= 27.9 h3= 51.4 h4= 69.3 (avg= 49.2)
  [λ=0.1 seed=1] step 3000 ep13 | loss +0.076 | orig 1.000 pruned 1.000 | pruned% h1= 48.2 h2= 27.9 h3= 51.4 h4= 69.3 (avg= 49.2)
  [λ=0.1 seed=1] step 3100 ep14 | loss +0.078 | orig 0.992 pruned 0.992 | pruned% h1= 48.2 h2= 27.9 h3= 51.4 h4= 69.3 (avg= 49.2)
  [λ=0.1 seed=1] step 3200 ep14 | loss +0.086 | orig 0.996 pruned 0.996 | pruned% h1= 48.2 h2= 27.9 h3= 51.4 h4= 69.3 (avg= 49.2)
  [λ=0.1 seed=1] step 3300 ep15 | loss +0.079 | orig 1.000 pruned 0.996 | pruned% h1= 48.2 h2= 27.9 h3= 51.4 h4= 69.3 (avg= 49.2)
  [λ=0.1 seed=1] step 3400 ep15 | loss +0.081 | orig 0.996 pruned 0.996 | pruned% h1= 48.2 h2= 27.9 h3= 51.4 h4= 69.3 (avg= 49.2)
  [λ=0.1 seed=1] step 3500 ep15 | loss +0.072 | orig 0.996 pruned 0.996 | pruned% h1= 48.2 h2= 27.9 h3= 51.4 h4= 69.3 (avg= 49.2)
  → [λ=0.1 seed=1] final keep 0.508  pruned 49.22%  | per-layer kept [265, 369, 249, 157]/[512, 512, 512, 512]  | orig→pruned test acc 98.32→98.26%  | 71s

── λ=0.1 seed=2 ── pruner params: 711,429
  [λ=0.1 seed=2] step  100 ep1 | loss +0.084 | orig 0.996 pruned 0.996 | pruned% h1=  1.0 h2=  2.1 h3= 14.5 h4= 67.8 (avg= 21.3)
  [λ=0.1 seed=2] step  200 ep1 | loss +0.082 | orig 0.992 pruned 0.992 | pruned% h1= 15.8 h2=  1.0 h3= 35.9 h4= 68.4 (avg= 30.3)
  [λ=0.1 seed=2] step  300 ep2 | loss +0.085 | orig 0.988 pruned 0.988 | pruned% h1= 27.3 h2=  0.8 h3= 41.2 h4= 67.6 (avg= 34.2)
  [λ=0.1 seed=2] step  400 ep2 | loss +0.080 | orig 0.996 pruned 0.996 | pruned% h1= 38.9 h2=  1.4 h3= 46.9 h4= 68.0 (avg= 38.8)
  [λ=0.1 seed=2] step  500 ep3 | loss +0.077 | orig 0.996 pruned 1.000 | pruned% h1= 43.0 h2=  0.4 h3= 48.4 h4= 68.0 (avg= 39.9)
  [λ=0.1 seed=2] step  600 ep3 | loss +0.091 | orig 0.992 pruned 0.992 | pruned% h1= 44.5 h2=  3.9 h3= 48.8 h4= 68.4 (avg= 41.4)
  [λ=0.1 seed=2] step  700 ep3 | loss +0.076 | orig 0.988 pruned 0.988 | pruned% h1= 45.5 h2= 10.7 h3= 49.4 h4= 68.4 (avg= 43.5)
  [λ=0.1 seed=2] step  800 ep4 | loss +0.053 | orig 0.988 pruned 0.992 | pruned% h1= 46.3 h2= 16.6 h3= 50.2 h4= 68.6 (avg= 45.4)
  [λ=0.1 seed=2] step  900 ep4 | loss +0.065 | orig 0.996 pruned 0.992 | pruned% h1= 46.5 h2= 19.7 h3= 50.2 h4= 68.6 (avg= 46.2)
  [λ=0.1 seed=2] step 1000 ep5 | loss +0.079 | orig 1.000 pruned 0.996 | pruned% h1= 47.5 h2= 20.1 h3= 50.4 h4= 68.6 (avg= 46.6)
  [λ=0.1 seed=2] step 1100 ep5 | loss +0.080 | orig 1.000 pruned 1.000 | pruned% h1= 47.5 h2= 20.7 h3= 50.6 h4= 68.6 (avg= 46.8)
  [λ=0.1 seed=2] step 1200 ep6 | loss +0.080 | orig 0.996 pruned 0.992 | pruned% h1= 47.7 h2= 21.1 h3= 50.6 h4= 68.8 (avg= 47.0)
  [λ=0.1 seed=2] step 1300 ep6 | loss +0.095 | orig 0.988 pruned 0.988 | pruned% h1= 48.4 h2= 22.3 h3= 50.6 h4= 68.8 (avg= 47.5)
  [λ=0.1 seed=2] step 1400 ep6 | loss +0.092 | orig 0.996 pruned 0.988 | pruned% h1= 48.4 h2= 22.3 h3= 50.6 h4= 68.8 (avg= 47.5)
  [λ=0.1 seed=2] step 1500 ep7 | loss +0.085 | orig 0.996 pruned 1.000 | pruned% h1= 48.6 h2= 22.7 h3= 50.8 h4= 68.8 (avg= 47.7)
  [λ=0.1 seed=2] step 1600 ep7 | loss +0.081 | orig 0.996 pruned 0.996 | pruned% h1= 48.6 h2= 22.9 h3= 50.8 h4= 68.8 (avg= 47.8)
  [λ=0.1 seed=2] step 1700 ep8 | loss +0.075 | orig 1.000 pruned 1.000 | pruned% h1= 48.6 h2= 23.0 h3= 50.8 h4= 68.8 (avg= 47.8)
  [λ=0.1 seed=2] step 1800 ep8 | loss +0.077 | orig 0.996 pruned 0.996 | pruned% h1= 48.6 h2= 23.0 h3= 50.8 h4= 68.8 (avg= 47.8)
  [λ=0.1 seed=2] step 1900 ep9 | loss +0.081 | orig 1.000 pruned 0.996 | pruned% h1= 48.6 h2= 23.4 h3= 50.8 h4= 68.8 (avg= 47.9)
  [λ=0.1 seed=2] step 2000 ep9 | loss +0.080 | orig 1.000 pruned 0.992 | pruned% h1= 48.6 h2= 23.4 h3= 50.8 h4= 68.8 (avg= 47.9)
  [λ=0.1 seed=2] step 2100 ep9 | loss +0.081 | orig 0.996 pruned 1.000 | pruned% h1= 48.6 h2= 23.6 h3= 50.8 h4= 68.8 (avg= 47.9)
  [λ=0.1 seed=2] step 2200 ep10 | loss +0.093 | orig 0.996 pruned 0.984 | pruned% h1= 48.6 h2= 23.6 h3= 50.8 h4= 68.8 (avg= 47.9)
  [λ=0.1 seed=2] step 2300 ep10 | loss +0.086 | orig 0.992 pruned 0.992 | pruned% h1= 48.6 h2= 23.6 h3= 50.8 h4= 68.8 (avg= 47.9)
  [λ=0.1 seed=2] step 2400 ep11 | loss +0.081 | orig 1.000 pruned 1.000 | pruned% h1= 48.6 h2= 23.6 h3= 50.8 h4= 68.8 (avg= 47.9)
  [λ=0.1 seed=2] step 2500 ep11 | loss +0.069 | orig 0.992 pruned 0.996 | pruned% h1= 48.6 h2= 23.6 h3= 50.8 h4= 68.8 (avg= 47.9)
  [λ=0.1 seed=2] step 2600 ep12 | loss +0.082 | orig 1.000 pruned 0.996 | pruned% h1= 48.6 h2= 23.6 h3= 50.8 h4= 68.8 (avg= 47.9)
  [λ=0.1 seed=2] step 2700 ep12 | loss +0.082 | orig 1.000 pruned 0.996 | pruned% h1= 48.6 h2= 23.6 h3= 51.0 h4= 68.8 (avg= 48.0)
  [λ=0.1 seed=2] step 2800 ep12 | loss +0.098 | orig 1.000 pruned 0.996 | pruned% h1= 48.6 h2= 23.6 h3= 51.0 h4= 68.8 (avg= 48.0)
  [λ=0.1 seed=2] step 2900 ep13 | loss +0.063 | orig 0.988 pruned 0.988 | pruned% h1= 48.6 h2= 23.6 h3= 51.0 h4= 68.8 (avg= 48.0)
  [λ=0.1 seed=2] step 3000 ep13 | loss +0.082 | orig 0.996 pruned 1.000 | pruned% h1= 48.6 h2= 23.6 h3= 51.0 h4= 68.8 (avg= 48.0)
  [λ=0.1 seed=2] step 3100 ep14 | loss +0.075 | orig 1.000 pruned 1.000 | pruned% h1= 48.8 h2= 23.6 h3= 51.0 h4= 68.8 (avg= 48.0)
  [λ=0.1 seed=2] step 3200 ep14 | loss +0.094 | orig 0.996 pruned 0.980 | pruned% h1= 48.8 h2= 23.8 h3= 51.0 h4= 68.8 (avg= 48.1)
  [λ=0.1 seed=2] step 3300 ep15 | loss +0.086 | orig 0.996 pruned 0.988 | pruned% h1= 48.8 h2= 23.8 h3= 51.0 h4= 68.8 (avg= 48.1)
  [λ=0.1 seed=2] step 3400 ep15 | loss +0.079 | orig 0.996 pruned 1.000 | pruned% h1= 48.8 h2= 23.8 h3= 51.0 h4= 68.8 (avg= 48.1)
  [λ=0.1 seed=2] step 3500 ep15 | loss +0.091 | orig 0.988 pruned 0.992 | pruned% h1= 48.8 h2= 23.8 h3= 51.0 h4= 68.8 (avg= 48.1)
  → [λ=0.1 seed=2] final keep 0.519  pruned 48.10%  | per-layer kept [262, 390, 251, 160]/[512, 512, 512, 512]  | orig→pruned test acc 98.32→98.25%  | 72s

── λ=0.15 seed=0 ── pruner params: 711,429
  [λ=0.15 seed=0] step  100 ep1 | loss +0.132 | orig 0.996 pruned 0.992 | pruned% h1=  0.8 h2=  0.2 h3= 59.2 h4= 55.5 (avg= 28.9)
  [λ=0.15 seed=0] step  200 ep1 | loss +0.119 | orig 0.996 pruned 0.992 | pruned% h1= 27.1 h2=  1.2 h3= 58.2 h4= 60.9 (avg= 36.9)
  [λ=0.15 seed=0] step  300 ep2 | loss +0.121 | orig 1.000 pruned 0.996 | pruned% h1= 39.1 h2= 11.5 h3= 60.9 h4= 62.1 (avg= 43.4)
  [λ=0.15 seed=0] step  400 ep2 | loss +0.122 | orig 0.996 pruned 0.988 | pruned% h1= 43.8 h2= 22.7 h3= 61.7 h4= 62.1 (avg= 47.6)
  [λ=0.15 seed=0] step  500 ep3 | loss +0.105 | orig 0.992 pruned 0.988 | pruned% h1= 46.1 h2= 28.3 h3= 62.1 h4= 62.3 (avg= 49.7)
  [λ=0.15 seed=0] step  600 ep3 | loss +0.110 | orig 0.992 pruned 0.992 | pruned% h1= 47.1 h2= 31.2 h3= 62.1 h4= 62.9 (avg= 50.8)
  [λ=0.15 seed=0] step  700 ep3 | loss +0.103 | orig 0.992 pruned 0.988 | pruned% h1= 47.7 h2= 31.6 h3= 62.3 h4= 63.1 (avg= 51.2)
  [λ=0.15 seed=0] step  800 ep4 | loss +0.111 | orig 0.992 pruned 0.988 | pruned% h1= 48.6 h2= 32.4 h3= 62.3 h4= 63.1 (avg= 51.6)
  [λ=0.15 seed=0] step  900 ep4 | loss +0.125 | orig 0.992 pruned 0.980 | pruned% h1= 49.8 h2= 33.0 h3= 62.5 h4= 63.1 (avg= 52.1)
  [λ=0.15 seed=0] step 1000 ep5 | loss +0.111 | orig 0.996 pruned 0.992 | pruned% h1= 50.0 h2= 33.2 h3= 62.5 h4= 63.1 (avg= 52.2)
  [λ=0.15 seed=0] step 1100 ep5 | loss +0.115 | orig 0.996 pruned 0.992 | pruned% h1= 50.0 h2= 33.4 h3= 62.5 h4= 63.1 (avg= 52.2)
  [λ=0.15 seed=0] step 1200 ep6 | loss +0.107 | orig 0.992 pruned 0.992 | pruned% h1= 50.2 h2= 33.6 h3= 62.5 h4= 63.1 (avg= 52.3)
  [λ=0.15 seed=0] step 1300 ep6 | loss +0.103 | orig 0.996 pruned 0.996 | pruned% h1= 50.4 h2= 33.8 h3= 62.5 h4= 63.1 (avg= 52.4)
  [λ=0.15 seed=0] step 1400 ep6 | loss +0.114 | orig 1.000 pruned 0.996 | pruned% h1= 50.6 h2= 33.8 h3= 62.5 h4= 63.1 (avg= 52.5)
  [λ=0.15 seed=0] step 1500 ep7 | loss +0.097 | orig 0.984 pruned 0.980 | pruned% h1= 50.6 h2= 33.8 h3= 62.5 h4= 63.1 (avg= 52.5)
  [λ=0.15 seed=0] step 1600 ep7 | loss +0.103 | orig 0.992 pruned 0.992 | pruned% h1= 50.6 h2= 33.8 h3= 62.7 h4= 63.1 (avg= 52.5)
  [λ=0.15 seed=0] step 1700 ep8 | loss +0.098 | orig 0.996 pruned 1.000 | pruned% h1= 50.6 h2= 34.0 h3= 62.7 h4= 63.1 (avg= 52.6)
  [λ=0.15 seed=0] step 1800 ep8 | loss +0.098 | orig 0.988 pruned 0.980 | pruned% h1= 50.6 h2= 34.0 h3= 62.7 h4= 63.1 (avg= 52.6)
  [λ=0.15 seed=0] step 1900 ep9 | loss +0.097 | orig 0.992 pruned 0.996 | pruned% h1= 50.6 h2= 34.0 h3= 62.7 h4= 63.1 (avg= 52.6)
  [λ=0.15 seed=0] step 2000 ep9 | loss +0.105 | orig 0.996 pruned 0.996 | pruned% h1= 50.6 h2= 34.0 h3= 62.7 h4= 63.1 (avg= 52.6)
  [λ=0.15 seed=0] step 2100 ep9 | loss +0.080 | orig 0.992 pruned 0.980 | pruned% h1= 50.6 h2= 34.0 h3= 62.7 h4= 63.1 (avg= 52.6)
  [λ=0.15 seed=0] step 2200 ep10 | loss +0.105 | orig 0.996 pruned 0.988 | pruned% h1= 50.6 h2= 34.0 h3= 62.7 h4= 63.1 (avg= 52.6)
  [λ=0.15 seed=0] step 2300 ep10 | loss +0.116 | orig 0.996 pruned 0.996 | pruned% h1= 50.6 h2= 34.0 h3= 62.7 h4= 63.1 (avg= 52.6)
  [λ=0.15 seed=0] step 2400 ep11 | loss +0.129 | orig 0.984 pruned 0.984 | pruned% h1= 50.6 h2= 34.0 h3= 62.7 h4= 63.1 (avg= 52.6)
  [λ=0.15 seed=0] step 2500 ep11 | loss +0.102 | orig 0.996 pruned 0.996 | pruned% h1= 50.6 h2= 34.0 h3= 62.7 h4= 63.1 (avg= 52.6)
  [λ=0.15 seed=0] step 2600 ep12 | loss +0.122 | orig 1.000 pruned 0.996 | pruned% h1= 50.6 h2= 34.0 h3= 62.7 h4= 63.1 (avg= 52.6)
  [λ=0.15 seed=0] step 2700 ep12 | loss +0.091 | orig 0.996 pruned 0.984 | pruned% h1= 50.6 h2= 34.0 h3= 62.7 h4= 63.1 (avg= 52.6)
  [λ=0.15 seed=0] step 2800 ep12 | loss +0.109 | orig 1.000 pruned 1.000 | pruned% h1= 50.8 h2= 34.0 h3= 62.7 h4= 63.1 (avg= 52.6)
  [λ=0.15 seed=0] step 2900 ep13 | loss +0.115 | orig 0.992 pruned 0.984 | pruned% h1= 51.0 h2= 34.0 h3= 62.7 h4= 63.1 (avg= 52.7)
  [λ=0.15 seed=0] step 3000 ep13 | loss +0.089 | orig 0.992 pruned 0.992 | pruned% h1= 51.0 h2= 34.0 h3= 62.9 h4= 63.1 (avg= 52.7)
  [λ=0.15 seed=0] step 3100 ep14 | loss +0.110 | orig 1.000 pruned 1.000 | pruned% h1= 51.0 h2= 34.0 h3= 63.1 h4= 63.1 (avg= 52.8)
  [λ=0.15 seed=0] step 3200 ep14 | loss +0.112 | orig 0.996 pruned 0.992 | pruned% h1= 51.2 h2= 34.0 h3= 63.1 h4= 63.1 (avg= 52.8)
  [λ=0.15 seed=0] step 3300 ep15 | loss +0.097 | orig 0.992 pruned 0.988 | pruned% h1= 51.2 h2= 34.0 h3= 63.1 h4= 63.1 (avg= 52.8)
  [λ=0.15 seed=0] step 3400 ep15 | loss +0.118 | orig 1.000 pruned 0.992 | pruned% h1= 51.2 h2= 34.0 h3= 63.1 h4= 63.1 (avg= 52.8)
  [λ=0.15 seed=0] step 3500 ep15 | loss +0.111 | orig 0.996 pruned 0.992 | pruned% h1= 51.2 h2= 34.0 h3= 63.1 h4= 63.1 (avg= 52.8)
  → [λ=0.15 seed=0] final keep 0.472  pruned 52.83%  | per-layer kept [250, 338, 189, 189]/[512, 512, 512, 512]  | orig→pruned test acc 98.32→98.00%  | 92s

── λ=0.15 seed=1 ── pruner params: 711,429
  [λ=0.15 seed=1] step  100 ep1 | loss +0.131 | orig 0.996 pruned 0.996 | pruned% h1=  3.5 h2=  1.6 h3= 39.6 h4= 68.0 (avg= 28.2)
  [λ=0.15 seed=1] step  200 ep1 | loss +0.098 | orig 0.996 pruned 0.992 | pruned% h1= 27.5 h2=  0.6 h3= 47.5 h4= 67.2 (avg= 35.7)
  [λ=0.15 seed=1] step  300 ep2 | loss +0.122 | orig 0.992 pruned 0.988 | pruned% h1= 39.6 h2=  3.5 h3= 51.8 h4= 67.4 (avg= 40.6)
  [λ=0.15 seed=1] step  400 ep2 | loss +0.125 | orig 0.992 pruned 0.988 | pruned% h1= 45.1 h2= 15.0 h3= 53.5 h4= 67.6 (avg= 45.3)
  [λ=0.15 seed=1] step  500 ep3 | loss +0.129 | orig 0.996 pruned 0.992 | pruned% h1= 47.3 h2= 21.1 h3= 54.7 h4= 68.4 (avg= 47.9)
  [λ=0.15 seed=1] step  600 ep3 | loss +0.109 | orig 1.000 pruned 1.000 | pruned% h1= 48.0 h2= 22.9 h3= 55.1 h4= 68.4 (avg= 48.6)
  [λ=0.15 seed=1] step  700 ep3 | loss +0.118 | orig 0.992 pruned 0.977 | pruned% h1= 48.6 h2= 25.2 h3= 55.3 h4= 68.6 (avg= 49.4)
  [λ=0.15 seed=1] step  800 ep4 | loss +0.140 | orig 0.996 pruned 0.980 | pruned% h1= 49.2 h2= 26.8 h3= 55.3 h4= 68.6 (avg= 50.0)
  [λ=0.15 seed=1] step  900 ep4 | loss +0.099 | orig 0.996 pruned 0.996 | pruned% h1= 50.0 h2= 27.0 h3= 55.3 h4= 68.6 (avg= 50.2)
  [λ=0.15 seed=1] step 1000 ep5 | loss +0.137 | orig 1.000 pruned 0.988 | pruned% h1= 50.8 h2= 27.3 h3= 55.3 h4= 68.6 (avg= 50.5)
  [λ=0.15 seed=1] step 1100 ep5 | loss +0.116 | orig 0.988 pruned 0.984 | pruned% h1= 51.2 h2= 27.7 h3= 55.3 h4= 68.6 (avg= 50.7)
  [λ=0.15 seed=1] step 1200 ep6 | loss +0.114 | orig 0.996 pruned 0.996 | pruned% h1= 51.4 h2= 28.1 h3= 55.3 h4= 68.6 (avg= 50.8)
  [λ=0.15 seed=1] step 1300 ep6 | loss +0.106 | orig 0.996 pruned 0.988 | pruned% h1= 52.0 h2= 28.5 h3= 55.3 h4= 68.6 (avg= 51.1)
  [λ=0.15 seed=1] step 1400 ep6 | loss +0.130 | orig 0.992 pruned 0.980 | pruned% h1= 52.0 h2= 28.7 h3= 55.3 h4= 68.6 (avg= 51.1)
  [λ=0.15 seed=1] step 1500 ep7 | loss +0.115 | orig 1.000 pruned 0.996 | pruned% h1= 52.0 h2= 29.3 h3= 55.3 h4= 68.6 (avg= 51.3)
  [λ=0.15 seed=1] step 1600 ep7 | loss +0.101 | orig 1.000 pruned 0.996 | pruned% h1= 52.0 h2= 29.3 h3= 55.3 h4= 68.6 (avg= 51.3)
  [λ=0.15 seed=1] step 1700 ep8 | loss +0.120 | orig 0.992 pruned 0.977 | pruned% h1= 52.1 h2= 29.3 h3= 55.3 h4= 68.6 (avg= 51.3)
  [λ=0.15 seed=1] step 1800 ep8 | loss +0.115 | orig 1.000 pruned 0.996 | pruned% h1= 52.1 h2= 29.5 h3= 55.3 h4= 68.6 (avg= 51.4)
  [λ=0.15 seed=1] step 1900 ep9 | loss +0.126 | orig 0.996 pruned 0.992 | pruned% h1= 52.1 h2= 29.5 h3= 55.3 h4= 68.6 (avg= 51.4)
  [λ=0.15 seed=1] step 2000 ep9 | loss +0.105 | orig 1.000 pruned 1.000 | pruned% h1= 52.1 h2= 29.5 h3= 55.3 h4= 68.6 (avg= 51.4)
  [λ=0.15 seed=1] step 2100 ep9 | loss +0.117 | orig 1.000 pruned 1.000 | pruned% h1= 52.1 h2= 29.5 h3= 55.3 h4= 68.6 (avg= 51.4)
  [λ=0.15 seed=1] step 2200 ep10 | loss +0.118 | orig 0.992 pruned 0.996 | pruned% h1= 52.1 h2= 29.5 h3= 55.3 h4= 68.6 (avg= 51.4)
  [λ=0.15 seed=1] step 2300 ep10 | loss +0.128 | orig 1.000 pruned 0.992 | pruned% h1= 52.1 h2= 29.7 h3= 55.3 h4= 68.6 (avg= 51.4)
  [λ=0.15 seed=1] step 2400 ep11 | loss +0.132 | orig 0.996 pruned 0.988 | pruned% h1= 52.1 h2= 29.7 h3= 55.3 h4= 68.6 (avg= 51.4)
  [λ=0.15 seed=1] step 2500 ep11 | loss +0.113 | orig 0.992 pruned 0.992 | pruned% h1= 52.1 h2= 29.7 h3= 55.3 h4= 68.6 (avg= 51.4)
  [λ=0.15 seed=1] step 2600 ep12 | loss +0.122 | orig 1.000 pruned 0.992 | pruned% h1= 52.1 h2= 29.7 h3= 55.3 h4= 68.6 (avg= 51.4)
  [λ=0.15 seed=1] step 2700 ep12 | loss +0.103 | orig 0.992 pruned 0.988 | pruned% h1= 52.1 h2= 29.9 h3= 55.3 h4= 68.6 (avg= 51.5)
  [λ=0.15 seed=1] step 2800 ep12 | loss +0.117 | orig 0.996 pruned 1.000 | pruned% h1= 52.1 h2= 29.9 h3= 55.3 h4= 68.6 (avg= 51.5)
  [λ=0.15 seed=1] step 2900 ep13 | loss +0.104 | orig 1.000 pruned 1.000 | pruned% h1= 52.1 h2= 29.9 h3= 55.3 h4= 68.6 (avg= 51.5)
  [λ=0.15 seed=1] step 3000 ep13 | loss +0.113 | orig 1.000 pruned 1.000 | pruned% h1= 52.1 h2= 29.9 h3= 55.3 h4= 68.6 (avg= 51.5)
  [λ=0.15 seed=1] step 3100 ep14 | loss +0.113 | orig 0.992 pruned 0.988 | pruned% h1= 52.1 h2= 29.9 h3= 55.3 h4= 68.6 (avg= 51.5)
  [λ=0.15 seed=1] step 3200 ep14 | loss +0.124 | orig 0.996 pruned 0.996 | pruned% h1= 52.1 h2= 29.9 h3= 55.3 h4= 68.6 (avg= 51.5)
  [λ=0.15 seed=1] step 3300 ep15 | loss +0.116 | orig 1.000 pruned 0.992 | pruned% h1= 52.1 h2= 29.9 h3= 55.3 h4= 68.6 (avg= 51.5)
  [λ=0.15 seed=1] step 3400 ep15 | loss +0.120 | orig 0.996 pruned 0.992 | pruned% h1= 52.1 h2= 29.9 h3= 55.5 h4= 68.6 (avg= 51.5)
  [λ=0.15 seed=1] step 3500 ep15 | loss +0.113 | orig 0.996 pruned 0.992 | pruned% h1= 52.1 h2= 29.9 h3= 55.5 h4= 68.6 (avg= 51.5)
  → [λ=0.15 seed=1] final keep 0.485  pruned 51.51%  | per-layer kept [245, 359, 228, 161]/[512, 512, 512, 512]  | orig→pruned test acc 98.32→98.07%  | 89s

── λ=0.15 seed=2 ── pruner params: 711,429
  [λ=0.15 seed=2] step  100 ep1 | loss +0.117 | orig 0.996 pruned 0.996 | pruned% h1=  6.6 h2=  3.7 h3= 33.6 h4= 67.6 (avg= 27.9)
  [λ=0.15 seed=2] step  200 ep1 | loss +0.129 | orig 0.992 pruned 0.988 | pruned% h1= 32.2 h2=  1.4 h3= 44.7 h4= 67.6 (avg= 36.5)
  [λ=0.15 seed=2] step  300 ep2 | loss +0.119 | orig 0.988 pruned 0.988 | pruned% h1= 40.0 h2=  2.7 h3= 49.4 h4= 68.0 (avg= 40.0)
  [λ=0.15 seed=2] step  400 ep2 | loss +0.119 | orig 0.996 pruned 0.996 | pruned% h1= 45.3 h2= 11.5 h3= 51.2 h4= 68.4 (avg= 44.1)
  [λ=0.15 seed=2] step  500 ep3 | loss +0.106 | orig 0.996 pruned 0.996 | pruned% h1= 46.3 h2= 20.9 h3= 52.3 h4= 69.1 (avg= 47.2)
  [λ=0.15 seed=2] step  600 ep3 | loss +0.117 | orig 0.992 pruned 0.996 | pruned% h1= 47.1 h2= 23.4 h3= 53.9 h4= 69.1 (avg= 48.4)
  [λ=0.15 seed=2] step  700 ep3 | loss +0.108 | orig 0.988 pruned 0.992 | pruned% h1= 48.0 h2= 25.4 h3= 54.3 h4= 69.1 (avg= 49.2)
  [λ=0.15 seed=2] step  800 ep4 | loss +0.090 | orig 0.988 pruned 0.988 | pruned% h1= 48.2 h2= 26.8 h3= 54.5 h4= 69.1 (avg= 49.7)
  [λ=0.15 seed=2] step  900 ep4 | loss +0.097 | orig 0.996 pruned 0.992 | pruned% h1= 48.2 h2= 27.3 h3= 54.5 h4= 69.1 (avg= 49.8)
  [λ=0.15 seed=2] step 1000 ep5 | loss +0.115 | orig 1.000 pruned 0.992 | pruned% h1= 48.6 h2= 28.5 h3= 54.9 h4= 69.1 (avg= 50.3)
  [λ=0.15 seed=2] step 1100 ep5 | loss +0.114 | orig 1.000 pruned 0.996 | pruned% h1= 49.2 h2= 28.7 h3= 54.9 h4= 69.1 (avg= 50.5)
  [λ=0.15 seed=2] step 1200 ep6 | loss +0.108 | orig 0.996 pruned 0.996 | pruned% h1= 49.2 h2= 29.3 h3= 54.9 h4= 69.1 (avg= 50.6)
  [λ=0.15 seed=2] step 1300 ep6 | loss +0.128 | orig 0.988 pruned 0.992 | pruned% h1= 49.2 h2= 29.3 h3= 54.9 h4= 69.1 (avg= 50.6)
  [λ=0.15 seed=2] step 1400 ep6 | loss +0.132 | orig 0.996 pruned 0.988 | pruned% h1= 49.4 h2= 29.3 h3= 55.1 h4= 69.1 (avg= 50.7)
  [λ=0.15 seed=2] step 1500 ep7 | loss +0.129 | orig 0.996 pruned 0.992 | pruned% h1= 49.4 h2= 29.3 h3= 55.1 h4= 69.1 (avg= 50.7)
  [λ=0.15 seed=2] step 1600 ep7 | loss +0.121 | orig 0.996 pruned 0.992 | pruned% h1= 49.4 h2= 29.7 h3= 55.1 h4= 69.1 (avg= 50.8)
  [λ=0.15 seed=2] step 1700 ep8 | loss +0.109 | orig 1.000 pruned 0.996 | pruned% h1= 49.4 h2= 29.7 h3= 55.1 h4= 69.1 (avg= 50.8)
  [λ=0.15 seed=2] step 1800 ep8 | loss +0.110 | orig 0.996 pruned 0.996 | pruned% h1= 49.4 h2= 29.7 h3= 55.1 h4= 69.1 (avg= 50.8)
  [λ=0.15 seed=2] step 1900 ep9 | loss +0.115 | orig 1.000 pruned 0.996 | pruned% h1= 49.4 h2= 29.9 h3= 55.1 h4= 69.1 (avg= 50.9)
  [λ=0.15 seed=2] step 2000 ep9 | loss +0.107 | orig 1.000 pruned 0.992 | pruned% h1= 49.4 h2= 29.9 h3= 55.3 h4= 69.1 (avg= 50.9)
  [λ=0.15 seed=2] step 2100 ep9 | loss +0.122 | orig 0.996 pruned 1.000 | pruned% h1= 49.4 h2= 30.1 h3= 55.3 h4= 69.1 (avg= 51.0)
  [λ=0.15 seed=2] step 2200 ep10 | loss +0.123 | orig 0.996 pruned 0.984 | pruned% h1= 49.6 h2= 30.1 h3= 55.3 h4= 69.1 (avg= 51.0)
  [λ=0.15 seed=2] step 2300 ep10 | loss +0.116 | orig 0.992 pruned 0.996 | pruned% h1= 49.6 h2= 30.1 h3= 55.3 h4= 69.1 (avg= 51.0)
  [λ=0.15 seed=2] step 2400 ep11 | loss +0.118 | orig 1.000 pruned 0.996 | pruned% h1= 49.6 h2= 30.1 h3= 55.3 h4= 69.1 (avg= 51.0)
  [λ=0.15 seed=2] step 2500 ep11 | loss +0.102 | orig 0.992 pruned 0.996 | pruned% h1= 49.6 h2= 30.1 h3= 55.3 h4= 69.1 (avg= 51.0)
  [λ=0.15 seed=2] step 2600 ep12 | loss +0.116 | orig 1.000 pruned 0.992 | pruned% h1= 49.6 h2= 30.1 h3= 55.3 h4= 69.1 (avg= 51.0)
  [λ=0.15 seed=2] step 2700 ep12 | loss +0.122 | orig 1.000 pruned 0.988 | pruned% h1= 49.6 h2= 30.1 h3= 55.3 h4= 69.1 (avg= 51.0)
  [λ=0.15 seed=2] step 2800 ep12 | loss +0.128 | orig 1.000 pruned 0.996 | pruned% h1= 49.6 h2= 30.1 h3= 55.3 h4= 69.3 (avg= 51.1)
  [λ=0.15 seed=2] step 2900 ep13 | loss +0.094 | orig 0.988 pruned 0.996 | pruned% h1= 49.6 h2= 30.1 h3= 55.3 h4= 69.3 (avg= 51.1)
  [λ=0.15 seed=2] step 3000 ep13 | loss +0.114 | orig 0.996 pruned 0.996 | pruned% h1= 49.6 h2= 30.1 h3= 55.3 h4= 69.3 (avg= 51.1)
  [λ=0.15 seed=2] step 3100 ep14 | loss +0.112 | orig 1.000 pruned 0.996 | pruned% h1= 49.6 h2= 30.1 h3= 55.3 h4= 69.3 (avg= 51.1)
  [λ=0.15 seed=2] step 3200 ep14 | loss +0.124 | orig 0.996 pruned 0.984 | pruned% h1= 49.6 h2= 30.1 h3= 55.3 h4= 69.3 (avg= 51.1)
  [λ=0.15 seed=2] step 3300 ep15 | loss +0.109 | orig 0.996 pruned 0.992 | pruned% h1= 49.6 h2= 30.1 h3= 55.3 h4= 69.3 (avg= 51.1)
  [λ=0.15 seed=2] step 3400 ep15 | loss +0.115 | orig 0.996 pruned 0.992 | pruned% h1= 49.8 h2= 30.3 h3= 55.3 h4= 69.3 (avg= 51.2)
  [λ=0.15 seed=2] step 3500 ep15 | loss +0.133 | orig 0.988 pruned 0.984 | pruned% h1= 49.8 h2= 30.3 h3= 55.3 h4= 69.3 (avg= 51.2)
  → [λ=0.15 seed=2] final keep 0.488  pruned 51.17%  | per-layer kept [257, 357, 229, 157]/[512, 512, 512, 512]  | orig→pruned test acc 98.32→98.10%  | 92s

── λ=0.25 seed=0 ── pruner params: 711,429
  [λ=0.25 seed=0] step  100 ep1 | loss +0.215 | orig 0.996 pruned 0.992 | pruned% h1= 11.3 h2=  0.0 h3= 67.0 h4= 48.4 (avg= 31.7)
  [λ=0.25 seed=0] step  200 ep1 | loss +0.191 | orig 0.996 pruned 0.988 | pruned% h1= 42.6 h2=  2.3 h3= 65.6 h4= 55.9 (avg= 41.6)
  [λ=0.25 seed=0] step  300 ep2 | loss +0.208 | orig 1.000 pruned 0.988 | pruned% h1= 48.2 h2= 19.7 h3= 66.8 h4= 57.4 (avg= 48.0)
  [λ=0.25 seed=0] step  400 ep2 | loss +0.196 | orig 0.996 pruned 0.988 | pruned% h1= 52.5 h2= 27.5 h3= 67.4 h4= 57.8 (avg= 51.3)
  [λ=0.25 seed=0] step  500 ep3 | loss +0.181 | orig 0.992 pruned 0.984 | pruned% h1= 53.5 h2= 29.9 h3= 68.0 h4= 58.4 (avg= 52.4)
  [λ=0.25 seed=0] step  600 ep3 | loss +0.181 | orig 0.992 pruned 0.992 | pruned% h1= 53.7 h2= 31.4 h3= 68.6 h4= 58.8 (avg= 53.1)
  [λ=0.25 seed=0] step  700 ep3 | loss +0.177 | orig 0.992 pruned 0.988 | pruned% h1= 53.7 h2= 31.4 h3= 68.8 h4= 59.2 (avg= 53.3)
  [λ=0.25 seed=0] step  800 ep4 | loss +0.197 | orig 0.992 pruned 0.980 | pruned% h1= 54.1 h2= 32.2 h3= 68.8 h4= 59.2 (avg= 53.6)
  [λ=0.25 seed=0] step  900 ep4 | loss +0.200 | orig 0.992 pruned 0.977 | pruned% h1= 54.3 h2= 32.2 h3= 68.8 h4= 59.2 (avg= 53.6)
  [λ=0.25 seed=0] step 1000 ep5 | loss +0.181 | orig 0.996 pruned 0.992 | pruned% h1= 54.3 h2= 32.6 h3= 68.8 h4= 59.2 (avg= 53.7)
  [λ=0.25 seed=0] step 1100 ep5 | loss +0.184 | orig 0.996 pruned 0.996 | pruned% h1= 54.3 h2= 33.2 h3= 68.8 h4= 59.2 (avg= 53.9)
  [λ=0.25 seed=0] step 1200 ep6 | loss +0.174 | orig 0.992 pruned 0.984 | pruned% h1= 54.3 h2= 33.2 h3= 68.8 h4= 59.2 (avg= 53.9)
  [λ=0.25 seed=0] step 1300 ep6 | loss +0.181 | orig 0.996 pruned 0.992 | pruned% h1= 54.3 h2= 33.4 h3= 68.8 h4= 59.2 (avg= 53.9)
  [λ=0.25 seed=0] step 1400 ep6 | loss +0.179 | orig 1.000 pruned 0.988 | pruned% h1= 54.3 h2= 33.8 h3= 68.8 h4= 59.2 (avg= 54.0)
  [λ=0.25 seed=0] step 1500 ep7 | loss +0.168 | orig 0.984 pruned 0.965 | pruned% h1= 54.3 h2= 34.0 h3= 68.8 h4= 59.2 (avg= 54.1)
  [λ=0.25 seed=0] step 1600 ep7 | loss +0.165 | orig 0.992 pruned 0.988 | pruned% h1= 54.5 h2= 34.0 h3= 68.8 h4= 59.2 (avg= 54.1)
  [λ=0.25 seed=0] step 1700 ep8 | loss +0.168 | orig 0.996 pruned 0.996 | pruned% h1= 54.5 h2= 34.0 h3= 68.8 h4= 59.2 (avg= 54.1)
  [λ=0.25 seed=0] step 1800 ep8 | loss +0.177 | orig 0.988 pruned 0.973 | pruned% h1= 54.7 h2= 34.0 h3= 68.8 h4= 59.2 (avg= 54.2)
  [λ=0.25 seed=0] step 1900 ep9 | loss +0.163 | orig 0.992 pruned 0.996 | pruned% h1= 54.7 h2= 34.0 h3= 68.8 h4= 59.2 (avg= 54.2)
  [λ=0.25 seed=0] step 2000 ep9 | loss +0.178 | orig 0.996 pruned 0.996 | pruned% h1= 54.7 h2= 34.0 h3= 68.8 h4= 59.2 (avg= 54.2)
  [λ=0.25 seed=0] step 2100 ep9 | loss +0.144 | orig 0.992 pruned 0.980 | pruned% h1= 54.7 h2= 34.0 h3= 68.8 h4= 59.2 (avg= 54.2)
  [λ=0.25 seed=0] step 2200 ep10 | loss +0.180 | orig 0.996 pruned 0.984 | pruned% h1= 54.7 h2= 34.0 h3= 68.8 h4= 59.2 (avg= 54.2)
  [λ=0.25 seed=0] step 2300 ep10 | loss +0.197 | orig 0.996 pruned 0.996 | pruned% h1= 54.7 h2= 34.0 h3= 68.8 h4= 59.2 (avg= 54.2)
  [λ=0.25 seed=0] step 2400 ep11 | loss +0.193 | orig 0.984 pruned 0.977 | pruned% h1= 54.7 h2= 34.0 h3= 68.8 h4= 59.2 (avg= 54.2)
  [λ=0.25 seed=0] step 2500 ep11 | loss +0.165 | orig 0.996 pruned 0.996 | pruned% h1= 54.7 h2= 34.0 h3= 68.8 h4= 59.2 (avg= 54.2)
  [λ=0.25 seed=0] step 2600 ep12 | loss +0.188 | orig 1.000 pruned 0.992 | pruned% h1= 54.7 h2= 34.0 h3= 68.8 h4= 59.2 (avg= 54.2)
  [λ=0.25 seed=0] step 2700 ep12 | loss +0.171 | orig 0.996 pruned 0.984 | pruned% h1= 54.7 h2= 34.0 h3= 68.8 h4= 59.2 (avg= 54.2)
  [λ=0.25 seed=0] step 2800 ep12 | loss +0.176 | orig 1.000 pruned 1.000 | pruned% h1= 54.9 h2= 34.0 h3= 68.8 h4= 59.2 (avg= 54.2)
  [λ=0.25 seed=0] step 2900 ep13 | loss +0.189 | orig 0.992 pruned 0.984 | pruned% h1= 54.9 h2= 34.0 h3= 68.8 h4= 59.2 (avg= 54.2)
  [λ=0.25 seed=0] step 3000 ep13 | loss +0.168 | orig 0.992 pruned 0.992 | pruned% h1= 54.9 h2= 34.0 h3= 68.8 h4= 59.2 (avg= 54.2)
  [λ=0.25 seed=0] step 3100 ep14 | loss +0.181 | orig 1.000 pruned 0.996 | pruned% h1= 54.9 h2= 34.0 h3= 68.8 h4= 59.2 (avg= 54.2)
  [λ=0.25 seed=0] step 3200 ep14 | loss +0.178 | orig 0.996 pruned 0.996 | pruned% h1= 54.9 h2= 34.0 h3= 68.8 h4= 59.2 (avg= 54.2)
  [λ=0.25 seed=0] step 3300 ep15 | loss +0.173 | orig 0.992 pruned 0.980 | pruned% h1= 54.9 h2= 34.4 h3= 68.8 h4= 59.2 (avg= 54.3)
  [λ=0.25 seed=0] step 3400 ep15 | loss +0.197 | orig 1.000 pruned 0.984 | pruned% h1= 54.9 h2= 34.4 h3= 68.8 h4= 59.2 (avg= 54.3)
  [λ=0.25 seed=0] step 3500 ep15 | loss +0.175 | orig 0.996 pruned 0.988 | pruned% h1= 54.9 h2= 34.4 h3= 68.8 h4= 59.2 (avg= 54.3)
  → [λ=0.25 seed=0] final keep 0.457  pruned 54.30%  | per-layer kept [231, 336, 160, 209]/[512, 512, 512, 512]  | orig→pruned test acc 98.32→97.78%  | 92s

── λ=0.25 seed=1 ── pruner params: 711,429
  [λ=0.25 seed=1] step  100 ep1 | loss +0.199 | orig 0.996 pruned 0.992 | pruned% h1= 14.3 h2=  0.2 h3= 54.3 h4= 66.4 (avg= 33.8)
  [λ=0.25 seed=1] step  200 ep1 | loss +0.157 | orig 0.996 pruned 0.992 | pruned% h1= 45.5 h2=  6.6 h3= 53.5 h4= 67.4 (avg= 43.3)
  [λ=0.25 seed=1] step  300 ep2 | loss +0.175 | orig 0.992 pruned 0.988 | pruned% h1= 50.8 h2= 23.0 h3= 56.4 h4= 67.4 (avg= 49.4)
  [λ=0.25 seed=1] step  400 ep2 | loss +0.183 | orig 0.992 pruned 0.988 | pruned% h1= 52.9 h2= 31.2 h3= 57.8 h4= 67.6 (avg= 52.4)
  [λ=0.25 seed=1] step  500 ep3 | loss +0.177 | orig 0.996 pruned 0.996 | pruned% h1= 53.5 h2= 33.2 h3= 58.4 h4= 68.2 (avg= 53.3)
  [λ=0.25 seed=1] step  600 ep3 | loss +0.162 | orig 1.000 pruned 1.000 | pruned% h1= 53.7 h2= 34.6 h3= 58.6 h4= 68.2 (avg= 53.8)
  [λ=0.25 seed=1] step  700 ep3 | loss +0.182 | orig 0.992 pruned 0.980 | pruned% h1= 53.9 h2= 35.0 h3= 58.6 h4= 68.2 (avg= 53.9)
  [λ=0.25 seed=1] step  800 ep4 | loss +0.210 | orig 0.996 pruned 0.984 | pruned% h1= 54.1 h2= 35.5 h3= 58.6 h4= 68.4 (avg= 54.2)
  [λ=0.25 seed=1] step  900 ep4 | loss +0.162 | orig 0.996 pruned 0.996 | pruned% h1= 54.3 h2= 35.5 h3= 58.6 h4= 68.4 (avg= 54.2)
  [λ=0.25 seed=1] step 1000 ep5 | loss +0.196 | orig 1.000 pruned 0.988 | pruned% h1= 54.5 h2= 36.5 h3= 58.6 h4= 68.4 (avg= 54.5)
  [λ=0.25 seed=1] step 1100 ep5 | loss +0.179 | orig 0.988 pruned 0.980 | pruned% h1= 54.5 h2= 36.7 h3= 58.6 h4= 68.4 (avg= 54.5)
  [λ=0.25 seed=1] step 1200 ep6 | loss +0.167 | orig 0.996 pruned 0.996 | pruned% h1= 54.7 h2= 36.7 h3= 58.6 h4= 68.4 (avg= 54.6)
  [λ=0.25 seed=1] step 1300 ep6 | loss +0.167 | orig 0.996 pruned 0.980 | pruned% h1= 54.7 h2= 36.7 h3= 58.6 h4= 68.4 (avg= 54.6)
  [λ=0.25 seed=1] step 1400 ep6 | loss +0.187 | orig 0.992 pruned 0.977 | pruned% h1= 54.7 h2= 36.7 h3= 58.6 h4= 68.4 (avg= 54.6)
  [λ=0.25 seed=1] step 1500 ep7 | loss +0.171 | orig 1.000 pruned 0.992 | pruned% h1= 54.7 h2= 36.7 h3= 58.6 h4= 68.4 (avg= 54.6)
  [λ=0.25 seed=1] step 1600 ep7 | loss +0.151 | orig 1.000 pruned 0.996 | pruned% h1= 54.7 h2= 37.1 h3= 58.6 h4= 68.4 (avg= 54.7)
  [λ=0.25 seed=1] step 1700 ep8 | loss +0.181 | orig 0.992 pruned 0.980 | pruned% h1= 54.7 h2= 37.1 h3= 58.8 h4= 68.4 (avg= 54.7)
  [λ=0.25 seed=1] step 1800 ep8 | loss +0.167 | orig 1.000 pruned 0.996 | pruned% h1= 54.7 h2= 37.1 h3= 58.8 h4= 68.4 (avg= 54.7)
  [λ=0.25 seed=1] step 1900 ep9 | loss +0.183 | orig 0.996 pruned 0.988 | pruned% h1= 54.7 h2= 37.1 h3= 58.8 h4= 68.4 (avg= 54.7)
  [λ=0.25 seed=1] step 2000 ep9 | loss +0.161 | orig 1.000 pruned 1.000 | pruned% h1= 54.7 h2= 37.1 h3= 58.8 h4= 68.4 (avg= 54.7)
  [λ=0.25 seed=1] step 2100 ep9 | loss +0.182 | orig 1.000 pruned 0.992 | pruned% h1= 54.7 h2= 37.1 h3= 58.8 h4= 68.6 (avg= 54.8)
  [λ=0.25 seed=1] step 2200 ep10 | loss +0.179 | orig 0.992 pruned 0.988 | pruned% h1= 54.7 h2= 37.1 h3= 58.8 h4= 68.6 (avg= 54.8)
  [λ=0.25 seed=1] step 2300 ep10 | loss +0.176 | orig 1.000 pruned 0.996 | pruned% h1= 54.7 h2= 37.3 h3= 58.8 h4= 68.6 (avg= 54.8)
  [λ=0.25 seed=1] step 2400 ep11 | loss +0.187 | orig 0.996 pruned 0.980 | pruned% h1= 54.7 h2= 37.3 h3= 58.8 h4= 68.6 (avg= 54.8)
  [λ=0.25 seed=1] step 2500 ep11 | loss +0.175 | orig 0.992 pruned 0.996 | pruned% h1= 54.7 h2= 37.3 h3= 58.8 h4= 68.6 (avg= 54.8)
  [λ=0.25 seed=1] step 2600 ep12 | loss +0.171 | orig 1.000 pruned 0.992 | pruned% h1= 54.7 h2= 37.3 h3= 58.8 h4= 68.6 (avg= 54.8)
  [λ=0.25 seed=1] step 2700 ep12 | loss +0.170 | orig 0.992 pruned 0.984 | pruned% h1= 54.7 h2= 37.3 h3= 59.0 h4= 68.6 (avg= 54.9)
  [λ=0.25 seed=1] step 2800 ep12 | loss +0.179 | orig 0.996 pruned 1.000 | pruned% h1= 54.7 h2= 37.3 h3= 59.0 h4= 68.6 (avg= 54.9)
  [λ=0.25 seed=1] step 2900 ep13 | loss +0.159 | orig 1.000 pruned 1.000 | pruned% h1= 54.7 h2= 37.3 h3= 59.0 h4= 68.6 (avg= 54.9)
  [λ=0.25 seed=1] step 3000 ep13 | loss +0.171 | orig 1.000 pruned 1.000 | pruned% h1= 54.7 h2= 37.3 h3= 59.0 h4= 68.6 (avg= 54.9)
  [λ=0.25 seed=1] step 3100 ep14 | loss +0.167 | orig 0.992 pruned 0.980 | pruned% h1= 54.7 h2= 37.3 h3= 59.0 h4= 68.6 (avg= 54.9)
  [λ=0.25 seed=1] step 3200 ep14 | loss +0.190 | orig 0.996 pruned 0.992 | pruned% h1= 54.7 h2= 37.3 h3= 59.0 h4= 68.6 (avg= 54.9)
  [λ=0.25 seed=1] step 3300 ep15 | loss +0.169 | orig 1.000 pruned 0.992 | pruned% h1= 54.7 h2= 37.5 h3= 59.0 h4= 68.6 (avg= 54.9)
  [λ=0.25 seed=1] step 3400 ep15 | loss +0.180 | orig 0.996 pruned 0.992 | pruned% h1= 54.7 h2= 37.9 h3= 59.0 h4= 68.6 (avg= 55.0)
  [λ=0.25 seed=1] step 3500 ep15 | loss +0.178 | orig 0.996 pruned 0.984 | pruned% h1= 54.7 h2= 38.1 h3= 59.0 h4= 68.6 (avg= 55.1)
  → [λ=0.25 seed=1] final keep 0.449  pruned 55.08%  | per-layer kept [232, 317, 210, 161]/[512, 512, 512, 512]  | orig→pruned test acc 98.32→97.91%  | 97s

── λ=0.25 seed=2 ── pruner params: 711,429
  [λ=0.25 seed=2] step  100 ep1 | loss +0.199 | orig 0.996 pruned 0.984 | pruned% h1= 22.9 h2=  6.1 h3= 46.1 h4= 69.7 (avg= 36.2)
  [λ=0.25 seed=2] step  200 ep1 | loss +0.204 | orig 0.992 pruned 0.977 | pruned% h1= 46.3 h2=  7.8 h3= 52.0 h4= 68.0 (avg= 43.5)
  [λ=0.25 seed=2] step  300 ep2 | loss +0.173 | orig 0.988 pruned 0.992 | pruned% h1= 50.6 h2= 13.7 h3= 54.7 h4= 68.2 (avg= 46.8)
  [λ=0.25 seed=2] step  400 ep2 | loss +0.181 | orig 0.996 pruned 0.996 | pruned% h1= 52.7 h2= 25.2 h3= 56.2 h4= 68.6 (avg= 50.7)
  [λ=0.25 seed=2] step  500 ep3 | loss +0.168 | orig 0.996 pruned 0.996 | pruned% h1= 53.5 h2= 30.5 h3= 58.4 h4= 69.1 (avg= 52.9)
  [λ=0.25 seed=2] step  600 ep3 | loss +0.177 | orig 0.992 pruned 0.996 | pruned% h1= 53.9 h2= 32.4 h3= 58.6 h4= 69.1 (avg= 53.5)
  [λ=0.25 seed=2] step  700 ep3 | loss +0.169 | orig 0.988 pruned 0.984 | pruned% h1= 54.1 h2= 32.8 h3= 59.0 h4= 69.1 (avg= 53.8)
  [λ=0.25 seed=2] step  800 ep4 | loss +0.160 | orig 0.988 pruned 0.988 | pruned% h1= 54.1 h2= 33.2 h3= 59.2 h4= 69.1 (avg= 53.9)
  [λ=0.25 seed=2] step  900 ep4 | loss +0.156 | orig 0.996 pruned 0.988 | pruned% h1= 54.3 h2= 33.2 h3= 59.2 h4= 69.1 (avg= 54.0)
  [λ=0.25 seed=2] step 1000 ep5 | loss +0.171 | orig 1.000 pruned 0.988 | pruned% h1= 54.5 h2= 33.6 h3= 59.4 h4= 69.1 (avg= 54.2)
  [λ=0.25 seed=2] step 1100 ep5 | loss +0.175 | orig 1.000 pruned 0.996 | pruned% h1= 54.5 h2= 33.6 h3= 59.6 h4= 69.1 (avg= 54.2)
  [λ=0.25 seed=2] step 1200 ep6 | loss +0.157 | orig 0.996 pruned 0.996 | pruned% h1= 54.5 h2= 33.6 h3= 59.6 h4= 69.1 (avg= 54.2)
  [λ=0.25 seed=2] step 1300 ep6 | loss +0.187 | orig 0.988 pruned 0.988 | pruned% h1= 54.7 h2= 33.6 h3= 59.6 h4= 69.1 (avg= 54.2)
  [λ=0.25 seed=2] step 1400 ep6 | loss +0.205 | orig 0.996 pruned 0.980 | pruned% h1= 54.9 h2= 33.6 h3= 59.6 h4= 69.1 (avg= 54.3)
  [λ=0.25 seed=2] step 1500 ep7 | loss +0.211 | orig 0.996 pruned 0.984 | pruned% h1= 54.9 h2= 33.6 h3= 59.6 h4= 69.1 (avg= 54.3)
  [λ=0.25 seed=2] step 1600 ep7 | loss +0.184 | orig 0.996 pruned 0.988 | pruned% h1= 54.9 h2= 33.8 h3= 59.6 h4= 69.1 (avg= 54.3)
  [λ=0.25 seed=2] step 1700 ep8 | loss +0.169 | orig 1.000 pruned 0.992 | pruned% h1= 54.9 h2= 34.2 h3= 59.6 h4= 69.1 (avg= 54.4)
  [λ=0.25 seed=2] step 1800 ep8 | loss +0.164 | orig 0.996 pruned 0.996 | pruned% h1= 54.9 h2= 34.4 h3= 59.6 h4= 69.1 (avg= 54.5)
  [λ=0.25 seed=2] step 1900 ep9 | loss +0.175 | orig 1.000 pruned 0.996 | pruned% h1= 54.9 h2= 34.4 h3= 59.6 h4= 69.1 (avg= 54.5)
  [λ=0.25 seed=2] step 2000 ep9 | loss +0.170 | orig 1.000 pruned 0.996 | pruned% h1= 55.1 h2= 34.4 h3= 59.6 h4= 69.1 (avg= 54.5)
  [λ=0.25 seed=2] step 2100 ep9 | loss +0.198 | orig 0.996 pruned 0.988 | pruned% h1= 55.1 h2= 34.4 h3= 59.6 h4= 69.1 (avg= 54.5)
  [λ=0.25 seed=2] step 2200 ep10 | loss +0.185 | orig 0.996 pruned 0.980 | pruned% h1= 55.1 h2= 34.4 h3= 59.6 h4= 69.1 (avg= 54.5)
  [λ=0.25 seed=2] step 2300 ep10 | loss +0.166 | orig 0.992 pruned 0.996 | pruned% h1= 55.1 h2= 34.4 h3= 59.6 h4= 69.3 (avg= 54.6)
  [λ=0.25 seed=2] step 2400 ep11 | loss +0.186 | orig 1.000 pruned 0.992 | pruned% h1= 55.1 h2= 34.4 h3= 59.6 h4= 69.3 (avg= 54.6)
  [λ=0.25 seed=2] step 2500 ep11 | loss +0.165 | orig 0.992 pruned 0.992 | pruned% h1= 55.1 h2= 34.4 h3= 59.6 h4= 69.3 (avg= 54.6)
  [λ=0.25 seed=2] step 2600 ep12 | loss +0.182 | orig 1.000 pruned 0.988 | pruned% h1= 55.1 h2= 34.4 h3= 59.6 h4= 69.3 (avg= 54.6)
  [λ=0.25 seed=2] step 2700 ep12 | loss +0.188 | orig 1.000 pruned 0.988 | pruned% h1= 55.1 h2= 34.4 h3= 59.6 h4= 69.3 (avg= 54.6)
  [λ=0.25 seed=2] step 2800 ep12 | loss +0.186 | orig 1.000 pruned 0.988 | pruned% h1= 55.1 h2= 34.4 h3= 59.6 h4= 69.3 (avg= 54.6)
  [λ=0.25 seed=2] step 2900 ep13 | loss +0.157 | orig 0.988 pruned 0.984 | pruned% h1= 55.1 h2= 34.4 h3= 59.6 h4= 69.3 (avg= 54.6)
  [λ=0.25 seed=2] step 3000 ep13 | loss +0.171 | orig 0.996 pruned 0.996 | pruned% h1= 55.1 h2= 34.6 h3= 59.6 h4= 69.3 (avg= 54.6)
  [λ=0.25 seed=2] step 3100 ep14 | loss +0.181 | orig 1.000 pruned 0.996 | pruned% h1= 55.1 h2= 34.6 h3= 59.6 h4= 69.3 (avg= 54.6)
  [λ=0.25 seed=2] step 3200 ep14 | loss +0.177 | orig 0.996 pruned 0.984 | pruned% h1= 55.1 h2= 34.6 h3= 59.6 h4= 69.3 (avg= 54.6)
  [λ=0.25 seed=2] step 3300 ep15 | loss +0.173 | orig 0.996 pruned 0.988 | pruned% h1= 55.1 h2= 34.6 h3= 59.6 h4= 69.3 (avg= 54.6)
  [λ=0.25 seed=2] step 3400 ep15 | loss +0.177 | orig 0.996 pruned 0.992 | pruned% h1= 55.1 h2= 34.6 h3= 59.6 h4= 69.3 (avg= 54.6)
  [λ=0.25 seed=2] step 3500 ep15 | loss +0.228 | orig 0.988 pruned 0.977 | pruned% h1= 55.1 h2= 34.8 h3= 59.6 h4= 69.3 (avg= 54.7)
  → [λ=0.25 seed=2] final keep 0.453  pruned 54.69%  | per-layer kept [230, 334, 207, 157]/[512, 512, 512, 512]  | orig→pruned test acc 98.32→97.89%  | 92s

── λ=0.4 seed=0 ── pruner params: 711,429
  [λ=0.4 seed=0] step  100 ep1 | loss +0.327 | orig 0.996 pruned 0.988 | pruned% h1= 37.5 h2=  0.0 h3= 67.8 h4= 49.8 (avg= 38.8)
  [λ=0.4 seed=0] step  200 ep1 | loss +0.309 | orig 0.996 pruned 0.980 | pruned% h1= 55.3 h2=  3.3 h3= 60.5 h4= 57.0 (avg= 44.0)
  [λ=0.4 seed=0] step  300 ep2 | loss +0.318 | orig 1.000 pruned 0.980 | pruned% h1= 57.8 h2= 28.7 h3= 63.5 h4= 59.8 (avg= 52.4)
  [λ=0.4 seed=0] step  400 ep2 | loss +0.302 | orig 0.996 pruned 0.980 | pruned% h1= 58.6 h2= 34.6 h3= 64.3 h4= 60.5 (avg= 54.5)
  [λ=0.4 seed=0] step  500 ep3 | loss +0.286 | orig 0.992 pruned 0.973 | pruned% h1= 59.2 h2= 36.5 h3= 64.5 h4= 60.5 (avg= 55.2)
  [λ=0.4 seed=0] step  600 ep3 | loss +0.281 | orig 0.992 pruned 0.996 | pruned% h1= 59.8 h2= 37.1 h3= 64.8 h4= 61.1 (avg= 55.7)
  [λ=0.4 seed=0] step  700 ep3 | loss +0.264 | orig 0.992 pruned 0.988 | pruned% h1= 60.0 h2= 37.9 h3= 65.0 h4= 61.3 (avg= 56.1)
  [λ=0.4 seed=0] step  800 ep4 | loss +0.325 | orig 0.992 pruned 0.965 | pruned% h1= 60.2 h2= 39.1 h3= 65.0 h4= 61.3 (avg= 56.4)
  [λ=0.4 seed=0] step  900 ep4 | loss +0.290 | orig 0.992 pruned 0.969 | pruned% h1= 60.2 h2= 39.5 h3= 65.2 h4= 61.5 (avg= 56.6)
  [λ=0.4 seed=0] step 1000 ep5 | loss +0.292 | orig 0.996 pruned 0.980 | pruned% h1= 60.4 h2= 39.8 h3= 65.2 h4= 61.7 (avg= 56.8)
  [λ=0.4 seed=0] step 1100 ep5 | loss +0.289 | orig 0.996 pruned 0.992 | pruned% h1= 60.4 h2= 39.8 h3= 65.2 h4= 61.7 (avg= 56.8)
  [λ=0.4 seed=0] step 1200 ep6 | loss +0.263 | orig 0.992 pruned 0.984 | pruned% h1= 60.4 h2= 39.8 h3= 65.4 h4= 61.7 (avg= 56.8)
  [λ=0.4 seed=0] step 1300 ep6 | loss +0.268 | orig 0.996 pruned 0.992 | pruned% h1= 60.4 h2= 39.8 h3= 65.4 h4= 61.7 (avg= 56.8)
  [λ=0.4 seed=0] step 1400 ep6 | loss +0.267 | orig 1.000 pruned 0.988 | pruned% h1= 60.5 h2= 39.8 h3= 65.4 h4= 61.7 (avg= 56.9)
  [λ=0.4 seed=0] step 1500 ep7 | loss +0.289 | orig 0.984 pruned 0.957 | pruned% h1= 60.5 h2= 39.8 h3= 65.4 h4= 61.7 (avg= 56.9)
  [λ=0.4 seed=0] step 1600 ep7 | loss +0.265 | orig 0.992 pruned 0.984 | pruned% h1= 60.5 h2= 39.8 h3= 65.6 h4= 61.7 (avg= 56.9)
  [λ=0.4 seed=0] step 1700 ep8 | loss +0.268 | orig 0.996 pruned 0.992 | pruned% h1= 60.5 h2= 39.8 h3= 65.6 h4= 61.7 (avg= 56.9)
  [λ=0.4 seed=0] step 1800 ep8 | loss +0.269 | orig 0.988 pruned 0.977 | pruned% h1= 60.5 h2= 40.0 h3= 65.6 h4= 61.7 (avg= 57.0)
  [λ=0.4 seed=0] step 1900 ep9 | loss +0.253 | orig 0.992 pruned 0.992 | pruned% h1= 60.5 h2= 40.0 h3= 65.6 h4= 61.7 (avg= 57.0)
  [λ=0.4 seed=0] step 2000 ep9 | loss +0.266 | orig 0.996 pruned 0.992 | pruned% h1= 60.5 h2= 40.0 h3= 65.6 h4= 61.7 (avg= 57.0)
  [λ=0.4 seed=0] step 2100 ep9 | loss +0.252 | orig 0.992 pruned 0.977 | pruned% h1= 60.5 h2= 40.0 h3= 65.6 h4= 61.7 (avg= 57.0)
  [λ=0.4 seed=0] step 2200 ep10 | loss +0.270 | orig 0.996 pruned 0.977 | pruned% h1= 60.5 h2= 40.2 h3= 65.6 h4= 61.7 (avg= 57.0)
  [λ=0.4 seed=0] step 2300 ep10 | loss +0.311 | orig 0.996 pruned 0.984 | pruned% h1= 60.5 h2= 40.2 h3= 65.6 h4= 61.7 (avg= 57.0)
  [λ=0.4 seed=0] step 2400 ep11 | loss +0.297 | orig 0.984 pruned 0.980 | pruned% h1= 60.5 h2= 40.2 h3= 65.6 h4= 61.7 (avg= 57.0)
  [λ=0.4 seed=0] step 2500 ep11 | loss +0.252 | orig 0.996 pruned 0.992 | pruned% h1= 60.5 h2= 40.4 h3= 65.6 h4= 61.9 (avg= 57.1)
  [λ=0.4 seed=0] step 2600 ep12 | loss +0.289 | orig 1.000 pruned 0.977 | pruned% h1= 60.7 h2= 40.4 h3= 65.6 h4= 61.9 (avg= 57.2)
  [λ=0.4 seed=0] step 2700 ep12 | loss +0.270 | orig 0.996 pruned 0.980 | pruned% h1= 60.7 h2= 40.4 h3= 65.6 h4= 61.9 (avg= 57.2)
  [λ=0.4 seed=0] step 2800 ep12 | loss +0.278 | orig 1.000 pruned 0.988 | pruned% h1= 60.7 h2= 40.4 h3= 65.6 h4= 61.9 (avg= 57.2)
  [λ=0.4 seed=0] step 2900 ep13 | loss +0.283 | orig 0.992 pruned 0.980 | pruned% h1= 60.7 h2= 40.4 h3= 65.6 h4= 61.9 (avg= 57.2)
  [λ=0.4 seed=0] step 3000 ep13 | loss +0.263 | orig 0.992 pruned 0.988 | pruned% h1= 60.7 h2= 40.4 h3= 65.6 h4= 61.9 (avg= 57.2)
  [λ=0.4 seed=0] step 3100 ep14 | loss +0.286 | orig 1.000 pruned 0.992 | pruned% h1= 60.7 h2= 40.4 h3= 65.6 h4= 61.9 (avg= 57.2)
  [λ=0.4 seed=0] step 3200 ep14 | loss +0.297 | orig 0.996 pruned 0.980 | pruned% h1= 60.7 h2= 40.4 h3= 65.6 h4= 61.9 (avg= 57.2)
  [λ=0.4 seed=0] step 3300 ep15 | loss +0.271 | orig 0.992 pruned 0.977 | pruned% h1= 60.7 h2= 40.4 h3= 65.6 h4= 61.9 (avg= 57.2)
  [λ=0.4 seed=0] step 3400 ep15 | loss +0.293 | orig 1.000 pruned 0.977 | pruned% h1= 60.7 h2= 40.4 h3= 65.6 h4= 61.9 (avg= 57.2)
  [λ=0.4 seed=0] step 3500 ep15 | loss +0.284 | orig 0.996 pruned 0.992 | pruned% h1= 60.7 h2= 40.4 h3= 65.6 h4= 61.9 (avg= 57.2)
  → [λ=0.4 seed=0] final keep 0.428  pruned 57.18%  | per-layer kept [201, 305, 176, 195]/[512, 512, 512, 512]  | orig→pruned test acc 98.32→97.48%  | 91s

── λ=0.4 seed=1 ── pruner params: 711,429
  [λ=0.4 seed=1] step  100 ep1 | loss +0.308 | orig 0.996 pruned 0.992 | pruned% h1= 36.1 h2=  2.5 h3= 57.2 h4= 63.3 (avg= 39.8)
  [λ=0.4 seed=1] step  200 ep1 | loss +0.249 | orig 0.996 pruned 0.992 | pruned% h1= 52.7 h2= 10.4 h3= 55.9 h4= 64.3 (avg= 45.8)
  [λ=0.4 seed=1] step  300 ep2 | loss +0.267 | orig 0.992 pruned 0.988 | pruned% h1= 57.0 h2= 27.9 h3= 58.8 h4= 66.2 (avg= 52.5)
  [λ=0.4 seed=1] step  400 ep2 | loss +0.294 | orig 0.992 pruned 0.980 | pruned% h1= 58.0 h2= 32.0 h3= 61.3 h4= 66.8 (avg= 54.5)
  [λ=0.4 seed=1] step  500 ep3 | loss +0.264 | orig 0.996 pruned 0.996 | pruned% h1= 58.2 h2= 34.6 h3= 61.7 h4= 67.0 (avg= 55.4)
  [λ=0.4 seed=1] step  600 ep3 | loss +0.262 | orig 1.000 pruned 0.996 | pruned% h1= 58.6 h2= 35.0 h3= 62.1 h4= 67.4 (avg= 55.8)
  [λ=0.4 seed=1] step  700 ep3 | loss +0.284 | orig 0.992 pruned 0.984 | pruned% h1= 59.0 h2= 35.7 h3= 62.3 h4= 67.4 (avg= 56.1)
  [λ=0.4 seed=1] step  800 ep4 | loss +0.294 | orig 0.996 pruned 0.984 | pruned% h1= 59.0 h2= 36.1 h3= 62.9 h4= 67.4 (avg= 56.3)
  [λ=0.4 seed=1] step  900 ep4 | loss +0.250 | orig 0.996 pruned 0.992 | pruned% h1= 59.2 h2= 36.3 h3= 63.1 h4= 67.4 (avg= 56.5)
  [λ=0.4 seed=1] step 1000 ep5 | loss +0.295 | orig 1.000 pruned 0.992 | pruned% h1= 59.4 h2= 37.1 h3= 63.1 h4= 67.4 (avg= 56.7)
  [λ=0.4 seed=1] step 1100 ep5 | loss +0.271 | orig 0.988 pruned 0.977 | pruned% h1= 59.4 h2= 37.3 h3= 63.1 h4= 67.4 (avg= 56.8)
  [λ=0.4 seed=1] step 1200 ep6 | loss +0.265 | orig 0.996 pruned 0.992 | pruned% h1= 59.4 h2= 37.5 h3= 63.1 h4= 67.6 (avg= 56.9)
  [λ=0.4 seed=1] step 1300 ep6 | loss +0.258 | orig 0.996 pruned 0.984 | pruned% h1= 59.4 h2= 37.5 h3= 63.1 h4= 67.6 (avg= 56.9)
  [λ=0.4 seed=1] step 1400 ep6 | loss +0.276 | orig 0.992 pruned 0.980 | pruned% h1= 59.4 h2= 37.9 h3= 63.3 h4= 67.6 (avg= 57.0)
  [λ=0.4 seed=1] step 1500 ep7 | loss +0.263 | orig 1.000 pruned 0.992 | pruned% h1= 59.4 h2= 37.9 h3= 63.3 h4= 67.6 (avg= 57.0)
  [λ=0.4 seed=1] step 1600 ep7 | loss +0.249 | orig 1.000 pruned 0.984 | pruned% h1= 59.4 h2= 37.9 h3= 63.3 h4= 67.6 (avg= 57.0)
  [λ=0.4 seed=1] step 1700 ep8 | loss +0.275 | orig 0.992 pruned 0.977 | pruned% h1= 59.4 h2= 37.9 h3= 63.3 h4= 67.8 (avg= 57.1)
  [λ=0.4 seed=1] step 1800 ep8 | loss +0.260 | orig 1.000 pruned 0.992 | pruned% h1= 59.4 h2= 38.1 h3= 63.3 h4= 67.8 (avg= 57.1)
  [λ=0.4 seed=1] step 1900 ep9 | loss +0.286 | orig 0.996 pruned 0.973 | pruned% h1= 59.4 h2= 38.1 h3= 63.3 h4= 68.0 (avg= 57.2)
  [λ=0.4 seed=1] step 2000 ep9 | loss +0.255 | orig 1.000 pruned 0.996 | pruned% h1= 59.4 h2= 38.1 h3= 63.5 h4= 68.0 (avg= 57.2)
  [λ=0.4 seed=1] step 2100 ep9 | loss +0.288 | orig 1.000 pruned 0.984 | pruned% h1= 59.4 h2= 38.1 h3= 63.5 h4= 68.0 (avg= 57.2)
  [λ=0.4 seed=1] step 2200 ep10 | loss +0.285 | orig 0.992 pruned 0.984 | pruned% h1= 59.6 h2= 38.1 h3= 63.5 h4= 68.0 (avg= 57.3)
  [λ=0.4 seed=1] step 2300 ep10 | loss +0.273 | orig 1.000 pruned 0.992 | pruned% h1= 59.6 h2= 38.1 h3= 63.5 h4= 68.0 (avg= 57.3)
  [λ=0.4 seed=1] step 2400 ep11 | loss +0.275 | orig 0.996 pruned 0.980 | pruned% h1= 59.6 h2= 38.1 h3= 63.5 h4= 68.0 (avg= 57.3)
  [λ=0.4 seed=1] step 2500 ep11 | loss +0.269 | orig 0.992 pruned 0.992 | pruned% h1= 59.6 h2= 38.1 h3= 63.5 h4= 68.0 (avg= 57.3)
  [λ=0.4 seed=1] step 2600 ep12 | loss +0.260 | orig 1.000 pruned 0.988 | pruned% h1= 59.6 h2= 38.3 h3= 63.5 h4= 68.0 (avg= 57.3)
  [λ=0.4 seed=1] step 2700 ep12 | loss +0.253 | orig 0.992 pruned 0.984 | pruned% h1= 59.6 h2= 38.5 h3= 63.5 h4= 68.0 (avg= 57.4)
  [λ=0.4 seed=1] step 2800 ep12 | loss +0.269 | orig 0.996 pruned 1.000 | pruned% h1= 59.8 h2= 38.5 h3= 63.5 h4= 68.0 (avg= 57.4)
  [λ=0.4 seed=1] step 2900 ep13 | loss +0.250 | orig 1.000 pruned 0.996 | pruned% h1= 59.8 h2= 38.5 h3= 63.5 h4= 68.0 (avg= 57.4)
  [λ=0.4 seed=1] step 3000 ep13 | loss +0.257 | orig 1.000 pruned 0.996 | pruned% h1= 59.8 h2= 38.5 h3= 63.5 h4= 68.0 (avg= 57.4)
  [λ=0.4 seed=1] step 3100 ep14 | loss +0.262 | orig 0.992 pruned 0.973 | pruned% h1= 59.8 h2= 38.5 h3= 63.5 h4= 68.0 (avg= 57.4)
  [λ=0.4 seed=1] step 3200 ep14 | loss +0.289 | orig 0.996 pruned 0.984 | pruned% h1= 59.8 h2= 38.5 h3= 63.5 h4= 68.0 (avg= 57.4)
  [λ=0.4 seed=1] step 3300 ep15 | loss +0.266 | orig 1.000 pruned 0.992 | pruned% h1= 59.8 h2= 38.5 h3= 63.5 h4= 68.0 (avg= 57.4)
  [λ=0.4 seed=1] step 3400 ep15 | loss +0.284 | orig 0.996 pruned 0.988 | pruned% h1= 60.0 h2= 38.5 h3= 63.5 h4= 68.0 (avg= 57.5)
  [λ=0.4 seed=1] step 3500 ep15 | loss +0.268 | orig 0.996 pruned 0.988 | pruned% h1= 60.0 h2= 38.7 h3= 63.5 h4= 68.0 (avg= 57.5)
  → [λ=0.4 seed=1] final keep 0.425  pruned 57.52%  | per-layer kept [205, 314, 187, 164]/[512, 512, 512, 512]  | orig→pruned test acc 98.32→97.58%  | 91s

── λ=0.4 seed=2 ── pruner params: 711,429
  [λ=0.4 seed=2] step  100 ep1 | loss +0.300 | orig 0.996 pruned 0.984 | pruned% h1= 47.9 h2= 20.7 h3= 39.3 h4= 65.4 (avg= 43.3)
  [λ=0.4 seed=2] step  200 ep1 | loss +0.300 | orig 0.992 pruned 0.980 | pruned% h1= 57.2 h2= 26.2 h3= 49.2 h4= 67.0 (avg= 49.9)
  [λ=0.4 seed=2] step  300 ep2 | loss +0.266 | orig 0.988 pruned 0.988 | pruned% h1= 58.6 h2= 34.2 h3= 54.5 h4= 67.0 (avg= 53.6)
  [λ=0.4 seed=2] step  400 ep2 | loss +0.258 | orig 0.996 pruned 0.996 | pruned% h1= 59.2 h2= 36.5 h3= 56.8 h4= 67.4 (avg= 55.0)
  [λ=0.4 seed=2] step  500 ep3 | loss +0.253 | orig 0.996 pruned 0.992 | pruned% h1= 59.4 h2= 38.1 h3= 57.8 h4= 67.8 (avg= 55.8)
  [λ=0.4 seed=2] step  600 ep3 | loss +0.268 | orig 0.992 pruned 0.992 | pruned% h1= 59.6 h2= 38.5 h3= 58.0 h4= 68.2 (avg= 56.1)
  [λ=0.4 seed=2] step  700 ep3 | loss +0.253 | orig 0.988 pruned 0.984 | pruned% h1= 59.8 h2= 39.1 h3= 58.6 h4= 68.2 (avg= 56.4)
  [λ=0.4 seed=2] step  800 ep4 | loss +0.251 | orig 0.988 pruned 0.980 | pruned% h1= 59.8 h2= 39.5 h3= 59.0 h4= 68.2 (avg= 56.6)
  [λ=0.4 seed=2] step  900 ep4 | loss +0.237 | orig 0.996 pruned 0.988 | pruned% h1= 60.0 h2= 39.8 h3= 59.2 h4= 68.2 (avg= 56.8)
  [λ=0.4 seed=2] step 1000 ep5 | loss +0.250 | orig 1.000 pruned 0.996 | pruned% h1= 60.0 h2= 40.2 h3= 59.2 h4= 68.2 (avg= 56.9)
  [λ=0.4 seed=2] step 1100 ep5 | loss +0.259 | orig 1.000 pruned 0.996 | pruned% h1= 60.0 h2= 40.4 h3= 59.2 h4= 68.2 (avg= 56.9)
  [λ=0.4 seed=2] step 1200 ep6 | loss +0.234 | orig 0.996 pruned 0.988 | pruned% h1= 60.0 h2= 40.6 h3= 59.2 h4= 68.4 (avg= 57.0)
  [λ=0.4 seed=2] step 1300 ep6 | loss +0.257 | orig 0.988 pruned 0.988 | pruned% h1= 60.0 h2= 40.6 h3= 59.2 h4= 68.4 (avg= 57.0)
  [λ=0.4 seed=2] step 1400 ep6 | loss +0.300 | orig 0.996 pruned 0.977 | pruned% h1= 60.0 h2= 41.0 h3= 59.2 h4= 68.4 (avg= 57.1)
  [λ=0.4 seed=2] step 1500 ep7 | loss +0.297 | orig 0.996 pruned 0.973 | pruned% h1= 60.0 h2= 41.2 h3= 59.2 h4= 68.4 (avg= 57.2)
  [λ=0.4 seed=2] step 1600 ep7 | loss +0.275 | orig 0.996 pruned 0.984 | pruned% h1= 60.2 h2= 41.4 h3= 59.4 h4= 68.4 (avg= 57.3)
  [λ=0.4 seed=2] step 1700 ep8 | loss +0.252 | orig 1.000 pruned 0.996 | pruned% h1= 60.2 h2= 41.4 h3= 59.4 h4= 68.4 (avg= 57.3)
  [λ=0.4 seed=2] step 1800 ep8 | loss +0.252 | orig 0.996 pruned 0.996 | pruned% h1= 60.2 h2= 41.4 h3= 59.4 h4= 68.4 (avg= 57.3)
  [λ=0.4 seed=2] step 1900 ep9 | loss +0.257 | orig 1.000 pruned 0.992 | pruned% h1= 60.4 h2= 41.4 h3= 59.4 h4= 68.4 (avg= 57.4)
  [λ=0.4 seed=2] step 2000 ep9 | loss +0.253 | orig 1.000 pruned 0.992 | pruned% h1= 60.4 h2= 41.6 h3= 59.4 h4= 68.4 (avg= 57.4)
  [λ=0.4 seed=2] step 2100 ep9 | loss +0.285 | orig 0.996 pruned 0.984 | pruned% h1= 60.4 h2= 41.6 h3= 59.4 h4= 68.4 (avg= 57.4)
  [λ=0.4 seed=2] step 2200 ep10 | loss +0.278 | orig 0.996 pruned 0.984 | pruned% h1= 60.5 h2= 41.6 h3= 59.4 h4= 68.4 (avg= 57.5)
  [λ=0.4 seed=2] step 2300 ep10 | loss +0.264 | orig 0.992 pruned 0.988 | pruned% h1= 60.5 h2= 41.6 h3= 59.4 h4= 68.4 (avg= 57.5)
  [λ=0.4 seed=2] step 2400 ep11 | loss +0.269 | orig 1.000 pruned 0.996 | pruned% h1= 60.5 h2= 41.6 h3= 59.4 h4= 68.4 (avg= 57.5)
  [λ=0.4 seed=2] step 2500 ep11 | loss +0.255 | orig 0.992 pruned 0.988 | pruned% h1= 60.5 h2= 41.6 h3= 59.4 h4= 68.4 (avg= 57.5)
  [λ=0.4 seed=2] step 2600 ep12 | loss +0.274 | orig 1.000 pruned 0.984 | pruned% h1= 60.7 h2= 41.6 h3= 59.4 h4= 68.4 (avg= 57.5)
  [λ=0.4 seed=2] step 2700 ep12 | loss +0.264 | orig 1.000 pruned 0.988 | pruned% h1= 60.7 h2= 41.8 h3= 59.4 h4= 68.4 (avg= 57.6)
  [λ=0.4 seed=2] step 2800 ep12 | loss +0.279 | orig 1.000 pruned 0.988 | pruned% h1= 60.7 h2= 42.0 h3= 59.4 h4= 68.4 (avg= 57.6)
  [λ=0.4 seed=2] step 2900 ep13 | loss +0.254 | orig 0.988 pruned 0.977 | pruned% h1= 60.7 h2= 42.0 h3= 59.4 h4= 68.4 (avg= 57.6)
  [λ=0.4 seed=2] step 3000 ep13 | loss +0.263 | orig 0.996 pruned 0.992 | pruned% h1= 60.7 h2= 42.2 h3= 59.4 h4= 68.4 (avg= 57.7)
  [λ=0.4 seed=2] step 3100 ep14 | loss +0.254 | orig 1.000 pruned 0.992 | pruned% h1= 60.7 h2= 42.2 h3= 59.6 h4= 68.4 (avg= 57.7)
  [λ=0.4 seed=2] step 3200 ep14 | loss +0.264 | orig 0.996 pruned 0.977 | pruned% h1= 60.7 h2= 42.2 h3= 59.6 h4= 68.4 (avg= 57.7)
  [λ=0.4 seed=2] step 3300 ep15 | loss +0.263 | orig 0.996 pruned 0.980 | pruned% h1= 60.7 h2= 42.4 h3= 59.6 h4= 68.4 (avg= 57.8)
  [λ=0.4 seed=2] step 3400 ep15 | loss +0.255 | orig 0.996 pruned 0.988 | pruned% h1= 60.7 h2= 42.4 h3= 59.6 h4= 68.4 (avg= 57.8)
  [λ=0.4 seed=2] step 3500 ep15 | loss +0.291 | orig 0.988 pruned 0.984 | pruned% h1= 60.7 h2= 42.4 h3= 59.6 h4= 68.4 (avg= 57.8)
  → [λ=0.4 seed=2] final keep 0.422  pruned 57.76%  | per-layer kept [201, 295, 207, 162]/[512, 512, 512, 512]  | orig→pruned test acc 98.32→97.59%  | 91s

── λ=0.55 seed=0 ── pruner params: 711,429
  [λ=0.55 seed=0] step  100 ep1 | loss +0.446 | orig 0.996 pruned 0.980 | pruned% h1= 48.6 h2=  0.0 h3= 68.9 h4= 43.8 (avg= 40.3)
  [λ=0.55 seed=0] step  200 ep1 | loss +0.418 | orig 0.996 pruned 0.980 | pruned% h1= 62.3 h2=  8.8 h3= 63.9 h4= 55.1 (avg= 47.5)
  [λ=0.55 seed=0] step  300 ep2 | loss +0.427 | orig 1.000 pruned 0.988 | pruned% h1= 63.9 h2= 28.1 h3= 65.8 h4= 57.0 (avg= 53.7)
  [λ=0.55 seed=0] step  400 ep2 | loss +0.413 | orig 0.996 pruned 0.977 | pruned% h1= 64.6 h2= 35.7 h3= 66.8 h4= 57.6 (avg= 56.2)
  [λ=0.55 seed=0] step  500 ep3 | loss +0.410 | orig 0.992 pruned 0.957 | pruned% h1= 65.0 h2= 38.1 h3= 67.2 h4= 58.2 (avg= 57.1)
  [λ=0.55 seed=0] step  600 ep3 | loss +0.406 | orig 0.992 pruned 0.980 | pruned% h1= 65.2 h2= 39.3 h3= 67.6 h4= 58.2 (avg= 57.6)
  [λ=0.55 seed=0] step  700 ep3 | loss +0.366 | orig 0.992 pruned 0.977 | pruned% h1= 65.4 h2= 40.0 h3= 67.6 h4= 58.2 (avg= 57.8)
  [λ=0.55 seed=0] step  800 ep4 | loss +0.435 | orig 0.992 pruned 0.965 | pruned% h1= 65.6 h2= 40.2 h3= 68.0 h4= 58.4 (avg= 58.1)
  [λ=0.55 seed=0] step  900 ep4 | loss +0.413 | orig 0.992 pruned 0.965 | pruned% h1= 65.8 h2= 41.0 h3= 68.0 h4= 58.6 (avg= 58.3)
  [λ=0.55 seed=0] step 1000 ep5 | loss +0.394 | orig 0.996 pruned 0.973 | pruned% h1= 66.0 h2= 41.6 h3= 68.4 h4= 58.6 (avg= 58.6)
  [λ=0.55 seed=0] step 1100 ep5 | loss +0.414 | orig 0.996 pruned 0.969 | pruned% h1= 66.0 h2= 42.0 h3= 68.8 h4= 58.6 (avg= 58.8)
  [λ=0.55 seed=0] step 1200 ep6 | loss +0.381 | orig 0.992 pruned 0.977 | pruned% h1= 66.2 h2= 42.0 h3= 68.8 h4= 58.6 (avg= 58.9)
  [λ=0.55 seed=0] step 1300 ep6 | loss +0.374 | orig 0.996 pruned 0.977 | pruned% h1= 66.2 h2= 42.2 h3= 68.8 h4= 58.6 (avg= 58.9)
  [λ=0.55 seed=0] step 1400 ep6 | loss +0.386 | orig 1.000 pruned 0.984 | pruned% h1= 66.2 h2= 42.2 h3= 68.8 h4= 58.6 (avg= 58.9)
  [λ=0.55 seed=0] step 1500 ep7 | loss +0.365 | orig 0.984 pruned 0.961 | pruned% h1= 66.2 h2= 42.2 h3= 68.8 h4= 58.6 (avg= 58.9)
  [λ=0.55 seed=0] step 1600 ep7 | loss +0.371 | orig 0.992 pruned 0.984 | pruned% h1= 66.2 h2= 42.2 h3= 68.8 h4= 58.6 (avg= 58.9)
  [λ=0.55 seed=0] step 1700 ep8 | loss +0.357 | orig 0.996 pruned 0.992 | pruned% h1= 66.2 h2= 42.4 h3= 68.8 h4= 58.6 (avg= 59.0)
  [λ=0.55 seed=0] step 1800 ep8 | loss +0.388 | orig 0.988 pruned 0.965 | pruned% h1= 66.2 h2= 42.4 h3= 68.8 h4= 58.6 (avg= 59.0)
  [λ=0.55 seed=0] step 1900 ep9 | loss +0.363 | orig 0.992 pruned 0.992 | pruned% h1= 66.2 h2= 42.4 h3= 68.8 h4= 58.6 (avg= 59.0)
  [λ=0.55 seed=0] step 2000 ep9 | loss +0.369 | orig 0.996 pruned 0.988 | pruned% h1= 66.2 h2= 42.4 h3= 68.8 h4= 58.6 (avg= 59.0)
  [λ=0.55 seed=0] step 2100 ep9 | loss +0.357 | orig 0.992 pruned 0.977 | pruned% h1= 66.2 h2= 42.4 h3= 68.8 h4= 58.6 (avg= 59.0)
  [λ=0.55 seed=0] step 2200 ep10 | loss +0.378 | orig 0.996 pruned 0.984 | pruned% h1= 66.2 h2= 42.4 h3= 68.8 h4= 58.6 (avg= 59.0)
  [λ=0.55 seed=0] step 2300 ep10 | loss +0.423 | orig 0.996 pruned 0.973 | pruned% h1= 66.2 h2= 42.8 h3= 68.8 h4= 58.6 (avg= 59.1)
  [λ=0.55 seed=0] step 2400 ep11 | loss +0.412 | orig 0.984 pruned 0.969 | pruned% h1= 66.2 h2= 42.8 h3= 68.8 h4= 58.6 (avg= 59.1)
  [λ=0.55 seed=0] step 2500 ep11 | loss +0.357 | orig 0.996 pruned 0.988 | pruned% h1= 66.2 h2= 43.0 h3= 68.8 h4= 58.6 (avg= 59.1)
  [λ=0.55 seed=0] step 2600 ep12 | loss +0.409 | orig 1.000 pruned 0.969 | pruned% h1= 66.2 h2= 43.2 h3= 68.8 h4= 58.6 (avg= 59.2)
  [λ=0.55 seed=0] step 2700 ep12 | loss +0.403 | orig 0.996 pruned 0.953 | pruned% h1= 66.2 h2= 43.2 h3= 68.8 h4= 58.6 (avg= 59.2)
  [λ=0.55 seed=0] step 2800 ep12 | loss +0.380 | orig 1.000 pruned 0.988 | pruned% h1= 66.2 h2= 43.2 h3= 68.8 h4= 58.6 (avg= 59.2)
  [λ=0.55 seed=0] step 2900 ep13 | loss +0.390 | orig 0.992 pruned 0.973 | pruned% h1= 66.2 h2= 43.2 h3= 68.8 h4= 58.6 (avg= 59.2)
  [λ=0.55 seed=0] step 3000 ep13 | loss +0.372 | orig 0.992 pruned 0.988 | pruned% h1= 66.2 h2= 43.2 h3= 68.8 h4= 58.6 (avg= 59.2)
  [λ=0.55 seed=0] step 3100 ep14 | loss +0.394 | orig 1.000 pruned 0.980 | pruned% h1= 66.2 h2= 43.2 h3= 68.8 h4= 58.6 (avg= 59.2)
  [λ=0.55 seed=0] step 3200 ep14 | loss +0.412 | orig 0.996 pruned 0.965 | pruned% h1= 66.2 h2= 43.2 h3= 68.8 h4= 58.8 (avg= 59.2)
  [λ=0.55 seed=0] step 3300 ep15 | loss +0.398 | orig 0.992 pruned 0.965 | pruned% h1= 66.2 h2= 43.2 h3= 68.8 h4= 58.8 (avg= 59.2)
  [λ=0.55 seed=0] step 3400 ep15 | loss +0.415 | orig 1.000 pruned 0.965 | pruned% h1= 66.2 h2= 43.2 h3= 68.8 h4= 58.8 (avg= 59.2)
  [λ=0.55 seed=0] step 3500 ep15 | loss +0.403 | orig 0.996 pruned 0.980 | pruned% h1= 66.2 h2= 43.2 h3= 68.8 h4= 58.8 (avg= 59.2)
  → [λ=0.55 seed=0] final keep 0.408  pruned 59.23%  | per-layer kept [173, 291, 160, 211]/[512, 512, 512, 512]  | orig→pruned test acc 98.32→96.60%  | 94s

── λ=0.55 seed=1 ── pruner params: 711,429
  [λ=0.55 seed=1] step  100 ep1 | loss +0.422 | orig 0.996 pruned 0.973 | pruned% h1= 55.5 h2=  8.8 h3= 56.1 h4= 59.6 (avg= 45.0)
  [λ=0.55 seed=1] step  200 ep1 | loss +0.338 | orig 0.996 pruned 0.992 | pruned% h1= 63.1 h2= 28.1 h3= 53.3 h4= 61.3 (avg= 51.5)
  [λ=0.55 seed=1] step  300 ep2 | loss +0.351 | orig 0.992 pruned 0.988 | pruned% h1= 65.4 h2= 37.5 h3= 55.5 h4= 63.1 (avg= 55.4)
  [λ=0.55 seed=1] step  400 ep2 | loss +0.398 | orig 0.992 pruned 0.980 | pruned% h1= 66.0 h2= 41.0 h3= 59.0 h4= 63.5 (avg= 57.4)
  [λ=0.55 seed=1] step  500 ep3 | loss +0.362 | orig 0.996 pruned 0.992 | pruned% h1= 66.0 h2= 42.0 h3= 60.2 h4= 63.7 (avg= 58.0)
  [λ=0.55 seed=1] step  600 ep3 | loss +0.361 | orig 1.000 pruned 0.988 | pruned% h1= 66.2 h2= 42.4 h3= 60.9 h4= 63.7 (avg= 58.3)
  [λ=0.55 seed=1] step  700 ep3 | loss +0.395 | orig 0.992 pruned 0.965 | pruned% h1= 66.2 h2= 43.4 h3= 61.1 h4= 63.7 (avg= 58.6)
  [λ=0.55 seed=1] step  800 ep4 | loss +0.397 | orig 0.996 pruned 0.977 | pruned% h1= 66.2 h2= 43.8 h3= 61.7 h4= 63.9 (avg= 58.9)
  [λ=0.55 seed=1] step  900 ep4 | loss +0.328 | orig 0.996 pruned 0.992 | pruned% h1= 66.6 h2= 43.8 h3= 61.9 h4= 64.1 (avg= 59.1)
  [λ=0.55 seed=1] step 1000 ep5 | loss +0.388 | orig 1.000 pruned 0.992 | pruned% h1= 66.8 h2= 43.9 h3= 62.1 h4= 64.1 (avg= 59.2)
  [λ=0.55 seed=1] step 1100 ep5 | loss +0.394 | orig 0.988 pruned 0.969 | pruned% h1= 66.8 h2= 44.1 h3= 62.1 h4= 64.1 (avg= 59.3)
  [λ=0.55 seed=1] step 1200 ep6 | loss +0.357 | orig 0.996 pruned 0.988 | pruned% h1= 67.0 h2= 44.3 h3= 62.1 h4= 64.1 (avg= 59.4)
  [λ=0.55 seed=1] step 1300 ep6 | loss +0.343 | orig 0.996 pruned 0.984 | pruned% h1= 67.2 h2= 44.3 h3= 62.5 h4= 64.1 (avg= 59.5)
  [λ=0.55 seed=1] step 1400 ep6 | loss +0.365 | orig 0.992 pruned 0.977 | pruned% h1= 67.6 h2= 44.5 h3= 62.5 h4= 64.1 (avg= 59.7)
  [λ=0.55 seed=1] step 1500 ep7 | loss +0.352 | orig 1.000 pruned 0.992 | pruned% h1= 67.6 h2= 44.5 h3= 62.5 h4= 64.1 (avg= 59.7)
  [λ=0.55 seed=1] step 1600 ep7 | loss +0.348 | orig 1.000 pruned 0.984 | pruned% h1= 67.6 h2= 44.5 h3= 62.5 h4= 64.1 (avg= 59.7)
  [λ=0.55 seed=1] step 1700 ep8 | loss +0.380 | orig 0.992 pruned 0.969 | pruned% h1= 67.6 h2= 44.5 h3= 62.5 h4= 64.1 (avg= 59.7)
  [λ=0.55 seed=1] step 1800 ep8 | loss +0.353 | orig 1.000 pruned 0.992 | pruned% h1= 67.6 h2= 44.7 h3= 62.7 h4= 64.1 (avg= 59.8)
  [λ=0.55 seed=1] step 1900 ep9 | loss +0.365 | orig 0.996 pruned 0.977 | pruned% h1= 67.6 h2= 44.7 h3= 62.9 h4= 64.1 (avg= 59.8)
  [λ=0.55 seed=1] step 2000 ep9 | loss +0.380 | orig 1.000 pruned 0.988 | pruned% h1= 67.6 h2= 44.7 h3= 62.9 h4= 64.1 (avg= 59.8)
  [λ=0.55 seed=1] step 2100 ep9 | loss +0.398 | orig 1.000 pruned 0.969 | pruned% h1= 67.6 h2= 44.7 h3= 63.1 h4= 64.1 (avg= 59.9)
  [λ=0.55 seed=1] step 2200 ep10 | loss +0.390 | orig 0.992 pruned 0.973 | pruned% h1= 67.6 h2= 44.9 h3= 63.1 h4= 64.1 (avg= 59.9)
  [λ=0.55 seed=1] step 2300 ep10 | loss +0.379 | orig 1.000 pruned 0.992 | pruned% h1= 67.6 h2= 44.9 h3= 63.1 h4= 64.1 (avg= 59.9)
  [λ=0.55 seed=1] step 2400 ep11 | loss +0.374 | orig 0.996 pruned 0.980 | pruned% h1= 67.6 h2= 44.9 h3= 63.1 h4= 64.1 (avg= 59.9)
  [λ=0.55 seed=1] step 2500 ep11 | loss +0.367 | orig 0.992 pruned 0.984 | pruned% h1= 67.8 h2= 44.9 h3= 63.1 h4= 64.1 (avg= 60.0)
  [λ=0.55 seed=1] step 2600 ep12 | loss +0.352 | orig 1.000 pruned 0.996 | pruned% h1= 67.8 h2= 44.9 h3= 63.1 h4= 64.1 (avg= 60.0)
  [λ=0.55 seed=1] step 2700 ep12 | loss +0.361 | orig 0.992 pruned 0.977 | pruned% h1= 67.8 h2= 44.9 h3= 63.1 h4= 64.1 (avg= 60.0)
  [λ=0.55 seed=1] step 2800 ep12 | loss +0.361 | orig 0.996 pruned 0.984 | pruned% h1= 67.8 h2= 44.9 h3= 63.1 h4= 64.1 (avg= 60.0)
  [λ=0.55 seed=1] step 2900 ep13 | loss +0.344 | orig 1.000 pruned 0.988 | pruned% h1= 67.8 h2= 44.9 h3= 63.1 h4= 64.1 (avg= 60.0)
  [λ=0.55 seed=1] step 3000 ep13 | loss +0.345 | orig 1.000 pruned 0.996 | pruned% h1= 68.0 h2= 44.9 h3= 63.1 h4= 64.1 (avg= 60.0)
  [λ=0.55 seed=1] step 3100 ep14 | loss +0.364 | orig 0.992 pruned 0.984 | pruned% h1= 68.0 h2= 44.9 h3= 63.1 h4= 64.1 (avg= 60.0)
  [λ=0.55 seed=1] step 3200 ep14 | loss +0.400 | orig 0.996 pruned 0.961 | pruned% h1= 68.0 h2= 44.9 h3= 63.1 h4= 64.3 (avg= 60.1)
  [λ=0.55 seed=1] step 3300 ep15 | loss +0.356 | orig 1.000 pruned 0.980 | pruned% h1= 68.0 h2= 44.9 h3= 63.1 h4= 64.3 (avg= 60.1)
  [λ=0.55 seed=1] step 3400 ep15 | loss +0.387 | orig 0.996 pruned 0.980 | pruned% h1= 68.0 h2= 45.1 h3= 63.1 h4= 64.3 (avg= 60.1)
  [λ=0.55 seed=1] step 3500 ep15 | loss +0.373 | orig 0.996 pruned 0.973 | pruned% h1= 68.0 h2= 45.1 h3= 63.3 h4= 64.3 (avg= 60.2)
  → [λ=0.55 seed=1] final keep 0.398  pruned 60.21%  | per-layer kept [164, 280, 188, 183]/[512, 512, 512, 512]  | orig→pruned test acc 98.32→96.54%  | 88s

── λ=0.55 seed=2 ── pruner params: 711,429
  [λ=0.55 seed=2] step  100 ep1 | loss +0.423 | orig 0.996 pruned 0.961 | pruned% h1= 63.1 h2= 29.5 h3= 31.8 h4= 53.7 (avg= 44.5)
  [λ=0.55 seed=2] step  200 ep1 | loss +0.405 | orig 0.992 pruned 0.965 | pruned% h1= 64.8 h2= 38.5 h3= 45.5 h4= 62.1 (avg= 52.7)
  [λ=0.55 seed=2] step  300 ep2 | loss +0.387 | orig 0.988 pruned 0.977 | pruned% h1= 66.4 h2= 41.2 h3= 50.2 h4= 61.7 (avg= 54.9)
  [λ=0.55 seed=2] step  400 ep2 | loss +0.378 | orig 0.996 pruned 0.980 | pruned% h1= 67.6 h2= 43.8 h3= 53.1 h4= 62.3 (avg= 56.7)
  [λ=0.55 seed=2] step  500 ep3 | loss +0.365 | orig 0.996 pruned 0.988 | pruned% h1= 67.8 h2= 46.3 h3= 55.1 h4= 62.7 (avg= 58.0)
  [λ=0.55 seed=2] step  600 ep3 | loss +0.368 | orig 0.992 pruned 0.984 | pruned% h1= 68.2 h2= 47.1 h3= 56.1 h4= 62.9 (avg= 58.5)
  [λ=0.55 seed=2] step  700 ep3 | loss +0.365 | orig 0.988 pruned 0.977 | pruned% h1= 68.4 h2= 47.9 h3= 56.4 h4= 62.9 (avg= 58.9)
  [λ=0.55 seed=2] step  800 ep4 | loss +0.365 | orig 0.988 pruned 0.969 | pruned% h1= 68.6 h2= 48.0 h3= 56.6 h4= 62.9 (avg= 59.0)
  [λ=0.55 seed=2] step  900 ep4 | loss +0.346 | orig 0.996 pruned 0.977 | pruned% h1= 68.6 h2= 48.8 h3= 56.8 h4= 62.9 (avg= 59.3)
  [λ=0.55 seed=2] step 1000 ep5 | loss +0.354 | orig 1.000 pruned 0.988 | pruned% h1= 68.8 h2= 49.8 h3= 57.4 h4= 62.9 (avg= 59.7)
  [λ=0.55 seed=2] step 1100 ep5 | loss +0.360 | orig 1.000 pruned 0.996 | pruned% h1= 68.9 h2= 50.0 h3= 57.6 h4= 62.9 (avg= 59.9)
  [λ=0.55 seed=2] step 1200 ep6 | loss +0.346 | orig 0.996 pruned 0.984 | pruned% h1= 69.1 h2= 50.4 h3= 57.6 h4= 62.9 (avg= 60.0)
  [λ=0.55 seed=2] step 1300 ep6 | loss +0.366 | orig 0.988 pruned 0.984 | pruned% h1= 69.5 h2= 50.6 h3= 57.8 h4= 63.1 (avg= 60.3)
  [λ=0.55 seed=2] step 1400 ep6 | loss +0.452 | orig 0.996 pruned 0.945 | pruned% h1= 69.7 h2= 50.6 h3= 57.8 h4= 63.1 (avg= 60.3)
  [λ=0.55 seed=2] step 1500 ep7 | loss +0.436 | orig 0.996 pruned 0.957 | pruned% h1= 69.9 h2= 50.6 h3= 57.8 h4= 63.1 (avg= 60.4)
  [λ=0.55 seed=2] step 1600 ep7 | loss +0.416 | orig 0.996 pruned 0.973 | pruned% h1= 69.9 h2= 50.8 h3= 57.8 h4= 63.1 (avg= 60.4)
  [λ=0.55 seed=2] step 1700 ep8 | loss +0.361 | orig 1.000 pruned 0.996 | pruned% h1= 69.9 h2= 50.8 h3= 57.8 h4= 63.1 (avg= 60.4)
  [λ=0.55 seed=2] step 1800 ep8 | loss +0.368 | orig 0.996 pruned 0.980 | pruned% h1= 69.9 h2= 51.0 h3= 57.8 h4= 63.1 (avg= 60.4)
  [λ=0.55 seed=2] step 1900 ep9 | loss +0.368 | orig 1.000 pruned 0.984 | pruned% h1= 69.9 h2= 51.0 h3= 57.8 h4= 63.3 (avg= 60.5)
  [λ=0.55 seed=2] step 2000 ep9 | loss +0.363 | orig 1.000 pruned 0.988 | pruned% h1= 69.9 h2= 51.2 h3= 57.8 h4= 63.3 (avg= 60.5)
  [λ=0.55 seed=2] step 2100 ep9 | loss +0.422 | orig 0.996 pruned 0.965 | pruned% h1= 69.9 h2= 51.2 h3= 57.8 h4= 63.3 (avg= 60.5)
  [λ=0.55 seed=2] step 2200 ep10 | loss +0.401 | orig 0.996 pruned 0.969 | pruned% h1= 69.9 h2= 51.2 h3= 57.8 h4= 63.3 (avg= 60.5)
  [λ=0.55 seed=2] step 2300 ep10 | loss +0.381 | orig 0.992 pruned 0.980 | pruned% h1= 69.9 h2= 51.2 h3= 57.8 h4= 63.3 (avg= 60.5)
  [λ=0.55 seed=2] step 2400 ep11 | loss +0.398 | orig 1.000 pruned 0.992 | pruned% h1= 69.9 h2= 51.2 h3= 57.8 h4= 63.3 (avg= 60.5)
  [λ=0.55 seed=2] step 2500 ep11 | loss +0.361 | orig 0.992 pruned 0.984 | pruned% h1= 69.9 h2= 51.2 h3= 57.8 h4= 63.3 (avg= 60.5)
  [λ=0.55 seed=2] step 2600 ep12 | loss +0.385 | orig 1.000 pruned 0.988 | pruned% h1= 69.9 h2= 51.2 h3= 57.8 h4= 63.3 (avg= 60.5)
  [λ=0.55 seed=2] step 2700 ep12 | loss +0.397 | orig 1.000 pruned 0.980 | pruned% h1= 69.9 h2= 51.2 h3= 57.8 h4= 63.3 (avg= 60.5)
  [λ=0.55 seed=2] step 2800 ep12 | loss +0.389 | orig 1.000 pruned 0.984 | pruned% h1= 69.9 h2= 51.2 h3= 57.8 h4= 63.3 (avg= 60.5)
  [λ=0.55 seed=2] step 2900 ep13 | loss +0.387 | orig 0.988 pruned 0.965 | pruned% h1= 69.9 h2= 51.2 h3= 57.8 h4= 63.3 (avg= 60.5)
  [λ=0.55 seed=2] step 3000 ep13 | loss +0.387 | orig 0.996 pruned 0.984 | pruned% h1= 69.9 h2= 51.2 h3= 58.0 h4= 63.3 (avg= 60.6)
  [λ=0.55 seed=2] step 3100 ep14 | loss +0.373 | orig 1.000 pruned 0.977 | pruned% h1= 69.9 h2= 51.2 h3= 58.0 h4= 63.3 (avg= 60.6)
  [λ=0.55 seed=2] step 3200 ep14 | loss +0.406 | orig 0.996 pruned 0.965 | pruned% h1= 69.9 h2= 51.2 h3= 58.0 h4= 63.3 (avg= 60.6)
  [λ=0.55 seed=2] step 3300 ep15 | loss +0.367 | orig 0.996 pruned 0.980 | pruned% h1= 69.9 h2= 51.2 h3= 58.2 h4= 63.3 (avg= 60.6)
  [λ=0.55 seed=2] step 3400 ep15 | loss +0.372 | orig 0.996 pruned 0.980 | pruned% h1= 69.9 h2= 51.2 h3= 58.2 h4= 63.3 (avg= 60.6)
  [λ=0.55 seed=2] step 3500 ep15 | loss +0.401 | orig 0.988 pruned 0.969 | pruned% h1= 69.9 h2= 51.2 h3= 58.2 h4= 63.3 (avg= 60.6)
  → [λ=0.55 seed=2] final keep 0.394  pruned 60.64%  | per-layer kept [154, 250, 214, 188]/[512, 512, 512, 512]  | orig→pruned test acc 98.32→96.41%  | 79s

MNIST [1024,1024] MLP pruner — λ sweep, seeds=[0, 1, 2], epochs=15
base   : 1.86M-param MLP, hidden_dims=[1024,1024]; output untouched
pruner : BiLSTM embed_dim=64 lstm_hidden=128
train  : batch 256 on cpu
------------------------------------------------------------------------------------------------
 lambda  seed |   % pruned |  orig acc |  pruned acc |    drop |  efficiency | per-layer kept
------------------------------------------------------------------------------------------------
   0.05     0 |     44.48% |    98.32% |      98.13% |  +0.19pp |      88.96  | 265/512 424/512 248/512 200/512
   0.05     1 |     39.16% |    98.32% |      97.97% |  +0.35pp |      78.32  | 283/512 512/512 273/512 178/512
   0.05     2 |     38.33% |    98.32% |      98.09% |  +0.23pp |      76.66  | 299/512 509/512 281/512 174/512
   0.05  MEAN |   40.66±2.73% |    98.32% |   98.06±0.07% |  +0.26pp |      81.32  | -
------------------------------------------------------------------------------------------------
    0.1     0 |     49.27% |    98.32% |      98.23% |  +0.09pp |      98.54  | 259/512 373/512 224/512 183/512
    0.1     1 |     49.22% |    98.32% |      98.26% |  +0.06pp |      98.44  | 265/512 369/512 249/512 157/512
    0.1     2 |     48.10% |    98.32% |      98.25% |  +0.07pp |      96.19  | 262/512 390/512 251/512 160/512
    0.1  MEAN |   48.86±0.54% |    98.32% |   98.25±0.01% |  +0.07pp |      97.72  | -
------------------------------------------------------------------------------------------------
   0.15     0 |     52.83% |    98.32% |      98.00% |  +0.32pp |     105.66  | 250/512 338/512 189/512 189/512
   0.15     1 |     51.51% |    98.32% |      98.07% |  +0.25pp |     103.03  | 245/512 359/512 228/512 161/512
   0.15     2 |     51.17% |    98.32% |      98.10% |  +0.22pp |     102.34  | 257/512 357/512 229/512 157/512
   0.15  MEAN |   51.84±0.72% |    98.32% |   98.06±0.04% |  +0.26pp |     103.68  | -
------------------------------------------------------------------------------------------------
   0.25     0 |     54.30% |    98.32% |      97.78% |  +0.54pp |     100.55  | 231/512 336/512 160/512 209/512
   0.25     1 |     55.08% |    98.32% |      97.91% |  +0.41pp |     110.16  | 232/512 317/512 210/512 161/512
   0.25     2 |     54.69% |    98.32% |      97.89% |  +0.43pp |     109.38  | 230/512 334/512 207/512 157/512
   0.25  MEAN |   54.69±0.32% |    98.32% |   97.86±0.06% |  +0.46pp |     109.38  | -
------------------------------------------------------------------------------------------------
    0.4     0 |     57.18% |    98.32% |      97.48% |  +0.84pp |      68.07  | 201/512 305/512 176/512 195/512
    0.4     1 |     57.52% |    98.32% |      97.58% |  +0.74pp |      77.73  | 205/512 314/512 187/512 164/512
    0.4     2 |     57.76% |    98.32% |      97.59% |  +0.73pp |      79.13  | 201/512 295/512 207/512 162/512
    0.4  MEAN |   57.49±0.24% |    98.32% |   97.55±0.05% |  +0.77pp |      74.66  | -
------------------------------------------------------------------------------------------------
   0.55     0 |     59.23% |    98.32% |      96.60% |  +1.72pp |      34.44  | 173/512 291/512 160/512 211/512
   0.55     1 |     60.21% |    98.32% |      96.54% |  +1.78pp |      33.82  | 164/512 280/512 188/512 183/512
   0.55     2 |     60.64% |    98.32% |      96.41% |  +1.91pp |      31.75  | 154/512 250/512 214/512 188/512
   0.55  MEAN |   60.03±0.59% |    98.32% |   96.52±0.08% |  +1.80pp |      33.29  | -
------------------------------------------------------------------------------------------------

Results → experiments/latest/hypernetwork/mnist_deep_sweep_15ep/
