/Users/keshava/Documents/fairc/lep/venv/lib/python3.12/site-packages/torchvision/datasets/cifar.py:83: VisibleDeprecationWarning: dtype(): align should be passed as Python or NumPy boolean but got `align=0`. Did you mean to pass a tuple to create a subarray type? (Deprecated NumPy 2.4)
  entry = pickle.load(f, encoding="latin1")
Device: mps | params: 10,379,658 | batch 256 | epochs 40 | AdamW wd=0.0005 | cosine | aug=True
  epoch  1/40: train_loss=1.555 test_acc=52.70% lr=1.00e-03 [65.2s]
  epoch  2/40: train_loss=1.124 test_acc=59.31% lr=9.98e-04 [59.1s]
  epoch  3/40: train_loss=0.927 test_acc=71.18% lr=9.94e-04 [59.2s]
  epoch  4/40: train_loss=0.812 test_acc=72.36% lr=9.86e-04 [59.0s]
  epoch  5/40: train_loss=0.741 test_acc=72.34% lr=9.76e-04 [47.3s]
  epoch  6/40: train_loss=0.685 test_acc=77.40% lr=9.62e-04 [46.5s]
  epoch  7/40: train_loss=0.640 test_acc=75.74% lr=9.46e-04 [46.1s]
  epoch  8/40: train_loss=0.598 test_acc=74.91% lr=9.26e-04 [46.4s]
  epoch  9/40: train_loss=0.564 test_acc=80.63% lr=9.05e-04 [46.4s]
  epoch 10/40: train_loss=0.538 test_acc=80.92% lr=8.80e-04 [46.4s]
  epoch 11/40: train_loss=0.513 test_acc=81.31% lr=8.54e-04 [46.0s]
  epoch 12/40: train_loss=0.481 test_acc=81.32% lr=8.25e-04 [46.1s]
  epoch 13/40: train_loss=0.468 test_acc=82.84% lr=7.94e-04 [45.9s]
  epoch 14/40: train_loss=0.436 test_acc=82.87% lr=7.61e-04 [46.4s]
  epoch 15/40: train_loss=0.409 test_acc=82.39% lr=7.27e-04 [46.2s]
  epoch 16/40: train_loss=0.400 test_acc=83.14% lr=6.91e-04 [46.2s]
  epoch 17/40: train_loss=0.375 test_acc=81.82% lr=6.55e-04 [46.1s]
  epoch 18/40: train_loss=0.359 test_acc=83.48% lr=6.17e-04 [46.3s]
  epoch 19/40: train_loss=0.338 test_acc=83.75% lr=5.78e-04 [46.4s]
  epoch 20/40: train_loss=0.322 test_acc=84.23% lr=5.39e-04 [46.7s]
  epoch 21/40: train_loss=0.303 test_acc=84.76% lr=5.00e-04 [46.0s]
  epoch 22/40: train_loss=0.287 test_acc=83.59% lr=4.61e-04 [47.0s]
  epoch 23/40: train_loss=0.273 test_acc=85.78% lr=4.22e-04 [46.3s]
  epoch 24/40: train_loss=0.256 test_acc=85.19% lr=3.83e-04 [46.2s]
  epoch 25/40: train_loss=0.238 test_acc=85.66% lr=3.45e-04 [45.8s]
  epoch 26/40: train_loss=0.226 test_acc=85.95% lr=3.09e-04 [46.7s]
  epoch 27/40: train_loss=0.214 test_acc=86.52% lr=2.73e-04 [46.5s]
  epoch 28/40: train_loss=0.200 test_acc=86.30% lr=2.39e-04 [46.4s]
  epoch 29/40: train_loss=0.189 test_acc=86.74% lr=2.06e-04 [46.0s]
  epoch 30/40: train_loss=0.177 test_acc=87.22% lr=1.75e-04 [46.4s]
  epoch 31/40: train_loss=0.167 test_acc=87.03% lr=1.46e-04 [46.3s]
  epoch 32/40: train_loss=0.159 test_acc=87.15% lr=1.20e-04 [45.9s]
  epoch 33/40: train_loss=0.149 test_acc=87.30% lr=9.55e-05 [46.4s]
  epoch 34/40: train_loss=0.139 test_acc=87.14% lr=7.37e-05 [45.9s]
  epoch 35/40: train_loss=0.138 test_acc=87.39% lr=5.45e-05 [46.1s]
  epoch 36/40: train_loss=0.133 test_acc=87.39% lr=3.81e-05 [46.1s]
  epoch 37/40: train_loss=0.126 test_acc=87.41% lr=2.45e-05 [46.4s]
  epoch 38/40: train_loss=0.126 test_acc=87.26% lr=1.38e-05 [46.0s]
  epoch 39/40: train_loss=0.122 test_acc=87.46% lr=6.16e-06 [46.8s]
  epoch 40/40: train_loss=0.121 test_acc=87.39% lr=1.54e-06 [47.1s]

final test acc : 87.39%
total time     : 1910.3s  (mean 47.8s/epoch)
checkpoint     : experiments/checkpoints/cifar_big.pt
