Device: cpu  N_BATCHES=2  BATCH_SIZE=256

── MNIST Wide [2048] ──  (N_L=1, observed λ_opt=0.03)
  layer_shapes      = [(2048, 784)]
  per-layer ⟨|g|⟩   = ['1.151e-04']
  overall ⟨|g|⟩     = 1.151e-04
  P1 (N·S_avg·⟨|g|⟩)            = 2.357e-01
  P2 (max ℓ of N·S_ℓ·⟨|g|⟩_ℓ)   = 2.357e-01
  P3 (median ℓ of N·S_ℓ·⟨|g|⟩_ℓ)= 2.357e-01
  P4 (max ℓ of N·S_ℓ·median_ℓ)  = 3.601e-03
  P5 (N·Σ_ℓ S_ℓ·⟨|g|⟩_ℓ)        = 2.357e-01

── MNIST Medium [1024x2] ──  (N_L=2, observed λ_opt=0.06)
  layer_shapes      = [(1024, 784), (1024, 1024)]
  per-layer ⟨|g|⟩   = ['1.400e-04', '5.705e-05']
  overall ⟨|g|⟩     = 9.852e-05
  P1 (N·S_avg·⟨|g|⟩)            = 2.018e-01
  P2 (max ℓ of N·S_ℓ·⟨|g|⟩_ℓ)   = 2.867e-01
  P3 (median ℓ of N·S_ℓ·⟨|g|⟩_ℓ)= 2.867e-01
  P4 (max ℓ of N·S_ℓ·median_ℓ)  = 3.102e-02
  P5 (N·Σ_ℓ S_ℓ·⟨|g|⟩_ℓ)        = 4.035e-01

── MNIST Deep [512x4] ──  (N_L=4, observed λ_opt=0.25)
  layer_shapes      = [(512, 784), (512, 512), (512, 512), (512, 512)]
  per-layer ⟨|g|⟩   = ['3.381e-04', '1.340e-04', '7.845e-05', '5.721e-05']
  overall ⟨|g|⟩     = 1.520e-04
  P1 (N·S_avg·⟨|g|⟩)            = 3.112e-01
  P2 (max ℓ of N·S_ℓ·⟨|g|⟩_ℓ)   = 6.925e-01
  P3 (median ℓ of N·S_ℓ·⟨|g|⟩_ℓ)= 2.745e-01
  P4 (max ℓ of N·S_ℓ·median_ℓ)  = 1.168e-01
  P5 (N·Σ_ℓ S_ℓ·⟨|g|⟩_ℓ)        = 1.245e+00

── LeNet (CIFAR) ──  (N_L=2, observed λ_opt=0.04)
/Users/keshava/Documents/fairc/lep/venv/lib/python3.12/site-packages/torchvision/datasets/cifar.py:83: VisibleDeprecationWarning: dtype(): align should be passed as Python or NumPy boolean but got `align=0`. Did you mean to pass a tuple to create a subarray type? (Deprecated NumPy 2.4)
  entry = pickle.load(f, encoding="latin1")
  layer_shapes      = [(128, 400), (64, 128)]
  per-layer ⟨|g|⟩   = ['4.917e-03', '7.146e-03']
  overall ⟨|g|⟩     = 5.660e-03
  P1 (N·S_avg·⟨|g|⟩)            = 1.087e+00
  P2 (max ℓ of N·S_ℓ·⟨|g|⟩_ℓ)   = 1.259e+00
  P3 (median ℓ of N·S_ℓ·⟨|g|⟩_ℓ)= 1.259e+00
  P4 (max ℓ of N·S_ℓ·median_ℓ)  = 9.320e-01
  P5 (N·Σ_ℓ S_ℓ·⟨|g|⟩_ℓ)        = 2.174e+00

── CIFAR_big ──  (N_L=3, observed λ_opt=0.03)
  layer_shapes      = [(1024, 8192), (512, 1024), (256, 512)]
  per-layer ⟨|g|⟩   = ['4.924e-04', '5.774e-04', '7.434e-04']
  overall ⟨|g|⟩     = 5.525e-04
  P1 (N·S_avg·⟨|g|⟩)            = 9.901e-01
  P2 (max ℓ of N·S_ℓ·⟨|g|⟩_ℓ)   = 1.513e+00
  P3 (median ℓ of N·S_ℓ·⟨|g|⟩_ℓ)= 8.868e-01
  P4 (max ℓ of N·S_ℓ·median_ℓ)  = 3.492e-02
  P5 (N·Σ_ℓ S_ℓ·⟨|g|⟩_ℓ)        = 2.970e+00

========================================================================================
GRADIENT PROBE — predicted λ_opt vs observed (5 nets; narrow excluded)
========================================================================================
Protocol: 2 TRAINING batches × 256 samples, gates=1, CPU

model                      observed λ_opt
MNIST Wide [2048]                  0.0300
MNIST Medium [1024x2]              0.0600
MNIST Deep [512x4]                 0.2500
LeNet (CIFAR)                      0.0400
CIFAR_big                          0.0300

--- P1: c · N · S_avg · ⟨|g|⟩ ---  c=1.2766e-01  R²(log)=-1.460  max ratio=6.29×  RMS ratio=3.46×
  MNIST Wide [2048]          observed=0.0300  predicted=0.0301  ratio=1.00×
  MNIST Medium [1024x2]      observed=0.0600  predicted=0.0258  ratio=2.33×
  MNIST Deep [512x4]         observed=0.2500  predicted=0.0397  ratio=6.29×
  LeNet (CIFAR)              observed=0.0400  predicted=0.1387  ratio=0.29×
  CIFAR_big                  observed=0.0300  predicted=0.1264  ratio=0.24×

--- P2: c · max_ℓ (N · S_ℓ · ⟨|g|⟩_ℓ) ---  c=9.0469e-02  R²(log)=-0.956  max ratio=4.56×  RMS ratio=3.03×
  MNIST Wide [2048]          observed=0.0300  predicted=0.0213  ratio=1.41×
  MNIST Medium [1024x2]      observed=0.0600  predicted=0.0259  ratio=2.31×
  MNIST Deep [512x4]         observed=0.2500  predicted=0.0627  ratio=3.99×
  LeNet (CIFAR)              observed=0.0400  predicted=0.1139  ratio=0.35×
  CIFAR_big                  observed=0.0300  predicted=0.1368  ratio=0.22×

--- P3: c · median_ℓ (N · S_ℓ · ⟨|g|⟩_ℓ) ---  c=1.2113e-01  R²(log)=-1.484  max ratio=7.52×  RMS ratio=3.48×
  MNIST Wide [2048]          observed=0.0300  predicted=0.0286  ratio=1.05×
  MNIST Medium [1024x2]      observed=0.0600  predicted=0.0347  ratio=1.73×
  MNIST Deep [512x4]         observed=0.2500  predicted=0.0332  ratio=7.52×
  LeNet (CIFAR)              observed=0.0400  predicted=0.1525  ratio=0.26×
  CIFAR_big                  observed=0.0300  predicted=0.1074  ratio=0.28×

--- P4: c · max_ℓ (N · S_ℓ · median(|g|_ℓ)) ---  c=1.0493e+00  R²(log)=-3.923  max ratio=24.45×  RMS ratio=5.79×
  MNIST Wide [2048]          observed=0.0300  predicted=0.0038  ratio=7.94×
  MNIST Medium [1024x2]      observed=0.0600  predicted=0.0326  ratio=1.84×
  MNIST Deep [512x4]         observed=0.2500  predicted=0.1225  ratio=2.04×
  LeNet (CIFAR)              observed=0.0400  predicted=0.9780  ratio=0.04×
  CIFAR_big                  observed=0.0300  predicted=0.0366  ratio=0.82×

--- P5: c · N · Σ_ℓ S_ℓ · ⟨|g|⟩_ℓ ---  c=5.8859e-02  R²(log)=-1.366  max ratio=5.83×  RMS ratio=3.38×
  MNIST Wide [2048]          observed=0.0300  predicted=0.0139  ratio=2.16×
  MNIST Medium [1024x2]      observed=0.0600  predicted=0.0238  ratio=2.53×
  MNIST Deep [512x4]         observed=0.2500  predicted=0.0733  ratio=3.41×
  LeNet (CIFAR)              observed=0.0400  predicted=0.1279  ratio=0.31×
  CIFAR_big                  observed=0.0300  predicted=0.1748  ratio=0.17×



Results → experiments/latest/hypernetwork/gradient_probe/  (summary.txt, scaling_fits.png, probe_results.json)
