bound_context (tanh on c_ell) = True | node_norm = center
baseline 98.06% | n_total 2048 | total_steps 5100
  keep 90% K=1843 surv=1843 (L1= 824,L2=1019) drop=  0.35pp rawstd=(1.128,2.257)
  keep 75% K=1536 surv=1536 (L1= 692,L2= 844) drop=  1.31pp rawstd=(8.101,6.823)
  keep 60% K=1229 surv=1229 (L1= 568,L2= 661) drop=  2.74pp rawstd=(14.968,12.833)
  keep 50% K=1024 surv=1024 (L1= 497,L2= 527) drop=  3.49pp rawstd=(19.836,17.797)
  keep 42% K= 860 surv= 860 (L1= 404,L2= 456) drop=  4.71pp rawstd=(21.424,21.164)
  keep 36% K= 737 surv= 737 (L1= 327,L2= 410) drop=  4.79pp rawstd=(21.707,24.694)
  keep 31% K= 635 surv= 635 (L1= 271,L2= 364) drop=  4.96pp rawstd=(21.072,26.669)
  keep 27% K= 553 surv= 553 (L1= 226,L2= 327) drop=  5.73pp rawstd=(21.120,27.944)
  keep 24% K= 492 surv= 492 (L1= 199,L2= 293) drop=  5.66pp rawstd=(21.118,27.785)
  keep 21% K= 430 surv= 430 (L1= 178,L2= 252) drop=  5.74pp rawstd=(22.155,26.969)
  keep 18% K= 369 surv= 369 (L1= 148,L2= 221) drop=  7.01pp rawstd=(21.787,27.487)

STE-TOP-K COLLAPSE PROBE (v4 config: centered STE, global T, std_detach, carry-Adam)
baseline 98.06%  n_total 2048  seed 0

Stage boundaries (global_step -> %kept): 0->90%, 300->75%, 600->60%, 900->50%, 1200->42%, 1500->36%, 2100->31%, 2700->27%, 3300->24%, 3900->21%, 4500->18%

COLLAPSE TRIGGER: step 0 (within the 90% stage; stage starts at step 0).
  raw enc std at trigger: L1=0.0095  L2=0.0076
  max pre-clip grad norm in 20 steps before trigger: 0.003
  -> EROSION (no large spike; gradual decline)

Saved experiments/latest/hypernetwork/topk_curriculum/collapse_probe_center.png
