Device: cpu  |  centered STE, T 4.0->1.0/stage  |  schedule(%kept)=[90, 75, 60, 50, 42, 36, 31, 27, 24, 21, 18]  |  seeds=[0, 1]

Baseline acc: 98.06%   n_hidden=2048

  seed0 keep 90% (K=1843): survivors=1843 pruned= 10.0% drop=  0.17pp T=4.00->3.82 steps=300 [ 4.8s]
  seed0 keep 75% (K=1536): survivors=1536 pruned= 25.0% drop=  2.35pp T=3.82->3.65 steps=300 [ 5.1s]
  seed0 keep 60% (K=1229): survivors=1229 pruned= 40.0% drop= 16.34pp T=3.65->3.47 steps=300 [ 3.7s]
  seed0 keep 50% (K=1024): survivors=1024 pruned= 50.0% drop= 88.32pp T=3.47->3.29 steps=300 [ 5.2s]
  seed0 keep 42% (K= 860): survivors= 860 pruned= 58.0% drop= 88.32pp T=3.29->3.12 steps=300 [ 5.2s]
  seed0 keep 36% (K= 737): survivors= 737 pruned= 64.0% drop= 88.32pp T=3.12->2.77 steps=600 [ 8.1s]
  seed0 keep 31% (K= 635): survivors= 635 pruned= 69.0% drop= 88.32pp T=2.76->2.41 steps=600 [10.2s]
  seed0 keep 27% (K= 553): survivors= 553 pruned= 73.0% drop= 88.32pp T=2.41->2.06 steps=600 [10.2s]
  seed0 keep 24% (K= 492): survivors= 492 pruned= 76.0% drop= 88.32pp T=2.06->1.71 steps=600 [ 7.5s]
  seed0 keep 21% (K= 430): survivors= 430 pruned= 79.0% drop= 88.32pp T=1.71->1.35 steps=600 [ 8.7s]
  seed0 keep 18% (K= 369): survivors= 369 pruned= 82.0% drop= 88.32pp T=1.35->1.00 steps=600 [ 7.7s]
  seed1 keep 90% (K=1843): survivors=1843 pruned= 10.0% drop=  0.00pp T=4.00->3.82 steps=300 [ 4.8s]
  seed1 keep 75% (K=1536): survivors=1536 pruned= 25.0% drop=  0.98pp T=3.82->3.65 steps=300 [ 5.2s]
  seed1 keep 60% (K=1229): survivors=1229 pruned= 40.0% drop=  1.99pp T=3.65->3.47 steps=300 [ 3.8s]
  seed1 keep 50% (K=1024): survivors=1024 pruned= 50.0% drop=  3.03pp T=3.47->3.29 steps=300 [ 6.7s]
  seed1 keep 42% (K= 860): survivors= 860 pruned= 58.0% drop=  4.45pp T=3.29->3.12 steps=300 [ 5.1s]
  seed1 keep 36% (K= 737): survivors= 737 pruned= 64.0% drop=  5.96pp T=3.12->2.77 steps=600 [ 7.6s]
  seed1 keep 31% (K= 635): survivors= 635 pruned= 69.0% drop=  9.93pp T=2.76->2.41 steps=600 [ 7.4s]
  seed1 keep 27% (K= 553): survivors= 553 pruned= 73.0% drop= 11.97pp T=2.41->2.06 steps=600 [ 8.6s]
  seed1 keep 24% (K= 492): survivors= 492 pruned= 76.0% drop= 12.07pp T=2.06->1.71 steps=600 [ 7.2s]
  seed1 keep 21% (K= 430): survivors= 430 pruned= 79.0% drop= 16.03pp T=1.71->1.35 steps=600 [ 7.4s]
  seed1 keep 18% (K= 369): survivors= 369 pruned= 82.0% drop= 20.84pp T=1.35->1.00 steps=600 [ 7.8s]

========================================================================
STE-TOP-K CURRICULUM v2 — centered STE + T-anneal + node standardisation
medium [1024,1024] MNIST MLP
========================================================================
Baseline acc      : 98.06%    hidden=2048
Schedule (% kept) : [90, 75, 60, 50, 42, 36, 31, 27, 24, 21, 18]    seeds=[0, 1]
STE               : centered σ((s-thresh)/T), T anneals 4.0->1.0 GLOBALLY (whole curriculum)
Node scores       : per-layer std_detach (unit-var fwd, stable grad)
Hacks dropped     : +2.0 bias, tanh   (LayerNorm on context kept)
Steps/stage       : 300 (easy) / 600 (cliff, %kept<=36)
------------------------------------------------------------------------
 %kept |     K | survivors |  %pruned |    drop(pp)
------------------------------------------------------------------------
    90 |  1843 |      1843 |    10.0% |   0.09±0.09
    75 |  1536 |      1536 |    25.0% |   1.67±0.69
    60 |  1229 |      1229 |    40.0% |   9.17±7.17
    50 |  1024 |      1024 |    50.0% |  45.67±42.64
    42 |   860 |       860 |    58.0% |  46.38±41.93
    36 |   737 |       737 |    64.0% |  47.14±41.18
    31 |   635 |       635 |    69.0% |  49.12±39.19
    27 |   553 |       553 |    73.0% |  50.14±38.17
    24 |   492 |       492 |    76.0% |  50.20±38.12
    21 |   430 |       430 |    79.0% |  52.17±36.14
    18 |   369 |       369 |    82.0% |  54.58±33.74
------------------------------------------------------------------------
ISO-ACCURACY @2pp (interpolated):
  v2 centered    : 1522 survivors  (25.7% pruned)
  v1 plain (ref) : 1223 survivors  (40.3% pruned)
  λ floor (ref)  : 490 survivors  (76.1% pruned)
  v2 vs λ        : +1032 survivors (differs from λ floor)
========================================================================

Saved: experiments/latest/hypernetwork/topk_curriculum/plot_v3.png
