Device: cpu

Base model: MLP 784 -> 1024 -> 1024 -> 10
Prunable layers: [(1024, 784), (1024, 1024)]
Sparsity weight: 0.5  |  Steps: 1000

  step  100 | loss +0.3710  pruned_acc 0.9375  avg_gate 0.2686  % pruned 73.14
  step  200 | loss +0.3176  pruned_acc 0.9531  avg_gate 0.2490  % pruned 75.10
  step  300 | loss +0.2345  pruned_acc 0.9844  avg_gate 0.2251  % pruned 77.49
  step  400 | loss +0.3291  pruned_acc 0.9531  avg_gate 0.2124  % pruned 78.76
  step  500 | loss +0.3447  pruned_acc 0.9531  avg_gate 0.2095  % pruned 79.05
  step  600 | loss +0.2956  pruned_acc 0.9688  avg_gate 0.2070  % pruned 79.30
  step  700 | loss +0.3275  pruned_acc 0.9219  avg_gate 0.2065  % pruned 79.35
  step  800 | loss +0.2593  pruned_acc 0.9688  avg_gate 0.2061  % pruned 79.39
  step  900 | loss +0.3184  pruned_acc 0.9531  avg_gate 0.2061  % pruned 79.39
  step 1000 | loss +0.3095  pruned_acc 0.9688  avg_gate 0.2061  % pruned 79.39
Saved training curves to experiments/latest/bilstm_interp/0.5/training_curves.png

Full test set:  baseline=98.06%  pruned=95.07%  drop=2.99pp

Running interpretability analysis...

================================================================
PRUNER INTERPRETABILITY REPORT
================================================================
  Total hidden neurons     : 2048
  Kept                     : 422 (20.61%)
  Pruned                   : 1626 (79.39%)

  Per-layer breakdown
   Layer |   Total |    Kept |  Pruned |  % Pruned
  ----------------------------------------------------------
       1 |    1024 |     191 |     833 |    81.35%
       2 |    1024 |     231 |     793 |    77.44%

  Mean post-ReLU activation (under ORIGINAL, un-pruned model)
   Layer |     Kept (alive) |    Pruned (dead) |   Ratio dead/alive
  ----------------------------------------------------------------
       1 |           0.5750 |           0.1343 |              0.234
       2 |           1.0583 |           0.4013 |              0.379

  Overall mean activation — alive : 0.8396
  Overall mean activation — dead  : 0.2645
  Ratio (dead / alive)            : 0.315
  Interpretation                  : pruner partially correlates with activation magnitude
================================================================

Saved interpretability plot to experiments/latest/bilstm_interp/0.5/interp.png
Saved summary to experiments/latest/bilstm_interp/0.5/summary.txt
