/Users/keshava/Documents/fairc/lep/venv/lib/python3.12/site-packages/torchvision/datasets/cifar.py:83: VisibleDeprecationWarning: dtype(): align should be passed as Python or NumPy boolean but got `align=0`. Did you mean to pass a tuple to create a subarray type? (Deprecated NumPy 2.4)
  entry = pickle.load(f, encoding="latin1")
Device: cpu  seed=0
Loaded CIFAR LeNet — 63,106 params, frozen.

── λ = 0.01 ── pruner params: 366,851 (embed_dim=64, lstm_hidden=128)
  [λ=0.01] step   50 ep1 | loss +0.010 | orig 0.711 pruned 0.711 | pruned% fc1=  0.0 fc2=  0.0 (avg=  0.0)
  [λ=0.01] step  100 ep1 | loss +0.025 | orig 0.688 pruned 0.664 | pruned% fc1=  1.6 fc2=  0.0 (avg=  0.8)
  [λ=0.01] step  150 ep1 | loss +0.061 | orig 0.719 pruned 0.719 | pruned% fc1=  2.3 fc2=  1.6 (avg=  2.0)
  [λ=0.01] step  200 ep2 | loss +0.069 | orig 0.742 pruned 0.723 | pruned% fc1=  2.3 fc2=  6.2 (avg=  4.3)
  [λ=0.01] step  250 ep2 | loss +0.047 | orig 0.738 pruned 0.746 | pruned% fc1=  3.1 fc2=  3.1 (avg=  3.1)
  [λ=0.01] step  300 ep2 | loss +0.121 | orig 0.723 pruned 0.676 | pruned% fc1=  5.5 fc2=  6.2 (avg=  5.9)
  [λ=0.01] step  350 ep2 | loss +0.062 | orig 0.723 pruned 0.695 | pruned% fc1=  8.6 fc2=  6.2 (avg=  7.4)
  [λ=0.01] step  400 ep3 | loss +0.166 | orig 0.730 pruned 0.703 | pruned% fc1=  7.8 fc2=  6.2 (avg=  7.0)
  [λ=0.01] step  450 ep3 | loss +0.157 | orig 0.758 pruned 0.676 | pruned% fc1=  8.6 fc2=  7.8 (avg=  8.2)
  [λ=0.01] step  500 ep3 | loss +0.135 | orig 0.711 pruned 0.672 | pruned% fc1=  8.6 fc2=  7.8 (avg=  8.2)
  [λ=0.01] step  550 ep3 | loss +0.124 | orig 0.762 pruned 0.711 | pruned% fc1=  9.4 fc2=  7.8 (avg=  8.6)
  [λ=0.01] step  600 ep4 | loss +0.143 | orig 0.746 pruned 0.723 | pruned% fc1= 10.2 fc2=  7.8 (avg=  9.0)
  [λ=0.01] step  650 ep4 | loss +0.112 | orig 0.727 pruned 0.727 | pruned% fc1= 10.2 fc2=  6.2 (avg=  8.2)
  [λ=0.01] step  700 ep4 | loss +0.171 | orig 0.770 pruned 0.664 | pruned% fc1= 11.7 fc2=  7.8 (avg=  9.8)
  [λ=0.01] step  750 ep4 | loss +0.197 | orig 0.734 pruned 0.656 | pruned% fc1= 13.3 fc2=  9.4 (avg= 11.3)
  [λ=0.01] step  800 ep5 | loss +0.150 | orig 0.758 pruned 0.688 | pruned% fc1= 14.1 fc2=  9.4 (avg= 11.7)
  [λ=0.01] step  850 ep5 | loss +0.196 | orig 0.742 pruned 0.660 | pruned% fc1= 14.1 fc2=  7.8 (avg= 10.9)
  [λ=0.01] step  900 ep5 | loss +0.155 | orig 0.742 pruned 0.684 | pruned% fc1= 14.8 fc2=  7.8 (avg= 11.3)
  [λ=0.01] step  950 ep5 | loss +0.248 | orig 0.750 pruned 0.656 | pruned% fc1= 15.6 fc2=  7.8 (avg= 11.7)
  → [λ=0.01] final keep 0.883  pruned 11.72%  | per-layer kept [108, 59]/[128, 64]  | orig→pruned test acc 64.84→60.48%  | 135s

── λ = 0.03 ── pruner params: 366,851 (embed_dim=64, lstm_hidden=128)
  [λ=0.03] step   50 ep1 | loss +0.030 | orig 0.730 pruned 0.730 | pruned% fc1=  0.0 fc2=  0.0 (avg=  0.0)
  [λ=0.03] step  100 ep1 | loss +0.025 | orig 0.727 pruned 0.746 | pruned% fc1=  0.8 fc2=  1.6 (avg=  1.2)
  [λ=0.03] step  150 ep1 | loss +0.016 | orig 0.734 pruned 0.738 | pruned% fc1=  1.6 fc2=  1.6 (avg=  1.6)
  [λ=0.03] step  200 ep2 | loss -0.001 | orig 0.715 pruned 0.711 | pruned% fc1=  1.6 fc2=  4.7 (avg=  3.1)
  [λ=0.03] step  250 ep2 | loss +0.140 | orig 0.727 pruned 0.688 | pruned% fc1=  2.3 fc2=  6.2 (avg=  4.3)
  [λ=0.03] step  300 ep2 | loss +0.110 | orig 0.758 pruned 0.738 | pruned% fc1=  1.6 fc2=  7.8 (avg=  4.7)
  [λ=0.03] step  350 ep2 | loss +0.123 | orig 0.715 pruned 0.688 | pruned% fc1=  5.5 fc2=  6.2 (avg=  5.9)
  [λ=0.03] step  400 ep3 | loss +0.104 | orig 0.785 pruned 0.750 | pruned% fc1=  7.0 fc2=  6.2 (avg=  6.6)
  [λ=0.03] step  450 ep3 | loss +0.176 | orig 0.727 pruned 0.691 | pruned% fc1=  9.4 fc2=  4.7 (avg=  7.0)
  [λ=0.03] step  500 ep3 | loss +0.198 | orig 0.695 pruned 0.637 | pruned% fc1= 10.2 fc2=  4.7 (avg=  7.4)
  [λ=0.03] step  550 ep3 | loss +0.129 | orig 0.715 pruned 0.699 | pruned% fc1= 10.2 fc2=  4.7 (avg=  7.4)
  [λ=0.03] step  600 ep4 | loss +0.126 | orig 0.691 pruned 0.684 | pruned% fc1= 10.9 fc2=  6.2 (avg=  8.6)
  [λ=0.03] step  650 ep4 | loss +0.254 | orig 0.777 pruned 0.684 | pruned% fc1= 11.7 fc2=  7.8 (avg=  9.8)
  [λ=0.03] step  700 ep4 | loss +0.181 | orig 0.723 pruned 0.699 | pruned% fc1= 11.7 fc2=  7.8 (avg=  9.8)
  [λ=0.03] step  750 ep4 | loss +0.225 | orig 0.727 pruned 0.637 | pruned% fc1= 11.7 fc2=  7.8 (avg=  9.8)
  [λ=0.03] step  800 ep5 | loss +0.140 | orig 0.699 pruned 0.656 | pruned% fc1= 13.3 fc2=  6.2 (avg=  9.8)
  [λ=0.03] step  850 ep5 | loss +0.248 | orig 0.738 pruned 0.691 | pruned% fc1= 14.8 fc2=  6.2 (avg= 10.5)
  [λ=0.03] step  900 ep5 | loss +0.196 | orig 0.777 pruned 0.734 | pruned% fc1= 16.4 fc2=  6.2 (avg= 11.3)
  [λ=0.03] step  950 ep5 | loss +0.216 | orig 0.758 pruned 0.684 | pruned% fc1= 16.4 fc2=  9.4 (avg= 12.9)
  → [λ=0.03] final keep 0.863  pruned 13.67%  | per-layer kept [105, 58]/[128, 64]  | orig→pruned test acc 64.84→59.62%  | 103s

── λ = 0.1 ── pruner params: 366,851 (embed_dim=64, lstm_hidden=128)
  [λ=0.1] step   50 ep1 | loss +0.099 | orig 0.742 pruned 0.723 | pruned% fc1=  1.6 fc2=  0.0 (avg=  0.8)
  [λ=0.1] step  100 ep1 | loss +0.095 | orig 0.750 pruned 0.762 | pruned% fc1=  2.3 fc2=  0.0 (avg=  1.2)
  [λ=0.1] step  150 ep1 | loss +0.094 | orig 0.688 pruned 0.688 | pruned% fc1=  5.5 fc2=  0.0 (avg=  2.7)
  [λ=0.1] step  200 ep2 | loss +0.180 | orig 0.723 pruned 0.699 | pruned% fc1=  5.5 fc2=  0.0 (avg=  2.7)
  [λ=0.1] step  250 ep2 | loss +0.220 | orig 0.695 pruned 0.648 | pruned% fc1=  7.8 fc2=  0.0 (avg=  3.9)
  [λ=0.1] step  300 ep2 | loss +0.249 | orig 0.688 pruned 0.574 | pruned% fc1= 10.9 fc2=  0.0 (avg=  5.5)
  [λ=0.1] step  350 ep2 | loss +0.262 | orig 0.762 pruned 0.691 | pruned% fc1= 14.8 fc2=  0.0 (avg=  7.4)
  [λ=0.1] step  400 ep3 | loss +0.402 | orig 0.766 pruned 0.621 | pruned% fc1= 21.1 fc2=  1.6 (avg= 11.3)
  [λ=0.1] step  450 ep3 | loss +0.305 | orig 0.715 pruned 0.660 | pruned% fc1= 43.8 fc2=  3.1 (avg= 23.4)
  [λ=0.1] step  500 ep3 | loss +0.380 | orig 0.711 pruned 0.625 | pruned% fc1= 57.0 fc2=  6.2 (avg= 31.6)
  [λ=0.1] step  550 ep3 | loss +0.400 | orig 0.734 pruned 0.566 | pruned% fc1= 60.2 fc2=  6.2 (avg= 33.2)
  [λ=0.1] step  600 ep4 | loss +0.387 | orig 0.703 pruned 0.609 | pruned% fc1= 62.5 fc2=  6.2 (avg= 34.4)
  [λ=0.1] step  650 ep4 | loss +0.397 | orig 0.719 pruned 0.617 | pruned% fc1= 63.3 fc2=  7.8 (avg= 35.5)
  [λ=0.1] step  700 ep4 | loss +0.355 | orig 0.719 pruned 0.648 | pruned% fc1= 63.3 fc2= 12.5 (avg= 37.9)
  [λ=0.1] step  750 ep4 | loss +0.344 | orig 0.703 pruned 0.582 | pruned% fc1= 63.3 fc2= 14.1 (avg= 38.7)
  [λ=0.1] step  800 ep5 | loss +0.510 | orig 0.785 pruned 0.570 | pruned% fc1= 64.8 fc2= 17.2 (avg= 41.0)
  [λ=0.1] step  850 ep5 | loss +0.366 | orig 0.707 pruned 0.594 | pruned% fc1= 64.8 fc2= 21.9 (avg= 43.4)
  [λ=0.1] step  900 ep5 | loss +0.446 | orig 0.707 pruned 0.602 | pruned% fc1= 64.8 fc2= 25.0 (avg= 44.9)
  [λ=0.1] step  950 ep5 | loss +0.422 | orig 0.750 pruned 0.621 | pruned% fc1= 64.8 fc2= 28.1 (avg= 46.5)
  → [λ=0.1] final keep 0.535  pruned 46.48%  | per-layer kept [45, 46]/[128, 64]  | orig→pruned test acc 64.84→54.47%  | 97s

── λ = 0.3 ── pruner params: 366,851 (embed_dim=64, lstm_hidden=128)
  [λ=0.3] step   50 ep1 | loss +0.361 | orig 0.715 pruned 0.711 | pruned% fc1=  2.3 fc2=  0.0 (avg=  1.2)
  [λ=0.3] step  100 ep1 | loss +0.386 | orig 0.699 pruned 0.695 | pruned% fc1=  5.5 fc2=  1.6 (avg=  3.5)
  [λ=0.3] step  150 ep1 | loss +0.372 | orig 0.777 pruned 0.742 | pruned% fc1=  6.2 fc2=  4.7 (avg=  5.5)
  [λ=0.3] step  200 ep2 | loss +0.491 | orig 0.785 pruned 0.715 | pruned% fc1= 15.6 fc2= 23.4 (avg= 19.5)
  [λ=0.3] step  250 ep2 | loss +0.455 | orig 0.676 pruned 0.590 | pruned% fc1= 51.6 fc2= 37.5 (avg= 44.5)
  [λ=0.3] step  300 ep2 | loss +0.435 | orig 0.668 pruned 0.582 | pruned% fc1= 59.4 fc2= 39.1 (avg= 49.2)
  [λ=0.3] step  350 ep2 | loss +0.525 | orig 0.738 pruned 0.590 | pruned% fc1= 59.4 fc2= 40.6 (avg= 50.0)
  [λ=0.3] step  400 ep3 | loss +0.523 | orig 0.730 pruned 0.621 | pruned% fc1= 60.2 fc2= 40.6 (avg= 50.4)
  [λ=0.3] step  450 ep3 | loss +0.545 | orig 0.789 pruned 0.680 | pruned% fc1= 60.9 fc2= 42.2 (avg= 51.6)
  [λ=0.3] step  500 ep3 | loss +0.504 | orig 0.723 pruned 0.613 | pruned% fc1= 60.9 fc2= 42.2 (avg= 51.6)
  [λ=0.3] step  550 ep3 | loss +0.590 | orig 0.781 pruned 0.668 | pruned% fc1= 60.9 fc2= 42.2 (avg= 51.6)
  [λ=0.3] step  600 ep4 | loss +0.589 | orig 0.707 pruned 0.570 | pruned% fc1= 60.9 fc2= 42.2 (avg= 51.6)
  [λ=0.3] step  650 ep4 | loss +0.569 | orig 0.684 pruned 0.527 | pruned% fc1= 62.5 fc2= 42.2 (avg= 52.3)
  [λ=0.3] step  700 ep4 | loss +0.511 | orig 0.715 pruned 0.582 | pruned% fc1= 62.5 fc2= 42.2 (avg= 52.3)
  [λ=0.3] step  750 ep4 | loss +0.497 | orig 0.734 pruned 0.637 | pruned% fc1= 62.5 fc2= 42.2 (avg= 52.3)
  [λ=0.3] step  800 ep5 | loss +0.586 | orig 0.750 pruned 0.609 | pruned% fc1= 62.5 fc2= 42.2 (avg= 52.3)
  [λ=0.3] step  850 ep5 | loss +0.559 | orig 0.727 pruned 0.594 | pruned% fc1= 62.5 fc2= 42.2 (avg= 52.3)
  [λ=0.3] step  900 ep5 | loss +0.628 | orig 0.781 pruned 0.621 | pruned% fc1= 62.5 fc2= 42.2 (avg= 52.3)
  [λ=0.3] step  950 ep5 | loss +0.604 | orig 0.730 pruned 0.574 | pruned% fc1= 62.5 fc2= 42.2 (avg= 52.3)
  → [λ=0.3] final keep 0.477  pruned 52.34%  | per-layer kept [48, 37]/[128, 64]  | orig→pruned test acc 64.84→56.70%  | 98s

CIFAR LeNet MLP pruner — λ sweep (single seed)
base   : 63K-param LeNet, fc1(128×400) fc2(64×128); fc3 untouched
pruner : BiLSTM embed_dim=64 lstm_hidden=128
train  : 5 epochs × batch 256 on cpu, seed=0
------------------------------------------------------------------------------
 lambda |   % pruned |  orig acc |  pruned acc |    drop |        fc1        fc2
------------------------------------------------------------------------------
   0.01 |     11.72% |    64.84% |      60.48% |  +4.36pp |  108/128     59/64   
   0.03 |     13.67% |    64.84% |      59.62% |  +5.22pp |  105/128     58/64   
    0.1 |     46.48% |    64.84% |      54.47% | +10.37pp |   45/128     46/64   
    0.3 |     52.34% |    64.84% |      56.70% |  +8.14pp |   48/128     37/64   

Results → experiments/latest/hypernetwork/cifar_lenet_lambda_sweep/
