/Users/keshava/Documents/fairc/lep/venv/lib/python3.12/site-packages/torchvision/datasets/cifar.py:83: VisibleDeprecationWarning: dtype(): align should be passed as Python or NumPy boolean but got `align=0`. Did you mean to pass a tuple to create a subarray type? (Deprecated NumPy 2.4)
  entry = pickle.load(f, encoding="latin1")
Device: cpu  seed=0
Loaded CIFAR LeNet — 63,106 params, frozen.

── λ = 0.04 ── pruner params: 366,851 (embed_dim=64, lstm_hidden=128)
  [λ=0.04] step   50 ep1 | loss +0.040 | orig 0.711 pruned 0.711 | pruned% fc1=  0.0 fc2=  0.0 (avg=  0.0)
  [λ=0.04] step  100 ep1 | loss +0.055 | orig 0.688 pruned 0.664 | pruned% fc1=  1.6 fc2=  0.0 (avg=  0.8)
  [λ=0.04] step  150 ep1 | loss +0.090 | orig 0.719 pruned 0.719 | pruned% fc1=  2.3 fc2=  1.6 (avg=  2.0)
  [λ=0.04] step  200 ep2 | loss +0.084 | orig 0.742 pruned 0.707 | pruned% fc1=  3.1 fc2=  4.7 (avg=  3.9)
  [λ=0.04] step  250 ep2 | loss +0.134 | orig 0.738 pruned 0.723 | pruned% fc1=  5.5 fc2=  4.7 (avg=  5.1)
  [λ=0.04] step  300 ep2 | loss +0.179 | orig 0.723 pruned 0.660 | pruned% fc1=  6.2 fc2=  6.2 (avg=  6.2)
  [λ=0.04] step  350 ep2 | loss +0.072 | orig 0.723 pruned 0.723 | pruned% fc1=  5.5 fc2=  6.2 (avg=  5.9)
  [λ=0.04] step  400 ep3 | loss +0.192 | orig 0.730 pruned 0.695 | pruned% fc1=  7.8 fc2=  7.8 (avg=  7.8)
  [λ=0.04] step  450 ep3 | loss +0.183 | orig 0.758 pruned 0.648 | pruned% fc1=  8.6 fc2=  7.8 (avg=  8.2)
  [λ=0.04] step  500 ep3 | loss +0.180 | orig 0.711 pruned 0.645 | pruned% fc1=  9.4 fc2=  7.8 (avg=  8.6)
  [λ=0.04] step  550 ep3 | loss +0.197 | orig 0.762 pruned 0.711 | pruned% fc1= 11.7 fc2=  7.8 (avg=  9.8)
  [λ=0.04] step  600 ep4 | loss +0.192 | orig 0.746 pruned 0.691 | pruned% fc1= 14.8 fc2=  7.8 (avg= 11.3)
  [λ=0.04] step  650 ep4 | loss +0.190 | orig 0.727 pruned 0.695 | pruned% fc1= 14.8 fc2=  9.4 (avg= 12.1)
  [λ=0.04] step  700 ep4 | loss +0.245 | orig 0.770 pruned 0.648 | pruned% fc1= 14.8 fc2=  9.4 (avg= 12.1)
  [λ=0.04] step  750 ep4 | loss +0.236 | orig 0.734 pruned 0.676 | pruned% fc1= 14.8 fc2=  9.4 (avg= 12.1)
  [λ=0.04] step  800 ep5 | loss +0.207 | orig 0.758 pruned 0.664 | pruned% fc1= 19.5 fc2=  9.4 (avg= 14.5)
  [λ=0.04] step  850 ep5 | loss +0.308 | orig 0.742 pruned 0.613 | pruned% fc1= 35.9 fc2=  9.4 (avg= 22.7)
  [λ=0.04] step  900 ep5 | loss +0.302 | orig 0.742 pruned 0.656 | pruned% fc1= 51.6 fc2=  9.4 (avg= 30.5)
  [λ=0.04] step  950 ep5 | loss +0.390 | orig 0.750 pruned 0.605 | pruned% fc1= 57.8 fc2=  9.4 (avg= 33.6)
  → [λ=0.04] final keep 0.660  pruned 33.98%  | per-layer kept [53, 58]/[128, 64]  | orig→pruned test acc 64.84→58.13%  | 105s

── λ = 0.06 ── pruner params: 366,851 (embed_dim=64, lstm_hidden=128)
  [λ=0.06] step   50 ep1 | loss +0.060 | orig 0.730 pruned 0.730 | pruned% fc1=  0.0 fc2=  0.0 (avg=  0.0)
  [λ=0.06] step  100 ep1 | loss +0.055 | orig 0.727 pruned 0.734 | pruned% fc1=  1.6 fc2=  1.6 (avg=  1.6)
  [λ=0.06] step  150 ep1 | loss +0.053 | orig 0.734 pruned 0.750 | pruned% fc1=  1.6 fc2=  4.7 (avg=  3.1)
  [λ=0.06] step  200 ep2 | loss +0.051 | orig 0.715 pruned 0.688 | pruned% fc1=  1.6 fc2=  6.2 (avg=  3.9)
  [λ=0.06] step  250 ep2 | loss +0.163 | orig 0.727 pruned 0.695 | pruned% fc1=  3.1 fc2=  4.7 (avg=  3.9)
  [λ=0.06] step  300 ep2 | loss +0.161 | orig 0.758 pruned 0.730 | pruned% fc1=  3.9 fc2=  4.7 (avg=  4.3)
  [λ=0.06] step  350 ep2 | loss +0.126 | orig 0.715 pruned 0.648 | pruned% fc1=  6.2 fc2=  6.2 (avg=  6.2)
  [λ=0.06] step  400 ep3 | loss +0.134 | orig 0.785 pruned 0.746 | pruned% fc1=  7.0 fc2=  7.8 (avg=  7.4)
  [λ=0.06] step  450 ep3 | loss +0.169 | orig 0.727 pruned 0.703 | pruned% fc1=  7.8 fc2=  6.2 (avg=  7.0)
  [λ=0.06] step  500 ep3 | loss +0.152 | orig 0.695 pruned 0.703 | pruned% fc1= 10.2 fc2=  7.8 (avg=  9.0)
  [λ=0.06] step  550 ep3 | loss +0.160 | orig 0.715 pruned 0.688 | pruned% fc1= 11.7 fc2=  7.8 (avg=  9.8)
  [λ=0.06] step  600 ep4 | loss +0.232 | orig 0.691 pruned 0.656 | pruned% fc1= 16.4 fc2=  7.8 (avg= 12.1)
  [λ=0.06] step  650 ep4 | loss +0.310 | orig 0.777 pruned 0.688 | pruned% fc1= 41.4 fc2=  7.8 (avg= 24.6)
  [λ=0.06] step  700 ep4 | loss +0.311 | orig 0.723 pruned 0.645 | pruned% fc1= 55.5 fc2=  7.8 (avg= 31.6)
  [λ=0.06] step  750 ep4 | loss +0.293 | orig 0.727 pruned 0.621 | pruned% fc1= 55.5 fc2=  7.8 (avg= 31.6)
  [λ=0.06] step  800 ep5 | loss +0.312 | orig 0.699 pruned 0.613 | pruned% fc1= 56.2 fc2=  9.4 (avg= 32.8)
  [λ=0.06] step  850 ep5 | loss +0.350 | orig 0.738 pruned 0.656 | pruned% fc1= 57.0 fc2= 10.9 (avg= 34.0)
  [λ=0.06] step  900 ep5 | loss +0.351 | orig 0.777 pruned 0.707 | pruned% fc1= 57.8 fc2= 10.9 (avg= 34.4)
  [λ=0.06] step  950 ep5 | loss +0.333 | orig 0.758 pruned 0.652 | pruned% fc1= 57.8 fc2= 14.1 (avg= 35.9)
  → [λ=0.06] final keep 0.641  pruned 35.94%  | per-layer kept [54, 55]/[128, 64]  | orig→pruned test acc 64.84→57.31%  | 98s

── λ = 0.08 ── pruner params: 366,851 (embed_dim=64, lstm_hidden=128)
  [λ=0.08] step   50 ep1 | loss +0.079 | orig 0.742 pruned 0.723 | pruned% fc1=  1.6 fc2=  0.0 (avg=  0.8)
  [λ=0.08] step  100 ep1 | loss +0.114 | orig 0.750 pruned 0.766 | pruned% fc1=  3.1 fc2=  0.0 (avg=  1.6)
  [λ=0.08] step  150 ep1 | loss +0.073 | orig 0.688 pruned 0.684 | pruned% fc1=  4.7 fc2=  0.0 (avg=  2.3)
  [λ=0.08] step  200 ep2 | loss +0.205 | orig 0.723 pruned 0.660 | pruned% fc1=  7.8 fc2=  0.0 (avg=  3.9)
  [λ=0.08] step  250 ep2 | loss +0.166 | orig 0.695 pruned 0.656 | pruned% fc1=  7.0 fc2=  0.0 (avg=  3.5)
  [λ=0.08] step  300 ep2 | loss +0.202 | orig 0.688 pruned 0.609 | pruned% fc1= 10.2 fc2=  0.0 (avg=  5.1)
  [λ=0.08] step  350 ep2 | loss +0.243 | orig 0.762 pruned 0.703 | pruned% fc1= 12.5 fc2=  0.0 (avg=  6.2)
  [λ=0.08] step  400 ep3 | loss +0.316 | orig 0.766 pruned 0.645 | pruned% fc1= 15.6 fc2=  1.6 (avg=  8.6)
  [λ=0.08] step  450 ep3 | loss +0.283 | orig 0.715 pruned 0.633 | pruned% fc1= 21.9 fc2=  7.8 (avg= 14.8)
  [λ=0.08] step  500 ep3 | loss +0.324 | orig 0.711 pruned 0.648 | pruned% fc1= 41.4 fc2=  7.8 (avg= 24.6)
  [λ=0.08] step  550 ep3 | loss +0.381 | orig 0.734 pruned 0.590 | pruned% fc1= 55.5 fc2=  7.8 (avg= 31.6)
  [λ=0.08] step  600 ep4 | loss +0.340 | orig 0.703 pruned 0.641 | pruned% fc1= 58.6 fc2=  7.8 (avg= 33.2)
  [λ=0.08] step  650 ep4 | loss +0.311 | orig 0.719 pruned 0.641 | pruned% fc1= 60.2 fc2=  9.4 (avg= 34.8)
  [λ=0.08] step  700 ep4 | loss +0.308 | orig 0.719 pruned 0.656 | pruned% fc1= 60.9 fc2= 10.9 (avg= 35.9)
  [λ=0.08] step  750 ep4 | loss +0.330 | orig 0.703 pruned 0.566 | pruned% fc1= 60.9 fc2= 12.5 (avg= 36.7)
  [λ=0.08] step  800 ep5 | loss +0.460 | orig 0.785 pruned 0.617 | pruned% fc1= 60.9 fc2= 12.5 (avg= 36.7)
  [λ=0.08] step  850 ep5 | loss +0.363 | orig 0.707 pruned 0.586 | pruned% fc1= 61.7 fc2= 12.5 (avg= 37.1)
  [λ=0.08] step  900 ep5 | loss +0.414 | orig 0.707 pruned 0.602 | pruned% fc1= 61.7 fc2= 12.5 (avg= 37.1)
  [λ=0.08] step  950 ep5 | loss +0.374 | orig 0.750 pruned 0.637 | pruned% fc1= 61.7 fc2= 14.1 (avg= 37.9)
  → [λ=0.08] final keep 0.613  pruned 38.67%  | per-layer kept [49, 54]/[128, 64]  | orig→pruned test acc 64.84→56.75%  | 108s

── λ = 0.1 ── pruner params: 366,851 (embed_dim=64, lstm_hidden=128)
  [λ=0.1] step   50 ep1 | loss +0.119 | orig 0.715 pruned 0.711 | pruned% fc1=  0.8 fc2=  0.0 (avg=  0.4)
  [λ=0.1] step  100 ep1 | loss +0.116 | orig 0.699 pruned 0.707 | pruned% fc1=  2.3 fc2=  0.0 (avg=  1.2)
  [λ=0.1] step  150 ep1 | loss +0.114 | orig 0.777 pruned 0.762 | pruned% fc1=  4.7 fc2=  0.0 (avg=  2.3)
  [λ=0.1] step  200 ep2 | loss +0.189 | orig 0.785 pruned 0.727 | pruned% fc1=  7.8 fc2=  0.0 (avg=  3.9)
  [λ=0.1] step  250 ep2 | loss +0.208 | orig 0.676 pruned 0.660 | pruned% fc1=  8.6 fc2=  0.0 (avg=  4.3)
  [λ=0.1] step  300 ep2 | loss +0.172 | orig 0.668 pruned 0.672 | pruned% fc1=  9.4 fc2=  0.0 (avg=  4.7)
  [λ=0.1] step  350 ep2 | loss +0.225 | orig 0.738 pruned 0.676 | pruned% fc1= 14.8 fc2=  0.0 (avg=  7.4)
  [λ=0.1] step  400 ep3 | loss +0.271 | orig 0.730 pruned 0.617 | pruned% fc1= 36.7 fc2=  0.0 (avg= 18.4)
  [λ=0.1] step  450 ep3 | loss +0.369 | orig 0.789 pruned 0.672 | pruned% fc1= 56.2 fc2=  0.0 (avg= 28.1)
  [λ=0.1] step  500 ep3 | loss +0.323 | orig 0.723 pruned 0.656 | pruned% fc1= 59.4 fc2=  0.0 (avg= 29.7)
  [λ=0.1] step  550 ep3 | loss +0.515 | orig 0.781 pruned 0.613 | pruned% fc1= 64.1 fc2=  0.0 (avg= 32.0)
  [λ=0.1] step  600 ep4 | loss +0.518 | orig 0.707 pruned 0.594 | pruned% fc1= 64.1 fc2=  0.0 (avg= 32.0)
  [λ=0.1] step  650 ep4 | loss +0.430 | orig 0.684 pruned 0.508 | pruned% fc1= 64.8 fc2=  0.0 (avg= 32.4)
  [λ=0.1] step  700 ep4 | loss +0.415 | orig 0.715 pruned 0.562 | pruned% fc1= 66.4 fc2=  1.6 (avg= 34.0)
  [λ=0.1] step  750 ep4 | loss +0.435 | orig 0.734 pruned 0.582 | pruned% fc1= 66.4 fc2= 15.6 (avg= 41.0)
  [λ=0.1] step  800 ep5 | loss +0.491 | orig 0.750 pruned 0.574 | pruned% fc1= 67.2 fc2= 20.3 (avg= 43.8)
  [λ=0.1] step  850 ep5 | loss +0.571 | orig 0.727 pruned 0.551 | pruned% fc1= 70.3 fc2= 21.9 (avg= 46.1)
  [λ=0.1] step  900 ep5 | loss +0.646 | orig 0.781 pruned 0.559 | pruned% fc1= 70.3 fc2= 28.1 (avg= 49.2)
  [λ=0.1] step  950 ep5 | loss +0.633 | orig 0.730 pruned 0.547 | pruned% fc1= 70.3 fc2= 28.1 (avg= 49.2)
  → [λ=0.1] final keep 0.508  pruned 49.22%  | per-layer kept [38, 46]/[128, 64]  | orig→pruned test acc 64.84→51.73%  | 98s

── λ = 0.15 ── pruner params: 366,851 (embed_dim=64, lstm_hidden=128)
  [λ=0.15] step   50 ep1 | loss +0.215 | orig 0.742 pruned 0.711 | pruned% fc1=  2.3 fc2=  0.0 (avg=  1.2)
  [λ=0.15] step  100 ep1 | loss +0.170 | orig 0.707 pruned 0.695 | pruned% fc1=  3.9 fc2=  1.6 (avg=  2.7)
  [λ=0.15] step  150 ep1 | loss +0.236 | orig 0.715 pruned 0.688 | pruned% fc1=  8.6 fc2=  0.0 (avg=  4.3)
  [λ=0.15] step  200 ep2 | loss +0.234 | orig 0.691 pruned 0.680 | pruned% fc1=  7.8 fc2=  0.0 (avg=  3.9)
  [λ=0.15] step  250 ep2 | loss +0.255 | orig 0.727 pruned 0.699 | pruned% fc1=  8.6 fc2=  3.1 (avg=  5.9)
  [λ=0.15] step  300 ep2 | loss +0.267 | orig 0.750 pruned 0.691 | pruned% fc1= 11.7 fc2=  3.1 (avg=  7.4)
  [λ=0.15] step  350 ep2 | loss +0.333 | orig 0.801 pruned 0.699 | pruned% fc1= 26.6 fc2=  4.7 (avg= 15.6)
  [λ=0.15] step  400 ep3 | loss +0.349 | orig 0.715 pruned 0.668 | pruned% fc1= 53.9 fc2=  6.2 (avg= 30.1)
  [λ=0.15] step  450 ep3 | loss +0.534 | orig 0.750 pruned 0.590 | pruned% fc1= 57.8 fc2=  9.4 (avg= 33.6)
  [λ=0.15] step  500 ep3 | loss +0.488 | orig 0.703 pruned 0.586 | pruned% fc1= 62.5 fc2= 20.3 (avg= 41.4)
  [λ=0.15] step  550 ep3 | loss +0.495 | orig 0.762 pruned 0.570 | pruned% fc1= 62.5 fc2= 26.6 (avg= 44.5)
  [λ=0.15] step  600 ep4 | loss +0.508 | orig 0.742 pruned 0.598 | pruned% fc1= 62.5 fc2= 31.2 (avg= 46.9)
  [λ=0.15] step  650 ep4 | loss +0.490 | orig 0.734 pruned 0.598 | pruned% fc1= 62.5 fc2= 31.2 (avg= 46.9)
  [λ=0.15] step  700 ep4 | loss +0.522 | orig 0.746 pruned 0.586 | pruned% fc1= 64.8 fc2= 31.2 (avg= 48.0)
  [λ=0.15] step  750 ep4 | loss +0.527 | orig 0.730 pruned 0.574 | pruned% fc1= 64.8 fc2= 31.2 (avg= 48.0)
  [λ=0.15] step  800 ep5 | loss +0.570 | orig 0.746 pruned 0.613 | pruned% fc1= 64.8 fc2= 31.2 (avg= 48.0)
  [λ=0.15] step  850 ep5 | loss +0.481 | orig 0.695 pruned 0.594 | pruned% fc1= 64.8 fc2= 31.2 (avg= 48.0)
  [λ=0.15] step  900 ep5 | loss +0.506 | orig 0.738 pruned 0.609 | pruned% fc1= 64.8 fc2= 32.8 (avg= 48.8)
  [λ=0.15] step  950 ep5 | loss +0.491 | orig 0.727 pruned 0.609 | pruned% fc1= 64.8 fc2= 32.8 (avg= 48.8)
  → [λ=0.15] final keep 0.512  pruned 48.83%  | per-layer kept [45, 43]/[128, 64]  | orig→pruned test acc 64.84→55.24%  | 97s

── λ = 0.2 ── pruner params: 366,851 (embed_dim=64, lstm_hidden=128)
  [λ=0.2] step   50 ep1 | loss +0.195 | orig 0.766 pruned 0.734 | pruned% fc1=  1.6 fc2=  0.0 (avg=  0.8)
  [λ=0.2] step  100 ep1 | loss +0.198 | orig 0.660 pruned 0.699 | pruned% fc1=  0.8 fc2=  7.8 (avg=  4.3)
  [λ=0.2] step  150 ep1 | loss +0.228 | orig 0.754 pruned 0.719 | pruned% fc1=  3.9 fc2=  4.7 (avg=  4.3)
  [λ=0.2] step  200 ep2 | loss +0.287 | orig 0.746 pruned 0.734 | pruned% fc1= 10.9 fc2=  9.4 (avg= 10.2)
  [λ=0.2] step  250 ep2 | loss +0.358 | orig 0.738 pruned 0.695 | pruned% fc1= 16.4 fc2= 12.5 (avg= 14.5)
  [λ=0.2] step  300 ep2 | loss +0.361 | orig 0.754 pruned 0.684 | pruned% fc1= 47.7 fc2= 15.6 (avg= 31.6)
  [λ=0.2] step  350 ep2 | loss +0.384 | orig 0.719 pruned 0.590 | pruned% fc1= 54.7 fc2= 28.1 (avg= 41.4)
  [λ=0.2] step  400 ep3 | loss +0.410 | orig 0.719 pruned 0.660 | pruned% fc1= 57.8 fc2= 39.1 (avg= 48.4)
  [λ=0.2] step  450 ep3 | loss +0.474 | orig 0.707 pruned 0.570 | pruned% fc1= 60.9 fc2= 39.1 (avg= 50.0)
  [λ=0.2] step  500 ep3 | loss +0.458 | orig 0.730 pruned 0.645 | pruned% fc1= 61.7 fc2= 40.6 (avg= 51.2)
  [λ=0.2] step  550 ep3 | loss +0.534 | orig 0.730 pruned 0.605 | pruned% fc1= 62.5 fc2= 42.2 (avg= 52.3)
  [λ=0.2] step  600 ep4 | loss +0.493 | orig 0.715 pruned 0.602 | pruned% fc1= 62.5 fc2= 42.2 (avg= 52.3)
  [λ=0.2] step  650 ep4 | loss +0.497 | orig 0.715 pruned 0.621 | pruned% fc1= 63.3 fc2= 43.8 (avg= 53.5)
  [λ=0.2] step  700 ep4 | loss +0.570 | orig 0.719 pruned 0.559 | pruned% fc1= 64.8 fc2= 43.8 (avg= 54.3)
  [λ=0.2] step  750 ep4 | loss +0.627 | orig 0.734 pruned 0.590 | pruned% fc1= 65.6 fc2= 43.8 (avg= 54.7)
  [λ=0.2] step  800 ep5 | loss +0.529 | orig 0.707 pruned 0.566 | pruned% fc1= 65.6 fc2= 43.8 (avg= 54.7)
  [λ=0.2] step  850 ep5 | loss +0.625 | orig 0.742 pruned 0.566 | pruned% fc1= 65.6 fc2= 43.8 (avg= 54.7)
  [λ=0.2] step  900 ep5 | loss +0.604 | orig 0.734 pruned 0.586 | pruned% fc1= 66.4 fc2= 43.8 (avg= 55.1)
  [λ=0.2] step  950 ep5 | loss +0.528 | orig 0.762 pruned 0.613 | pruned% fc1= 66.4 fc2= 43.8 (avg= 55.1)
  → [λ=0.2] final keep 0.449  pruned 55.08%  | per-layer kept [43, 36]/[128, 64]  | orig→pruned test acc 64.84→53.88%  | 97s

CIFAR LeNet MLP pruner — λ sweep (single seed)
base   : 63K-param LeNet, fc1(128×400) fc2(64×128); fc3 untouched
pruner : BiLSTM embed_dim=64 lstm_hidden=128
train  : 5 epochs × batch 256 on cpu, seed=0
------------------------------------------------------------------------------
 lambda |   % pruned |  orig acc |  pruned acc |    drop |        fc1        fc2
------------------------------------------------------------------------------
   0.04 |     33.98% |    64.84% |      58.13% |  +6.71pp |   53/128     58/64   
   0.06 |     35.94% |    64.84% |      57.31% |  +7.53pp |   54/128     55/64   
   0.08 |     38.67% |    64.84% |      56.75% |  +8.09pp |   49/128     54/64   
    0.1 |     49.22% |    64.84% |      51.73% | +13.11pp |   38/128     46/64   
   0.15 |     48.83% |    64.84% |      55.24% |  +9.60pp |   45/128     43/64   
    0.2 |     55.08% |    64.84% |      53.88% | +10.96pp |   43/128     36/64   

Results → experiments/latest/hypernetwork/cifar_lenet_lambda_fine/
